[1693096419163] [Character] Creating Thomas
[1693096419354] [31m[createMemory][39m I should be asleep until 7am. [0]
[1693096419355] [31m[createMemory][39m It's my job to protect the village. [0]
[1693096419355] [31m[createMemory][39m I need to make sure everyone is safe. [0]
[1693096419357] [31m[createMemory][39m I do the work that no one else wants to do. [0]
[1693096419358] [31m[createMemory][39m I try to be as honest as possible. [0]
[1693096419359] [31m[createMemory][39m I'm not afraid of anything. [0]
[1693096419359] [31m[createMemory][39m I go to bed at 10pm. [0]
[1693096419359] [31m[createMemory][39m I like strawberries. [0]
[1693096419360] [31m[createMemory][39m The village location is 2, -58. [0]
[1693096419360] [31m[createMemory][39m The mine site is at 51, 17. [0]
[1693096419360] [31m[createMemory][39m The lumberyard is at 72, -55.1 [0]
[1693096419361] [31m[createMemory][39m The campsite is at 7, -8.3 [0]
[1693096419365] [31m[createMemory][39m The Nume River flows through the village. [0]
[1693096419366] [31m[createMemory][39m Nume Falls are north of the village, and west of the campsite. [0]
[1693096419366] [31m[createMemory][39m The area is surrounded by forested monutains, filled with wildlife, rivers, and lakes. [0]
[1693096422513] [Character] Thomas created
[1693096427132] [31m[createMemory][39m Thomas Smith sees Stone Ore Deposit (Medium) at X: 46.05, Y: 17.85. [0]
[1693096427134] [31m[createMemory][39m Thomas Smith sees Tree at X: 52.41, Y: 11.03. [0]
[1693096427135] [31m[createMemory][39m Thomas Smith sees Chest at X: 50.52, Y: 14.5. [0]
[1693096427135] [31m[createMemory][39m Thomas Smith sees Tree at X: 50.77, Y: 9.22. [0]
[1693096427135] [31m[createMemory][39m Thomas Smith sees Tree at X: 47.72001, Y: 10.21. [0]
[1693096427140] [31m[createMemory][39m Thomas Smith sees Stone Ore Deposit (Small) at X: 45.73, Y: 15.31. [0]
[1693096427140] [31m[createMemory][39m Thomas Smith sees Tree at X: 45.24001, Y: 10.2. [0]
[1693096430777] [31m[createMemory][39m Thomas Smith sees Stone Ore Deposit (Small) at X: 47.58, Y: 19.17. [3.123778]
[1693096431019] [31m[createMemory][39m Thomas Smith no longer sees Tree (484) at X: 50.77, Y: 9.22 [3.36078262]
[1693096431192] [31m[createMemory][39m Thomas Smith sees Stone Ore Deposit (Medium) at X: 42.53862, Y: 17.00157. [3.54027271]
[1693096431231] [31m[createMemory][39m Thomas Smith no longer sees Tree (486) at X: 52.41, Y: 11.03 [3.58101368]
[1693096431895] [31m[createMemory][39m Thomas Smith sees Stone Ore Deposit (Large) at X: 44.3, Y: 20.36. [4.24061775]
[1693096431955] [31m[createMemory][39m Thomas Smith sees Stone Ore Deposit (Small) at X: 41.33658, Y: 13.99647. [4.30105829]
[1693096433794] [31m[createMemory][39m Thomas Smith picked up Stone at X: 46.62802, Y: 15.19668 [6.141535]
[1693096434913] [31m[createMemory][39m Thomas Smith no longer sees StoneOreLarge (2) at X: 44.3, Y: 20.36 [7.26187944]
[1693096435434] [31m[createMemory][39m Thomas Smith no longer sees Chest (1) at X: 50.52, Y: 14.5 [7.780843]
[1693096435493] [31m[createMemory][39m Thomas Smith no longer sees StoneOreSmall (5) at X: 47.58, Y: 19.17 [7.82146025]
[1693096436550] [31m[createMemory][39m Thomas Smith no longer sees StoneOreMedium (1) at X: 46.05, Y: 17.85 [8.900433]
[1693096436985] [31m[createMemory][39m Thomas Smith no longer sees StoneOreMedium at X: 42.53862, Y: 17.00157 [9.300779]
[1693096438313] [31m[createMemory][39m Thomas Smith sees Tree at X: 50.77, Y: 9.22. [10.6608191]
[1693096438815] [31m[createMemory][39m Thomas Smith no longer sees StoneOreSmall (3) at X: 41.33658, Y: 13.99647 [11.160964]
[1693096439050] [31m[createMemory][39m Thomas Smith sees Tree at X: 45.84, Y: 5.299999. [11.4006166]
[1693096439092] [31m[createMemory][39m Thomas Smith sees Tree at X: 48.47, Y: 5.46. [11.4420366]
[1693096439096] [31m[createMemory][39m Thomas Smith sees Tree at X: 50.12, Y: 6.280001. [11.4420366]
[1693096441105] [31m[createMemory][39m Thomas Smith sees Tree Stump at X: 45.24001, Y: 10.2. [13.4414158]
[1693096441251] [31m[createMemory][39m Thomas Smith picked up Wood at X: 46.28603, Y: 9.994306 [13.5627909]
[1693096441616] [31m[createMemory][39m Thomas Smith no longer sees Tree (533) at X: 50.12, Y: 6.280001 [13.9603271]
[1693096441722] [31m[createMemory][39m Thomas Smith no longer sees Tree (538) at X: 48.47, Y: 5.46 [14.040309]
[1693096441776] [31m[createMemory][39m Thomas Smith no longer sees Tree (467) at X: 45.84, Y: 5.299999 [14.1204576]
[1693096441998] [31m[createMemory][39m Thomas Smith sees Stone Ore Deposit (Small) at X: 41.33658, Y: 13.99647. [14.3210526]
[1693096442041] [31m[createMemory][39m Thomas Smith sees Chest at X: 50.52, Y: 14.5. [14.3812571]
[1693096442509] [31m[createMemory][39m Thomas Smith no longer sees Chest (1) at X: 50.52, Y: 14.5 [14.8465033]
[1693096442619] [31m[createMemory][39m Thomas Smith no longer sees Tree (484) at X: 50.77, Y: 9.22 [14.96057]
[1693096443317] [31m[createMemory][39m Thomas Smith sees Stone Ore Deposit (Medium) at X: 42.53862, Y: 17.00157. [15.6620207]
[1693096443491] [31m[createMemory][39m Thomas Smith sees Eli Green at X: 39.08, Y: 10. [15.8222275]
[1693096444541] [31m[createMemory][39m Thomas Smith no longer sees StoneOreMedium at X: 42.53862, Y: 17.00157 [16.8812313]
[1693096444725] [31m[createMemory][39m Thomas Smith no longer sees Tree (481) at X: 47.72001, Y: 10.21 [16.9815617]
[1693096444895] [31m[createMemory][39m Thomas Smith sees Tree at X: 42.12, Y: 5.77. [17.2423115]
[1693096508466] [31m[createMemory][39m Thomas Smith no longer sees Stump(Clone) at X: 45.24001, Y: 10.2 [80.7638855]
[1693096508636] [31m[createMemory][39m Thomas Smith no longer sees StoneOreSmall (3) at X: 41.33658, Y: 13.99647 [80.88094]
[1693096509520] [31m[createMemory][39m Thomas Smith sees Tree Stump at X: 34.56, Y: 3.07. [81.86002]
