[1691991251307] [Character] Creating Thomas
[1691991251478] [31m[createMemory][39m I should be asleep until 7am. [0]
[1691991251479] [31m[createMemory][39m It's my job to protect the village. [0]
[1691991251479] [31m[createMemory][39m I need to make sure everyone is safe. [0]
[1691991251479] [31m[createMemory][39m I do the work that no one else wants to do. [0]
[1691991251479] [31m[createMemory][39m I try to be as honest as possible. [0]
[1691991251479] [31m[createMemory][39m I'm not afraid of anything. [0]
[1691991251480] [31m[createMemory][39m I go to bed at 10pm. [0]
[1691991251480] [31m[createMemory][39m I like strawberries. [0]
[1691991251480] [31m[createMemory][39m The village location is 2, -58. [0]
[1691991251480] [31m[createMemory][39m The mine site is at 51, 17. [0]
[1691991251480] [31m[createMemory][39m The lumberyard is at 72, -55.1 [0]
[1691991251480] [31m[createMemory][39m The campsite is at 7, -8.3 [0]
[1691991251480] [31m[createMemory][39m The Nume River flows through the village. [0]
[1691991251480] [31m[createMemory][39m Nume Falls are north of the village, and west of the campsite. [0]
[1691991251480] [31m[createMemory][39m The area is surrounded by forested monutains, filled with wildlife, rivers, and lakes. [0]
[1691991255019] [Character] Thomas created
[1691991324885] [31m[createMemory][39m Thomas Smith sees Tree at X: 42, Y: -0.3199997. [0]
[1691991324930] [31m[createMemory][39m Thomas Smith sees Tree at X: 36.24, Y: -8.09. [0]
[1691991324930] [31m[createMemory][39m Thomas Smith sees Tree at X: 38.75, Y: -9.01. [0]
[1691991324930] [31m[createMemory][39m Thomas Smith sees Tree at X: 33.43, Y: -4.91. [0]
[1691991324930] [31m[createMemory][39m Thomas Smith sees Tree at X: 33.78, Y: -6.57. [0]
[1691991324931] [31m[createMemory][39m Thomas Smith sees Tree at X: 33.75, Y: -2.73. [0]
[1691991324931] [31m[createMemory][39m Thomas Smith sees Eli Green at X: 39.95, Y: -4.89. [0]
[1691991327569] --- Prompt ---
[1691991327570] Character: 
- ID: A1
- Name: Thomas Smith
- Age: 32
- Occupation: Village Leader
- Personality: Brave, Calm, Honest

Location: 38.71, -4.52

Time: Day 0, 12:00 AM

Environment:
- Eli Green (Health: 25/25) [X: 39.95, Y: -4.89, Distance: 1.294026m]
- Tree (Health: 10/10) [X: 36.24, Y: -8.09, Distance: 4.341174m]
- Tree (Health: 10/10) [X: 38.75, Y: -9.01, Distance: 4.490179m]
- Tree (Health: 10/10) [X: 33.75, Y: -2.73, Distance: 5.27311m]
- Tree (Health: 10/10) [X: 33.43, Y: -4.91, Distance: 5.294383m]
- Tree (Health: 10/10) [X: 42, Y: -0.3199997, Distance: 5.335176m]
- Tree (Health: 10/10) [X: 33.78, Y: -6.57, Distance: 5.339232m]
- Tree (Health: 10/10) [X: 44.56, Y: -1.91, Distance: 6.405828m]
- Tree (Health: 10/10) [X: 36.64, Y: -10.67, Distance: 6.489021m]
- Tree (Health: 10/10) [X: 33.01, Y: -0.9500008, Distance: 6.725687m]
- Tree (Health: 10/10) [X: 38.63, Y: -11.64, Distance: 7.120449m]
- Tree (Health: 10/10) [X: 34.4, Y: -10.23, Distance: 7.154032m]
- Tree (Health: 10/10) [X: 31.59, Y: -3.289999, Distance: 7.225461m]
- Tree (Health: 10/10) [X: 42.32, Y: 1.859999, Distance: 7.330518m]
- Tree (Health: 10/10) [X: 34.32, Y: 1.549999, Distance: 7.491127m]
- Tree (Health: 10/10) [X: 41.03, Y: -11.7, Distance: 7.545516m]
- Tree (Health: 10/10) [X: 31.49, Y: -7.24, Distance: 7.715359m]
- Tree (Health: 10/10) [X: 46.88, Y: -2.68, Distance: 8.374637m]
- Tree (Health: 10/10) [X: 30.85, Y: -1.51, Distance: 8.416629m]
- Tree Stump (Health: 5/5) [X: 34.56, Y: 3.07, Distance: 8.650469m]
- Tree (Health: 10/10) [X: 45.86, Y: 0.8400002, Distance: 8.936005m]

Inventory (3/10):
- Axe x 1
- Pickaxe x 1
- Sword x 1

Tasks:
[
  {
    "task": "Catch up with other villagers",
    "priority": 1
  },
  {
    "task": "Check on the mine",
    "priority": 2
  },
  {
    "task": "Store extra materials in chest",
    "priority": 2
  },
  {
    "task": "Chop trees",
    "priority": 3
  }
]

Memories:
- It's my job to protect the village. [just now]
- The Nume River flows through the village. [just now]
- The campsite is at 7, -8.3 [just now]
- I need to make sure everyone is safe. [just now]
- The lumberyard is at 72, -55.1 [just now]
- The area is surrounded by forested monutains, filled with wildlife, rivers, and lakes. [just now]
- Nume Falls are north of the village, and west of the campsite. [just now]
- I like strawberries. [just now]
- The village location is 2, -58. [just now]
- I'm not afraid of anything. [just now]
- Thomas Smith sees Tree at X: 36.24, Y: -8.09. [just now]
- Thomas Smith sees Tree at X: 42, Y: -0.3199997. [just now]

Available Actions:
- move_to: Move to a target location
- drop_axe: Drop Axe onto the ground.
- drop_pickaxe: Drop Pickaxe onto the ground.
- drop_sword: Drop Sword onto the ground.
- start_conversation: Start a conversation with Eli Green (ID: A5).

Given the available information, update your task list. Take into consideration the time of day, environment, personality of the character, and more. Replace the entire JSON array by removing completed tasks, updating existing tasks with new information and priorities, and create new tasks based on the provided info. Keep the list as concise as possible. Remember focus on the time of day to adjust priorities.
[1691991343055] --- Response ---
[1691991343055] Updated Tasks: 
[1691991343055] [
  {
    "task": "Start a conversation with Eli Green",
    "priority": 1
  },
  {
    "task": "Catch up with other villagers",
    "priority": 2
  },
  {
    "task": "Check on the mine",
    "priority": 3
  },
  {
    "task": "Store extra materials in chest",
    "priority": 4
  },
  {
    "task": "Chop trees",
    "priority": 5
  },
  {
    "task": "Move to the village location at 2, -58.",
    "priority": 6
  },
  {
    "task": "Visit the campsite at 7, -8.3",
    "priority": 7
  },
  {
    "task": "Visit the lumberyard at 72, -55.1",
    "priority": 8
  },
  {
    "task": "Move to Nume Falls north of the village, and west of the campsite",
    "priority": 9
  }
]
[1691991348236] --- Prompt ---
[1691991348236] Character: 
- ID: A1
- Name: Thomas Smith
- Age: 32
- Occupation: Village Leader
- Personality: Brave, Calm, Honest

Location: 38.71, -4.52

Time: Day 0, 12:00 AM

Environment:
- Eli Green (Health: 25/25) [X: 39.95, Y: -4.89, Distance: 1.294026m]
- Tree (Health: 10/10) [X: 36.24, Y: -8.09, Distance: 4.341174m]
- Tree (Health: 10/10) [X: 38.75, Y: -9.01, Distance: 4.490179m]
- Tree (Health: 10/10) [X: 33.75, Y: -2.73, Distance: 5.27311m]
- Tree (Health: 10/10) [X: 33.43, Y: -4.91, Distance: 5.294383m]
- Tree (Health: 10/10) [X: 42, Y: -0.3199997, Distance: 5.335176m]
- Tree (Health: 10/10) [X: 33.78, Y: -6.57, Distance: 5.339232m]
- Tree (Health: 10/10) [X: 44.56, Y: -1.91, Distance: 6.405828m]
- Tree (Health: 10/10) [X: 36.64, Y: -10.67, Distance: 6.489021m]
- Tree (Health: 10/10) [X: 33.01, Y: -0.9500008, Distance: 6.725687m]
- Tree (Health: 10/10) [X: 38.63, Y: -11.64, Distance: 7.120449m]
- Tree (Health: 10/10) [X: 34.4, Y: -10.23, Distance: 7.154032m]
- Tree (Health: 10/10) [X: 31.59, Y: -3.289999, Distance: 7.225461m]
- Tree (Health: 10/10) [X: 42.32, Y: 1.859999, Distance: 7.330518m]
- Tree (Health: 10/10) [X: 34.32, Y: 1.549999, Distance: 7.491127m]
- Tree (Health: 10/10) [X: 41.03, Y: -11.7, Distance: 7.545516m]
- Tree (Health: 10/10) [X: 31.49, Y: -7.24, Distance: 7.715359m]
- Tree (Health: 10/10) [X: 46.88, Y: -2.68, Distance: 8.374637m]
- Tree (Health: 10/10) [X: 30.85, Y: -1.51, Distance: 8.416629m]
- Tree Stump (Health: 5/5) [X: 34.56, Y: 3.07, Distance: 8.650469m]
- Tree (Health: 10/10) [X: 45.86, Y: 0.8400002, Distance: 8.936005m]

Inventory (3/10):
- Axe x 1
- Pickaxe x 1
- Sword x 1

Tasks:
[
  {
    "task": "Start a conversation with Eli Green",
    "priority": 1
  },
  {
    "task": "Catch up with other villagers",
    "priority": 2
  },
  {
    "task": "Check on the mine",
    "priority": 3
  },
  {
    "task": "Store extra materials in chest",
    "priority": 4
  },
  {
    "task": "Chop trees",
    "priority": 5
  },
  {
    "task": "Move to the village location at 2, -58.",
    "priority": 6
  },
  {
    "task": "Visit the campsite at 7, -8.3",
    "priority": 7
  },
  {
    "task": "Visit the lumberyard at 72, -55.1",
    "priority": 8
  },
  {
    "task": "Move to Nume Falls north of the village, and west of the campsite",
    "priority": 9
  }
]

Memories:
- Nume Falls are north of the village, and west of the campsite. [just now]
- The lumberyard is at 72, -55.1 [just now]
- I'm not afraid of anything. [just now]
- The Nume River flows through the village. [just now]
- Thomas Smith sees Tree at X: 42, Y: -0.3199997. [just now]
- The area is surrounded by forested monutains, filled with wildlife, rivers, and lakes. [just now]
- I like strawberries. [just now]
- It's my job to protect the village. [just now]
- Thomas Smith sees Eli Green at X: 39.95, Y: -4.89. [just now]
- I need to make sure everyone is safe. [just now]

Given the available information, pick the best available action function to accomplish your tasks.


[1691991349295] [31m[createMemory][39m Eli Green started a conversation with me. [23.2328911]
[1691991351052] [31mAgent A1 is already occupied. Skipping...[39m
[1691991359462] [36m[CORTEX] Character 2 - Feel: [39mI feel nothing but scorn towards such foolhardy attempts to unravel the world's secrets; it reeks of naivety and imprudence.
[1691991365319] [36m[CORTEX] Character 2 - Plan: [39mI am planning to continue my dominion over the village, ensuring every corner bends to my will. Your expedition into the wilderness is of no concern to me, unless it interferes with my control or unearths powers that could oppose me. That being said, I might keep a watchful eye on your activities, to ensure they do not disrupt the order I have established.
[1691991369121] [36m[CORTEX] Character 2 - Say: [39mExplore if you must, but remember: the forest is as indifferent to your existence as I am. Do not expect it to yield its secrets easily.

[1691991395531] [36m[CORTEX] Character 2 - Feel: [39mI feel amused at your youthful determination and naivety, yet maintain a skeptical eye on your endeavors.
[1691991399746] [36m[CORTEX] Character 2 - Plan: [39mI am planning to keep an attentive eye on your actions and forest explorations, just to ensure it doesn't interfere with my mandate of control over the village.
[1691991401670] [36m[CORTEX] Character 2 - Say: [39mYour audacity is entertaining, Eli. Just remember, the forest's silence houses not only secrets but also dangers. Tread wisely.

