[1691554942980] [Character] Creating Will
[1691554943348] [31m[createMemory][39m Today was my first day in the mines. [0]
[1691554943348] [31m[createMemory][39m George and Thomas have been really helpful. [0]
[1691554943348] [31m[createMemory][39m The depth and darkness of the mines can be intimidating. [0]
[1691554943348] [31m[createMemory][39m I accidentally broke a pickaxe on my first day. [0]
[1691554943348] [31m[createMemory][39m The older miners have so many stories to tell. [0]
[1691554943348] [31m[createMemory][39m I've always dreamed of being a miner like my father. [0]
[1691554943348] [31m[createMemory][39m The echo in the mines is fascinating. [0]
[1691554943348] [31m[createMemory][39m I need to remember to wear my helmet at all times. [0]
[1691554943348] [31m[createMemory][39m The village has been supportive of my new journey. [0]
[1691554943348] [31m[createMemory][39m I'm still learning the different routes in the mine. [0]
[1691554943348] [31m[createMemory][39m I was startled by the sound of a mine cart today. [0]
[1691554943348] [31m[createMemory][39m It's tiring, but I'm determined to make everyone proud. [0]
[1691554943348] [31m[createMemory][39m I hope to find a rare gem or mineral soon. [0]
[1691554943348] [31m[createMemory][39m The lanterns light up the mines in such a mysterious way. [0]
[1691554943348] [31m[createMemory][39m I can't wait to tell my family about my adventures here. [0]
[1691554943396] [getMemoryImportance] Getting importance for memory: Today was my first day in the mines.
[1691554943397] [getMemoryImportance] Getting importance for memory: George and Thomas have been really helpful.
[1691554943397] [getMemoryImportance] Getting importance for memory: The depth and darkness of the mines can be intimidating.
[1691554943397] [getMemoryImportance] Getting importance for memory: I accidentally broke a pickaxe on my first day.
[1691554943397] [getMemoryImportance] Getting importance for memory: The older miners have so many stories to tell.
[1691554943397] [getMemoryImportance] Getting importance for memory: I've always dreamed of being a miner like my father.
[1691554943397] [getMemoryImportance] Getting importance for memory: The echo in the mines is fascinating.
[1691554943397] [getMemoryImportance] Getting importance for memory: I need to remember to wear my helmet at all times.
[1691554943397] [getMemoryImportance] Getting importance for memory: The village has been supportive of my new journey.
[1691554943397] [getMemoryImportance] Getting importance for memory: I'm still learning the different routes in the mine.
[1691554943397] [getMemoryImportance] Getting importance for memory: I was startled by the sound of a mine cart today.
[1691554943397] [getMemoryImportance] Getting importance for memory: It's tiring, but I'm determined to make everyone proud.
[1691554943397] [getMemoryImportance] Getting importance for memory: I hope to find a rare gem or mineral soon.
[1691554943397] [getMemoryImportance] Getting importance for memory: The lanterns light up the mines in such a mysterious way.
[1691554943397] [getMemoryImportance] Getting importance for memory: I can't wait to tell my family about my adventures here.
[1691554943579] [getMemoryImportance] Importance: [object Object]
[1691554943590] [getMemoryImportance] Importance: [object Object]
[1691554943590] [getMemoryImportance] Importance: [object Object]
[1691554943591] [getMemoryImportance] Importance: [object Object]
[1691554943591] [getMemoryImportance] Importance: [object Object]
[1691554943597] [getMemoryImportance] Importance: [object Object]
[1691554943601] [getMemoryImportance] Importance: [object Object]
[1691554943605] [getMemoryImportance] Importance: [object Object]
[1691554943611] [getMemoryImportance] Importance: [object Object]
[1691554943621] [getMemoryImportance] Importance: [object Object]
[1691554943646] [getMemoryImportance] Importance: [object Object]
[1691554943653] [getMemoryImportance] Importance: [object Object]
[1691554943711] [getMemoryImportance] Importance: [object Object]
[1691554943745] [getMemoryImportance] Importance: [object Object]
[1691554943846] [getMemoryImportance] Importance: [object Object]
[1691554945872] [Character] Will created
[1691554952316] [31m[createMemory][39m Will Turner sees Chest at X: 72.52, Y: -55.49. [0]
[1691554952320] [31m[createMemory][39m Will Turner sees Tree at X: 65.4, Y: -57.25. [0]
[1691554952320] [31m[createMemory][39m Will Turner sees Tree at X: 70.74, Y: -63.48. [0]
[1691554952320] [31m[createMemory][39m Will Turner sees Tree at X: 67.51, Y: -58.39. [0]
[1691554952320] [31m[createMemory][39m Will Turner sees Tree at X: 74.12, Y: -58.91. [0]
[1691554952321] [31m[createMemory][39m Will Turner sees Tree at X: 75.83, Y: -61.41. [0]
[1691554952321] [31m[createMemory][39m Will Turner sees Tree at X: 72.97, Y: -62.64. [0]
[1691554952346] [getMemoryImportance] Getting importance for memory: Will Turner sees Tree at X: 65.4, Y: -57.25.
[1691554952346] [getMemoryImportance] Getting importance for memory: Will Turner sees Tree at X: 70.74, Y: -63.48.
[1691554952370] [getMemoryImportance] Getting importance for memory: Will Turner sees Chest at X: 72.52, Y: -55.49.
[1691554952373] [getMemoryImportance] Getting importance for memory: Will Turner sees Tree at X: 67.51, Y: -58.39.
[1691554952373] [getMemoryImportance] Getting importance for memory: Will Turner sees Tree at X: 74.12, Y: -58.91.
[1691554952373] [getMemoryImportance] Getting importance for memory: Will Turner sees Tree at X: 75.83, Y: -61.41.
[1691554952376] [getMemoryImportance] Getting importance for memory: Will Turner sees Tree at X: 72.97, Y: -62.64.
[1691554952488] [getMemoryImportance] Importance: [object Object]
[1691554952531] [getMemoryImportance] Importance: [object Object]
[1691554952532] [getMemoryImportance] Importance: [object Object]
[1691554952537] [getMemoryImportance] Importance: [object Object]
[1691554952626] [getMemoryImportance] Importance: [object Object]
[1691554952662] [getMemoryImportance] Importance: [object Object]
[1691554952662] [getMemoryImportance] Importance: [object Object]
