[1691554942980] [Character] Creating Eli
[1691554943360] [31m[createMemory][39m I once found a secret clearing in the woods, it's my personal hideout now. [0]
[1691554943360] [31m[createMemory][39m The world feels so big and full of wonders, I want to see them all! [0]
[1691554943360] [31m[createMemory][39m I saw a deer up close once, our eyes met and we just stared for a moment. [0]
[1691554943360] [31m[createMemory][39m Climbing trees is my favorite! The higher I go, the bigger the world looks. [0]
[1691554943360] [31m[createMemory][39m Lucy showed me how to listen to the forest, it's like it's telling stories. [0]
[1691554943360] [31m[createMemory][39m Every rock and leaf, every bird and bug, feels like a friend to me. [0]
[1691554943360] [31m[createMemory][39m I once got lost, but the stars guided me home. They're like nature's map! [0]
[1691554943360] [31m[createMemory][39m George tells me tales of old, turning every tree and hill into an adventure. [0]
[1691554943360] [31m[createMemory][39m I made a whistle out of a reed! Nature is full of surprises. [0]
[1691554943360] [31m[createMemory][39m The woods in autumn is my favorite. All those colors... like nature's painting! [0]
[1691554943360] [31m[createMemory][39m I wish I could talk to animals. Imagine the stories they'd tell! [0]
[1691554943360] [31m[createMemory][39m I've learned to move silently. That way, nature doesn’t hide from me. [0]
[1691554943360] [31m[createMemory][39m Lucy once said every tree has a story. I'm trying to learn them all. [0]
[1691554943360] [31m[createMemory][39m Rainy days? That's when the forest sings its loudest song! [0]
[1691554943360] [31m[createMemory][39m I dreamt I could fly like a bird, seeing the world from above. Maybe one day... [0]
[1691554943409] [getMemoryImportance] Getting importance for memory: I once found a secret clearing in the woods, it's my personal hideout now.
[1691554943409] [getMemoryImportance] Getting importance for memory: The world feels so big and full of wonders, I want to see them all!
[1691554943409] [getMemoryImportance] Getting importance for memory: I saw a deer up close once, our eyes met and we just stared for a moment.
[1691554943409] [getMemoryImportance] Getting importance for memory: Climbing trees is my favorite! The higher I go, the bigger the world looks.
[1691554943409] [getMemoryImportance] Getting importance for memory: Lucy showed me how to listen to the forest, it's like it's telling stories.
[1691554943409] [getMemoryImportance] Getting importance for memory: Every rock and leaf, every bird and bug, feels like a friend to me.
[1691554943409] [getMemoryImportance] Getting importance for memory: I once got lost, but the stars guided me home. They're like nature's map!
[1691554943409] [getMemoryImportance] Getting importance for memory: George tells me tales of old, turning every tree and hill into an adventure.
[1691554943410] [getMemoryImportance] Getting importance for memory: I made a whistle out of a reed! Nature is full of surprises.
[1691554943410] [getMemoryImportance] Getting importance for memory: The woods in autumn is my favorite. All those colors... like nature's painting!
[1691554943410] [getMemoryImportance] Getting importance for memory: I wish I could talk to animals. Imagine the stories they'd tell!
[1691554943410] [getMemoryImportance] Getting importance for memory: I've learned to move silently. That way, nature doesn’t hide from me.
[1691554943410] [getMemoryImportance] Getting importance for memory: Lucy once said every tree has a story. I'm trying to learn them all.
[1691554943410] [getMemoryImportance] Getting importance for memory: Rainy days? That's when the forest sings its loudest song!
[1691554943410] [getMemoryImportance] Getting importance for memory: I dreamt I could fly like a bird, seeing the world from above. Maybe one day...
[1691554943683] [getMemoryImportance] Importance: [object Object]
[1691554943687] [getMemoryImportance] Importance: [object Object]
[1691554943692] [getMemoryImportance] Importance: [object Object]
[1691554943693] [getMemoryImportance] Importance: [object Object]
[1691554943693] [getMemoryImportance] Importance: [object Object]
[1691554943697] [getMemoryImportance] Importance: [object Object]
[1691554943707] [getMemoryImportance] Importance: [object Object]
[1691554943707] [getMemoryImportance] Importance: [object Object]
[1691554943715] [getMemoryImportance] Importance: [object Object]
[1691554943719] [getMemoryImportance] Importance: [object Object]
[1691554943744] [getMemoryImportance] Importance: [object Object]
[1691554943783] [getMemoryImportance] Importance: [object Object]
[1691554943836] [getMemoryImportance] Importance: [object Object]
[1691554943854] [getMemoryImportance] Importance: [object Object]
[1691554943879] [getMemoryImportance] Importance: [object Object]
[1691554945899] [Character] Eli created
[1691554952298] [31m[createMemory][39m Eli Green sees Coal Ore Deposit (Medium) at X: 57.27, Y: 17.32. [0]
[1691554952298] [31m[createMemory][39m Eli Green sees Tree at X: 52.41, Y: 11.03. [0]
[1691554952298] [31m[createMemory][39m Eli Green sees Coal Ore Deposit (Small) at X: 56.74, Y: 14.81. [0]
[1691554952298] [31m[createMemory][39m Eli Green sees Chest at X: 50.52, Y: 14.5. [0]
[1691554952307] [31m[createMemory][39m Eli Green sees Copper Ore Deposit (Small) at X: 50.43, Y: 20.71. [0]
[1691554952308] [31m[createMemory][39m Eli Green sees Copper Ore Deposit (Small) at X: 53.88, Y: 19.83. [0]
[1691554952308] [31m[createMemory][39m Eli Green sees Coal Ore Deposit (Small) at X: 54.64, Y: 16.97. [0]
[1691554952361] [getMemoryImportance] Getting importance for memory: Eli Green sees Coal Ore Deposit (Medium) at X: 57.27, Y: 17.32.
[1691554952361] [getMemoryImportance] Getting importance for memory: Eli Green sees Tree at X: 52.41, Y: 11.03.
[1691554952361] [getMemoryImportance] Getting importance for memory: Eli Green sees Coal Ore Deposit (Small) at X: 56.74, Y: 14.81.
[1691554952361] [getMemoryImportance] Getting importance for memory: Eli Green sees Chest at X: 50.52, Y: 14.5.
[1691554952371] [getMemoryImportance] Getting importance for memory: Eli Green sees Copper Ore Deposit (Small) at X: 50.43, Y: 20.71.
[1691554952371] [getMemoryImportance] Getting importance for memory: Eli Green sees Copper Ore Deposit (Small) at X: 53.88, Y: 19.83.
[1691554952371] [getMemoryImportance] Getting importance for memory: Eli Green sees Coal Ore Deposit (Small) at X: 54.64, Y: 16.97.
[1691554952595] [getMemoryImportance] Importance: [object Object]
[1691554952635] [getMemoryImportance] Importance: [object Object]
[1691554952636] [getMemoryImportance] Importance: [object Object]
[1691554952665] [getMemoryImportance] Importance: [object Object]
[1691554952716] [getMemoryImportance] Importance: [object Object]
[1691554952742] [getMemoryImportance] Importance: [object Object]
