[1693034312815] [Character] Creating Thomas
[1693034313171] [31m[createMemory][39m I should be asleep until 7am. [0]
[1693034313171] [31m[createMemory][39m It's my job to protect the village. [0]
[1693034313171] [31m[createMemory][39m I need to make sure everyone is safe. [0]
[1693034313171] [31m[createMemory][39m I do the work that no one else wants to do. [0]
[1693034313171] [31m[createMemory][39m I try to be as honest as possible. [0]
[1693034313171] [31m[createMemory][39m I'm not afraid of anything. [0]
[1693034313171] [31m[createMemory][39m I go to bed at 10pm. [0]
[1693034313171] [31m[createMemory][39m I like strawberries. [0]
[1693034313171] [31m[createMemory][39m The village location is 2, -58. [0]
[1693034313171] [31m[createMemory][39m The mine site is at 51, 17. [0]
[1693034313171] [31m[createMemory][39m The lumberyard is at 72, -55.1 [0]
[1693034313171] [31m[createMemory][39m The campsite is at 7, -8.3 [0]
[1693034313171] [31m[createMemory][39m The Nume River flows through the village. [0]
[1693034313171] [31m[createMemory][39m Nume Falls are north of the village, and west of the campsite. [0]
[1693034313171] [31m[createMemory][39m The area is surrounded by forested monutains, filled with wildlife, rivers, and lakes. [0]
[1693034323291] [31m[createMemory][39m Thomas Smith sees Tree at X: 52.41, Y: 11.03. [0.0199999921]
[1693034323291] [31m[createMemory][39m Thomas Smith sees Chest at X: 50.52, Y: 14.5. [0.0199999921]
[1693034323291] [31m[createMemory][39m Thomas Smith sees Tree at X: 50.77, Y: 9.22. [0.0199999921]
[1693034323291] [31m[createMemory][39m Thomas Smith sees Tree at X: 47.72001, Y: 10.21. [0.0199999921]
[1693034323291] [31m[createMemory][39m Thomas Smith sees Stone Ore Deposit (Small) at X: 45.73, Y: 15.31. [0.0199999921]
[1693034323291] [31m[createMemory][39m Thomas Smith sees Tree at X: 45.24001, Y: 10.2. [0.0199999921]
[1693034323305] [31m[createMemory][39m Thomas Smith sees Stone Ore Deposit (Medium) at X: 46.05, Y: 17.85. [0.0199999921]
[1693034324282] [31m[createMemory][39m Thomas Smith sees Stone Ore Deposit (Medium) at X: 42.53862, Y: 17.00157. [1.04182637]
[1693034324332] [31m[createMemory][39m Thomas Smith no longer sees Tree (486) at X: 52.41, Y: 11.03 [1.08058155]
[1693034324363] [31m[createMemory][39m Thomas Smith no longer sees Tree (484) at X: 50.77, Y: 9.22 [1.10019541]
[1693034329545] [31m[createMemory][39m Thomas Smith sees Stone Ore Deposit (Small) at X: 41.33658, Y: 13.99647. [6.261157]
[1693034330541] [31m[createMemory][39m Thomas Smith no longer sees Chest (1) at X: 50.52, Y: 14.5 [7.32079458]
[1693034331476] [31m[createMemory][39m Thomas Smith no longer sees StoneOreMedium (1) at X: 46.05, Y: 17.85 [8.200599]
[1693034331623] [31m[createMemory][39m Thomas Smith sees Eli Green at X: 39.08, Y: 10. [8.400113]
[1693034332263] [31m[createMemory][39m Thomas Smith no longer sees StoneOreMedium at X: 42.53862, Y: 17.00157 [9.04151]
[1693034332641] [31m[createMemory][39m Thomas Smith sees Tree at X: 42.12, Y: 5.77. [9.421545]
[1693034332825] [31m[createMemory][39m Thomas Smith no longer sees StoneOreSmall (4) at X: 45.73, Y: 15.31 [9.601204]
[1693034332980] [31m[createMemory][39m Thomas Smith no longer sees Tree (481) at X: 47.72001, Y: 10.21 [9.762002]
