[1693034312816] [Character] Creating Eli
[1693034313130] [31m[createMemory][39m I need to let Thomas know I'm going to explore. He's asked me in the past to let him know just in case I get hurt or lost. [0]
[1693034313131] [31m[createMemory][39m I once found a secret clearing in the woods, it's my personal hideout now. [0]
[1693034313131] [31m[createMemory][39m The world feels so big and full of wonders, I want to see them all! [0]
[1693034313131] [31m[createMemory][39m I saw a deer up close once, our eyes met and we just stared for a moment. [0]
[1693034313131] [31m[createMemory][39m Climbing trees is my favorite! The higher I go, the bigger the world looks. [0]
[1693034313131] [31m[createMemory][39m Lucy showed me how to listen to the forest, it's like it's telling stories. [0]
[1693034313131] [31m[createMemory][39m Every rock and leaf, every bird and bug, feels like a friend to me. [0]
[1693034313131] [31m[createMemory][39m I once got lost, but the stars guided me home. They're like nature's map! [0]
[1693034313131] [31m[createMemory][39m George tells me tales of old, turning every tree and hill into an adventure. [0]
[1693034313131] [31m[createMemory][39m I made a whistle out of a reed! Nature is full of surprises. [0]
[1693034313131] [31m[createMemory][39m The woods in autumn is my favorite. All those colors... like nature's painting! [0]
[1693034313131] [31m[createMemory][39m I wish I could talk to animals. Imagine the stories they'd tell! [0]
[1693034313131] [31m[createMemory][39m I've learned to move silently. That way, nature doesn’t hide from me. [0]
[1693034313131] [31m[createMemory][39m Lucy once said every tree has a story. I'm trying to learn them all. [0]
[1693034313131] [31m[createMemory][39m Rainy days? That's when the forest sings its loudest song! [0]
[1693034313131] [31m[createMemory][39m I dreamt I could fly like a bird, seeing the world from above. Maybe one day... [0]
[1693034315900] [Character] Eli created
[1693034323292] [31m[createMemory][39m Eli Green sees Tree at X: 42.12, Y: 5.77. [0.0199999921]
[1693034323292] [31m[createMemory][39m Eli Green sees Stone Ore Deposit (Small) at X: 41.33658, Y: 13.99647. [0.0199999921]
[1693034325132] --- Prompt ---
[1693034325133] Character: 
- ID: A5
- Name: Eli Green
- Age: 12
- Occupation: Explorer
- Personality: Curious, Energetic, Kind-hearted

Location: 39.08, 10

Time: Day 0, 12:00 AM

Hunger: Hungry

Environment:
- Stone Ore Deposit (Small) (Health: 5/5) [X: 41.33658, Y: 13.99647, Distance: 4.589547m]
- Tree (Health: 10/10) [X: 42.12, Y: 5.77, Distance: 5.209076m]
- Stone Ore Deposit (Small) (Health: 5/5) [X: 38.24, Y: 15.93, Distance: 5.989199m]
- Tree (Health: 10/10) [X: 45.24001, Y: 10.2, Distance: 6.163249m]
- Stone Ore Deposit (Medium) (Health: 10/10) [X: 42.53862, Y: 17.00157, Distance: 7.809221m]
- Tree (Health: 10/10) [X: 31.24, Y: 9.42, Distance: 7.861425m]
- Tree (Health: 10/10) [X: 33.51, Y: 4.43, Distance: 7.877169m]
- Tree (Health: 10/10) [X: 45.84, Y: 5.299999, Distance: 8.233325m]
- Tree Stump (Health: 5/5) [X: 34.56, Y: 3.07, Distance: 8.273774m]
- Stone Ore Deposit (Small) (Health: 5/5) [X: 45.73, Y: 15.31, Distance: 8.509911m]
- Tree (Health: 10/10) [X: 47.72001, Y: 10.21, Distance: 8.642555m]

Inventory (4/10):
- Axe x 1
- Pickaxe x 1
- Sword x 1
- Berries x 1

Tasks:
[
  {
    "task": "Carry out your daily dutiies",
    "priority": 1
  },
  {
    "task": "Catch up with other villagers",
    "priority": 2
  },
  {
    "task": "Maintain a healthy lifestyle",
    "priority": 3
  }
]

Memories:
- Rainy days? That's when the forest sings its loudest song! [0 minutes ago]
- Lucy showed me how to listen to the forest, it's like it's telling stories. [0 minutes ago]
- George tells me tales of old, turning every tree and hill into an adventure. [0 minutes ago]
- The world feels so big and full of wonders, I want to see them all! [0 minutes ago]
- I made a whistle out of a reed! Nature is full of surprises. [0 minutes ago]
- I dreamt I could fly like a bird, seeing the world from above. Maybe one day... [0 minutes ago]
- Lucy once said every tree has a story. I'm trying to learn them all. [0 minutes ago]
- I've learned to move silently. That way, nature doesn’t hide from me. [0 minutes ago]
- I once found a secret clearing in the woods, it's my personal hideout now. [0 minutes ago]
- I saw a deer up close once, our eyes met and we just stared for a moment. [0 minutes ago]

Available Actions:
- move_to: Move to a target location
- drop_axe: Drop Axe onto the ground.
- drop_pickaxe: Drop Pickaxe onto the ground.
- drop_sword: Drop Sword onto the ground.
- eat: Eat some food.
- drop_berries: Drop Berries onto the ground.

Given the available information, update your task list. Take into consideration the time of day, environment, personality of the character, and more. Replace the entire JSON array by removing completed tasks, updating existing tasks with new information and priorities, and create new tasks based on the provided info. Keep the list as concise as possible. Remember focus on the time of day to adjust priorities.
[1693034331406] [31m[createMemory][39m Eli Green sees Thomas Smith at X: 43.94578, Y: 12.3658. [8.181082]
[1693034340829] --- Response ---
[1693034340829] Updated Tasks: 
[1693034340831] [
  {
    "task": "eat: Eat some food",
    "priority": 1
  },
  {
    "task": "move_to: Move to Tree [X: 42.12, Y: 5.77]",
    "priority": 2
  },
  {
    "task": "move_to: Stone Ore Deposit (Small) [X: 41.33658, Y: 13.99647]",
    "priority": 3
  },
  {
    "task": "maintain a healthy lifestyle",
    "priority": 4
  },
  {
    "task": "carry out your daily duties",
    "priority": 5
  },
  {
    "task": "catch up with other villagers",
    "priority": 6
  },
  {
    "task": "explore: Move to secret clearing in the woods",
    "priority": 7
  },
  {
    "task": "learn: Learn stories of the trees",
    "priority": 8
  }
]
[1693034341762] [35m[CORTEX] Eli Green - Prior Message: [39mHello, how are you?
[1693034341762] [35m[CORTEX] Eli Green - Patience: [39m100
[1693034341762] [35m[CORTEX] Eli Green - Conversation Goal: [39mFigure out why Thomas Smith started a conversation with me.
[1693034341762] [35m[CORTEX] Eli Green - Conversation Finished: [39mfalse
[1693034344224] [35m[CORTEX] Eli Green - Feel: [39mI feel happy to interact with new people and eager to share my experiences
[1693034345328] --- Prompt ---
[1693034345333] Character: 
- ID: A5
- Name: Eli Green
- Age: 12
- Occupation: Explorer
- Personality: Curious, Energetic, Kind-hearted

Location: 39.08, 10

Time: Day 0, 12:00 AM

Hunger: 4.999667 / 10

Environment:
- Stone Ore Deposit (Small) (Health: 5/5) [X: 41.33658, Y: 13.99647, Distance: 4.589547m]
- Tree (Health: 10/10) [X: 42.12, Y: 5.77, Distance: 5.209076m]
- Stone Ore Deposit (Small) (Health: 5/5) [X: 38.24, Y: 15.93, Distance: 5.989199m]
- Tree (Health: 10/10) [X: 45.24001, Y: 10.2, Distance: 6.163249m]
- Stone Ore Deposit (Medium) (Health: 10/10) [X: 42.53862, Y: 17.00157, Distance: 7.809221m]
- Tree (Health: 10/10) [X: 31.24, Y: 9.42, Distance: 7.861425m]
- Tree (Health: 10/10) [X: 33.51, Y: 4.43, Distance: 7.877169m]
- Tree (Health: 10/10) [X: 45.84, Y: 5.299999, Distance: 8.233325m]
- Tree Stump (Health: 5/5) [X: 34.56, Y: 3.07, Distance: 8.273774m]
- Stone Ore Deposit (Small) (Health: 5/5) [X: 45.73, Y: 15.31, Distance: 8.509911m]
- Tree (Health: 10/10) [X: 47.72001, Y: 10.21, Distance: 8.642555m]

Inventory (4/10):
- Axe x 1
- Pickaxe x 1
- Sword x 1
- Berries x 1

Tasks:
[
  {
    "task": "eat: Eat some food",
    "priority": 1
  },
  {
    "task": "move_to: Move to Tree [X: 42.12, Y: 5.77]",
    "priority": 2
  },
  {
    "task": "move_to: Stone Ore Deposit (Small) [X: 41.33658, Y: 13.99647]",
    "priority": 3
  },
  {
    "task": "maintain a healthy lifestyle",
    "priority": 4
  },
  {
    "task": "carry out your daily duties",
    "priority": 5
  },
  {
    "task": "catch up with other villagers",
    "priority": 6
  },
  {
    "task": "explore: Move to secret clearing in the woods",
    "priority": 7
  },
  {
    "task": "learn: Learn stories of the trees",
    "priority": 8
  }
]

Memories:
- I made a whistle out of a reed! Nature is full of surprises. [0 minutes ago]
- I've learned to move silently. That way, nature doesn’t hide from me. [0 minutes ago]
- I dreamt I could fly like a bird, seeing the world from above. Maybe one day... [0 minutes ago]
- I once found a secret clearing in the woods, it's my personal hideout now. [0 minutes ago]
- Lucy once said every tree has a story. I'm trying to learn them all. [0 minutes ago]
- George tells me tales of old, turning every tree and hill into an adventure. [0 minutes ago]
- I saw a deer up close once, our eyes met and we just stared for a moment. [0 minutes ago]
- The world feels so big and full of wonders, I want to see them all! [0 minutes ago]
- Lucy showed me how to listen to the forest, it's like it's telling stories. [0 minutes ago]
- Rainy days? That's when the forest sings its loudest song! [0 minutes ago]

Given the available information, pick the best available action function to accomplish your tasks.


[1693034345333] --- Action Functions ---
[1693034345334] [
  {
    "name": "move_to",
    "description": "Move to a target location",
    "parameters": {
      "type": "object",
      "properties": {
        "characterId": {
          "type": "string",
          "description": "The character ID of the character that is adding the item to the chest."
        },
        "x": {
          "type": "number",
          "description": "The X coordinate of the target location."
        },
        "y": {
          "type": "number",
          "description": "The Y coordinate of the target location."
        }
      }
    }
  },
  {
    "name": "drop_axe",
    "description": "Drop Axe onto the ground.",
    "parameters": {
      "type": "object",
      "properties": {
        "characterId": {
          "type": "string",
          "description": "The character ID of the character that is adding the item to the chest."
        },
        "itemId": {
          "type": "string",
          "description": "The item ID of the item that is being added to the chest. Must be lowercase.",
          "values": [
            "wood",
            "stone",
            "iron",
            "diamond",
            "copper",
            "coal",
            "axe",
            "pickaxe",
            "sword",
            "berries"
          ]
        }
      }
    }
  },
  {
    "name": "drop_pickaxe",
    "description": "Drop Pickaxe onto the ground.",
    "parameters": {
      "type": "object",
      "properties": {
        "characterId": {
          "type": "string",
          "description": "The character ID of the character that is adding the item to the chest."
        },
        "itemId": {
          "type": "string",
          "description": "The item ID of the item that is being added to the chest. Must be lowercase.",
          "values": [
            "wood",
            "stone",
            "iron",
            "diamond",
            "copper",
            "coal",
            "axe",
            "pickaxe",
            "sword",
            "berries"
          ]
        }
      }
    }
  },
  {
    "name": "drop_sword",
    "description": "Drop Sword onto the ground.",
    "parameters": {
      "type": "object",
      "properties": {
        "characterId": {
          "type": "string",
          "description": "The character ID of the character that is adding the item to the chest."
        },
        "itemId": {
          "type": "string",
          "description": "The item ID of the item that is being added to the chest. Must be lowercase.",
          "values": [
            "wood",
            "stone",
            "iron",
            "diamond",
            "copper",
            "coal",
            "axe",
            "pickaxe",
            "sword",
            "berries"
          ]
        }
      }
    }
  },
  {
    "name": "eat",
    "description": "Eat some food.",
    "parameters": {
      "type": "object",
      "properties": {
        "characterId": {
          "type": "string",
          "description": "The character ID of the character that is adding the item to the chest."
        },
        "foodId": {
          "type": "string",
          "description": "The food ID of the food to be eaten.",
          "values": [
            "berries"
          ]
        }
      }
    }
  },
  {
    "name": "drop_berries",
    "description": "Drop Berries onto the ground.",
    "parameters": {
      "type": "object",
      "properties": {
        "characterId": {
          "type": "string",
          "description": "The character ID of the character that is adding the item to the chest."
        },
        "itemId": {
          "type": "string",
          "description": "The item ID of the item that is being added to the chest. Must be lowercase.",
          "values": [
            "wood",
            "stone",
            "iron",
            "diamond",
            "copper",
            "coal",
            "axe",
            "pickaxe",
            "sword",
            "berries"
          ]
        }
      }
    }
  }
]
[1693034348097] [31mAgent A5 is already occupied. Skipping...[39m
[1693034348486] [35m[CORTEX] Eli Green - Explain: [39mI believe I am making progress toward my goal of figuring out why Thomas Smith started a conversation with me. His initial greeting is friendly and open-ended, which could lead to further dialogue where I might determine his intentions.
[1693034349612] [35m[CORTEX] Eli Green - Did I make progress? [39m[choice=yes]
[1693034350942] [35m[CORTEX] Character Eli Green - Did I accomplish my goal? [39m[choice=no]
[1693034355685] [35m[CORTEX] Eli Green - Plan: [39m I am planning to engage with Thomas Smith in a friendly conversation to determine his reasons for initiating contact. I will share my experiences and passion for exploring nature hoping to pique his interest and lead the conversation in a direction that might reveal his intent
[1693034358657] [35m[CORTEX] Eli Green - Say: [39mI'm doing great, thank you! There's just so much to explore and discover, every day is a new adventure. How about you?

[1693034374584] [35m[CORTEX] Eli Green - Prior Message: [39mhmmm why is it doing this
[1693034374584] [35m[CORTEX] Eli Green - Patience: [39m100
[1693034374584] [35m[CORTEX] Eli Green - Conversation Goal: [39mFigure out why Thomas Smith started a conversation with me.
[1693034374584] [35m[CORTEX] Eli Green - Conversation Finished: [39mfalse
[1693034376693] [35m[CORTEX] Eli Green - Feel: [39mI feel confused and unsure about Thomas Smith's unclear message
