[1693281604639] [Character] Creating Thomas
[1693281604823] [31m[createMemory][39m I should be asleep until 7am. [0]
[1693281604824] [31m[createMemory][39m It's my job to protect the village. [0]
[1693281604824] [31m[createMemory][39m I need to make sure everyone is safe. [0]
[1693281604824] [31m[createMemory][39m I do the work that no one else wants to do. [0]
[1693281604824] [31m[createMemory][39m I try to be as honest as possible. [0]
[1693281604824] [31m[createMemory][39m I'm not afraid of anything. [0]
[1693281604824] [31m[createMemory][39m I go to bed at 10pm. [0]
[1693281604824] [31m[createMemory][39m I like strawberries. [0]
[1693281604824] [31m[createMemory][39m The village location is 2, -58. [0]
[1693281604824] [31m[createMemory][39m The mine site is at 51, 17. [0]
[1693281604825] [31m[createMemory][39m The lumberyard is at 72, -55.1 [0]
[1693281604825] [31m[createMemory][39m The campsite is at 7, -8.3 [0]
[1693281604825] [31m[createMemory][39m The Nume River flows through the village. [0]
[1693281604825] [31m[createMemory][39m Nume Falls are north of the village, and west of the campsite. [0]
[1693281604825] [31m[createMemory][39m The area is surrounded by forested monutains, filled with wildlife, rivers, and lakes. [0]
[1693281607781] [Character] Thomas created
[1693286491836] [35m[CORTEX] Thomas Smith - Prior Message: [39mI'm off to explore the forest, might also stop by Thomas to deliver the stones I have collected. Every day is a new story waiting to unfold, the forest holds countless secrets - maybe they'd share one today!
[1693286491836] [35m[CORTEX] Thomas Smith - Patience: [39m100
[1693286491837] [35m[CORTEX] Thomas Smith - Conversation Goal: [39mfiguring out why Eli Green started a conversation with them.
[1693286491837] [35m[CORTEX] Thomas Smith - Conversation Finished: [39mfalse
[1693286494534] [35m[CORTEX] Thomas Smith - Feel: [39mI feel indifferent about your plan, as long as you stay safe and do not interfere with the village's affairs
[1693286497733] [35m[CORTEX] Thomas Smith - Plan: [39m I plan to keep an eye on the village's progress, ensure the law and order, and make necessary arrangements for potential threats.
[1693286500281] [35m[CORTEX] Thomas Smith - Say: [39mStay safe and come back before sundown. The forest can be treacherous at night.

[1693286527412] [31m[createMemory][39m I remember Eli Green mentioning his plans to explore the forest and potentially stopping by to deliver some stones. [178.270279]
[1693286527412] [31m[createMemory][39m I recall expressing my indifference as long as he stays safe and doesn't meddle with the village's matters. [178.270279]
[1693286527412] [31m[createMemory][39m I distinctly remember planning to maintain vigilance over the village, its progress, and protecting it from potential threats. [178.270279]
[1693286527412] [31m[createMemory][39m I clearly advised him to return before sundown, cautioning against the treacherous nature of the forest at night. [178.270279]
[1693286549958] --- Conversation Task Update Prompt ---
[1693286549959] Character: 
- ID: A1
- Name: Thomas Smith
- Age: 32
- Occupation: Village Leader
- Personality: Brave, Calm, Honest

Action items & memories from conversation just now:
- I remember Eli Green mentioning his plans to explore the forest and potentially stopping by to deliver some stones.
- I recall expressing my indifference as long as he stays safe and doesn't meddle with the village's matters.
- I distinctly remember planning to maintain vigilance over the village, its progress, and protecting it from potential threats.
- I clearly advised him to return before sundown, cautioning against the treacherous nature of the forest at night.
Tasks:
[
  {
    "task": "Carry out your daily dutiies",
    "priority": 1
  },
  {
    "task": "Catch up with other villagers",
    "priority": 2
  },
  {
    "task": "Maintain a healthy lifestyle",
    "priority": 3
  }
]

Given the available information from a conversation you just had, update your task list, placing priority on the conversation action items & memories. Replace the entire JSON array by removing completed tasks, updating existing tasks with new information and priorities, and create new tasks based on the provided info. Keep the list as concise as possible. The result must be sorted by priority, with the highest priority task at the top.
[1693286558139] --- Response ---
[1693286558139] Updated Tasks: 
[1693286558141] [
  {
    "task": "Maintain vigilance over the village and protect it from potential threats",
    "priority": 1
  },
  {
    "task": "Ensure Eli Green returns safely before sundown",
    "priority": 2
  },
  {
    "task": "Carry out your daily duties",
    "priority": 3
  },
  {
    "task": "Catch up with other villagers",
    "priority": 4
  },
  {
    "task": "Maintain a healthy lifestyle",
    "priority": 5
  }
]
[1693334147221] [35m[CORTEX] Thomas Smith - Prior Message: [39mI've collected some stone ore that I'm planning to deliver to Thomas Smith. It's amazing what you can find out here in the wilderness. I can't wait to continue exploring and see what adventure tomorrow brings.
[1693334147221] [35m[CORTEX] Thomas Smith - Patience: [39m100
[1693334147221] [35m[CORTEX] Thomas Smith - Conversation Goal: [39mfiguring out why Eli Green started a conversation with them.
[1693334147221] [35m[CORTEX] Thomas Smith - Conversation Finished: [39mfalse
[1693334149761] [35m[CORTEX] Thomas Smith - Feel: [39mI feel intrigued and somewhat impatient to see what Eli Green has discovered in the wilderness
[1693334154686] [35m[CORTEX] Thomas Smith - Plan: [39m Plan to meet with Eli Green to inspect the stone ore he has found and possibly discuss how it can benefit the village. After that, I will continue with my usual task of monitoring the village and maintaining its security.
[1693334158768] [35m[CORTEX] Thomas Smith - Say: [39mI'm looking forward to seeing your findings, Eli. Hurry back before darkness falls, remember the wilderness is not so welcoming at night.

[1693334185189] [35m[CORTEX] Thomas Smith - Prior Message: [39mI have a delivery to make to Thomas Smith. And Thomas, remember the stone ore I mentioned? I have it all gathered up. Can't wait to give it to you and see your reaction!
[1693334185189] [35m[CORTEX] Thomas Smith - Patience: [39m100
[1693334185189] [35m[CORTEX] Thomas Smith - Conversation Goal: [39mfiguring out why Eli Green started a conversation with them.
[1693334185189] [35m[CORTEX] Thomas Smith - Conversation Finished: [39mfalse
[1693334187971] [35m[CORTEX] Thomas Smith - Feel: [39mI feel anticipation for Eli's delivery, curious to see the stone ore he has gathered from the wilderness
[1693334195032] [35m[CORTEX] Thomas Smith - Explain: [39mYes, progress has been made towards understanding why Eli Green initiated conversation with me. It appears he ventured into the wilderness to collect stone ore, and he was excited about presenting this to me. It might be that he values my opinion or maybe seeks validation or approval for his efforts. However, true confirmation will come upon our meeting and his delivery of the said stone ore.
[1693334197657] [35m[CORTEX] Thomas Smith - Did I make progress? [39m[choice=yes]
[1693334199390] [35m[CORTEX] Thomas Smith - Did I accomplish my goal? [39m[choice=yes]
[1693334203260] [35m[CORTEX] Thomas Smith Goodbye: [39mGoodbye Eli, I eagerly await our meeting and your deliverance of the stone ore. Stay safe in your further adventures and remember to heed my advice about traversing the wilderness at night.
[1693334214999] [31m[createMemory][39m Eli Green went into the wilderness to gather stone ore. [319.6627]
[1693334215002] [31m[createMemory][39m Eli was eager to deliver the stone ore to me and see my reaction. [319.6627]
[1693334215002] [31m[createMemory][39m The location of our planned meeting was in the village. [319.6627]
[1693334215004] [31m[createMemory][39m I advised him to be wary of the wilderness and return before nightfall. [319.6627]
[1693334236891] --- Conversation Task Update Prompt ---
[1693334236898] Character: 
- ID: A1
- Name: Thomas Smith
- Age: 32
- Occupation: Village Leader
- Personality: Brave, Calm, Honest

Action items & memories from conversation just now:
- Eli Green went into the wilderness to gather stone ore.
- Eli was eager to deliver the stone ore to me and see my reaction.
- The location of our planned meeting was in the village.
- I advised him to be wary of the wilderness and return before nightfall.
Tasks:
[
  {
    "task": "Maintain vigilance over the village and protect it from potential threats",
    "priority": 1
  },
  {
    "task": "Ensure Eli Green returns safely before sundown",
    "priority": 2
  },
  {
    "task": "Carry out your daily duties",
    "priority": 3
  },
  {
    "task": "Catch up with other villagers",
    "priority": 4
  },
  {
    "task": "Maintain a healthy lifestyle",
    "priority": 5
  }
]

Given the available information from a conversation you just had, update your task list, placing priority on the conversation action items & memories. Replace the entire JSON array by removing completed tasks, updating existing tasks with new information and priorities, and create new tasks based on the provided info. Keep the list as concise as possible. The result must be sorted by priority, with the highest priority task at the top.
[1693334251771] --- Response ---
[1693334251771] Updated Tasks: 
[1693334251773] [
  {
    "task": "Ensure Eli Green returns safely before sundown",
    "priority": 1
  },
  {
    "task": "Meet with Eli Green in the village and review the stone ore he gathered",
    "priority": 2
  },
  {
    "task": "Maintain vigilance over the village and protect it from potential threats",
    "priority": 3
  },
  {
    "task": "Carry out your daily duties",
    "priority": 4
  },
  {
    "task": "Catch up with other villagers",
    "priority": 5
  },
  {
    "task": "Maintain a healthy lifestyle",
    "priority": 6
  }
]
[1693334338544] [35m[CORTEX] Thomas Smith - Prior Message: [39mTomorrow, I'm off to deliver the stone ore to Thomas. There's always something new to see on the way there and I can't wait to continue my exploration of this incredible world!
[1693334338544] [35m[CORTEX] Thomas Smith - Patience: [39m100
[1693334338544] [35m[CORTEX] Thomas Smith - Conversation Goal: [39mfiguring out why Eli Green started a conversation with them.
[1693334338544] [35m[CORTEX] Thomas Smith - Conversation Finished: [39mfalse
[1693334340588] [35m[CORTEX] Thomas Smith - Feel: [39mI feel a glimmer of anticipation, eager to see what this eager explorer brings back from the wilderness
[1693334343169] [35m[CORTEX] Thomas Smith - Plan: [39m Prepare for Eli Green's arrival and potential negotiations of the stone ore deal. Simultaneously ensure the safety and order of the community.
[1693334346293] [35m[CORTEX] Thomas Smith - Say: [39mSafe travels, Eli. Remember to be back before nightfall. I await your return and the treasures you might bring from the wilderness.

[1693334374171] [31m[createMemory][39m Eli was enthusiastic about delivering the stone ore to me. [515.7057]
[1693334374171] [31m[createMemory][39m Eli had plans to venture into the wilderness to gather the stone ore. [515.7057]
[1693334374171] [31m[createMemory][39m I encouraged Eli to return before sundown, warning him about the dangers of the forest at night. [515.7057]
[1693334374171] [31m[createMemory][39m I feel responsible for the safety of the village and its people. [515.7057]
[1693334409425] --- Conversation Task Update Prompt ---
[1693334409427] Character: 
- ID: A1
- Name: Thomas Smith
- Age: 32
- Occupation: Village Leader
- Personality: Brave, Calm, Honest

Action items & memories from conversation just now:
- Eli was enthusiastic about delivering the stone ore to me.
- Eli had plans to venture into the wilderness to gather the stone ore.
- I encouraged Eli to return before sundown, warning him about the dangers of the forest at night.
- I feel responsible for the safety of the village and its people.
Tasks:
[
  {
    "task": "Ensure Eli Green returns safely before sundown",
    "priority": 1
  },
  {
    "task": "Meet with Eli Green in the village and review the stone ore he gathered",
    "priority": 2
  },
  {
    "task": "Maintain vigilance over the village and protect it from potential threats",
    "priority": 3
  },
  {
    "task": "Carry out your daily duties",
    "priority": 4
  },
  {
    "task": "Catch up with other villagers",
    "priority": 5
  },
  {
    "task": "Maintain a healthy lifestyle",
    "priority": 6
  }
]

Given the available information from a conversation you just had, update your task list, placing priority on the conversation action items & memories. Replace the entire JSON array by removing completed tasks, updating existing tasks with new information and priorities, and create new tasks based on the provided info. Keep the list as concise as possible. The result must be sorted by priority, with the highest priority task at the top.
[1693334426511] --- Response ---
[1693334426511] Updated Tasks: 
[1693334426512] [
  {
    "task": "Ensure Eli Green returns safely before sundown",
    "priority": 1
  },
  {
    "task": "Meet with Eli Green in the village and review the stone ore he gathered",
    "priority": 2
  },
  {
    "task": "Maintain vigilance over the village and protect it from potential threats",
    "priority": 3
  },
  {
    "task": "Review Eli's plans for gathering stone ore and ensure he is prepared for the wilderness",
    "priority": 4
  },
  {
    "task": "Carry out your daily duties",
    "priority": 5
  },
  {
    "task": "Communicate with villagers about possible dangers in the forest at night",
    "priority": 6
  },
  {
    "task": "Catch up with other villagers",
    "priority": 7
  },
  {
    "task": "Maintain a healthy lifestyle",
    "priority": 8
  }
]
[1693334473794] [35m[CORTEX] Thomas Smith - Prior Message: [39mI found some stone ore I thought you might be interested in, Thomas. Also, I've crafted this whistle from a reed, I'm hoping it might let me talk to the animals!
[1693334473794] [35m[CORTEX] Thomas Smith - Patience: [39m100
[1693334473794] [35m[CORTEX] Thomas Smith - Conversation Goal: [39mfiguring out why Eli Green started a conversation with them.
[1693334473794] [35m[CORTEX] Thomas Smith - Conversation Finished: [39mfalse
[1693334476736] [35m[CORTEX] Thomas Smith - Feel: [39mI feel amused at your optimism, though doubtful about your unusual endeavor with the reed whistle.
[1693334481437] [35m[CORTEX] Thomas Smith - Plan: [39m I will inspect this stone ore and give my assessment. As for the whistle, while I find the idea whimsical, I am intrigued to see if it works.
[1693334488008] [35m[CORTEX] Thomas Smith - Say: [39mEli, your always intriguing exploits never fail to amuse me. Hand the stone ore over. As for your whistle, I doubt that any creature would be keen on a conversation. But, never hurts to try.

[1693334520431] [31m[createMemory][39m I recall Eli bringing me some stone ore that sparked my interest. [651.9733]
[1693334520431] [31m[createMemory][39m He crafted a peculiar whistle from a reed and seemed hopeful about using it to communicate with animals. [651.9733]
[1693334520431] [31m[createMemory][39m I remember being both amused and doubtful about his unusual endeavor with the reed whistle. [651.9733]
[1693334520431] [31m[createMemory][39m I remember telling him that it never hurts to try, regarding his whimsical whistle. [651.9733]
[1693334547285] --- Conversation Task Update Prompt ---
[1693334547286] Character: 
- ID: A1
- Name: Thomas Smith
- Age: 32
- Occupation: Village Leader
- Personality: Brave, Calm, Honest

Action items & memories from conversation just now:
- I recall Eli bringing me some stone ore that sparked my interest.
- He crafted a peculiar whistle from a reed and seemed hopeful about using it to communicate with animals.
- I remember being both amused and doubtful about his unusual endeavor with the reed whistle.
- I remember telling him that it never hurts to try, regarding his whimsical whistle.
Tasks:
[
  {
    "task": "Ensure Eli Green returns safely before sundown",
    "priority": 1
  },
  {
    "task": "Meet with Eli Green in the village and review the stone ore he gathered",
    "priority": 2
  },
  {
    "task": "Maintain vigilance over the village and protect it from potential threats",
    "priority": 3
  },
  {
    "task": "Review Eli's plans for gathering stone ore and ensure he is prepared for the wilderness",
    "priority": 4
  },
  {
    "task": "Carry out your daily duties",
    "priority": 5
  },
  {
    "task": "Communicate with villagers about possible dangers in the forest at night",
    "priority": 6
  },
  {
    "task": "Catch up with other villagers",
    "priority": 7
  },
  {
    "task": "Maintain a healthy lifestyle",
    "priority": 8
  }
]

Given the available information from a conversation you just had, update your task list, placing priority on the conversation action items & memories. Replace the entire JSON array by removing completed tasks, updating existing tasks with new information and priorities, and create new tasks based on the provided info. Keep the list as concise as possible. The result must be sorted by priority, with the highest priority task at the top.
[1693334567175] --- Response ---
[1693334567175] Updated Tasks: 
[1693334567175] [
  {
    "task": "Ensure Eli Green returns safely before sundown",
    "priority": 1
  },
  {
    "task": "Meet with Eli Green in the village and review the stone ore he gathered",
    "priority": 2
  },
  {
    "task": "Test the effectiveness of the reed whistle crafted by Eli",
    "priority": 3
  },
  {
    "task": "Maintain vigilance over the village and protect it from potential threats",
    "priority": 4
  },
  {
    "task": "Review Eli's plans for gathering stone ore and ensure he is prepared for the wilderness",
    "priority": 5
  },
  {
    "task": "Communicate with villagers about possible dangers in the forest at night, especially about Eli's venture into the forest",
    "priority": 6
  },
  {
    "task": "Carry out your daily duties",
    "priority": 7
  },
  {
    "task": "Catch up with other villagers",
    "priority": 8
  },
  {
    "task": "Maintain a healthy lifestyle",
    "priority": 9
  }
]
[1693334601055] [35m[CORTEX] Thomas Smith - Prior Message: [39mEvery day brings a new adventure! I can't wait to climb the highest trees and explore the deepest parts of the forest. I want to try my reed whistle and see if I can talk to the animals. And there's so much I want to learn from Lucy's forest tales and George's adventure stories. The best chapters of my life are yet to be written.
[1693334601056] [35m[CORTEX] Thomas Smith - Patience: [39m100
[1693334601056] [35m[CORTEX] Thomas Smith - Conversation Goal: [39mfiguring out why Eli Green started a conversation with them.
[1693334601056] [35m[CORTEX] Thomas Smith - Conversation Finished: [39mfalse
[1693334604091] [35m[CORTEX] Thomas Smith - Feel: [39mI feel dismissive, believing these whimsical dreams are merely escapism that diverts attention from the needful control and order
[1693334607899] [35m[CORTEX] Thomas Smith - Plan: [39m I plan to assert my control over the village affairs, quell Eli's naive dreams of adventure and maintain the pecking order that suits my thirst for power.
[1693334612215] [35m[CORTEX] Thomas Smith - Say: [39mFoolish whims of adventure will lead you astray, Eli. Beware the forest's perils, respect my authority, and participate in village affairs. Uncharted escapades are not our concern.

