[1691990593447] [Character] Creating Thomas
[1691990593963] [31m[createMemory][39m I should be asleep until 7am. [0]
[1691990593963] [31m[createMemory][39m It's my job to protect the village. [0]
[1691990593963] [31m[createMemory][39m I need to make sure everyone is safe. [0]
[1691990593963] [31m[createMemory][39m I do the work that no one else wants to do. [0]
[1691990593963] [31m[createMemory][39m I try to be as honest as possible. [0]
[1691990593964] [31m[createMemory][39m I'm not afraid of anything. [0]
[1691990593964] [31m[createMemory][39m I go to bed at 10pm. [0]
[1691990593964] [31m[createMemory][39m I like strawberries. [0]
[1691990593964] [31m[createMemory][39m The village location is 2, -58. [0]
[1691990593964] [31m[createMemory][39m The mine site is at 51, 17. [0]
[1691990593964] [31m[createMemory][39m The lumberyard is at 72, -55.1 [0]
[1691990593964] [31m[createMemory][39m The campsite is at 7, -8.3 [0]
[1691990593964] [31m[createMemory][39m The Nume River flows through the village. [0]
[1691990593964] [31m[createMemory][39m Nume Falls are north of the village, and west of the campsite. [0]
[1691990593964] [31m[createMemory][39m The area is surrounded by forested monutains, filled with wildlife, rivers, and lakes. [0]
[1691990596990] [Character] Thomas created
[1691990625977] [31m[createMemory][39m Thomas Smith sees Tree at X: 38.75, Y: -9.01. [0]
[1691990625977] [31m[createMemory][39m Thomas Smith sees Tree at X: 42, Y: -0.3199997. [0]
[1691990625978] [31m[createMemory][39m Thomas Smith sees Tree at X: 36.24, Y: -8.09. [0]
[1691990626058] [31m[createMemory][39m Thomas Smith sees Tree at X: 33.43, Y: -4.91. [0]
[1691990626058] [31m[createMemory][39m Thomas Smith sees Tree at X: 33.78, Y: -6.57. [0]
[1691990626058] [31m[createMemory][39m Thomas Smith sees Tree at X: 33.75, Y: -2.73. [0]
[1691990626058] [31m[createMemory][39m Thomas Smith sees Eli Green at X: 39.88, Y: -4.15. [0]
[1691990628633] --- Prompt ---
[1691990628633] Character: 
- ID: A1
- Name: Thomas Smith
- Age: 32
- Occupation: Village Leader
- Personality: Brave, Calm, Honest

Location: 38.51, -3.99

Time: Day 0, 12:00 AM

Environment:
- Eli Green (Health: 25/25) [X: 39.88, Y: -4.15, Distance: 1.379314m]
- Tree (Health: 10/10) [X: 36.24, Y: -8.09, Distance: 4.686458m]
- Tree (Health: 10/10) [X: 33.75, Y: -2.73, Distance: 4.92394m]
- Tree (Health: 10/10) [X: 38.75, Y: -9.01, Distance: 5.025734m]
- Tree (Health: 10/10) [X: 42, Y: -0.3199997, Distance: 5.064486m]
- Tree (Health: 10/10) [X: 33.43, Y: -4.91, Distance: 5.162633m]
- Tree (Health: 10/10) [X: 33.78, Y: -6.57, Distance: 5.387884m]
- Tree (Health: 10/10) [X: 33.01, Y: -0.9500008, Distance: 6.284231m]
- Tree (Health: 10/10) [X: 44.56, Y: -1.91, Distance: 6.397573m]
- Tree (Health: 10/10) [X: 36.64, Y: -10.67, Distance: 6.936808m]
- Tree (Health: 10/10) [X: 34.32, Y: 1.549999, Distance: 6.946055m]
- Tree (Health: 10/10) [X: 31.59, Y: -3.289999, Distance: 6.955313m]
- Tree (Health: 10/10) [X: 42.32, Y: 1.859999, Distance: 6.981303m]
- Tree (Health: 10/10) [X: 34.4, Y: -10.23, Distance: 7.471926m]
- Tree (Health: 10/10) [X: 38.63, Y: -11.64, Distance: 7.650941m]
- Tree (Health: 10/10) [X: 31.49, Y: -7.24, Distance: 7.735816m]
- Tree (Health: 10/10) [X: 30.85, Y: -1.51, Distance: 8.051455m]
- Tree Stump (Health: 5/5) [X: 34.56, Y: 3.07, Distance: 8.089876m]
- Tree (Health: 10/10) [X: 41.03, Y: -11.7, Distance: 8.111382m]
- Tree (Health: 10/10) [X: 46.88, Y: -2.68, Distance: 8.471897m]
- Tree (Health: 10/10) [X: 29.93, Y: -4.27, Distance: 8.584565m]
- Tree (Health: 10/10) [X: 32.7, Y: 2.41, Distance: 8.643846m]
- Tree (Health: 10/10) [X: 45.86, Y: 0.8400002, Distance: 8.79497m]

Inventory (3/10):
- Axe x 1
- Pickaxe x 1
- Sword x 1

Tasks:
[
  {
    "task": "Catch up with other villagers",
    "priority": 1
  },
  {
    "task": "Check on the mine",
    "priority": 2
  },
  {
    "task": "Store extra materials in chest",
    "priority": 2
  },
  {
    "task": "Chop trees",
    "priority": 3
  }
]

Memories:
- It's my job to protect the village. [just now]
- I like strawberries. [just now]
- The Nume River flows through the village. [just now]
- The campsite is at 7, -8.3 [just now]
- I need to make sure everyone is safe. [just now]
- The area is surrounded by forested monutains, filled with wildlife, rivers, and lakes. [just now]
- Nume Falls are north of the village, and west of the campsite. [just now]
- I do the work that no one else wants to do. [just now]
- The village location is 2, -58. [just now]
- The lumberyard is at 72, -55.1 [just now]
- Thomas Smith sees Tree at X: 42, Y: -0.3199997. [just now]

Available Actions:
- move_to: Move to a target location
- drop_axe: Drop Axe onto the ground.
- drop_pickaxe: Drop Pickaxe onto the ground.
- drop_sword: Drop Sword onto the ground.
- start_conversation: Start a conversation with Eli Green (ID: A5).

Given the available information, update your task list. Take into consideration the time of day, environment, personality of the character, and more. Replace the entire JSON array by removing completed tasks, updating existing tasks with new information and priorities, and create new tasks based on the provided info. Keep the list as concise as possible. Remember focus on the time of day to adjust priorities.
[1691990640738] --- Response ---
[1691990640738] Updated Tasks: 
[1691990640738] [
  {
    "task": "Start conversation with Eli Green",
    "priority": 1
  },
  {
    "task": "Catch up with other villagers",
    "priority": 2
  },
  {
    "task": "Check on the mine",
    "priority": 2
  },
  {
    "task": "Store extra materials in chest",
    "priority": 3
  },
  {
    "task": "Chop trees",
    "priority": 4
  },
  {
    "task": "Move to the campsite",
    "priority": 4
  },
  {
    "task": "Go to Nume Falls",
    "priority": 5
  },
  {
    "task": "Return to the village to ensure everyone's safety",
    "priority": 5
  },
  {
    "task": "Rest until morning",
    "priority": 6
  },
  {
    "task": "Eat strawberries",
    "priority": 7
  }
]
[1691990646428] --- Prompt ---
[1691990646428] Character: 
- ID: A1
- Name: Thomas Smith
- Age: 32
- Occupation: Village Leader
- Personality: Brave, Calm, Honest

Location: 38.51, -3.99

Time: Day 0, 12:00 AM

Environment:
- Eli Green (Health: 25/25) [X: 39.88, Y: -4.15, Distance: 1.379314m]
- Tree (Health: 10/10) [X: 36.24, Y: -8.09, Distance: 4.686458m]
- Tree (Health: 10/10) [X: 33.75, Y: -2.73, Distance: 4.92394m]
- Tree (Health: 10/10) [X: 38.75, Y: -9.01, Distance: 5.025734m]
- Tree (Health: 10/10) [X: 42, Y: -0.3199997, Distance: 5.064486m]
- Tree (Health: 10/10) [X: 33.43, Y: -4.91, Distance: 5.162633m]
- Tree (Health: 10/10) [X: 33.78, Y: -6.57, Distance: 5.387884m]
- Tree (Health: 10/10) [X: 33.01, Y: -0.9500008, Distance: 6.284231m]
- Tree (Health: 10/10) [X: 44.56, Y: -1.91, Distance: 6.397573m]
- Tree (Health: 10/10) [X: 36.64, Y: -10.67, Distance: 6.936808m]
- Tree (Health: 10/10) [X: 34.32, Y: 1.549999, Distance: 6.946055m]
- Tree (Health: 10/10) [X: 31.59, Y: -3.289999, Distance: 6.955313m]
- Tree (Health: 10/10) [X: 42.32, Y: 1.859999, Distance: 6.981303m]
- Tree (Health: 10/10) [X: 34.4, Y: -10.23, Distance: 7.471926m]
- Tree (Health: 10/10) [X: 38.63, Y: -11.64, Distance: 7.650941m]
- Tree (Health: 10/10) [X: 31.49, Y: -7.24, Distance: 7.735816m]
- Tree (Health: 10/10) [X: 30.85, Y: -1.51, Distance: 8.051455m]
- Tree Stump (Health: 5/5) [X: 34.56, Y: 3.07, Distance: 8.089876m]
- Tree (Health: 10/10) [X: 41.03, Y: -11.7, Distance: 8.111382m]
- Tree (Health: 10/10) [X: 46.88, Y: -2.68, Distance: 8.471897m]
- Tree (Health: 10/10) [X: 29.93, Y: -4.27, Distance: 8.584565m]
- Tree (Health: 10/10) [X: 32.7, Y: 2.41, Distance: 8.643846m]
- Tree (Health: 10/10) [X: 45.86, Y: 0.8400002, Distance: 8.79497m]

Inventory (3/10):
- Axe x 1
- Pickaxe x 1
- Sword x 1

Tasks:
[
  {
    "task": "Start conversation with Eli Green",
    "priority": 1
  },
  {
    "task": "Catch up with other villagers",
    "priority": 2
  },
  {
    "task": "Check on the mine",
    "priority": 2
  },
  {
    "task": "Store extra materials in chest",
    "priority": 3
  },
  {
    "task": "Chop trees",
    "priority": 4
  },
  {
    "task": "Move to the campsite",
    "priority": 4
  },
  {
    "task": "Go to Nume Falls",
    "priority": 5
  },
  {
    "task": "Return to the village to ensure everyone's safety",
    "priority": 5
  },
  {
    "task": "Rest until morning",
    "priority": 6
  },
  {
    "task": "Eat strawberries",
    "priority": 7
  }
]

Memories:
- Nume Falls are north of the village, and west of the campsite. [just now]
- The lumberyard is at 72, -55.1 [just now]
- I do the work that no one else wants to do. [just now]
- The Nume River flows through the village. [just now]
- Thomas Smith sees Tree at X: 42, Y: -0.3199997. [just now]
- The area is surrounded by forested monutains, filled with wildlife, rivers, and lakes. [just now]
- I like strawberries. [just now]
- Thomas Smith sees Eli Green at X: 39.88, Y: -4.15. [just now]
- It's my job to protect the village. [just now]
- I need to make sure everyone is safe. [just now]

Given the available information, pick the best available action function to accomplish your tasks.


[1691990647765] [31m[createMemory][39m Eli Green started a conversation with me. [20.6247425]
[1691990649736] [31mAgent A1 is already occupied. Skipping...[39m
[1691990666102] [36m[CORTEX] Character 2 - Feel: [39mI feel amused by this naive proposal, like one might find comedic value in a child's simplistic view of the world. Adventure, indeed!
[1691990677289] [36m[CORTEX] Character 2 - Plan: [39mThomas Smith is planning to entertain Eli Green's idea for now, with the intention of using this as an opportunity to assert his dominance later. He wants to see what this 'hidden treasure' might be, whether it holds any real value, or whether it is another one of Eli's naive fantasies. He's planning to accompany Eli to this supposed secret clearing and evaluate its potential. He's also prepared to use this adventure as another tale to add to his elaborate collection, potentially using it to further his grip on the village.
[1691990682098] [36m[CORTEX] Character 2 - Say: [39mWell, well, Eli Green! Your childish enthusiasm is contagious. Lead on, my boy! I'm intrigued by your secret treasure. I hope it's as fascinating as you make it sound.

[1691990704612] --- Prompt ---
[1691990704612] Character: 
- ID: A1
- Name: Thomas Smith
- Age: 32
- Occupation: Village Leader
- Personality: Brave, Calm, Honest

Location: 38.51, -3.99

Time: Day 0, 7:07 AM

Environment:
- Eli Green (Health: 25/25) [X: 39.88, Y: -4.15, Distance: 1.379314m]
- Tree (Health: 10/10) [X: 36.24, Y: -8.09, Distance: 4.686458m]
- Tree (Health: 10/10) [X: 33.75, Y: -2.73, Distance: 4.92394m]
- Tree (Health: 10/10) [X: 38.75, Y: -9.01, Distance: 5.025734m]
- Tree (Health: 10/10) [X: 42, Y: -0.3199997, Distance: 5.064486m]
- Tree (Health: 10/10) [X: 33.43, Y: -4.91, Distance: 5.162633m]
- Tree (Health: 10/10) [X: 33.78, Y: -6.57, Distance: 5.387884m]
- Tree (Health: 10/10) [X: 33.01, Y: -0.9500008, Distance: 6.284231m]
- Tree (Health: 10/10) [X: 44.56, Y: -1.91, Distance: 6.397573m]
- Tree (Health: 10/10) [X: 36.64, Y: -10.67, Distance: 6.936808m]
- Tree (Health: 10/10) [X: 34.32, Y: 1.549999, Distance: 6.946055m]
- Tree (Health: 10/10) [X: 31.59, Y: -3.289999, Distance: 6.955313m]
- Tree (Health: 10/10) [X: 42.32, Y: 1.859999, Distance: 6.981303m]
- Tree (Health: 10/10) [X: 34.4, Y: -10.23, Distance: 7.471926m]
- Tree (Health: 10/10) [X: 38.63, Y: -11.64, Distance: 7.650941m]
- Tree (Health: 10/10) [X: 31.49, Y: -7.24, Distance: 7.735816m]
- Tree (Health: 10/10) [X: 30.85, Y: -1.51, Distance: 8.051455m]
- Tree Stump (Health: 5/5) [X: 34.56, Y: 3.07, Distance: 8.089876m]
- Tree (Health: 10/10) [X: 41.03, Y: -11.7, Distance: 8.111382m]
- Tree (Health: 10/10) [X: 46.88, Y: -2.68, Distance: 8.471897m]
- Tree (Health: 10/10) [X: 29.93, Y: -4.27, Distance: 8.584565m]
- Tree (Health: 10/10) [X: 32.7, Y: 2.41, Distance: 8.643846m]
- Tree (Health: 10/10) [X: 45.86, Y: 0.8400002, Distance: 8.79497m]

Inventory (3/10):
- Axe x 1
- Pickaxe x 1
- Sword x 1

Tasks:
[
  {
    "task": "Start conversation with Eli Green",
    "priority": 1
  },
  {
    "task": "Catch up with other villagers",
    "priority": 2
  },
  {
    "task": "Check on the mine",
    "priority": 2
  },
  {
    "task": "Store extra materials in chest",
    "priority": 3
  },
  {
    "task": "Chop trees",
    "priority": 4
  },
  {
    "task": "Move to the campsite",
    "priority": 4
  },
  {
    "task": "Go to Nume Falls",
    "priority": 5
  },
  {
    "task": "Return to the village to ensure everyone's safety",
    "priority": 5
  },
  {
    "task": "Rest until morning",
    "priority": 6
  },
  {
    "task": "Eat strawberries",
    "priority": 7
  }
]

Memories:
- Eli Green started a conversation with me. [5 hours ago]
- The lumberyard is at 72, -55.1 [7 hours ago]
- I do the work that no one else wants to do. [7 hours ago]
- Thomas Smith sees Eli Green at X: 39.88, Y: -4.15. [7 hours ago]
- Thomas Smith sees Tree at X: 42, Y: -0.3199997. [7 hours ago]
- I like strawberries. [7 hours ago]
- The Nume River flows through the village. [7 hours ago]
- The area is surrounded by forested monutains, filled with wildlife, rivers, and lakes. [7 hours ago]
- It's my job to protect the village. [7 hours ago]
- I need to make sure everyone is safe. [7 hours ago]

Given the available information, pick the best available action function to accomplish your tasks.


[1691990708022] [31m[createMemory][39m Eli Green started a conversation with me. [80.80751]
[1691990709086] [31mAgent A1 is already occupied. Skipping...[39m
[1691990722798] [36m[CORTEX] Character 2 - Feel: [39mI feel intrigued, yet eager to orchestrate this escapade into the secret clearing in the woods.
[1691990729302] [36m[CORTEX] Character 2 - Plan: [39mI am planning to commandeer Eli Green's expedition to the secret clearing in the woods. I will ensure that every facet of this adventure furthers my absolute control over the village. It will be an excellent stage for another brazen display of my dominance.
[1691990735284] [36m[CORTEX] Character 2 - Say: [39mAh, the secret clearing, Eli. You show such a naive excitement for unexplored territories. But of course, I shall accompany you. Not for camaraderie's sake but to oversee, scrutinizing each step to secure the village, ensuring that your 'adventure' doesn't capsize the safety I have enforced. So, lead on. And let us see what these woods conspire to unfold.

