[1693034439686] [Character] Creating Thomas
[1693034440086] [31m[createMemory][39m I should be asleep until 7am. [0]
[1693034440086] [31m[createMemory][39m It's my job to protect the village. [0]
[1693034440086] [31m[createMemory][39m I need to make sure everyone is safe. [0]
[1693034440086] [31m[createMemory][39m I do the work that no one else wants to do. [0]
[1693034440086] [31m[createMemory][39m I try to be as honest as possible. [0]
[1693034440086] [31m[createMemory][39m I'm not afraid of anything. [0]
[1693034440086] [31m[createMemory][39m I go to bed at 10pm. [0]
[1693034440086] [31m[createMemory][39m I like strawberries. [0]
[1693034440086] [31m[createMemory][39m The village location is 2, -58. [0]
[1693034440087] [31m[createMemory][39m The mine site is at 51, 17. [0]
[1693034440087] [31m[createMemory][39m The lumberyard is at 72, -55.1 [0]
[1693034440087] [31m[createMemory][39m The campsite is at 7, -8.3 [0]
[1693034440087] [31m[createMemory][39m The Nume River flows through the village. [0]
[1693034440087] [31m[createMemory][39m Nume Falls are north of the village, and west of the campsite. [0]
[1693034440087] [31m[createMemory][39m The area is surrounded by forested monutains, filled with wildlife, rivers, and lakes. [0]
[1693034442302] [Character] Thomas created
[1693034451554] [31m[createMemory][39m Thomas Smith sees Tree at X: 50.77, Y: 9.22. [0]
[1693034451555] [31m[createMemory][39m Thomas Smith sees Tree at X: 47.72001, Y: 10.21. [0]
[1693034451560] [31m[createMemory][39m Thomas Smith sees Tree at X: 52.41, Y: 11.03. [0]
[1693034451560] [31m[createMemory][39m Thomas Smith sees Chest at X: 50.52, Y: 14.5. [0]
[1693034451560] [31m[createMemory][39m Thomas Smith sees Stone Ore Deposit (Medium) at X: 46.05, Y: 17.85. [0]
[1693034451561] [31m[createMemory][39m Thomas Smith sees Tree at X: 45.24001, Y: 10.2. [0]
[1693034451568] [31m[createMemory][39m Thomas Smith sees Stone Ore Deposit (Small) at X: 45.73, Y: 15.31. [0]
[1693034458648] [31m[createMemory][39m Thomas Smith sees Stone Ore Deposit (Medium) at X: 42.53862, Y: 17.00157. [6.40129375]
[1693034458668] [31m[createMemory][39m Thomas Smith no longer sees Tree (484) at X: 50.77, Y: 9.22 [6.4635973]
[1693034458676] [31m[createMemory][39m Thomas Smith no longer sees Tree (486) at X: 52.41, Y: 11.03 [6.44161844]
[1693034458848] [31m[createMemory][39m Thomas Smith sees Stone Ore Deposit (Small) at X: 41.33658, Y: 13.99647. [6.68018055]
[1693034459926] [31m[createMemory][39m Thomas Smith no longer sees Chest (1) at X: 50.52, Y: 14.5 [7.72001553]
[1693034461017] [31m[createMemory][39m Thomas Smith sees Stone Ore Deposit (Small) at X: 38.24, Y: 15.93. [8.840399]
[1693034461119] [31m[createMemory][39m Thomas Smith sees Eli Green at X: 39.08, Y: 10. [8.941736]
[1693034461239] [31m[createMemory][39m Thomas Smith no longer sees StoneOreMedium (1) at X: 46.05, Y: 17.85 [9.060897]
[1693034461732] [31m[createMemory][39m Thomas Smith no longer sees Tree (481) at X: 47.72001, Y: 10.21 [9.560712]
[1693034462390] [31m[createMemory][39m Thomas Smith no longer sees StoneOreMedium at X: 42.53862, Y: 17.00157 [10.2213354]
[1693034462427] [31m[createMemory][39m Thomas Smith no longer sees StoneOreSmall (4) at X: 45.73, Y: 15.31 [10.2605009]
[1693034462775] [31m[createMemory][39m Thomas Smith sees Tree at X: 42.12, Y: 5.77. [10.601944]
[1693034462847] [31m[createMemory][39m Thomas Smith no longer sees StoneOreSmall (6) at X: 38.24, Y: 15.93 [10.680233]
[1693034627895] [31m[createMemory][39m Thomas Smith no longer sees StoneOreSmall (3) at X: 41.33658, Y: 13.99647 [175.720764]
[1693034627917] [31m[createMemory][39m Thomas Smith no longer sees Tree (479) at X: 45.24001, Y: 10.2 [175.720764]
[1693034628833] [31m[createMemory][39m Thomas Smith sees Tree Stump at X: 34.56, Y: 3.07. [176.660141]
[1693034628887] [31m[createMemory][39m Thomas Smith sees Tree at X: 33.51, Y: 4.43. [176.720688]
[1693034629757] [31m[createMemory][39m Thomas Smith sees Tree at X: 42.32, Y: 1.859999. [177.581482]
[1693034630048] [31m[createMemory][39m Thomas Smith sees Tree at X: 34.32, Y: 1.549999. [177.88092]
[1693034630509] [31m[createMemory][39m Thomas Smith no longer sees Human (4) at X: 39.08, Y: 10 [178.34082]
[1693034630976] [31m[createMemory][39m Thomas Smith sees Tree at X: 42, Y: -0.3199997. [178.800766]
[1693034631244] [31m[createMemory][39m Thomas Smith sees Tree at X: 32.7, Y: 2.41. [179.060684]
[1693034632968] [31m[createMemory][39m Thomas Smith no longer sees Tree (205) at X: 42.12, Y: 5.77 [180.801712]
[1693034633027] [31m[createMemory][39m Thomas Smith no longer sees Tree (215) at X: 32.7, Y: 2.41 [180.860153]
[1693034633071] [31m[createMemory][39m Thomas Smith no longer sees Tree (209) at X: 33.51, Y: 4.43 [180.9001]
[1693034633976] [31m[createMemory][39m Thomas Smith sees Tree at X: 44.56, Y: -1.91. [181.801559]
[1693034634053] [31m[createMemory][39m Thomas Smith no longer sees Stump (20) at X: 34.56, Y: 3.07 [181.881958]
[1693034634318] [31m[createMemory][39m Thomas Smith sees Tree at X: 33.75, Y: -2.73. [182.140549]
