[1692129593178] [Character] Creating Thomas
[1692129593336] [31m[createMemory][39m I should be asleep until 7am. [0]
[1692129593336] [31m[createMemory][39m It's my job to protect the village. [0]
[1692129593337] [31m[createMemory][39m I need to make sure everyone is safe. [0]
[1692129593337] [31m[createMemory][39m I do the work that no one else wants to do. [0]
[1692129593337] [31m[createMemory][39m I try to be as honest as possible. [0]
[1692129593337] [31m[createMemory][39m I'm not afraid of anything. [0]
[1692129593337] [31m[createMemory][39m I go to bed at 10pm. [0]
[1692129593337] [31m[createMemory][39m I like strawberries. [0]
[1692129593337] [31m[createMemory][39m The village location is 2, -58. [0]
[1692129593337] [31m[createMemory][39m The mine site is at 51, 17. [0]
[1692129593337] [31m[createMemory][39m The lumberyard is at 72, -55.1 [0]
[1692129593337] [31m[createMemory][39m The campsite is at 7, -8.3 [0]
[1692129593337] [31m[createMemory][39m The Nume River flows through the village. [0]
[1692129593337] [31m[createMemory][39m Nume Falls are north of the village, and west of the campsite. [0]
[1692129593337] [31m[createMemory][39m The area is surrounded by forested monutains, filled with wildlife, rivers, and lakes. [0]
[1692129596963] [Character] Thomas created
[1692129997921] [31m[createMemory][39m Thomas Smith sees Tree at X: 38.75, Y: -9.01. [0]
[1692129997921] [31m[createMemory][39m Thomas Smith sees Tree at X: 33.78, Y: -6.57. [0]
[1692129997950] [31m[createMemory][39m Thomas Smith sees Tree at X: 42, Y: -0.3199997. [0]
[1692129997950] [31m[createMemory][39m Thomas Smith sees Tree at X: 33.43, Y: -4.91. [0]
[1692129997952] [31m[createMemory][39m Thomas Smith sees Tree at X: 33.75, Y: -2.73. [0]
[1692129997952] [31m[createMemory][39m Thomas Smith sees Eli Green at X: 39.95, Y: -4.89. [0]
[1692129997975] [31m[createMemory][39m Thomas Smith sees Tree at X: 36.24, Y: -8.09. [0]
[1692130001126] --- Prompt ---
[1692130001127] Character: 
- ID: A1
- Name: Thomas Smith
- Age: 32
- Occupation: Village Leader
- Personality: Brave, Calm, Honest

Location: 38.71, -4.52

Time: Day 0, 12:00 AM

Environment:
- Eli Green (Health: 25/25) [X: 39.95, Y: -4.89, Distance: 1.294026m]
- Tree (Health: 10/10) [X: 36.24, Y: -8.09, Distance: 4.341174m]
- Tree (Health: 10/10) [X: 38.75, Y: -9.01, Distance: 4.490179m]
- Tree (Health: 10/10) [X: 33.75, Y: -2.73, Distance: 5.27311m]
- Tree (Health: 10/10) [X: 33.43, Y: -4.91, Distance: 5.294383m]
- Tree (Health: 10/10) [X: 42, Y: -0.3199997, Distance: 5.335176m]
- Tree (Health: 10/10) [X: 33.78, Y: -6.57, Distance: 5.339232m]
- Tree (Health: 10/10) [X: 44.56, Y: -1.91, Distance: 6.405828m]
- Tree (Health: 10/10) [X: 36.64, Y: -10.67, Distance: 6.489021m]
- Tree (Health: 10/10) [X: 33.01, Y: -0.9500008, Distance: 6.725687m]
- Tree (Health: 10/10) [X: 38.63, Y: -11.64, Distance: 7.120449m]
- Tree (Health: 10/10) [X: 34.4, Y: -10.23, Distance: 7.154032m]
- Tree (Health: 10/10) [X: 31.59, Y: -3.289999, Distance: 7.225461m]
- Tree (Health: 10/10) [X: 42.32, Y: 1.859999, Distance: 7.330518m]
- Tree (Health: 10/10) [X: 34.32, Y: 1.549999, Distance: 7.491127m]
- Tree (Health: 10/10) [X: 41.03, Y: -11.7, Distance: 7.545516m]
- Tree (Health: 10/10) [X: 31.49, Y: -7.24, Distance: 7.715359m]
- Tree (Health: 10/10) [X: 46.88, Y: -2.68, Distance: 8.374637m]
- Tree (Health: 10/10) [X: 30.85, Y: -1.51, Distance: 8.416629m]
- Tree Stump (Health: 5/5) [X: 34.56, Y: 3.07, Distance: 8.650469m]
- Tree (Health: 10/10) [X: 45.86, Y: 0.8400002, Distance: 8.936005m]

Inventory (3/10):
- Axe x 1
- Pickaxe x 1
- Sword x 1

Tasks:
[
  {
    "task": "Carry out your daily dutiies",
    "priority": 1
  },
  {
    "task": "Catch up with other villagers",
    "priority": 2
  }
]

Memories:
- The campsite is at 7, -8.3 [just now]
- It's my job to protect the village. [just now]
- The area is surrounded by forested monutains, filled with wildlife, rivers, and lakes. [just now]
- The Nume River flows through the village. [just now]
- I need to make sure everyone is safe. [just now]
- I like strawberries. [just now]
- I do the work that no one else wants to do. [just now]
- I try to be as honest as possible. [just now]
- The lumberyard is at 72, -55.1 [just now]
- I should be asleep until 7am. [just now]
- Thomas Smith sees Tree at X: 42, Y: -0.3199997. [just now]

Available Actions:
- move_to: Move to a target location
- drop_axe: Drop Axe onto the ground.
- drop_pickaxe: Drop Pickaxe onto the ground.
- drop_sword: Drop Sword onto the ground.
- start_conversation: Start a conversation with Eli Green (ID: A5).

Given the available information, update your task list. Take into consideration the time of day, environment, personality of the character, and more. Replace the entire JSON array by removing completed tasks, updating existing tasks with new information and priorities, and create new tasks based on the provided info. Keep the list as concise as possible. Remember focus on the time of day to adjust priorities.
[1692130016237] --- Response ---
[1692130016237] Updated Tasks: 
[1692130016238] [
  {
    "task": "Sleep until morning 7am",
    "priority": 1
  },
  {
    "task": "Carry out your daily duties",
    "priority": 2
  },
  {
    "task": "Check on the safety of villagers",
    "priority": 3
  },
  {
    "task": "Catch up with other villagers",
    "priority": 4
  },
  {
    "task": "Start a conversation with Eli Green",
    "priority": 5
  },
  {
    "task": "Inspect trees in the surrounding for logging at the lumberyard",
    "priority": 6
  },
  {
    "task": "Get some strawberries if come across any",
    "priority": 7
  }
]
[1692130021305] --- Prompt ---
[1692130021305] Character: 
- ID: A1
- Name: Thomas Smith
- Age: 32
- Occupation: Village Leader
- Personality: Brave, Calm, Honest

Location: 38.71, -4.52

Time: Day 0, 12:00 AM

Environment:
- Eli Green (Health: 25/25) [X: 39.95, Y: -4.89, Distance: 1.294026m]
- Tree (Health: 10/10) [X: 36.24, Y: -8.09, Distance: 4.341174m]
- Tree (Health: 10/10) [X: 38.75, Y: -9.01, Distance: 4.490179m]
- Tree (Health: 10/10) [X: 33.75, Y: -2.73, Distance: 5.27311m]
- Tree (Health: 10/10) [X: 33.43, Y: -4.91, Distance: 5.294383m]
- Tree (Health: 10/10) [X: 42, Y: -0.3199997, Distance: 5.335176m]
- Tree (Health: 10/10) [X: 33.78, Y: -6.57, Distance: 5.339232m]
- Tree (Health: 10/10) [X: 44.56, Y: -1.91, Distance: 6.405828m]
- Tree (Health: 10/10) [X: 36.64, Y: -10.67, Distance: 6.489021m]
- Tree (Health: 10/10) [X: 33.01, Y: -0.9500008, Distance: 6.725687m]
- Tree (Health: 10/10) [X: 38.63, Y: -11.64, Distance: 7.120449m]
- Tree (Health: 10/10) [X: 34.4, Y: -10.23, Distance: 7.154032m]
- Tree (Health: 10/10) [X: 31.59, Y: -3.289999, Distance: 7.225461m]
- Tree (Health: 10/10) [X: 42.32, Y: 1.859999, Distance: 7.330518m]
- Tree (Health: 10/10) [X: 34.32, Y: 1.549999, Distance: 7.491127m]
- Tree (Health: 10/10) [X: 41.03, Y: -11.7, Distance: 7.545516m]
- Tree (Health: 10/10) [X: 31.49, Y: -7.24, Distance: 7.715359m]
- Tree (Health: 10/10) [X: 46.88, Y: -2.68, Distance: 8.374637m]
- Tree (Health: 10/10) [X: 30.85, Y: -1.51, Distance: 8.416629m]
- Tree Stump (Health: 5/5) [X: 34.56, Y: 3.07, Distance: 8.650469m]
- Tree (Health: 10/10) [X: 45.86, Y: 0.8400002, Distance: 8.936005m]

Inventory (3/10):
- Axe x 1
- Pickaxe x 1
- Sword x 1

Tasks:
[
  {
    "task": "Sleep until morning 7am",
    "priority": 1
  },
  {
    "task": "Carry out your daily duties",
    "priority": 2
  },
  {
    "task": "Check on the safety of villagers",
    "priority": 3
  },
  {
    "task": "Catch up with other villagers",
    "priority": 4
  },
  {
    "task": "Start a conversation with Eli Green",
    "priority": 5
  },
  {
    "task": "Inspect trees in the surrounding for logging at the lumberyard",
    "priority": 6
  },
  {
    "task": "Get some strawberries if come across any",
    "priority": 7
  }
]

Memories:
- Thomas Smith sees Eli Green at X: 39.95, Y: -4.89. [just now]
- I try to be as honest as possible. [just now]
- The lumberyard is at 72, -55.1 [just now]
- I do the work that no one else wants to do. [just now]
- Thomas Smith sees Tree at X: 42, Y: -0.3199997. [just now]
- I like strawberries. [just now]
- The Nume River flows through the village. [just now]
- The area is surrounded by forested monutains, filled with wildlife, rivers, and lakes. [just now]
- I need to make sure everyone is safe. [just now]
- It's my job to protect the village. [just now]

Given the available information, pick the best available action function to accomplish your tasks.


[1692130023057] [31m[createMemory][39m Eli Green started a conversation with me. [23.6987839]
[1692130026285] [31mAgent A1 is already occupied. Skipping...[39m
