[1692129593179] [Character] Creating Will
[1692129593623] [31m[createMemory][39m Today was my first day in the mines. [0]
[1692129593623] [31m[createMemory][39m George and Thomas have been really helpful. [0]
[1692129593623] [31m[createMemory][39m The depth and darkness of the mines can be intimidating. [0]
[1692129593623] [31m[createMemory][39m I accidentally broke a pickaxe on my first day. [0]
[1692129593623] [31m[createMemory][39m The older miners have so many stories to tell. [0]
[1692129593623] [31m[createMemory][39m I've always dreamed of being a miner like my father. [0]
[1692129593623] [31m[createMemory][39m The echo in the mines is fascinating. [0]
[1692129593623] [31m[createMemory][39m I need to remember to wear my helmet at all times. [0]
[1692129593623] [31m[createMemory][39m The village has been supportive of my new journey. [0]
[1692129593623] [31m[createMemory][39m I'm still learning the different routes in the mine. [0]
[1692129593623] [31m[createMemory][39m I was startled by the sound of a mine cart today. [0]
[1692129593623] [31m[createMemory][39m It's tiring, but I'm determined to make everyone proud. [0]
[1692129593623] [31m[createMemory][39m I hope to find a rare gem or mineral soon. [0]
[1692129593623] [31m[createMemory][39m The lanterns light up the mines in such a mysterious way. [0]
[1692129593624] [31m[createMemory][39m I can't wait to tell my family about my adventures here. [0]
[1692129596429] [Character] Will created
[1692129997903] [31m[createMemory][39m Will Turner sees Tree at X: 70.29, Y: -49.06001. [0]
[1692129997903] [31m[createMemory][39m Will Turner sees Tree at X: 68.67, Y: -50.72. [0]
[1692129997929] [31m[createMemory][39m Will Turner sees Tree at X: 66.29, Y: -52.3. [0]
[1692129997929] [31m[createMemory][39m Will Turner sees Tree Stump at X: 68.73, Y: -53.03. [0]
[1692129997930] [31m[createMemory][39m Will Turner sees Tree Stump at X: 75.36, Y: -54.3. [0]
[1692129997930] [31m[createMemory][39m Will Turner sees Chest at X: 72.52, Y: -55.49. [0]
[1692129997930] [31m[createMemory][39m Will Turner sees Tree Stump at X: 67.37, Y: -55.27. [0]
[1692129997964] [31m[createMemory][39m Will Turner sees Tree at X: 72.41, Y: -49.68999. [0]
[1692129997964] [31m[createMemory][39m Will Turner sees Tree Stump at X: 75.94, Y: -52.3. [0]
[1692129997964] [31m[createMemory][39m Will Turner sees Tree Stump at X: 73.29, Y: -51.72. [0]
[1692129997964] [31m[createMemory][39m Will Turner sees Tree at X: 75.17, Y: -50.73. [0]
[1692130000929] --- Prompt ---
[1692130000929] Character: 
- ID: A3
- Name: Will Turner
- Age: 19
- Occupation: Apprentice Miner
- Personality: Curious, Eager, Naive

Location: 71.6, -53.5

Time: Day 0, 12:00 AM

Environment:
- Chest (Health: 10/10) [X: 72.52, Y: -55.49, Distance: 2.19237m]
- Tree Stump (Health: 5/5) [X: 73.29, Y: -51.72, Distance: 2.454486m]
- Tree Stump (Health: 5/5) [X: 68.73, Y: -53.03, Distance: 2.908225m]
- Tree Stump (Health: 5/5) [X: 75.36, Y: -54.3, Distance: 3.844166m]
- Tree (Health: 10/10) [X: 72.41, Y: -49.68999, Distance: 3.895157m]
- Tree (Health: 10/10) [X: 68.67, Y: -50.72, Distance: 4.038972m]
- Tree Stump (Health: 5/5) [X: 75.94, Y: -52.3, Distance: 4.502849m]
- Tree (Health: 10/10) [X: 75.17, Y: -50.73, Distance: 4.518604m]
- Tree Stump (Health: 5/5) [X: 67.37, Y: -55.27, Distance: 4.585384m]
- Tree (Health: 10/10) [X: 70.29, Y: -49.06001, Distance: 4.629217m]
- Tree (Health: 10/10) [X: 66.29, Y: -52.3, Distance: 5.443903m]
- Tree (Health: 10/10) [X: 74.12, Y: -58.91, Distance: 5.968122m]
- Tree Stump (Health: 5/5) [X: 76.91, Y: -56.28, Distance: 5.993709m]
- Tree (Health: 10/10) [X: 74.62, Y: -48.26, Distance: 6.047975m]
- Tree (Health: 10/10) [X: 77.75, Y: -52.04, Distance: 6.320927m]
- Tree (Health: 10/10) [X: 67.51, Y: -58.39, Distance: 6.374964m]
- Tree Stump (Health: 5/5) [X: 77.95, Y: -54.21, Distance: 6.389568m]
- Tree (Health: 10/10) [X: 65.21, Y: -54.15, Distance: 6.422974m]
- Tree (Health: 10/10) [X: 67.01, Y: -48.93, Distance: 6.477111m]
- Tree (Health: 10/10) [X: 65.75, Y: -50.43999, Distance: 6.601978m]
- Tree (Health: 10/10) [X: 77.33, Y: -49.67, Distance: 6.892159m]
- Tree (Health: 10/10) [X: 65.4, Y: -57.25, Distance: 7.245858m]
- Tree (Health: 10/10) [X: 72.12001, Y: -46.02, Distance: 7.498057m]
- Tree (Health: 10/10) [X: 69.62001, Y: -46.21999, Distance: 7.544458m]
- Tree (Health: 10/10) [X: 74.53, Y: -46.29, Distance: 7.782608m]
- Tree (Health: 10/10) [X: 67.4, Y: -46.53, Distance: 8.137622m]
- Tree (Health: 10/10) [X: 79.84, Y: -54.62, Distance: 8.315766m]
- Tree (Health: 10/10) [X: 77.47, Y: -59.41, Distance: 8.329765m]
- Tree (Health: 10/10) [X: 64.11, Y: -48.97, Distance: 8.75334m]

Inventory (3/10):
- Axe x 1
- Pickaxe x 1
- Sword x 1

Tasks:
[
  {
    "task": "Carry out your daily dutiies",
    "priority": 1
  },
  {
    "task": "Catch up with other villagers",
    "priority": 2
  }
]

Memories:
- Today was my first day in the mines. [just now]
- I need to remember to wear my helmet at all times. [just now]
- I've always dreamed of being a miner like my father. [just now]
- The echo in the mines is fascinating. [just now]
- The village has been supportive of my new journey. [just now]
- I can't wait to tell my family about my adventures here. [just now]
- It's tiring, but I'm determined to make everyone proud. [just now]
- The depth and darkness of the mines can be intimidating. [just now]
- I was startled by the sound of a mine cart today. [just now]
- I accidentally broke a pickaxe on my first day. [just now]
- Will Turner sees Tree at X: 70.29, Y: -49.06001. [just now]

Available Actions:
- move_to: Move to a target location
- drop_axe: Drop Axe onto the ground.
- drop_pickaxe: Drop Pickaxe onto the ground.
- drop_sword: Drop Sword onto the ground.

Given the available information, update your task list. Take into consideration the time of day, environment, personality of the character, and more. Replace the entire JSON array by removing completed tasks, updating existing tasks with new information and priorities, and create new tasks based on the provided info. Keep the list as concise as possible. Remember focus on the time of day to adjust priorities.
[1692130026176] --- Response ---
[1692130026176] Updated Tasks: 
[1692130026177] [
  {
    "task": "Move to nearest chest to check for supplies",
    "priority": 1,
    "coordinates": {
      "X": 72.52,
      "Y": -55.49
    }
  },
  {
    "task": "Cut down a tree to gather some wood",
    "priority": 2,
    "coordinates": {
      "X": 72.41,
      "Y": -49.68999
    }
  },
  {
    "task": "Mine from a nearby stump for materials",
    "priority": 3,
    "coordinates": {
      "X": 73.29,
      "Y": -51.72
    }
  },
  {
    "task": "Reach out and socialize with other villagers",
    "priority": 4
  },
  {
    "task": "Visit the mines to carry out daily duties",
    "priority": 5
  },
  {
    "task": "Return to the village and tell your family about your day",
    "priority": 6
  },
  {
    "task": "Get some rest for the next day",
    "priority": 7
  }
]
[1692130031051] --- Prompt ---
[1692130031052] Character: 
- ID: A3
- Name: Will Turner
- Age: 19
- Occupation: Apprentice Miner
- Personality: Curious, Eager, Naive

Location: 71.6, -53.5

Time: Day 0, 12:00 AM

Environment:
- Chest (Health: 10/10) [X: 72.52, Y: -55.49, Distance: 2.19237m]
- Tree Stump (Health: 5/5) [X: 73.29, Y: -51.72, Distance: 2.454486m]
- Tree Stump (Health: 5/5) [X: 68.73, Y: -53.03, Distance: 2.908225m]
- Tree Stump (Health: 5/5) [X: 75.36, Y: -54.3, Distance: 3.844166m]
- Tree (Health: 10/10) [X: 72.41, Y: -49.68999, Distance: 3.895157m]
- Tree (Health: 10/10) [X: 68.67, Y: -50.72, Distance: 4.038972m]
- Tree Stump (Health: 5/5) [X: 75.94, Y: -52.3, Distance: 4.502849m]
- Tree (Health: 10/10) [X: 75.17, Y: -50.73, Distance: 4.518604m]
- Tree Stump (Health: 5/5) [X: 67.37, Y: -55.27, Distance: 4.585384m]
- Tree (Health: 10/10) [X: 70.29, Y: -49.06001, Distance: 4.629217m]
- Tree (Health: 10/10) [X: 66.29, Y: -52.3, Distance: 5.443903m]
- Tree (Health: 10/10) [X: 74.12, Y: -58.91, Distance: 5.968122m]
- Tree Stump (Health: 5/5) [X: 76.91, Y: -56.28, Distance: 5.993709m]
- Tree (Health: 10/10) [X: 74.62, Y: -48.26, Distance: 6.047975m]
- Tree (Health: 10/10) [X: 77.75, Y: -52.04, Distance: 6.320927m]
- Tree (Health: 10/10) [X: 67.51, Y: -58.39, Distance: 6.374964m]
- Tree Stump (Health: 5/5) [X: 77.95, Y: -54.21, Distance: 6.389568m]
- Tree (Health: 10/10) [X: 65.21, Y: -54.15, Distance: 6.422974m]
- Tree (Health: 10/10) [X: 67.01, Y: -48.93, Distance: 6.477111m]
- Tree (Health: 10/10) [X: 65.75, Y: -50.43999, Distance: 6.601978m]
- Tree (Health: 10/10) [X: 77.33, Y: -49.67, Distance: 6.892159m]
- Tree (Health: 10/10) [X: 65.4, Y: -57.25, Distance: 7.245858m]
- Tree (Health: 10/10) [X: 72.12001, Y: -46.02, Distance: 7.498057m]
- Tree (Health: 10/10) [X: 69.62001, Y: -46.21999, Distance: 7.544458m]
- Tree (Health: 10/10) [X: 74.53, Y: -46.29, Distance: 7.782608m]
- Tree (Health: 10/10) [X: 67.4, Y: -46.53, Distance: 8.137622m]
- Tree (Health: 10/10) [X: 79.84, Y: -54.62, Distance: 8.315766m]
- Tree (Health: 10/10) [X: 77.47, Y: -59.41, Distance: 8.329765m]
- Tree (Health: 10/10) [X: 64.11, Y: -48.97, Distance: 8.75334m]

Inventory (3/10):
- Axe x 1
- Pickaxe x 1
- Sword x 1

Tasks:
[
  {
    "task": "Move to nearest chest to check for supplies",
    "priority": 1
  },
  {
    "task": "Cut down a tree to gather some wood",
    "priority": 2
  },
  {
    "task": "Mine from a nearby stump for materials",
    "priority": 3
  },
  {
    "task": "Reach out and socialize with other villagers",
    "priority": 4
  },
  {
    "task": "Visit the mines to carry out daily duties",
    "priority": 5
  },
  {
    "task": "Return to the village and tell your family about your day",
    "priority": 6
  },
  {
    "task": "Get some rest for the next day",
    "priority": 7
  }
]

Memories:
- I can't wait to tell my family about my adventures here. [just now]
- Will Turner sees Tree Stump at X: 68.73, Y: -53.03. [just now]
- Will Turner sees Tree Stump at X: 75.36, Y: -54.3. [just now]
- The echo in the mines is fascinating. [just now]
- I accidentally broke a pickaxe on my first day. [just now]
- I was startled by the sound of a mine cart today. [just now]
- Today was my first day in the mines. [just now]
- I've always dreamed of being a miner like my father. [just now]
- The village has been supportive of my new journey. [just now]
- Will Turner sees Tree at X: 70.29, Y: -49.06001. [just now]

Given the available information, pick the best available action function to accomplish your tasks.


