[1691549122944] [Character] Creating Eli
[1691549123316] [31m[createMemory][39m I once found a secret clearing in the woods, it's my personal hideout now. [0]
[1691549123316] [31m[createMemory][39m The world feels so big and full of wonders, I want to see them all! [0]
[1691549123316] [31m[createMemory][39m I saw a deer up close once, our eyes met and we just stared for a moment. [0]
[1691549123316] [31m[createMemory][39m Climbing trees is my favorite! The higher I go, the bigger the world looks. [0]
[1691549123316] [31m[createMemory][39m Lucy showed me how to listen to the forest, it's like it's telling stories. [0]
[1691549123316] [31m[createMemory][39m Every rock and leaf, every bird and bug, feels like a friend to me. [0]
[1691549123316] [31m[createMemory][39m I once got lost, but the stars guided me home. They're like nature's map! [0]
[1691549123316] [31m[createMemory][39m George tells me tales of old, turning every tree and hill into an adventure. [0]
[1691549123316] [31m[createMemory][39m I made a whistle out of a reed! Nature is full of surprises. [0]
[1691549123316] [31m[createMemory][39m The woods in autumn is my favorite. All those colors... like nature's painting! [0]
[1691549123316] [31m[createMemory][39m I wish I could talk to animals. Imagine the stories they'd tell! [0]
[1691549123316] [31m[createMemory][39m I've learned to move silently. That way, nature doesn’t hide from me. [0]
[1691549123316] [31m[createMemory][39m Lucy once said every tree has a story. I'm trying to learn them all. [0]
[1691549123316] [31m[createMemory][39m Rainy days? That's when the forest sings its loudest song! [0]
[1691549123316] [31m[createMemory][39m I dreamt I could fly like a bird, seeing the world from above. Maybe one day... [0]
[1691549126103] [Character] Eli created
[1691549475974] [31m[createMemory][39m Eli Green sees Coal Ore Deposit (Medium) at X: 57.27, Y: 17.32. [0]
[1691549475974] [31m[createMemory][39m Eli Green sees Tree at X: 52.41, Y: 11.03. [0]
[1691549475974] [31m[createMemory][39m Eli Green sees Coal Ore Deposit (Small) at X: 56.74, Y: 14.81. [0]
[1691549475974] [31m[createMemory][39m Eli Green sees Chest at X: 50.52, Y: 14.5. [0]
[1691549475974] [31m[createMemory][39m Eli Green sees Copper Ore Deposit (Small) at X: 50.43, Y: 20.71. [0]
[1691549475974] [31m[createMemory][39m Eli Green sees Copper Ore Deposit (Small) at X: 53.88, Y: 19.83. [0]
[1691549475974] [31m[createMemory][39m Eli Green sees Coal Ore Deposit (Small) at X: 54.64, Y: 16.97. [0]
