[1691624878075] [Character] Creating Lucy
[1691624878481] [31m[createMemory][39m The feel of the axe in my hand is like an extension of myself. [0]
[1691624878481] [31m[createMemory][39m I remember the tallest tree I've ever felled, stood mighty for over a century. [0]
[1691624878481] [31m[createMemory][39m The forest whispers its secrets if you're patient enough to listen. [0]
[1691624878481] [31m[createMemory][39m The village depends on our timber, it's a responsibility I don't take lightly. [0]
[1691624878481] [31m[createMemory][39m Thomas once tried to chop wood, it was amusing to say the least. [0]
[1691624878481] [31m[createMemory][39m Nothing beats the smell of fresh-cut timber in the morning. [0]
[1691624878481] [31m[createMemory][39m I've carved symbols on some trees, marking special moments of my life. [0]
[1691624878481] [31m[createMemory][39m Will reminds me of when I was young, eager to learn and prove myself. [0]
[1691624878481] [31m[createMemory][39m I've saved more than a few animals stuck or hurt, the forest is their home. [0]
[1691624878481] [31m[createMemory][39m George and I have shared tales over campfires many nights. [0]
[1691624878481] [31m[createMemory][39m Rain or shine, the trees await and work must be done. [0]
[1691624878481] [31m[createMemory][39m I respect the forest, only taking what's necessary and planting twice as much. [0]
[1691624878481] [31m[createMemory][39m Every lumberjack has a favorite axe; mine's named 'Whisper'. [0]
[1691624878481] [31m[createMemory][39m The creaking sound a tree makes just before it falls is both eerie and beautiful. [0]
[1691624878482] [31m[createMemory][39m At times, the forest feels alive, watching, and I'm just a small part of its vast story. [0]
[1691624878543] [getMemoryImportance] Getting importance for memory: The feel of the axe in my hand is like an extension of myself.
[1691624878543] [getMemoryImportance] Getting importance for memory: I remember the tallest tree I've ever felled, stood mighty for over a century.
[1691624878543] [getMemoryImportance] Getting importance for memory: The forest whispers its secrets if you're patient enough to listen.
[1691624878543] [getMemoryImportance] Getting importance for memory: The village depends on our timber, it's a responsibility I don't take lightly.
[1691624878544] [getMemoryImportance] Getting importance for memory: Thomas once tried to chop wood, it was amusing to say the least.
[1691624878544] [getMemoryImportance] Getting importance for memory: Nothing beats the smell of fresh-cut timber in the morning.
[1691624878544] [getMemoryImportance] Getting importance for memory: I've carved symbols on some trees, marking special moments of my life.
[1691624878544] [getMemoryImportance] Getting importance for memory: Will reminds me of when I was young, eager to learn and prove myself.
[1691624878544] [getMemoryImportance] Getting importance for memory: I've saved more than a few animals stuck or hurt, the forest is their home.
[1691624878544] [getMemoryImportance] Getting importance for memory: George and I have shared tales over campfires many nights.
[1691624878544] [getMemoryImportance] Getting importance for memory: Rain or shine, the trees await and work must be done.
[1691624878544] [getMemoryImportance] Getting importance for memory: I respect the forest, only taking what's necessary and planting twice as much.
[1691624878544] [getMemoryImportance] Getting importance for memory: Every lumberjack has a favorite axe; mine's named 'Whisper'.
[1691624878544] [getMemoryImportance] Getting importance for memory: The creaking sound a tree makes just before it falls is both eerie and beautiful.
[1691624878544] [getMemoryImportance] Getting importance for memory: At times, the forest feels alive, watching, and I'm just a small part of its vast story.
[1691624878722] [getMemoryImportance] Importance: [object Object]
[1691624878730] [getMemoryImportance] Importance: [object Object]
[1691624878730] [getMemoryImportance] Importance: [object Object]
[1691624878736] [getMemoryImportance] Importance: [object Object]
[1691624878736] [getMemoryImportance] Importance: [object Object]
[1691624878736] [getMemoryImportance] Importance: [object Object]
[1691624878736] [getMemoryImportance] Importance: [object Object]
[1691624878745] [getMemoryImportance] Importance: [object Object]
[1691624878746] [getMemoryImportance] Importance: [object Object]
[1691624878747] [getMemoryImportance] Importance: [object Object]
[1691624878758] [getMemoryImportance] Importance: [object Object]
[1691624878777] [getMemoryImportance] Importance: [object Object]
[1691624878781] [getMemoryImportance] Importance: [object Object]
[1691624878786] [getMemoryImportance] Importance: [object Object]
[1691624878824] [getMemoryImportance] Importance: [object Object]
[1691624881534] [Character] Lucy created
