[1693109105160] [Character] Creating Thomas
[1693109105560] [31m[createMemory][39m I should be asleep until 7am. [0]
[1693109105560] [31m[createMemory][39m It's my job to protect the village. [0]
[1693109105560] [31m[createMemory][39m I need to make sure everyone is safe. [0]
[1693109105560] [31m[createMemory][39m I do the work that no one else wants to do. [0]
[1693109105560] [31m[createMemory][39m I try to be as honest as possible. [0]
[1693109105560] [31m[createMemory][39m I'm not afraid of anything. [0]
[1693109105560] [31m[createMemory][39m I go to bed at 10pm. [0]
[1693109105560] [31m[createMemory][39m I like strawberries. [0]
[1693109105560] [31m[createMemory][39m The village location is 2, -58. [0]
[1693109105560] [31m[createMemory][39m The mine site is at 51, 17. [0]
[1693109105560] [31m[createMemory][39m The lumberyard is at 72, -55.1 [0]
[1693109105560] [31m[createMemory][39m The campsite is at 7, -8.3 [0]
[1693109105560] [31m[createMemory][39m The Nume River flows through the village. [0]
[1693109105560] [31m[createMemory][39m Nume Falls are north of the village, and west of the campsite. [0]
[1693109105560] [31m[createMemory][39m The area is surrounded by forested monutains, filled with wildlife, rivers, and lakes. [0]
[1693109107894] [Character] Thomas created
[1693109349935] [31m[createMemory][39m Thomas Smith sees Tree at X: 52.41, Y: 11.03. [0]
[1693109349935] [31m[createMemory][39m Thomas Smith sees Chest at X: 50.52, Y: 14.5. [0]
[1693109349935] [31m[createMemory][39m Thomas Smith sees Tree at X: 50.77, Y: 9.22. [0]
[1693109349943] [31m[createMemory][39m Thomas Smith sees Tree at X: 47.72001, Y: 10.21. [0]
[1693109349943] [31m[createMemory][39m Thomas Smith sees Stone Ore Deposit (Small) at X: 45.73, Y: 15.31. [0]
[1693109349943] [31m[createMemory][39m Thomas Smith sees Tree at X: 45.24001, Y: 10.2. [0]
[1693109349943] [31m[createMemory][39m Thomas Smith sees Stone Ore Deposit (Medium) at X: 46.05, Y: 17.85. [0]
[1693109354802] [31m[createMemory][39m Thomas Smith sees Stone Ore Deposit (Medium) at X: 42.53862, Y: 17.00157. [4.260937]
[1693109354829] [31m[createMemory][39m Thomas Smith no longer sees Tree (486) at X: 52.41, Y: 11.03 [4.30063534]
[1693109354833] [31m[createMemory][39m Thomas Smith no longer sees Tree (484) at X: 50.77, Y: 9.22 [4.320937]
[1693109355040] [31m[createMemory][39m Thomas Smith sees Stone Ore Deposit (Small) at X: 41.33658, Y: 13.99647. [4.54100943]
[1693109356107] [31m[createMemory][39m Thomas Smith no longer sees Chest (1) at X: 50.52, Y: 14.5 [5.580479]
[1693109357260] [31m[createMemory][39m Thomas Smith sees Eli Green at X: 39.08, Y: 10. [6.761239]
[1693109357358] [31m[createMemory][39m Thomas Smith no longer sees StoneOreMedium (1) at X: 46.05, Y: 17.85 [6.861429]
[1693109357458] [31m[createMemory][39m Thomas Smith sees Stone Ore Deposit (Small) at X: 38.24, Y: 15.93. [6.960896]
[1693109358058] [31m[createMemory][39m Thomas Smith no longer sees Tree (481) at X: 47.72001, Y: 10.21 [7.56112766]
[1693109358463] [31m[createMemory][39m Thomas Smith no longer sees StoneOreMedium at X: 42.53862, Y: 17.00157 [7.96011639]
[1693109358577] [31m[createMemory][39m Thomas Smith no longer sees StoneOreSmall (4) at X: 45.73, Y: 15.31 [8.080947]
[1693109358731] [31m[createMemory][39m Thomas Smith no longer sees StoneOreSmall (6) at X: 38.24, Y: 15.93 [8.221557]
[1693109358842] [31m[createMemory][39m Thomas Smith sees Tree at X: 42.12, Y: 5.77. [8.340356]
[1693109387255] [35m[CORTEX] Thomas Smith - Prior Message: [39mThomas, did I ever tell you about the secret clearing I found in the woods? It's a magical place where the sunbeams filter through the leaves and create a beautiful dance of light. I go there when I need to think, rest, or just be in the quiet with the forest. It's my personal hideout. You should find one too, Thomas. There's something about having a place that's just your own in the midst of all this grand wilderness. It's comforting, yet thrilling at the same time.
[1693109387255] [35m[CORTEX] Thomas Smith - Patience: [39m100
[1693109387255] [35m[CORTEX] Thomas Smith - Conversation Goal: [39mfiguring out why Eli Green started a conversation with them.
[1693109387255] [35m[CORTEX] Thomas Smith - Conversation Finished: [39mfalse
[1693109389979] [35m[CORTEX] Thomas Smith - Feel: [39mI feel intrigued by this idea of a sanctuary within the wilderness, although I wonder why Eli would share such a personal secret with me.
[1693109394259] [35m[CORTEX] Thomas Smith - Plan: [39m I plan to explore the woods at the coordinates described by Eli Green. I'm curious to find the secret clearing and see if the place holds as much charm as he suggested. I also wonder why Eli encouraged me to find a place of my own. I aim to gather more information about this.
[1693109396478] [35m[CORTEX] Thomas Smith - Say: [39mYour secret clearing sounds interesting, Eli. So, you suggest I find my own private spot in the wilderness? Why do you think it's important?

[1693109411358] [35m[CORTEX] Thomas Smith - Prior Message: [39mWell Thomas, having your own secret spot in the wilderness provides you a chance to connect more deeply with nature. It's like having a loyal friend who whispers ancient secrets and fills you with tranquility. It's more than just a location - it's a sanctuary, a place of learning, dreaming, and reflection. It can sharpen your senses and strengthen your bond with the natural world, making each of your encounters truly magical. Plus, it's an adventure in itself – just imagine stumbling upon that one particular spot that seems to be waiting just for you!
[1693109411358] [35m[CORTEX] Thomas Smith - Patience: [39m100
[1693109411358] [35m[CORTEX] Thomas Smith - Conversation Goal: [39mfiguring out why Eli Green started a conversation with them.
[1693109411358] [35m[CORTEX] Thomas Smith - Conversation Finished: [39mfalse
[1693109413836] [35m[CORTEX] Thomas Smith - Feel: [39mI feel intrigued by Eli's description of a secret spot and its potential benefits, and I am open to the idea of seeking out my own sanctuary in the wilderness.
[1693109417675] [35m[CORTEX] Thomas Smith - Plan: [39m I am planning on exploring the nearby wilderness to find a location that could serve as my personal sanctuary, just as Eli suggested. I am curious to see if it will indeed provide a deeper connection with nature, a sense of tranquility, and potentially feed my imagination as well.
[1693109420334] [35m[CORTEX] Thomas Smith - Say: [39mI appreciate your perspective, Eli. Perhaps it is time for me to seek out my own sanctuary in this vast wilderness. Who knows the wonders such a place may reveal. Thanks for sharing this with me.

