[1693534427590] [Character] Creating Lucy
[1693534427918] [31m[createMemory][39m The feel of the axe in my hand is like an extension of myself. [0]
[1693534427918] [31m[createMemory][39m I remember the tallest tree I've ever felled, stood mighty for over a century. [0]
[1693534427918] [31m[createMemory][39m The forest whispers its secrets if you're patient enough to listen. [0]
[1693534427918] [31m[createMemory][39m The village depends on our timber, it's a responsibility I don't take lightly. [0]
[1693534427918] [31m[createMemory][39m Thomas once tried to chop wood, it was amusing to say the least. [0]
[1693534427918] [31m[createMemory][39m Nothing beats the smell of fresh-cut timber in the morning. [0]
[1693534427918] [31m[createMemory][39m I've carved symbols on some trees, marking special moments of my life. [0]
[1693534427918] [31m[createMemory][39m Will reminds me of when I was young, eager to learn and prove myself. [0]
[1693534427918] [31m[createMemory][39m I've saved more than a few animals stuck or hurt, the forest is their home. [0]
[1693534427918] [31m[createMemory][39m George and I have shared tales over campfires many nights. [0]
[1693534427918] [31m[createMemory][39m Rain or shine, the trees await and work must be done. [0]
[1693534427918] [31m[createMemory][39m I respect the forest, only taking what's necessary and planting twice as much. [0]
[1693534427919] [31m[createMemory][39m Every lumberjack has a favorite axe; mine's named 'Whisper'. [0]
[1693534427919] [31m[createMemory][39m The creaking sound a tree makes just before it falls is both eerie and beautiful. [0]
[1693534427919] [31m[createMemory][39m At times, the forest feels alive, watching, and I'm just a small part of its vast story. [0]
[1693534430938] [Character] Lucy created
[1693534460967] [31m[createMemory][39m Lucy Wilde sees Coal Ore Deposit (Small) at X: 59.32, Y: 14.11. [0]
[1693534460967] [31m[createMemory][39m Lucy Wilde sees Tree at X: 55.4, Y: 4.5. [0]
[1693534460970] [31m[createMemory][39m Lucy Wilde sees Tree at X: 53.51, Y: 5.059999. [0]
[1693534460970] [31m[createMemory][39m Lucy Wilde sees Tree at X: 56.01, Y: 6.46. [0]
[1693534460970] [31m[createMemory][39m Lucy Wilde sees Tree at X: 52.41, Y: 11.03. [0]
[1693534460970] [31m[createMemory][39m Lucy Wilde sees Tree at X: 50.77, Y: 9.22. [0]
[1693534461008] [31m[createMemory][39m Lucy Wilde sees Tree at X: 53.93, Y: 9.11. [0]
[1693534461008] [31m[createMemory][39m Lucy Wilde sees Coal Ore Deposit (Small) at X: 56.74, Y: 14.81. [0]
[1693534461008] [31m[createMemory][39m Lucy Wilde sees Tree at X: 57.55001, Y: 10.45. [0]
[1693534461008] [31m[createMemory][39m Lucy Wilde sees Tree at X: 61.49, Y: 9.35. [0]
[1693534461008] [31m[createMemory][39m Lucy Wilde sees Tree at X: 58.16, Y: 5.91. [0]
[1693534463284] --- Prompt ---
[1693534463289] Character: 
- ID: A4
- Name: Lucy Wilde
- Age: 35
- Occupation: Lumberjack
- Personality: Stoic, Resourceful, Witty

Location: 56, 9.31

Time: Day 0, 12:00 AM

Hunger: Starving

Environment:
- Tree (Health: 10/10) [X: 57.55001, Y: 10.45, Distance: 1.924092m]
- Tree (Health: 10/10) [X: 53.93, Y: 9.11, Distance: 2.079639m]
- Tree (Health: 10/10) [X: 56.01, Y: 6.46, Distance: 2.850018m]
- Tree (Health: 10/10) [X: 52.41, Y: 11.03, Distance: 3.980766m]
- Tree (Health: 10/10) [X: 58.16, Y: 5.91, Distance: 4.028102m]
- Tree (Health: 10/10) [X: 55.4, Y: 4.5, Distance: 4.847278m]
- Tree (Health: 10/10) [X: 53.51, Y: 5.059999, Distance: 4.925708m]
- Tree (Health: 10/10) [X: 50.77, Y: 9.22, Distance: 5.230774m]
- Tree (Health: 10/10) [X: 61.49, Y: 9.35, Distance: 5.490148m]
- Coal Ore Deposit (Small) (Health: 5/5) [X: 56.74, Y: 14.81, Distance: 5.549559m]
- Coal Ore Deposit (Small) (Health: 5/5) [X: 59.32, Y: 14.11, Distance: 5.836299m]
- Tree (Health: 10/10) [X: 56.96, Y: 3.34, Distance: 6.046693m]
- Tree (Health: 10/10) [X: 50.12, Y: 6.280001, Distance: 6.61478m]
- Tree (Health: 10/10) [X: 60.01001, Y: 3.92, Distance: 6.718054m]
- Tree (Health: 10/10) [X: 61.74, Y: 5.719997, Distance: 6.77021m]
- Tree (Health: 10/10) [X: 50.98, Y: 4.519997, Distance: 6.938627m]
- Tree (Health: 10/10) [X: 55.91001, Y: 2.169998, Distance: 7.140569m]
- Tree Stump (Health: 5/5) [X: 54.19, Y: 2.179996, Distance: 7.356158m]
- Chest (Health: 10/10) [X: 50.52, Y: 14.5, Distance: 7.547615m]
- Coal Ore Deposit (Medium) (Health: 10/10) [X: 59.9, Y: 16.03, Distance: 7.769711m]
- Coal Ore Deposit (Small) (Health: 5/5) [X: 54.64, Y: 16.97, Distance: 7.779793m]
- Tree (Health: 10/10) [X: 59.2, Y: 1.9, Distance: 8.071439m]
- Coal Ore Deposit (Medium) (Health: 10/10) [X: 57.27, Y: 17.32, Distance: 8.110055m]
- Tree (Health: 10/10) [X: 47.72001, Y: 10.21, Distance: 8.328765m]
- Thomas Smith (Health: 25/25) [X: 48.72, Y: 13.43, Distance: 8.364973m]
- Tree Stump (Health: 5/5) [X: 61.06, Y: 2.559999, Distance: 8.436002m]
- Tree (Health: 10/10) [X: 48.47, Y: 5.46, Distance: 8.45715m]
- George Brown (Health: 25/25) [X: 52.04, Y: 16.85, Distance: 8.516642m]
- Coal Ore Deposit (Small) (Health: 5/5) [X: 62.25, Y: 15.1, Distance: 8.519777m]

Inventory (4/10):
- Axe x 1
- Pickaxe x 1
- Sword x 1
- Berries x 1

Tasks:
[
  {
    "task": "Carry out your daily dutiies",
    "priority": 1
  },
  {
    "task": "Catch up with other villagers",
    "priority": 2
  },
  {
    "task": "Maintain a healthy lifestyle",
    "priority": 3
  }
]

Memories:
- I've saved more than a few animals stuck or hurt, the forest is their home. [just now]
- The feel of the axe in my hand is like an extension of myself. [just now]
- Rain or shine, the trees await and work must be done. [just now]
- At times, the forest feels alive, watching, and I'm just a small part of its vast story. [just now]
- I respect the forest, only taking what's necessary and planting twice as much. [just now]
- Nothing beats the smell of fresh-cut timber in the morning. [just now]
- The village depends on our timber, it's a responsibility I don't take lightly. [just now]
- Thomas once tried to chop wood, it was amusing to say the least. [just now]
- The forest whispers its secrets if you're patient enough to listen. [just now]
- The creaking sound a tree makes just before it falls is both eerie and beautiful. [just now]
- Lucy Wilde sees Tree at X: 53.51, Y: 5.059999. [just now]
- Lucy Wilde sees Tree at X: 58.16, Y: 5.91. [just now]

Available Actions:
- move_to: Move to a target location
- swing_axe: Swing Axe.
- drop_axe: Drop Axe onto the ground.
- swing_pickaxe: Swing Pickaxe.
- drop_pickaxe: Drop Pickaxe onto the ground.
- swing_sword: Swing sword.
- drop_sword: Drop Sword onto the ground.
- eat: Eat some food.
- drop_berries: Drop Berries onto the ground.

Given the available information, update your task list. Take into consideration the time of day, environment, personality of the character, and more. Replace the entire JSON array by removing completed tasks, updating existing tasks with new information and priorities, and create new tasks based on the provided info. Keep the list as concise as possible. Remember focus on the time of day to adjust priorities.
