[1691554859040] [Character] Creating Thomas
[1691554859578] [31m[createMemory][39m I should be asleep until 7am. [0]
[1691554859578] [31m[createMemory][39m It's my job to protect the village. [0]
[1691554859578] [31m[createMemory][39m I need to make sure everyone is safe. [0]
[1691554859578] [31m[createMemory][39m I do the work that no one else wants to do. [0]
[1691554859578] [31m[createMemory][39m I try to be as honest as possible. [0]
[1691554859578] [31m[createMemory][39m I'm not afraid of anything. [0]
[1691554859578] [31m[createMemory][39m I go to bed at 10pm. [0]
[1691554859578] [31m[createMemory][39m I like strawberries. [0]
[1691554859578] [31m[createMemory][39m The village location is 2, -58. [0]
[1691554859578] [31m[createMemory][39m The mine site is at 51, 17. [0]
[1691554859578] [31m[createMemory][39m The lumberyard is at 72, -55.1 [0]
[1691554859578] [31m[createMemory][39m The campsite is at 7, -8.3 [0]
[1691554859578] [31m[createMemory][39m The Nume River flows through the village. [0]
[1691554859578] [31m[createMemory][39m Nume Falls are north of the village, and west of the campsite. [0]
[1691554859578] [31m[createMemory][39m The area is surrounded by forested monutains, filled with wildlife, rivers, and lakes. [0]
[1691554859707] [getMemoryImportance] Getting importance for memory: I should be asleep until 7am.
[1691554859707] [getMemoryImportance] Getting importance for memory: It's my job to protect the village.
[1691554859707] [getMemoryImportance] Getting importance for memory: I need to make sure everyone is safe.
[1691554859707] [getMemoryImportance] Getting importance for memory: I do the work that no one else wants to do.
[1691554859711] [getMemoryImportance] Getting importance for memory: I try to be as honest as possible.
[1691554859712] [getMemoryImportance] Getting importance for memory: I'm not afraid of anything.
[1691554859712] [getMemoryImportance] Getting importance for memory: I go to bed at 10pm.
[1691554859712] [getMemoryImportance] Getting importance for memory: I like strawberries.
[1691554859712] [getMemoryImportance] Getting importance for memory: The village location is 2, -58.
[1691554859712] [getMemoryImportance] Getting importance for memory: The mine site is at 51, 17.
[1691554859712] [getMemoryImportance] Getting importance for memory: The lumberyard is at 72, -55.1
[1691554859712] [getMemoryImportance] Getting importance for memory: The campsite is at 7, -8.3
[1691554859712] [getMemoryImportance] Getting importance for memory: The Nume River flows through the village.
[1691554859712] [getMemoryImportance] Getting importance for memory: Nume Falls are north of the village, and west of the campsite.
[1691554859712] [getMemoryImportance] Getting importance for memory: The area is surrounded by forested monutains, filled with wildlife, rivers, and lakes.
[1691554860050] [getMemoryImportance] Importance: 5
[1691554860053] [getMemoryImportance] Importance: 1
[1691554860065] [getMemoryImportance] Importance: 5
[1691554860075] [getMemoryImportance] Importance: 6.
[1691554860076] [getMemoryImportance] Importance: 3
[1691554860080] [getMemoryImportance] Importance: 2
[1691554860090] [getMemoryImportance] Importance: 2
[1691554860094] [getMemoryImportance] Importance: 2
[1691554860096] [getMemoryImportance] Importance: 2
[1691554860100] [getMemoryImportance] Importance: 6.
[1691554860211] [getMemoryImportance] Importance: 5
[1691554860225] [getMemoryImportance] Importance: 1
[1691554860255] [getMemoryImportance] Importance: 5
[1691554860291] [getMemoryImportance] Importance: 4
[1691554860307] [getMemoryImportance] Importance: 2
[1691554862481] [Character] Thomas created
