[1691554859041] [Character] Creating Will
[1691554859723] [31m[createMemory][39m Today was my first day in the mines. [0]
[1691554859723] [31m[createMemory][39m George and Thomas have been really helpful. [0]
[1691554859723] [31m[createMemory][39m The depth and darkness of the mines can be intimidating. [0]
[1691554859723] [31m[createMemory][39m I accidentally broke a pickaxe on my first day. [0]
[1691554859723] [31m[createMemory][39m The older miners have so many stories to tell. [0]
[1691554859723] [31m[createMemory][39m I've always dreamed of being a miner like my father. [0]
[1691554859723] [31m[createMemory][39m The echo in the mines is fascinating. [0]
[1691554859723] [31m[createMemory][39m I need to remember to wear my helmet at all times. [0]
[1691554859723] [31m[createMemory][39m The village has been supportive of my new journey. [0]
[1691554859723] [31m[createMemory][39m I'm still learning the different routes in the mine. [0]
[1691554859723] [31m[createMemory][39m I was startled by the sound of a mine cart today. [0]
[1691554859723] [31m[createMemory][39m It's tiring, but I'm determined to make everyone proud. [0]
[1691554859723] [31m[createMemory][39m I hope to find a rare gem or mineral soon. [0]
[1691554859723] [31m[createMemory][39m The lanterns light up the mines in such a mysterious way. [0]
[1691554859723] [31m[createMemory][39m I can't wait to tell my family about my adventures here. [0]
[1691554859791] [getMemoryImportance] Getting importance for memory: Today was my first day in the mines.
[1691554859792] [getMemoryImportance] Getting importance for memory: George and Thomas have been really helpful.
[1691554859792] [getMemoryImportance] Getting importance for memory: The depth and darkness of the mines can be intimidating.
[1691554859792] [getMemoryImportance] Getting importance for memory: I accidentally broke a pickaxe on my first day.
[1691554859792] [getMemoryImportance] Getting importance for memory: The older miners have so many stories to tell.
[1691554859792] [getMemoryImportance] Getting importance for memory: I've always dreamed of being a miner like my father.
[1691554859792] [getMemoryImportance] Getting importance for memory: The echo in the mines is fascinating.
[1691554859792] [getMemoryImportance] Getting importance for memory: I need to remember to wear my helmet at all times.
[1691554859792] [getMemoryImportance] Getting importance for memory: The village has been supportive of my new journey.
[1691554859792] [getMemoryImportance] Getting importance for memory: I'm still learning the different routes in the mine.
[1691554859792] [getMemoryImportance] Getting importance for memory: I was startled by the sound of a mine cart today.
[1691554859792] [getMemoryImportance] Getting importance for memory: It's tiring, but I'm determined to make everyone proud.
[1691554859792] [getMemoryImportance] Getting importance for memory: I hope to find a rare gem or mineral soon.
[1691554859792] [getMemoryImportance] Getting importance for memory: The lanterns light up the mines in such a mysterious way.
[1691554859792] [getMemoryImportance] Getting importance for memory: I can't wait to tell my family about my adventures here.
[1691554860102] [getMemoryImportance] Importance: 4
[1691554860220] [getMemoryImportance] Importance: 2
[1691554860224] [getMemoryImportance] Importance: 3
[1691554860231] [getMemoryImportance] Importance: 3
[1691554860232] [getMemoryImportance] Importance: 3
[1691554860232] [getMemoryImportance] Importance: 3
[1691554860233] [getMemoryImportance] Importance: 5
[1691554860233] [getMemoryImportance] Importance: 4
[1691554860239] [getMemoryImportance] Importance: 5
[1691554860239] [getMemoryImportance] Importance: 3
[1691554860240] [getMemoryImportance] Importance: 8
[1691554860241] [getMemoryImportance] Importance: 6
[1691554860241] [getMemoryImportance] Importance: 5
[1691554860244] [getMemoryImportance] Importance: 2
[1691554860325] [getMemoryImportance] Importance: 6.
[1691554863018] [Character] Will created
[1691554899090] [31m[createMemory][39m Will Turner sees Tree at X: 70.74, Y: -63.48. [0]
[1691554899094] [31m[createMemory][39m Will Turner sees Chest at X: 72.52, Y: -55.49. [0]
[1691554899095] [31m[createMemory][39m Will Turner sees Tree at X: 75.83, Y: -61.41. [0]
[1691554899095] [31m[createMemory][39m Will Turner sees Tree at X: 72.97, Y: -62.64. [0]
[1691554899099] [31m[createMemory][39m Will Turner sees Tree at X: 67.51, Y: -58.39. [0]
[1691554899099] [31m[createMemory][39m Will Turner sees Tree at X: 74.12, Y: -58.91. [0]
[1691554899100] [31m[createMemory][39m Will Turner sees Tree at X: 65.4, Y: -57.25. [0]
[1691554899114] [getMemoryImportance] Getting importance for memory: Will Turner sees Tree at X: 70.74, Y: -63.48.
[1691554899129] [getMemoryImportance] Getting importance for memory: Will Turner sees Tree at X: 72.97, Y: -62.64.
[1691554899157] [getMemoryImportance] Getting importance for memory: Will Turner sees Chest at X: 72.52, Y: -55.49.
[1691554899159] [getMemoryImportance] Getting importance for memory: Will Turner sees Tree at X: 65.4, Y: -57.25.
[1691554899161] [getMemoryImportance] Getting importance for memory: Will Turner sees Tree at X: 67.51, Y: -58.39.
[1691554899161] [getMemoryImportance] Getting importance for memory: Will Turner sees Tree at X: 74.12, Y: -58.91.
[1691554899162] [getMemoryImportance] Getting importance for memory: Will Turner sees Tree at X: 75.83, Y: -61.41.
[1691554899429] [getMemoryImportance] Importance: 2
[1691554899432] [getMemoryImportance] Importance: 4
[1691554899531] [getMemoryImportance] Importance: 3
[1691554899545] [getMemoryImportance] Importance: 3
[1691554899552] [getMemoryImportance] Importance: 3
[1691554899579] [getMemoryImportance] Importance: 5
[1691554899749] [getMemoryImportance] Importance: 4
