[1691554859041] [Character] Creating Lucy
[1691554859360] [31m[createMemory][39m The feel of the axe in my hand is like an extension of myself. [0]
[1691554859360] [31m[createMemory][39m I remember the tallest tree I've ever felled, stood mighty for over a century. [0]
[1691554859360] [31m[createMemory][39m The forest whispers its secrets if you're patient enough to listen. [0]
[1691554859361] [31m[createMemory][39m The village depends on our timber, it's a responsibility I don't take lightly. [0]
[1691554859361] [31m[createMemory][39m Thomas once tried to chop wood, it was amusing to say the least. [0]
[1691554859361] [31m[createMemory][39m Nothing beats the smell of fresh-cut timber in the morning. [0]
[1691554859361] [31m[createMemory][39m I've carved symbols on some trees, marking special moments of my life. [0]
[1691554859361] [31m[createMemory][39m Will reminds me of when I was young, eager to learn and prove myself. [0]
[1691554859362] [31m[createMemory][39m I've saved more than a few animals stuck or hurt, the forest is their home. [0]
[1691554859362] [31m[createMemory][39m George and I have shared tales over campfires many nights. [0]
[1691554859362] [31m[createMemory][39m Rain or shine, the trees await and work must be done. [0]
[1691554859362] [31m[createMemory][39m I respect the forest, only taking what's necessary and planting twice as much. [0]
[1691554859362] [31m[createMemory][39m Every lumberjack has a favorite axe; mine's named 'Whisper'. [0]
[1691554859362] [31m[createMemory][39m The creaking sound a tree makes just before it falls is both eerie and beautiful. [0]
[1691554859362] [31m[createMemory][39m At times, the forest feels alive, watching, and I'm just a small part of its vast story. [0]
[1691554859428] [getMemoryImportance] Getting importance for memory: The feel of the axe in my hand is like an extension of myself.
[1691554859430] [getMemoryImportance] Getting importance for memory: I remember the tallest tree I've ever felled, stood mighty for over a century.
[1691554859430] [getMemoryImportance] Getting importance for memory: The forest whispers its secrets if you're patient enough to listen.
[1691554859430] [getMemoryImportance] Getting importance for memory: The village depends on our timber, it's a responsibility I don't take lightly.
[1691554859430] [getMemoryImportance] Getting importance for memory: Thomas once tried to chop wood, it was amusing to say the least.
[1691554859431] [getMemoryImportance] Getting importance for memory: Nothing beats the smell of fresh-cut timber in the morning.
[1691554859431] [getMemoryImportance] Getting importance for memory: I've carved symbols on some trees, marking special moments of my life.
[1691554859431] [getMemoryImportance] Getting importance for memory: Will reminds me of when I was young, eager to learn and prove myself.
[1691554859431] [getMemoryImportance] Getting importance for memory: I've saved more than a few animals stuck or hurt, the forest is their home.
[1691554859432] [getMemoryImportance] Getting importance for memory: George and I have shared tales over campfires many nights.
[1691554859432] [getMemoryImportance] Getting importance for memory: Rain or shine, the trees await and work must be done.
[1691554859432] [getMemoryImportance] Getting importance for memory: I respect the forest, only taking what's necessary and planting twice as much.
[1691554859432] [getMemoryImportance] Getting importance for memory: Every lumberjack has a favorite axe; mine's named 'Whisper'.
[1691554859432] [getMemoryImportance] Getting importance for memory: The creaking sound a tree makes just before it falls is both eerie and beautiful.
[1691554859432] [getMemoryImportance] Getting importance for memory: At times, the forest feels alive, watching, and I'm just a small part of its vast story.
[1691554859975] [getMemoryImportance] Importance: 7
[1691554859985] [getMemoryImportance] Importance: 4
[1691554859996] [getMemoryImportance] Importance: 4
[1691554860015] [getMemoryImportance] Importance: 3
[1691554860016] [getMemoryImportance] Importance: 6.
[1691554860029] [getMemoryImportance] Importance: 6
[1691554860035] [getMemoryImportance] Importance: 4
[1691554860038] [getMemoryImportance] Importance: 4
[1691554860041] [getMemoryImportance] Importance: 8
[1691554860047] [getMemoryImportance] Importance: 5
[1691554860076] [getMemoryImportance] Importance: 2
[1691554860092] [getMemoryImportance] Importance: 6
[1691554860221] [getMemoryImportance] Importance: 5.
[1691554860242] [getMemoryImportance] Importance: 7
[1691554860244] [getMemoryImportance] Importance: 6
[1691554862589] [Character] Lucy created
