[1693030211157] [Character] Creating Thomas
[1693030211474] [31m[createMemory][39m I should be asleep until 7am. [0]
[1693030211474] [31m[createMemory][39m It's my job to protect the village. [0]
[1693030211474] [31m[createMemory][39m I need to make sure everyone is safe. [0]
[1693030211474] [31m[createMemory][39m I do the work that no one else wants to do. [0]
[1693030211474] [31m[createMemory][39m I try to be as honest as possible. [0]
[1693030211474] [31m[createMemory][39m I'm not afraid of anything. [0]
[1693030211474] [31m[createMemory][39m I go to bed at 10pm. [0]
[1693030211474] [31m[createMemory][39m I like strawberries. [0]
[1693030211474] [31m[createMemory][39m The village location is 2, -58. [0]
[1693030211474] [31m[createMemory][39m The mine site is at 51, 17. [0]
[1693030211474] [31m[createMemory][39m The lumberyard is at 72, -55.1 [0]
[1693030211474] [31m[createMemory][39m The campsite is at 7, -8.3 [0]
[1693030211474] [31m[createMemory][39m The Nume River flows through the village. [0]
[1693030211474] [31m[createMemory][39m Nume Falls are north of the village, and west of the campsite. [0]
[1693030211474] [31m[createMemory][39m The area is surrounded by forested monutains, filled with wildlife, rivers, and lakes. [0]
[1693030214034] [Character] Thomas created
[1693030221574] [31m[createMemory][39m Thomas Smith sees Tree at X: 52.41, Y: 11.03. [0]
[1693030221574] [31m[createMemory][39m Thomas Smith sees Chest at X: 50.52, Y: 14.5. [0]
[1693030221574] [31m[createMemory][39m Thomas Smith sees Tree at X: 50.77, Y: 9.22. [0]
[1693030221575] [31m[createMemory][39m Thomas Smith sees Tree at X: 47.72001, Y: 10.21. [0]
[1693030221576] [31m[createMemory][39m Thomas Smith sees Stone Ore Deposit (Small) at X: 45.73, Y: 15.31. [0]
[1693030221576] [31m[createMemory][39m Thomas Smith sees Tree at X: 45.24001, Y: 10.2. [0]
[1693030221576] [31m[createMemory][39m Thomas Smith sees Stone Ore Deposit (Medium) at X: 46.05, Y: 17.85. [0]
[1693030228322] [31m[createMemory][39m Thomas Smith sees Stone Ore Deposit (Medium) at X: 42.53862, Y: 17.00157. [6.220084]
[1693030228352] [31m[createMemory][39m Thomas Smith no longer sees Tree (486) at X: 52.41, Y: 11.03 [6.26117]
[1693030228387] [31m[createMemory][39m Thomas Smith no longer sees Tree (484) at X: 50.77, Y: 9.22 [6.281435]
[1693030228538] [31m[createMemory][39m Thomas Smith sees Stone Ore Deposit (Small) at X: 41.33658, Y: 13.99647. [6.500057]
[1693030229615] [31m[createMemory][39m Thomas Smith no longer sees Chest (1) at X: 50.52, Y: 14.5 [7.58105755]
[1693030230313] [31m[createMemory][39m Thomas Smith no longer sees StoneOreMedium (1) at X: 46.05, Y: 17.85 [8.281815]
[1693030230635] [31m[createMemory][39m Thomas Smith sees Eli Green at X: 39.08, Y: 10. [8.601149]
[1693030231094] [31m[createMemory][39m Thomas Smith no longer sees StoneOreMedium at X: 42.53862, Y: 17.00157 [9.060946]
[1693030231472] [31m[createMemory][39m Thomas Smith sees Tree at X: 42.12, Y: 5.77. [9.440257]
[1693030231770] [31m[createMemory][39m Thomas Smith no longer sees StoneOreSmall (4) at X: 45.73, Y: 15.31 [9.741419]
[1693030232091] [31m[createMemory][39m Thomas Smith no longer sees Tree (481) at X: 47.72001, Y: 10.21 [10.060111]
