[1693113626790] [Character] Creating Thomas
[1693113626977] [31m[createMemory][39m I should be asleep until 7am. [0]
[1693113626978] [31m[createMemory][39m It's my job to protect the village. [0]
[1693113626978] [31m[createMemory][39m I need to make sure everyone is safe. [0]
[1693113626978] [31m[createMemory][39m I do the work that no one else wants to do. [0]
[1693113626978] [31m[createMemory][39m I try to be as honest as possible. [0]
[1693113626978] [31m[createMemory][39m I'm not afraid of anything. [0]
[1693113626978] [31m[createMemory][39m I go to bed at 10pm. [0]
[1693113626978] [31m[createMemory][39m I like strawberries. [0]
[1693113626978] [31m[createMemory][39m The village location is 2, -58. [0]
[1693113626978] [31m[createMemory][39m The mine site is at 51, 17. [0]
[1693113626978] [31m[createMemory][39m The lumberyard is at 72, -55.1 [0]
[1693113626978] [31m[createMemory][39m The campsite is at 7, -8.3 [0]
[1693113626978] [31m[createMemory][39m The Nume River flows through the village. [0]
[1693113626978] [31m[createMemory][39m Nume Falls are north of the village, and west of the campsite. [0]
[1693113626978] [31m[createMemory][39m The area is surrounded by forested monutains, filled with wildlife, rivers, and lakes. [0]
[1693113629819] [Character] Thomas created
[1693113632555] [31m[createMemory][39m Thomas Smith sees Tree at X: 52.41, Y: 11.03. [0]
[1693113632555] [31m[createMemory][39m Thomas Smith sees Chest at X: 50.52, Y: 14.5. [0]
[1693113632557] [31m[createMemory][39m Thomas Smith sees Tree at X: 47.72001, Y: 10.21. [0]
[1693113632569] [31m[createMemory][39m Thomas Smith sees Tree at X: 50.77, Y: 9.22. [0]
[1693113632570] [31m[createMemory][39m Thomas Smith sees Stone Ore Deposit (Small) at X: 45.73, Y: 15.31. [0]
[1693113632570] [31m[createMemory][39m Thomas Smith sees Stone Ore Deposit (Medium) at X: 46.05, Y: 17.85. [0]
[1693113632572] [31m[createMemory][39m Thomas Smith sees Tree at X: 45.24001, Y: 10.2. [0]
[1693113635748] [31m[createMemory][39m Thomas Smith sees Stone Ore Deposit (Medium) at X: 42.53862, Y: 17.00157. [2.46009159]
[1693113635773] [31m[createMemory][39m Thomas Smith no longer sees Tree (484) at X: 50.77, Y: 9.22 [2.52031159]
[1693113635788] [31m[createMemory][39m Thomas Smith no longer sees Tree (486) at X: 52.41, Y: 11.03 [2.50049615]
[1693113635994] [31m[createMemory][39m Thomas Smith sees Stone Ore Deposit (Small) at X: 41.33658, Y: 13.99647. [2.74049139]
[1693113641986] [31m[createMemory][39m Thomas Smith sees Stone Ore Deposit (Small) at X: 47.58, Y: 19.17. [8.720601]
[1693113642009] [31m[createMemory][39m Thomas Smith no longer sees StoneOreSmall (3) at X: 41.33658, Y: 13.99647 [8.740412]
[1693113642980] [31m[createMemory][39m Thomas Smith sees Stone Ore Deposit (Large) at X: 44.3, Y: 20.36. [9.720794]
[1693113643101] [31m[createMemory][39m Thomas Smith sees Stone Ore Deposit (Small) at X: 41.33658, Y: 13.99647. [9.840357]
[1693113643820] [31m[createMemory][39m Thomas Smith picked up Stone at X: 46.69601, Y: 15.18146 [10.5602989]
[1693113644230] [31m[createMemory][39m Thomas Smith no longer sees Tree (479) at X: 45.24001, Y: 10.2 [10.9611969]
[1693113644267] [31m[createMemory][39m Thomas Smith no longer sees Tree (481) at X: 47.72001, Y: 10.21 [10.9813242]
[1693113644336] [31m[createMemory][39m Thomas Smith no longer sees StoneOreSmall (3) at X: 41.33658, Y: 13.99647 [11.0814056]
[1693113644660] [31m[createMemory][39m Thomas Smith sees Stone Ore Deposit (Small) at X: 46.53, Y: 21.65. [11.3800735]
[1693113644719] [31m[createMemory][39m Thomas Smith sees Copper Ore Deposit (Small) at X: 50.43, Y: 20.71. [11.4614239]
[1693113647686] [31m[createMemory][39m Thomas Smith sees Stone Ore Deposit (Small) at X: 46.05, Y: 17.85. [14.4055157]
[1693113647855] [31m[createMemory][39m Thomas Smith picked up Stone at X: 47.2985, Y: 17.83687 [14.600214]
[1693113650222] [31m[createMemory][39m Thomas Smith sees Stone Ore Deposit (Small) at X: 41.33658, Y: 13.99647. [16.96071]
[1693113650225] [31m[createMemory][39m Thomas Smith no longer sees CopperOreSmall (2) at X: 50.43, Y: 20.71 [16.96071]
[1693113650336] [31m[createMemory][39m Thomas Smith sees Stone Ore Deposit (Large) at X: 40.75, Y: 19.74. [17.0807972]
[1693113650765] [31m[createMemory][39m Thomas Smith no longer sees Chest (1) at X: 50.52, Y: 14.5 [17.4607029]
[1693113653228] [31m[createMemory][39m Thomas Smith sees Stone Ore Deposit (Small) at X: 42.53862, Y: 17.00157. [19.9613628]
[1693113653424] [31m[createMemory][39m Thomas Smith picked up Stone at X: 43.85077, Y: 16.98414 [20.1411934]
[1693113653916] [31m[createMemory][39m Thomas Smith no longer sees StoneOreSmall (9) at X: 46.53, Y: 21.65 [20.6603489]
[1693113653987] [31m[createMemory][39m Thomas Smith sees Stone Ore Deposit (Small) at X: 38.24, Y: 15.93. [20.7203884]
[1693113654393] [31m[createMemory][39m Thomas Smith sees Stone Ore Deposit (Medium) at X: 38.03, Y: 18.78. [21.14099]
[1693113654609] [31m[createMemory][39m Thomas Smith no longer sees StoneOreSmall (5) at X: 47.58, Y: 19.17 [21.340723]
[1693113654777] [31m[createMemory][39m Thomas Smith no longer sees StoneOreMedium (2) at X: 38.03, Y: 18.78 [21.520689]
[1693113654954] [31m[createMemory][39m Thomas Smith sees Tree at X: 45.24001, Y: 10.2. [21.7004967]
[1693113655176] [31m[createMemory][39m Thomas Smith no longer sees StoneOreLarge (2) at X: 44.3, Y: 20.36 [21.9199982]
[1693113655474] [31m[createMemory][39m Thomas Smith no longer sees StoneOreLarge (1) at X: 40.75, Y: 19.74 [22.2205]
[1693113656394] [31m[createMemory][39m Thomas Smith picked up Stone at X: 42.55779, Y: 14.01123 [23.1401958]
[1693113656775] [31m[createMemory][39m Thomas Smith sees Eli Green at X: 39.38313, Y: 10.33933. [23.52043]
[1693113658620] [31m[createMemory][39m Thomas Smith no longer sees StoneOreSmall (6) at X: 38.24, Y: 15.93 [25.3615074]
[1693113658654] [31m[createMemory][39m Thomas Smith sees Tree at X: 47.72001, Y: 10.21. [25.40159]
[1693113659293] [31m[createMemory][39m Thomas Smith sees Stone Ore Deposit (Small) at X: 47.58, Y: 19.17. [26.0409985]
[1693113659448] [31m[createMemory][39m Thomas Smith sees Chest at X: 50.52, Y: 14.5. [26.1613026]
[1693113660476] [31m[createMemory][39m Thomas Smith no longer sees Chest (1) at X: 50.52, Y: 14.5 [27.2214165]
[1693113660599] [31m[createMemory][39m Thomas Smith no longer sees StoneOreSmall (5) at X: 47.58, Y: 19.17 [27.3412075]
[1693113661477] [31m[createMemory][39m Thomas Smith no longer sees Tree (481) at X: 47.72001, Y: 10.21 [28.2201]
[1693113661526] [31m[createMemory][39m Thomas Smith sees Stone Ore Deposit (Small) at X: 38.24, Y: 15.93. [28.26121]
[1693113661933] [31m[createMemory][39m Thomas Smith sees Stone Ore Deposit (Large) at X: 40.75, Y: 19.74. [28.6802578]
[1693113781883] [31m[createMemory][39m Thomas Smith no longer sees StoneOreLarge (1) at X: 40.75, Y: 19.74 [148.600876]
[1693113782023] [31m[createMemory][39m Thomas Smith sees Stone Ore Deposit (Large) at X: 40.75, Y: 19.74. [148.741272]
[1693113782223] [31m[createMemory][39m Thomas Smith no longer sees StoneOreSmall (6) at X: 38.24, Y: 15.93 [148.9414]
[1693113782300] [31m[createMemory][39m Thomas Smith no longer sees StoneOreLarge (1) at X: 40.75, Y: 19.74 [149.021057]
[1693113782361] [31m[createMemory][39m Thomas Smith sees Stone Ore Deposit (Small) at X: 47.58, Y: 19.17. [149.080124]
[1693113782631] [31m[createMemory][39m Thomas Smith sees Tree at X: 47.72001, Y: 10.21. [149.341125]
