[1693109433243] [Character] Creating Thomas
[1693109433592] [31m[createMemory][39m I should be asleep until 7am. [0]
[1693109433592] [31m[createMemory][39m It's my job to protect the village. [0]
[1693109433592] [31m[createMemory][39m I need to make sure everyone is safe. [0]
[1693109433592] [31m[createMemory][39m I do the work that no one else wants to do. [0]
[1693109433592] [31m[createMemory][39m I try to be as honest as possible. [0]
[1693109433592] [31m[createMemory][39m I'm not afraid of anything. [0]
[1693109433592] [31m[createMemory][39m I go to bed at 10pm. [0]
[1693109433592] [31m[createMemory][39m I like strawberries. [0]
[1693109433592] [31m[createMemory][39m The village location is 2, -58. [0]
[1693109433592] [31m[createMemory][39m The mine site is at 51, 17. [0]
[1693109433592] [31m[createMemory][39m The lumberyard is at 72, -55.1 [0]
[1693109433592] [31m[createMemory][39m The campsite is at 7, -8.3 [0]
[1693109433592] [31m[createMemory][39m The Nume River flows through the village. [0]
[1693109433592] [31m[createMemory][39m Nume Falls are north of the village, and west of the campsite. [0]
[1693109433592] [31m[createMemory][39m The area is surrounded by forested monutains, filled with wildlife, rivers, and lakes. [0]
[1693109435628] [Character] Thomas created
[1693109457122] [31m[createMemory][39m Thomas Smith sees Tree at X: 52.41, Y: 11.03. [0]
[1693109457128] [31m[createMemory][39m Thomas Smith sees Chest at X: 50.52, Y: 14.5. [0]
[1693109457130] [31m[createMemory][39m Thomas Smith sees Stone Ore Deposit (Small) at X: 45.73, Y: 15.31. [0]
[1693109457130] [31m[createMemory][39m Thomas Smith sees Tree at X: 45.24001, Y: 10.2. [0]
[1693109457131] [31m[createMemory][39m Thomas Smith sees Stone Ore Deposit (Medium) at X: 46.05, Y: 17.85. [0]
[1693109457136] [31m[createMemory][39m Thomas Smith sees Tree at X: 50.77, Y: 9.22. [0]
[1693109457137] [31m[createMemory][39m Thomas Smith sees Tree at X: 47.72001, Y: 10.21. [0]
[1693109458520] [31m[createMemory][39m Thomas Smith sees Stone Ore Deposit (Small) at X: 47.58, Y: 19.17. [0.724520445]
[1693109487381] [31m[createMemory][39m Thomas Smith no longer sees Tree (484) at X: 50.77, Y: 9.22 [29.6020355]
[1693109487613] [31m[createMemory][39m Thomas Smith sees Stone Ore Deposit (Medium) at X: 42.53862, Y: 17.00157. [29.8400574]
[1693109487656] [31m[createMemory][39m Thomas Smith no longer sees Tree (486) at X: 52.41, Y: 11.03 [29.8809185]
[1693109488054] [31m[createMemory][39m Thomas Smith sees Stone Ore Deposit (Small) at X: 41.33658, Y: 13.99647. [30.281023]
[1693109488270] [31m[createMemory][39m Thomas Smith sees Eli Green at X: 41.20406, Y: 14.52373. [30.500721]
[1693109489070] [31m[createMemory][39m Thomas Smith no longer sees StoneOreSmall (5) at X: 47.58, Y: 19.17 [31.28122]
[1693109489118] [31m[createMemory][39m Thomas Smith no longer sees Chest (1) at X: 50.52, Y: 14.5 [31.3204823]
[1693109489912] [31m[createMemory][39m Thomas Smith sees Stone Ore Deposit (Small) at X: 38.24, Y: 15.93. [32.1420555]
[1693109489954] [31m[createMemory][39m Thomas Smith no longer sees Tree (481) at X: 47.72001, Y: 10.21 [32.1812439]
[1693109490235] [31m[createMemory][39m Thomas Smith sees Stone Ore Deposit (Large) at X: 40.75, Y: 19.74. [32.4613457]
