[1693019778713] [Character] Creating Eli
[1693019779096] [31m[createMemory][39m I need to let Thomas know I'm going to explore. He's asked me in the past to let him know just in case I get hurt or lost. [0]
[1693019779096] [31m[createMemory][39m I once found a secret clearing in the woods, it's my personal hideout now. [0]
[1693019779096] [31m[createMemory][39m The world feels so big and full of wonders, I want to see them all! [0]
[1693019779096] [31m[createMemory][39m I saw a deer up close once, our eyes met and we just stared for a moment. [0]
[1693019779096] [31m[createMemory][39m Climbing trees is my favorite! The higher I go, the bigger the world looks. [0]
[1693019779096] [31m[createMemory][39m Lucy showed me how to listen to the forest, it's like it's telling stories. [0]
[1693019779096] [31m[createMemory][39m Every rock and leaf, every bird and bug, feels like a friend to me. [0]
[1693019779096] [31m[createMemory][39m I once got lost, but the stars guided me home. They're like nature's map! [0]
[1693019779097] [31m[createMemory][39m George tells me tales of old, turning every tree and hill into an adventure. [0]
[1693019779097] [31m[createMemory][39m I made a whistle out of a reed! Nature is full of surprises. [0]
[1693019779097] [31m[createMemory][39m The woods in autumn is my favorite. All those colors... like nature's painting! [0]
[1693019779097] [31m[createMemory][39m I wish I could talk to animals. Imagine the stories they'd tell! [0]
[1693019779097] [31m[createMemory][39m I've learned to move silently. That way, nature doesn’t hide from me. [0]
[1693019779097] [31m[createMemory][39m Lucy once said every tree has a story. I'm trying to learn them all. [0]
[1693019779097] [31m[createMemory][39m Rainy days? That's when the forest sings its loudest song! [0]
[1693019779097] [31m[createMemory][39m I dreamt I could fly like a bird, seeing the world from above. Maybe one day... [0]
[1693019781834] [Character] Eli created
[1693019790441] [31m[createMemory][39m Eli Green sees Stone Ore Deposit (Small) at X: 41.33658, Y: 13.99647. [0.0199999921]
[1693019790447] [31m[createMemory][39m Eli Green sees Tree at X: 42.12, Y: 5.77. [0.0199999921]
[1693019793603] [31m[createMemory][39m Eli Green sees Thomas Smith at X: 43.72628, Y: 12.81128. [3.24127269]
[1693019802944] [35m[CORTEX] Eli Green - Feel: [39mI feel cheerful for the friendly greeting
[1693019809091] [35m[CORTEX] Eli Green - Explain: [39mI made significant strides towards my goals today. I discovered a new tree species in the forest and found a different route to the clearing. These new experiences and discoveries energize me and remind me why I dedicate myself to exploring. Every day is an opportunity to uncover the forest's mysteries and immerse myself in its beauty. I can hardly wait to see what tomorrow holds.
[1693019810489] [35m[CORTEX] Eli Green - Did I make progress? [39m[choice=yes]
[1693019812221] [35m[CORTEX] Character Eli Green - Did I accomplish my goal? [39m[choice=yes]
[1693019816200] [35m[CORTEX] Eli Green Goodbye: [39mIt was a pleasure talking to you, Thomas Smith! I'm off to another adventure, but I look forward to our next conversation. Keep exploring and remember to listen to what the forest has to say.
[1693019821784] [31m[createMemory][39m Thomas Smith started a conversation with me, although I didn't know why at first. [9.764685]
[1693019821784] [31m[createMemory][39m I explained to him about my daily discoveries and the joy I find in exploring. [9.764685]
[1693019821784] [31m[createMemory][39m Thomas asked me how I was and I was glad for his friendly greeting. [9.764685]
[1693019821784] [31m[createMemory][39m I expressed my anticipation for my future adventures and the mysteries that the forest holds. [9.764685]
