[1693099914458] [Character] Creating Thomas
[1693099914808] [31m[createMemory][39m I should be asleep until 7am. [0]
[1693099914808] [31m[createMemory][39m It's my job to protect the village. [0]
[1693099914808] [31m[createMemory][39m I need to make sure everyone is safe. [0]
[1693099914808] [31m[createMemory][39m I do the work that no one else wants to do. [0]
[1693099914808] [31m[createMemory][39m I try to be as honest as possible. [0]
[1693099914808] [31m[createMemory][39m I'm not afraid of anything. [0]
[1693099914808] [31m[createMemory][39m I go to bed at 10pm. [0]
[1693099914808] [31m[createMemory][39m I like strawberries. [0]
[1693099914808] [31m[createMemory][39m The village location is 2, -58. [0]
[1693099914808] [31m[createMemory][39m The mine site is at 51, 17. [0]
[1693099914808] [31m[createMemory][39m The lumberyard is at 72, -55.1 [0]
[1693099914808] [31m[createMemory][39m The campsite is at 7, -8.3 [0]
[1693099914808] [31m[createMemory][39m The Nume River flows through the village. [0]
[1693099914808] [31m[createMemory][39m Nume Falls are north of the village, and west of the campsite. [0]
[1693099914808] [31m[createMemory][39m The area is surrounded by forested monutains, filled with wildlife, rivers, and lakes. [0]
[1693099917728] [Character] Thomas created
[1693099924937] [31m[createMemory][39m Thomas Smith sees Tree at X: 50.77, Y: 9.22. [0]
[1693099924937] [31m[createMemory][39m Thomas Smith sees Stone Ore Deposit (Small) at X: 45.73, Y: 15.31. [0]
[1693099924942] [31m[createMemory][39m Thomas Smith sees Chest at X: 50.52, Y: 14.5. [0]
[1693099924942] [31m[createMemory][39m Thomas Smith sees Tree at X: 47.72001, Y: 10.21. [0]
[1693099924948] [31m[createMemory][39m Thomas Smith sees Tree at X: 52.41, Y: 11.03. [0]
[1693099924975] [31m[createMemory][39m Thomas Smith sees Stone Ore Deposit (Medium) at X: 46.05, Y: 17.85. [0]
[1693099924976] [31m[createMemory][39m Thomas Smith sees Tree at X: 45.24001, Y: 10.2. [0]
[1693099989946] [31m[createMemory][39m Thomas Smith sees Stone Ore Deposit (Medium) at X: 42.53862, Y: 17.00157. [62.28495]
[1693099989952] [31m[createMemory][39m Thomas Smith no longer sees Tree (486) at X: 52.41, Y: 11.03 [62.322258]
[1693099989977] [31m[createMemory][39m Thomas Smith no longer sees Tree (484) at X: 50.77, Y: 9.22 [62.340168]
[1693099990202] [31m[createMemory][39m Thomas Smith sees Stone Ore Deposit (Small) at X: 41.33658, Y: 13.99647. [62.5622559]
[1693099991264] [31m[createMemory][39m Thomas Smith no longer sees Chest (1) at X: 50.52, Y: 14.5 [63.62166]
[1693099991994] [31m[createMemory][39m Thomas Smith no longer sees StoneOreMedium (1) at X: 46.05, Y: 17.85 [64.3621445]
[1693099992627] [31m[createMemory][39m Thomas Smith no longer sees StoneOreMedium at X: 42.53862, Y: 17.00157 [64.86219]
[1693099992945] [31m[createMemory][39m Thomas Smith sees Tree at X: 42.12, Y: 5.77. [65.30016]
[1693099993124] [31m[createMemory][39m Thomas Smith sees Tree at X: 45.84, Y: 5.299999. [65.48178]
[1693099996978] [31m[createMemory][39m Thomas Smith sees Tree Stump at X: 45.24001, Y: 10.2. [69.34082]
[1693099997872] [31m[createMemory][39m Thomas Smith no longer sees StoneOreSmall (4) at X: 45.73, Y: 15.31 [70.2263]
[1693099997913] [31m[createMemory][39m Thomas Smith picked up Wood at X: 44.34777, Y: 9.633325 [70.2611542]
[1693099999863] [31m[createMemory][39m Thomas Smith no longer sees StoneOreSmall (3) at X: 41.33658, Y: 13.99647 [72.22133]
[1693100000001] [31m[createMemory][39m Thomas Smith no longer sees Tree (481) at X: 47.72001, Y: 10.21 [72.36028]
[1693100000648] [31m[createMemory][39m Thomas Smith sees Tree Stump at X: 42.32, Y: 1.859999. [73.00033]
[1693100001172] [31m[createMemory][39m Thomas Smith no longer sees Stump(Clone) at X: 45.24001, Y: 10.2 [73.54014]
[1693100001204] [31m[createMemory][39m Thomas Smith sees Eli Green at X: 41.9629, Y: 2.121736. [73.56145]
[1693100001722] [31m[createMemory][39m Thomas Smith sees Tree at X: 44.99, Y: 2.73. [74.08206]
[1693100002413] [31m[createMemory][39m Thomas Smith sees Tree at X: 42, Y: -0.3199997. [74.78199]
[1693100003303] [31m[createMemory][39m Thomas Smith no longer sees Tree (467) at X: 45.84, Y: 5.299999 [75.6601944]
[1693100003794] [31m[createMemory][39m Thomas Smith sees Tree at X: 45.86, Y: 0.8400002. [76.14437]
[1693100004102] [31m[createMemory][39m Thomas Smith sees Tree at X: 44.56, Y: -1.91. [76.46133]
