[1693030332866] [Character] Creating Thomas
[1693030333037] [31m[createMemory][39m I should be asleep until 7am. [0]
[1693030333038] [31m[createMemory][39m It's my job to protect the village. [0]
[1693030333038] [31m[createMemory][39m I need to make sure everyone is safe. [0]
[1693030333038] [31m[createMemory][39m I do the work that no one else wants to do. [0]
[1693030333038] [31m[createMemory][39m I try to be as honest as possible. [0]
[1693030333039] [31m[createMemory][39m I'm not afraid of anything. [0]
[1693030333039] [31m[createMemory][39m I go to bed at 10pm. [0]
[1693030333039] [31m[createMemory][39m I like strawberries. [0]
[1693030333039] [31m[createMemory][39m The village location is 2, -58. [0]
[1693030333039] [31m[createMemory][39m The mine site is at 51, 17. [0]
[1693030333040] [31m[createMemory][39m The lumberyard is at 72, -55.1 [0]
[1693030333040] [31m[createMemory][39m The campsite is at 7, -8.3 [0]
[1693030333040] [31m[createMemory][39m The Nume River flows through the village. [0]
[1693030333040] [31m[createMemory][39m Nume Falls are north of the village, and west of the campsite. [0]
[1693030333040] [31m[createMemory][39m The area is surrounded by forested monutains, filled with wildlife, rivers, and lakes. [0]
[1693030335871] [Character] Thomas created
[1693030365341] [31m[createMemory][39m Thomas Smith sees Tree at X: 52.41, Y: 11.03. [0]
[1693030365341] [31m[createMemory][39m Thomas Smith sees Chest at X: 50.52, Y: 14.5. [0]
[1693030365341] [31m[createMemory][39m Thomas Smith sees Tree at X: 50.77, Y: 9.22. [0]
[1693030365341] [31m[createMemory][39m Thomas Smith sees Tree at X: 47.72001, Y: 10.21. [0]
[1693030365341] [31m[createMemory][39m Thomas Smith sees Stone Ore Deposit (Small) at X: 45.73, Y: 15.31. [0]
[1693030365341] [31m[createMemory][39m Thomas Smith sees Tree at X: 45.24001, Y: 10.2. [0]
[1693030365341] [31m[createMemory][39m Thomas Smith sees Stone Ore Deposit (Medium) at X: 46.05, Y: 17.85. [0]
[1693030366981] [31m[createMemory][39m Thomas Smith sees Stone Ore Deposit (Medium) at X: 42.53862, Y: 17.00157. [1.08362627]
[1693030367339] [31m[createMemory][39m Thomas Smith no longer sees Tree (486) at X: 52.41, Y: 11.03 [1.42158234]
[1693030367339] [31m[createMemory][39m Thomas Smith no longer sees Tree (484) at X: 50.77, Y: 9.22 [1.44754767]
[1693030368103] [31m[createMemory][39m Thomas Smith sees Stone Ore Deposit (Small) at X: 41.33658, Y: 13.99647. [2.18154335]
[1693030369146] [31m[createMemory][39m Thomas Smith no longer sees Chest (1) at X: 50.52, Y: 14.5 [3.24119067]
[1693030369947] [31m[createMemory][39m Thomas Smith no longer sees StoneOreMedium (1) at X: 46.05, Y: 17.85 [4.04868174]
[1693030370189] [31m[createMemory][39m Thomas Smith sees Eli Green at X: 39.08, Y: 10. [4.30114031]
[1693030370732] [31m[createMemory][39m Thomas Smith no longer sees StoneOreMedium at X: 42.53862, Y: 17.00157 [4.841345]
[1693030371113] [31m[createMemory][39m Thomas Smith sees Tree at X: 42.12, Y: 5.77. [5.220935]
[1693030371371] [31m[createMemory][39m Thomas Smith no longer sees StoneOreSmall (4) at X: 45.73, Y: 15.31 [5.48018169]
[1693030371635] [31m[createMemory][39m Thomas Smith no longer sees Tree (481) at X: 47.72001, Y: 10.21 [5.74074364]
[1693030576181] [31m[createMemory][39m Thomas Smith sees Tree at X: 45.24001, Y: 10.2. [0]
[1693030576184] [31m[createMemory][39m Thomas Smith sees Stone Ore Deposit (Medium) at X: 46.05, Y: 17.85. [0]
[1693030576213] [31m[createMemory][39m Thomas Smith sees Tree at X: 52.41, Y: 11.03. [0]
[1693030576213] [31m[createMemory][39m Thomas Smith sees Chest at X: 50.52, Y: 14.5. [0]
[1693030576213] [31m[createMemory][39m Thomas Smith sees Tree at X: 50.77, Y: 9.22. [0]
[1693030576213] [31m[createMemory][39m Thomas Smith sees Tree at X: 47.72001, Y: 10.21. [0]
[1693030576213] [31m[createMemory][39m Thomas Smith sees Stone Ore Deposit (Small) at X: 45.73, Y: 15.31. [0]
