[1693023120261] [Character] Creating Thomas
[1693023120435] [31m[createMemory][39m I should be asleep until 7am. [0]
[1693023120436] [31m[createMemory][39m It's my job to protect the village. [0]
[1693023120436] [31m[createMemory][39m I need to make sure everyone is safe. [0]
[1693023120437] [31m[createMemory][39m I do the work that no one else wants to do. [0]
[1693023120437] [31m[createMemory][39m I try to be as honest as possible. [0]
[1693023120437] [31m[createMemory][39m I'm not afraid of anything. [0]
[1693023120437] [31m[createMemory][39m I go to bed at 10pm. [0]
[1693023120437] [31m[createMemory][39m I like strawberries. [0]
[1693023120437] [31m[createMemory][39m The village location is 2, -58. [0]
[1693023120437] [31m[createMemory][39m The mine site is at 51, 17. [0]
[1693023120437] [31m[createMemory][39m The lumberyard is at 72, -55.1 [0]
[1693023120437] [31m[createMemory][39m The campsite is at 7, -8.3 [0]
[1693023120437] [31m[createMemory][39m The Nume River flows through the village. [0]
[1693023120438] [31m[createMemory][39m Nume Falls are north of the village, and west of the campsite. [0]
[1693023120438] [31m[createMemory][39m The area is surrounded by forested monutains, filled with wildlife, rivers, and lakes. [0]
[1693023123283] [Character] Thomas created
[1693023128726] [31m[createMemory][39m Thomas Smith sees Tree at X: 52.41, Y: 11.03. [0]
[1693023128726] [31m[createMemory][39m Thomas Smith sees Chest at X: 50.52, Y: 14.5. [0]
[1693023128726] [31m[createMemory][39m Thomas Smith sees Tree at X: 50.77, Y: 9.22. [0]
[1693023128726] [31m[createMemory][39m Thomas Smith sees Tree at X: 47.72001, Y: 10.21. [0]
[1693023128726] [31m[createMemory][39m Thomas Smith sees Stone Ore Deposit (Small) at X: 45.73, Y: 15.31. [0]
[1693023128726] [31m[createMemory][39m Thomas Smith sees Tree at X: 45.24001, Y: 10.2. [0]
[1693023128726] [31m[createMemory][39m Thomas Smith sees Stone Ore Deposit (Medium) at X: 46.05, Y: 17.85. [0]
