[1691986691843] [Character] Creating Will
[1691986692292] [31m[createMemory][39m Today was my first day in the mines. [0]
[1691986692292] [31m[createMemory][39m George and Thomas have been really helpful. [0]
[1691986692292] [31m[createMemory][39m The depth and darkness of the mines can be intimidating. [0]
[1691986692292] [31m[createMemory][39m I accidentally broke a pickaxe on my first day. [0]
[1691986692292] [31m[createMemory][39m The older miners have so many stories to tell. [0]
[1691986692292] [31m[createMemory][39m I've always dreamed of being a miner like my father. [0]
[1691986692292] [31m[createMemory][39m The echo in the mines is fascinating. [0]
[1691986692292] [31m[createMemory][39m I need to remember to wear my helmet at all times. [0]
[1691986692292] [31m[createMemory][39m The village has been supportive of my new journey. [0]
[1691986692292] [31m[createMemory][39m I'm still learning the different routes in the mine. [0]
[1691986692293] [31m[createMemory][39m I was startled by the sound of a mine cart today. [0]
[1691986692293] [31m[createMemory][39m It's tiring, but I'm determined to make everyone proud. [0]
[1691986692293] [31m[createMemory][39m I hope to find a rare gem or mineral soon. [0]
[1691986692293] [31m[createMemory][39m The lanterns light up the mines in such a mysterious way. [0]
[1691986692293] [31m[createMemory][39m I can't wait to tell my family about my adventures here. [0]
[1691986695013] [Character] Will created
[1691986788151] [31m[createMemory][39m Will Turner sees Lucy Wilde at X: 35.29, Y: -58.96. [0]
[1691986790827] --- Prompt ---
[1691986790827] Character: 
- ID: A3
- Name: Will Turner
- Age: 19
- Occupation: Apprentice Miner
- Personality: Curious, Eager, Naive

Location: 36.447, -58.651

Time: Day 0, 12:00 AM

Environment:
- Lucy Wilde (Health: 25/25) [X: 35.29, Y: -58.96, Distance: 1.197549m]
- Tree (Health: 10/10) [X: 37.81, Y: -50.1, Distance: 8.65895m]

Inventory (3/10):
- Axe x 1
- Pickaxe x 1
- Sword x 1

Tasks:
[
  {
    "task": "Catch up with other villagers",
    "priority": 1
  },
  {
    "task": "Check on the mine",
    "priority": 2
  },
  {
    "task": "Store extra materials in chest",
    "priority": 2
  },
  {
    "task": "Chop trees",
    "priority": 3
  }
]

Memories:
- The village has been supportive of my new journey. [just now]
- The older miners have so many stories to tell. [just now]
- I've always dreamed of being a miner like my father. [just now]
- I can't wait to tell my family about my adventures here. [just now]
- The echo in the mines is fascinating. [just now]
- The depth and darkness of the mines can be intimidating. [just now]
- The lanterns light up the mines in such a mysterious way. [just now]
- I'm still learning the different routes in the mine. [just now]
- I was startled by the sound of a mine cart today. [just now]
- It's tiring, but I'm determined to make everyone proud. [just now]

Available Actions:
- move_to: Move to a target location
- drop_axe: Drop Axe onto the ground.
- drop_pickaxe: Drop Pickaxe onto the ground.
- drop_sword: Drop Sword onto the ground.
- start_conversation: Start a conversation with Lucy Wilde (ID: A4).

Given the available information, update your task list. Take into consideration the time of day, environment, personality of the character, and more. Replace the entire JSON array by removing completed tasks, updating existing tasks with new information and priorities, and create new tasks based on the provided info. Keep the list as concise as possible. Remember focus on the time of day to adjust priorities.
[1691986808025] --- Response ---
[1691986808025] Updated Tasks: 
[1691986808025] [
  {
    "task": "Start a conversation with Lucy Wilde",
    "priority": 1
  },
  {
    "task": "Catch up with other villagers",
    "priority": 2
  },
  {
    "task": "Check on the mine",
    "priority": 3
  },
  {
    "task": "Store extra materials in chest",
    "priority": 4
  },
  {
    "task": "Chop trees",
    "priority": 5
  },
  {
    "task": "Drop axe",
    "priority": 6
  },
  {
    "task": "Drop pickaxe",
    "priority": 7
  },
  {
    "task": "Drop sword",
    "priority": 8
  },
  {
    "task": "Move to location X: 35.29, Y: -58.96",
    "priority": 9
  }
]
[1691986810687] [31m[createMemory][39m Lucy Wilde started a conversation with me. [21.510828]
[1691986812366] --- Prompt ---
[1691986812367] Character: 
- ID: A3
- Name: Will Turner
- Age: 19
- Occupation: Apprentice Miner
- Personality: Curious, Eager, Naive

Location: 36.447, -58.651

Time: Day 0, 12:00 AM

Environment:
- Lucy Wilde (Health: 25/25) [X: 35.29, Y: -58.96, Distance: 1.197549m]
- Tree (Health: 10/10) [X: 37.81, Y: -50.1, Distance: 8.65895m]

Inventory (3/10):
- Axe x 1
- Pickaxe x 1
- Sword x 1

Tasks:
[
  {
    "task": "Start a conversation with Lucy Wilde",
    "priority": 1
  },
  {
    "task": "Catch up with other villagers",
    "priority": 2
  },
  {
    "task": "Check on the mine",
    "priority": 3
  },
  {
    "task": "Store extra materials in chest",
    "priority": 4
  },
  {
    "task": "Chop trees",
    "priority": 5
  },
  {
    "task": "Drop axe",
    "priority": 6
  },
  {
    "task": "Drop pickaxe",
    "priority": 7
  },
  {
    "task": "Drop sword",
    "priority": 8
  },
  {
    "task": "Move to location X: 35.29, Y: -58.96",
    "priority": 9
  }
]

Memories:
- I'm still learning the different routes in the mine. [just now]
- It's tiring, but I'm determined to make everyone proud. [just now]
- I was startled by the sound of a mine cart today. [just now]
- The echo in the mines is fascinating. [just now]
- The lanterns light up the mines in such a mysterious way. [just now]
- The depth and darkness of the mines can be intimidating. [just now]
- I can't wait to tell my family about my adventures here. [just now]
- The older miners have so many stories to tell. [just now]
- I've always dreamed of being a miner like my father. [just now]
- The village has been supportive of my new journey. [just now]

Given the available information, pick the best available action function to accomplish your tasks.


[1691986816761] [31mAgent A3 is already occupied. Skipping...[39m
[1691986824109] [36m[CORTEX] Character 2 - Feel: [39mI feel pleasantly surprised and curious about Lucy's sudden interest in my well-being.
[1691986827392] [36m[CORTEX] Character 2 - Plan: [39mI plan to continue my work in the mines, hoping to achieve the same respect and admiration my father had. I also plan to reconnect with Lucy and understand her sudden concern for me.
[1691986830735] [36m[CORTEX] Character 2 - Say: [39mLucy, it's good to see you. I've just been keeping busy with work in the mines. I must say, your concern is unexpected. What brings you here?

[1691986858671] [36m[CORTEX] Character 2 - Feel: [39mI feel concerned and determined to give attention to the important issue Lucy has brought to my notice.
[1691986865856] [36m[CORTEX] Character 2 - Plan: [39mI am planning to immediately visit the northeastern part of the forest to investigate the signs of disease in the timber. I will also alert the village about this possible threat, and look for potential solutions to prevent it from spreading further.
[1691986869463] [36m[CORTEX] Character 2 - Say: [39mThat indeed sounds concerning, Lucy. I'll check out the situation as soon as possible. Do we have any idea how to tackle this?<say></Will Turner>

[1691986887685] [31m[createMemory][39m Lucy Wilde visited me to discuss an issue about disease signs in the timber of the northeastern part of the forest. [21.510828]
[1691986887685] [31m[createMemory][39m I felt surprised and curious about Lucy's sudden interest in my well-being. [21.510828]
[1691986887685] [31m[createMemory][39m Lucy suggested the timber disease could have a significant impact on our community and forest. [21.510828]
[1691986887685] [31m[createMemory][39m I planned to visit the forest immediately to investigate the issue and look for potential solutions. [21.510828]
[1691986888948] --- Prompt ---
[1691986888948] Character: 
- ID: A3
- Name: Will Turner
- Age: 19
- Occupation: Apprentice Miner
- Personality: Curious, Eager, Naive

Location: 36.447, -58.651

Time: Day 0, 9:27 AM

Environment:
- Lucy Wilde (Health: 25/25) [X: 35.29, Y: -58.96, Distance: 1.197549m]
- Tree (Health: 10/10) [X: 37.81, Y: -50.1, Distance: 8.65895m]

Inventory (3/10):
- Axe x 1
- Pickaxe x 1
- Sword x 1

Tasks:
[
  {
    "task": "Start a conversation with Eli Green",
    "priority": 1
  },
  {
    "task": "Catch up with other villagers",
    "priority": 2
  },
  {
    "task": "Check on the mine",
    "priority": 3
  },
  {
    "task": "Harvest from Stone Ore Deposit (Small) at X: 47.58, Y: 19.17",
    "priority": 4
  },
  {
    "task": "Harvest from Coal Ore Deposit (Small) at X: 54.64, Y: 16.97",
    "priority": 5
  },
  {
    "task": "Harvest from Copper Ore Deposit (Small) at X: 50.43, Y: 20.71",
    "priority": 5
  },
  {
    "task": "Store collected materials in chest at X: 50.52, Y: 14.5",
    "priority": 6
  },
  {
    "task": "Chop trees",
    "priority": 7
  },
  {
    "task": "Collect more materials for the village necessities",
    "priority": 8
  },
  {
    "task": "Have a rest until 7 AM",
    "priority": 9
  }
]

Memories:
- Lucy Wilde started a conversation with me. [7 hours ago]
- I'm still learning the different routes in the mine. [9 hours ago]
- It's tiring, but I'm determined to make everyone proud. [9 hours ago]
- Will Turner sees Lucy Wilde at X: 35.29, Y: -58.96. [9 hours ago]
- The lanterns light up the mines in such a mysterious way. [9 hours ago]
- The echo in the mines is fascinating. [9 hours ago]
- The depth and darkness of the mines can be intimidating. [9 hours ago]
- I can't wait to tell my family about my adventures here. [9 hours ago]
- The older miners have so many stories to tell. [9 hours ago]
- I've always dreamed of being a miner like my father. [9 hours ago]

Given the available information, pick the best available action function to accomplish your tasks.


[1691986892640] [31mAgent A3 is already occupied. Skipping...[39m
