[1692142311576] [Character] Creating Eli
[1692142312068] [31m[createMemory][39m I need to let Thomas know I'm going to explore. He's asked me in the past to let him know just in case I get hurt or lost. [0]
[1692142312068] [31m[createMemory][39m I once found a secret clearing in the woods, it's my personal hideout now. [0]
[1692142312068] [31m[createMemory][39m The world feels so big and full of wonders, I want to see them all! [0]
[1692142312068] [31m[createMemory][39m I saw a deer up close once, our eyes met and we just stared for a moment. [0]
[1692142312068] [31m[createMemory][39m Climbing trees is my favorite! The higher I go, the bigger the world looks. [0]
[1692142312068] [31m[createMemory][39m Lucy showed me how to listen to the forest, it's like it's telling stories. [0]
[1692142312068] [31m[createMemory][39m Every rock and leaf, every bird and bug, feels like a friend to me. [0]
[1692142312068] [31m[createMemory][39m I once got lost, but the stars guided me home. They're like nature's map! [0]
[1692142312068] [31m[createMemory][39m George tells me tales of old, turning every tree and hill into an adventure. [0]
[1692142312068] [31m[createMemory][39m I made a whistle out of a reed! Nature is full of surprises. [0]
[1692142312069] [31m[createMemory][39m The woods in autumn is my favorite. All those colors... like nature's painting! [0]
[1692142312069] [31m[createMemory][39m I wish I could talk to animals. Imagine the stories they'd tell! [0]
[1692142312069] [31m[createMemory][39m I've learned to move silently. That way, nature doesn’t hide from me. [0]
[1692142312069] [31m[createMemory][39m Lucy once said every tree has a story. I'm trying to learn them all. [0]
[1692142312069] [31m[createMemory][39m Rainy days? That's when the forest sings its loudest song! [0]
[1692142312069] [31m[createMemory][39m I dreamt I could fly like a bird, seeing the world from above. Maybe one day... [0]
[1692142315589] [Character] Eli created
[1692142338340] [31m[createMemory][39m Eli Green sees Tree at X: 38.75, Y: -9.01. [0]
[1692142338340] [31m[createMemory][39m Eli Green sees Tree at X: 44.56, Y: -1.91. [0]
[1692142338340] [31m[createMemory][39m Eli Green sees Tree at X: 42, Y: -0.3199997. [0]
[1692142338340] [31m[createMemory][39m Eli Green sees Thomas Smith at X: 38.71, Y: -4.52. [0]
[1692142338345] [31m[createMemory][39m Eli Green sees Tree at X: 36.24, Y: -8.09. [0]
[1692142340803] --- Prompt ---
[1692142340803] Character: 
- ID: A5
- Name: Eli Green
- Age: 12
- Occupation: Explorer
- Personality: Curious, Energetic, Kind-hearted

Location: 39.95, -4.89

Time: Day 0, 12:00 AM

Environment:
- Thomas Smith (Health: 25/25) [X: 38.71, Y: -4.52, Distance: 1.294026m]
- Tree (Health: 10/10) [X: 38.75, Y: -9.01, Distance: 4.291201m]
- Tree (Health: 10/10) [X: 36.24, Y: -8.09, Distance: 4.899397m]
- Tree (Health: 10/10) [X: 42, Y: -0.3199997, Distance: 5.008732m]
- Tree (Health: 10/10) [X: 44.56, Y: -1.91, Distance: 5.489308m]
- Tree (Health: 10/10) [X: 33.78, Y: -6.57, Distance: 6.394632m]
- Tree (Health: 10/10) [X: 33.43, Y: -4.91, Distance: 6.520031m]
- Tree (Health: 10/10) [X: 33.75, Y: -2.73, Distance: 6.565486m]
- Tree (Health: 10/10) [X: 36.64, Y: -10.67, Distance: 6.660669m]
- Tree (Health: 10/10) [X: 38.63, Y: -11.64, Distance: 6.877855m]
- Tree (Health: 10/10) [X: 41.03, Y: -11.7, Distance: 6.895108m]
- Tree (Health: 10/10) [X: 42.32, Y: 1.859999, Distance: 7.153976m]
- Tree (Health: 10/10) [X: 46.88, Y: -2.68, Distance: 7.273858m]
- Tree (Health: 10/10) [X: 34.4, Y: -10.23, Distance: 7.701824m]
- Tree (Health: 10/10) [X: 33.01, Y: -0.9500008, Distance: 7.980424m]
- Tree (Health: 10/10) [X: 45.86, Y: 0.8400002, Distance: 8.231709m]
- Tree (Health: 10/10) [X: 31.59, Y: -3.289999, Distance: 8.511734m]
- Tree (Health: 10/10) [X: 34.32, Y: 1.549999, Distance: 8.553976m]
- Tree (Health: 10/10) [X: 47.63, Y: -0.7000008, Distance: 8.748629m]

Inventory (3/10):
- Axe x 1
- Pickaxe x 1
- Sword x 1

Tasks:
[
  {
    "task": "Carry out your daily dutiies",
    "priority": 1
  },
  {
    "task": "Catch up with other villagers",
    "priority": 2
  }
]

Memories:
- Rainy days? That's when the forest sings its loudest song! [just now]
- George tells me tales of old, turning every tree and hill into an adventure. [just now]
- The world feels so big and full of wonders, I want to see them all! [just now]
- Lucy showed me how to listen to the forest, it's like it's telling stories. [just now]
- I wish I could talk to animals. Imagine the stories they'd tell! [just now]
- I've learned to move silently. That way, nature doesn’t hide from me. [just now]
- Lucy once said every tree has a story. I'm trying to learn them all. [just now]
- Every rock and leaf, every bird and bug, feels like a friend to me. [just now]
- I once got lost, but the stars guided me home. They're like nature's map! [just now]
- I once found a secret clearing in the woods, it's my personal hideout now. [just now]

Available Actions:
- move_to: Move to a target location
- drop_axe: Drop Axe onto the ground.
- drop_pickaxe: Drop Pickaxe onto the ground.
- drop_sword: Drop Sword onto the ground.
- start_conversation: Start a conversation with Thomas Smith (ID: A1).

Given the available information, update your task list. Take into consideration the time of day, environment, personality of the character, and more. Replace the entire JSON array by removing completed tasks, updating existing tasks with new information and priorities, and create new tasks based on the provided info. Keep the list as concise as possible. Remember focus on the time of day to adjust priorities.
[1692142358305] --- Response ---
[1692142358305] Updated Tasks: 
[1692142358305] [
  {
    "task": "Start a conversation with Thomas Smith to catch up",
    "priority": 1
  },
  {
    "task": "Explore surroundings",
    "priority": 2
  },
  {
    "task": "Find your personal hideout in the woods",
    "priority": 3
  },
  {
    "task": "Listen to the forest as Lucy taught",
    "priority": 4
  },
  {
    "task": "Practice moving silently through the forest",
    "priority": 5
  },
  {
    "task": "Study the trees and learn their stories",
    "priority": 6
  },
  {
    "task": "Look at the stars once it gets dark to understand their guidance",
    "priority": 7
  },
  {
    "task": "Prepare the tools for tomorrow's exploration",
    "priority": 8
  },
  {
    "task": "Dream about talking to animals",
    "priority": 9
  },
  {
    "task": "Rest and recover for tomorrow",
    "priority": 10
  }
]
[1692142358686] [31m[createMemory][39m Eli Green no longer sees Human at X: 35.83839, Y: -7.661604 [18.6618]
