[1691648787425] [Character] Creating Will
[1691648787818] [31m[createMemory][39m Today was my first day in the mines. [0]
[1691648787818] [31m[createMemory][39m George and Thomas have been really helpful. [0]
[1691648787818] [31m[createMemory][39m The depth and darkness of the mines can be intimidating. [0]
[1691648787818] [31m[createMemory][39m I accidentally broke a pickaxe on my first day. [0]
[1691648787818] [31m[createMemory][39m The older miners have so many stories to tell. [0]
[1691648787818] [31m[createMemory][39m I've always dreamed of being a miner like my father. [0]
[1691648787818] [31m[createMemory][39m The echo in the mines is fascinating. [0]
[1691648787818] [31m[createMemory][39m I need to remember to wear my helmet at all times. [0]
[1691648787818] [31m[createMemory][39m The village has been supportive of my new journey. [0]
[1691648787818] [31m[createMemory][39m I'm still learning the different routes in the mine. [0]
[1691648787818] [31m[createMemory][39m I was startled by the sound of a mine cart today. [0]
[1691648787818] [31m[createMemory][39m It's tiring, but I'm determined to make everyone proud. [0]
[1691648787818] [31m[createMemory][39m I hope to find a rare gem or mineral soon. [0]
[1691648787818] [31m[createMemory][39m The lanterns light up the mines in such a mysterious way. [0]
[1691648787818] [31m[createMemory][39m I can't wait to tell my family about my adventures here. [0]
[1691648787886] [getMemoryImportance] Getting importance for memory: Today was my first day in the mines.
[1691648787887] [getMemoryImportance] Getting importance for memory: George and Thomas have been really helpful.
[1691648787887] [getMemoryImportance] Getting importance for memory: The depth and darkness of the mines can be intimidating.
[1691648787887] [getMemoryImportance] Getting importance for memory: I accidentally broke a pickaxe on my first day.
[1691648787887] [getMemoryImportance] Getting importance for memory: The older miners have so many stories to tell.
[1691648787887] [getMemoryImportance] Getting importance for memory: I've always dreamed of being a miner like my father.
[1691648787887] [getMemoryImportance] Getting importance for memory: The echo in the mines is fascinating.
[1691648787887] [getMemoryImportance] Getting importance for memory: I need to remember to wear my helmet at all times.
[1691648787887] [getMemoryImportance] Getting importance for memory: The village has been supportive of my new journey.
[1691648787888] [getMemoryImportance] Getting importance for memory: I'm still learning the different routes in the mine.
[1691648787888] [getMemoryImportance] Getting importance for memory: I was startled by the sound of a mine cart today.
[1691648787888] [getMemoryImportance] Getting importance for memory: It's tiring, but I'm determined to make everyone proud.
[1691648787888] [getMemoryImportance] Getting importance for memory: I hope to find a rare gem or mineral soon.
[1691648787888] [getMemoryImportance] Getting importance for memory: The lanterns light up the mines in such a mysterious way.
[1691648787888] [getMemoryImportance] Getting importance for memory: I can't wait to tell my family about my adventures here.
[1691648788071] [getMemoryImportance] Importance: [object Object]
[1691648788071] [getMemoryImportance] Importance: [object Object]
[1691648788072] [getMemoryImportance] Importance: [object Object]
[1691648788072] [getMemoryImportance] Importance: [object Object]
[1691648788075] [getMemoryImportance] Importance: [object Object]
[1691648788085] [getMemoryImportance] Importance: [object Object]
[1691648788090] [getMemoryImportance] Importance: [object Object]
[1691648788093] [getMemoryImportance] Importance: [object Object]
[1691648788105] [getMemoryImportance] Importance: [object Object]
[1691648788105] [getMemoryImportance] Importance: [object Object]
[1691648788105] [getMemoryImportance] Importance: [object Object]
[1691648788109] [getMemoryImportance] Importance: [object Object]
[1691648788109] [getMemoryImportance] Importance: [object Object]
[1691648788132] [getMemoryImportance] Importance: [object Object]
[1691648788577] [getMemoryImportance] Importance: [object Object]
[1691648790357] [Character] Will created
