[1693109575024] [Character] Creating Thomas
[1693109575193] [31m[createMemory][39m I should be asleep until 7am. [0]
[1693109575194] [31m[createMemory][39m It's my job to protect the village. [0]
[1693109575194] [31m[createMemory][39m I need to make sure everyone is safe. [0]
[1693109575194] [31m[createMemory][39m I do the work that no one else wants to do. [0]
[1693109575194] [31m[createMemory][39m I try to be as honest as possible. [0]
[1693109575194] [31m[createMemory][39m I'm not afraid of anything. [0]
[1693109575194] [31m[createMemory][39m I go to bed at 10pm. [0]
[1693109575194] [31m[createMemory][39m I like strawberries. [0]
[1693109575195] [31m[createMemory][39m The village location is 2, -58. [0]
[1693109575195] [31m[createMemory][39m The mine site is at 51, 17. [0]
[1693109575195] [31m[createMemory][39m The lumberyard is at 72, -55.1 [0]
[1693109575195] [31m[createMemory][39m The campsite is at 7, -8.3 [0]
[1693109575195] [31m[createMemory][39m The Nume River flows through the village. [0]
[1693109575195] [31m[createMemory][39m Nume Falls are north of the village, and west of the campsite. [0]
[1693109575195] [31m[createMemory][39m The area is surrounded by forested monutains, filled with wildlife, rivers, and lakes. [0]
[1693109577953] [Character] Thomas created
[1693109636825] [31m[createMemory][39m Thomas Smith sees Stone Ore Deposit (Small) at X: 45.73, Y: 15.31. [0]
[1693109636831] [31m[createMemory][39m Thomas Smith sees Tree at X: 47.72001, Y: 10.21. [0]
[1693109636833] [31m[createMemory][39m Thomas Smith sees Chest at X: 50.52, Y: 14.5. [0]
[1693109636833] [31m[createMemory][39m Thomas Smith sees Tree at X: 50.77, Y: 9.22. [0]
[1693109636838] [31m[createMemory][39m Thomas Smith sees Tree at X: 45.24001, Y: 10.2. [0]
[1693109636838] [31m[createMemory][39m Thomas Smith sees Stone Ore Deposit (Medium) at X: 46.05, Y: 17.85. [0]
[1693109636841] [31m[createMemory][39m Thomas Smith sees Tree at X: 52.41, Y: 11.03. [0]
[1693109668402] [31m[createMemory][39m Thomas Smith sees Stone Ore Deposit (Medium) at X: 42.53862, Y: 17.00157. [30.9015446]
[1693109668416] [31m[createMemory][39m Thomas Smith no longer sees Tree (486) at X: 52.41, Y: 11.03 [30.94189]
[1693109668464] [31m[createMemory][39m Thomas Smith no longer sees Tree (484) at X: 50.77, Y: 9.22 [30.9601688]
[1693109668656] [31m[createMemory][39m Thomas Smith sees Stone Ore Deposit (Small) at X: 41.33658, Y: 13.99647. [31.1808929]
[1693109668914] [31m[createMemory][39m Thomas Smith sees Eli Green at X: 41.20406, Y: 14.52373. [31.42007]
[1693109669735] [31m[createMemory][39m Thomas Smith no longer sees Chest (1) at X: 50.52, Y: 14.5 [32.2201042]
[1693109670677] [31m[createMemory][39m Thomas Smith sees Stone Ore Deposit (Small) at X: 38.24, Y: 15.93. [33.1816139]
[1693109670762] [31m[createMemory][39m Thomas Smith no longer sees Tree (481) at X: 47.72001, Y: 10.21 [33.1214]
[1693109670832] [31m[createMemory][39m Thomas Smith sees Stone Ore Deposit (Large) at X: 40.75, Y: 19.74. [33.36042]
