[1693185342437] [Character] Creating Thomas
[1693185342782] [31m[createMemory][39m I should be asleep until 7am. [0]
[1693185342782] [31m[createMemory][39m It's my job to protect the village. [0]
[1693185342782] [31m[createMemory][39m I need to make sure everyone is safe. [0]
[1693185342782] [31m[createMemory][39m I do the work that no one else wants to do. [0]
[1693185342782] [31m[createMemory][39m I try to be as honest as possible. [0]
[1693185342782] [31m[createMemory][39m I'm not afraid of anything. [0]
[1693185342782] [31m[createMemory][39m I go to bed at 10pm. [0]
[1693185342782] [31m[createMemory][39m I like strawberries. [0]
[1693185342782] [31m[createMemory][39m The village location is 2, -58. [0]
[1693185342782] [31m[createMemory][39m The mine site is at 51, 17. [0]
[1693185342782] [31m[createMemory][39m The lumberyard is at 72, -55.1 [0]
[1693185342782] [31m[createMemory][39m The campsite is at 7, -8.3 [0]
[1693185342782] [31m[createMemory][39m The Nume River flows through the village. [0]
[1693185342782] [31m[createMemory][39m Nume Falls are north of the village, and west of the campsite. [0]
[1693185342782] [31m[createMemory][39m The area is surrounded by forested monutains, filled with wildlife, rivers, and lakes. [0]
[1693185345215] [Character] Thomas created
[1693185398628] [31m[createMemory][39m Thomas Smith picked up Stone at X: 46.89751, Y: 15.21748 [7.88041925]
[1693185405886] [31m[createMemory][39m Thomas Smith picked up Stone at X: 45.85176, Y: 18.77264 [15.1409378]
[1693185414458] [31m[createMemory][39m Thomas Smith picked up Wood at X: 46.61375, Y: 10.13959 [23.7412128]
