[1693113075236] [Character] Creating Thomas
[1693113075571] [31m[createMemory][39m I should be asleep until 7am. [0]
[1693113075571] [31m[createMemory][39m It's my job to protect the village. [0]
[1693113075571] [31m[createMemory][39m I need to make sure everyone is safe. [0]
[1693113075571] [31m[createMemory][39m I do the work that no one else wants to do. [0]
[1693113075571] [31m[createMemory][39m I try to be as honest as possible. [0]
[1693113075571] [31m[createMemory][39m I'm not afraid of anything. [0]
[1693113075571] [31m[createMemory][39m I go to bed at 10pm. [0]
[1693113075571] [31m[createMemory][39m I like strawberries. [0]
[1693113075571] [31m[createMemory][39m The village location is 2, -58. [0]
[1693113075571] [31m[createMemory][39m The mine site is at 51, 17. [0]
[1693113075571] [31m[createMemory][39m The lumberyard is at 72, -55.1 [0]
[1693113075571] [31m[createMemory][39m The campsite is at 7, -8.3 [0]
[1693113075571] [31m[createMemory][39m The Nume River flows through the village. [0]
[1693113075571] [31m[createMemory][39m Nume Falls are north of the village, and west of the campsite. [0]
[1693113075571] [31m[createMemory][39m The area is surrounded by forested monutains, filled with wildlife, rivers, and lakes. [0]
[1693113078082] [Character] Thomas created
[1693113107345] [31m[createMemory][39m Thomas Smith sees Tree at X: 52.41, Y: 11.03. [0]
[1693113107349] [31m[createMemory][39m Thomas Smith sees Chest at X: 50.52, Y: 14.5. [0]
[1693113107360] [31m[createMemory][39m Thomas Smith sees Tree at X: 47.72001, Y: 10.21. [0]
[1693113107360] [31m[createMemory][39m Thomas Smith sees Stone Ore Deposit (Medium) at X: 46.05, Y: 17.85. [0]
[1693113107362] [31m[createMemory][39m Thomas Smith sees Tree at X: 50.77, Y: 9.22. [0]
[1693113107371] [31m[createMemory][39m Thomas Smith sees Stone Ore Deposit (Small) at X: 45.73, Y: 15.31. [0]
[1693113107372] [31m[createMemory][39m Thomas Smith sees Tree at X: 45.24001, Y: 10.2. [0]
[1693113111281] [31m[createMemory][39m Thomas Smith sees Stone Ore Deposit (Medium) at X: 42.53862, Y: 17.00157. [3.16153884]
[1693113111334] [31m[createMemory][39m Thomas Smith no longer sees Tree (486) at X: 52.41, Y: 11.03 [3.201277]
[1693113111335] [31m[createMemory][39m Thomas Smith no longer sees Tree (484) at X: 50.77, Y: 9.22 [3.2209444]
[1693113111542] [31m[createMemory][39m Thomas Smith sees Stone Ore Deposit (Small) at X: 41.33658, Y: 13.99647. [3.44118285]
[1693113119227] [31m[createMemory][39m Thomas Smith no longer sees Chest (1) at X: 50.52, Y: 14.5 [11.1422548]
[1693113120139] [31m[createMemory][39m Thomas Smith sees Stone Ore Deposit (Small) at X: 38.24, Y: 15.93. [12.0617456]
[1693113120325] [31m[createMemory][39m Thomas Smith no longer sees Tree (481) at X: 47.72001, Y: 10.21 [12.24108]
[1693113120635] [31m[createMemory][39m Thomas Smith sees Eli Green at X: 39.08, Y: 10. [12.5416813]
[1693113120974] [31m[createMemory][39m Thomas Smith no longer sees StoneOreMedium (1) at X: 46.05, Y: 17.85 [12.8605261]
[1693113123278] [31m[createMemory][39m Thomas Smith sees Stone Ore Deposit (Medium) at X: 46.05, Y: 17.85. [15.1405258]
[1693113123425] [31m[createMemory][39m Thomas Smith no longer sees Human (4) at X: 39.08, Y: 10 [15.3412561]
[1693113123857] [31m[createMemory][39m Thomas Smith sees Stone Ore Deposit (Large) at X: 40.75, Y: 19.74. [15.7207251]
[1693113124192] [31m[createMemory][39m Thomas Smith sees Stone Ore Deposit (Large) at X: 44.3, Y: 20.36. [16.1018047]
[1693113124467] [31m[createMemory][39m Thomas Smith sees Stone Ore Deposit (Small) at X: 47.58, Y: 19.17. [16.3824844]
[1693113124649] [31m[createMemory][39m Thomas Smith no longer sees StoneOreSmall (6) at X: 38.24, Y: 15.93 [16.5610065]
[1693113124713] [31m[createMemory][39m Thomas Smith no longer sees Tree (479) at X: 45.24001, Y: 10.2 [16.62164]
[1693113125366] [31m[createMemory][39m Thomas Smith sees Stone Ore Deposit (Small) at X: 38.24, Y: 15.93. [17.2615871]
[1693113125408] [31m[createMemory][39m Thomas Smith sees Tree at X: 45.24001, Y: 10.2. [17.3214626]
[1693113125570] [31m[createMemory][39m Thomas Smith no longer sees StoneOreSmall (5) at X: 47.58, Y: 19.17 [17.48258]
[1693113125938] [31m[createMemory][39m Thomas Smith no longer sees StoneOreLarge (2) at X: 44.3, Y: 20.36 [17.8205738]
[1693113131551] [31m[createMemory][39m Thomas Smith no longer sees StoneOreLarge (1) at X: 40.75, Y: 19.74 [23.4616146]
[1693113132846] [31m[createMemory][39m Thomas Smith sees Tree at X: 47.72001, Y: 10.21. [24.7610416]
[1693113132926] [31m[createMemory][39m Thomas Smith no longer sees StoneOreMedium (1) at X: 46.05, Y: 17.85 [24.841074]
[1693113133248] [31m[createMemory][39m Thomas Smith no longer sees StoneOreSmall (6) at X: 38.24, Y: 15.93 [25.1615162]
[1693113133807] [31m[createMemory][39m Thomas Smith no longer sees StoneOreMedium at X: 42.53862, Y: 17.00157 [25.7208576]
[1693113134079] [31m[createMemory][39m Thomas Smith sees Tree at X: 42.12, Y: 5.77. [25.98253]
[1693113134151] [31m[createMemory][39m Thomas Smith sees Eli Green at X: 41.88587, Y: 6.117873. [26.0607262]
[1693113134413] [31m[createMemory][39m Thomas Smith no longer sees StoneOreSmall (4) at X: 45.73, Y: 15.31 [26.32049]
[1693113134665] [31m[createMemory][39m Thomas Smith sees Tree at X: 45.84, Y: 5.299999. [26.5809517]
[1693113135466] [31m[createMemory][39m Thomas Smith no longer sees StoneOreSmall (3) at X: 41.33658, Y: 13.99647 [27.3804684]
[1693113136009] [31m[createMemory][39m Thomas Smith no longer sees Tree (481) at X: 47.72001, Y: 10.21 [27.9212818]
[1693113136106] [31m[createMemory][39m Thomas Smith sees Tree at X: 44.99, Y: 2.73. [28.0220757]
