[1692322771203] [Character] Creating Thomas
[1692322771371] [31m[createMemory][39m I should be asleep until 7am. [0]
[1692322771372] [31m[createMemory][39m It's my job to protect the village. [0]
[1692322771372] [31m[createMemory][39m I need to make sure everyone is safe. [0]
[1692322771372] [31m[createMemory][39m I do the work that no one else wants to do. [0]
[1692322771372] [31m[createMemory][39m I try to be as honest as possible. [0]
[1692322771373] [31m[createMemory][39m I'm not afraid of anything. [0]
[1692322771373] [31m[createMemory][39m I go to bed at 10pm. [0]
[1692322771373] [31m[createMemory][39m I like strawberries. [0]
[1692322771373] [31m[createMemory][39m The village location is 2, -58. [0]
[1692322771374] [31m[createMemory][39m The mine site is at 51, 17. [0]
[1692322771374] [31m[createMemory][39m The lumberyard is at 72, -55.1 [0]
[1692322771375] [31m[createMemory][39m The campsite is at 7, -8.3 [0]
[1692322771375] [31m[createMemory][39m The Nume River flows through the village. [0]
[1692322771375] [31m[createMemory][39m Nume Falls are north of the village, and west of the campsite. [0]
[1692322771375] [31m[createMemory][39m The area is surrounded by forested monutains, filled with wildlife, rivers, and lakes. [0]
[1692322774866] [Character] Thomas created
[1692322812511] [31m[createMemory][39m Thomas Smith sees Eli Green at X: 39.95, Y: -4.89. [0]
[1692322812520] [31m[createMemory][39m Thomas Smith sees Tree at X: 42, Y: -0.3199997. [0]
[1692322812521] [31m[createMemory][39m Thomas Smith sees Tree at X: 44.56, Y: -1.91. [0]
[1692322812521] [31m[createMemory][39m Thomas Smith sees Tree at X: 38.75, Y: -9.01. [0]
[1692322814199] --- Prompt ---
[1692322814199] Character: 
- ID: A1
- Name: Thomas Smith
- Age: 32
- Occupation: Village Leader
- Personality: Brave, Calm, Honest

Location: 41.18, -4.89

Time: Day 0, 12:00 AM

Environment:
- Eli Green (Health: 25/25) [X: 39.95, Y: -4.89, Distance: 1.23m]
- Tree (Health: 10/10) [X: 44.56, Y: -1.91, Distance: 4.506085m]
- Tree (Health: 10/10) [X: 42, Y: -0.3199997, Distance: 4.642984m]
- Tree (Health: 10/10) [X: 38.75, Y: -9.01, Distance: 4.783232m]
- Tree (Health: 10/10) [X: 36.24, Y: -8.09, Distance: 5.88588m]
- Tree (Health: 10/10) [X: 46.88, Y: -2.68, Distance: 6.113437m]
- Tree (Health: 10/10) [X: 41.03, Y: -11.7, Distance: 6.811653m]
- Tree (Health: 10/10) [X: 42.32, Y: 1.859999, Distance: 6.845588m]
- Tree (Health: 10/10) [X: 38.63, Y: -11.64, Distance: 7.215607m]
- Tree (Health: 10/10) [X: 36.64, Y: -10.67, Distance: 7.349831m]
- Tree (Health: 10/10) [X: 45.86, Y: 0.8400002, Distance: 7.398334m]
- Tree (Health: 10/10) [X: 33.78, Y: -6.57, Distance: 7.588308m]
- Tree (Health: 10/10) [X: 47.63, Y: -0.7000008, Distance: 7.691463m]
- Tree (Health: 10/10) [X: 48.91, Y: -5.23, Distance: 7.737473m]
- Tree (Health: 10/10) [X: 33.75, Y: -2.73, Distance: 7.737603m]
- Tree (Health: 10/10) [X: 33.43, Y: -4.91, Distance: 7.750026m]
- Tree (Health: 10/10) [X: 48.84, Y: -7.200001, Distance: 8.000731m]
- Tree (Health: 10/10) [X: 44.99, Y: 2.73, Distance: 8.519419m]

Inventory (3/10):
- Axe x 1
- Pickaxe x 1
- Sword x 1

Tasks:
[
  {
    "task": "Carry out your daily dutiies",
    "priority": 1
  },
  {
    "task": "Catch up with other villagers",
    "priority": 2
  }
]

Memories:
- It's my job to protect the village. [just now]
- I do the work that no one else wants to do. [just now]
- I need to make sure everyone is safe. [just now]
- I try to be as honest as possible. [just now]
- The Nume River flows through the village. [just now]
- I'm not afraid of anything. [just now]
- The lumberyard is at 72, -55.1 [just now]
- I like strawberries. [just now]
- The campsite is at 7, -8.3 [just now]
- The area is surrounded by forested monutains, filled with wildlife, rivers, and lakes. [just now]
- Thomas Smith sees Tree at X: 42, Y: -0.3199997. [just now]

Available Actions:
- move_to: Move to a target location
- drop_axe: Drop Axe onto the ground.
- drop_pickaxe: Drop Pickaxe onto the ground.
- drop_sword: Drop Sword onto the ground.
- start_conversation: Start a conversation with Eli Green (ID: A5).

Given the available information, update your task list. Take into consideration the time of day, environment, personality of the character, and more. Replace the entire JSON array by removing completed tasks, updating existing tasks with new information and priorities, and create new tasks based on the provided info. Keep the list as concise as possible. Remember focus on the time of day to adjust priorities.
[1692322832894] --- Response ---
[1692322832894] Updated Tasks: 
[1692322832895] [
  {
    "task": "Start a conversation with Eli Green",
    "priority": 1
  },
  {
    "task": "Carry out your daily duties",
    "priority": 2
  },
  {
    "task": "Catch up with other villagers",
    "priority": 3
  },
  {
    "task": "Check health and stability of surrounding trees",
    "priority": 4
  },
  {
    "task": "Assess village surroundings for potential threats",
    "priority": 5
  },
  {
    "task": "Visit lumberyard at 72, -55.1",
    "priority": 6
  },
  {
    "task": "Visit campsite at 7, -8.3",
    "priority": 7
  }
]
[1692322835569] [31m[createMemory][39m Eli Green started a conversation with me. [22.6535587]
[1692322837794] --- Prompt ---
[1692322837795] Character: 
- ID: A1
- Name: Thomas Smith
- Age: 32
- Occupation: Village Leader
- Personality: Brave, Calm, Honest

Location: 41.18, -4.89

Time: Day 0, 12:00 AM

Environment:
- Eli Green (Health: 25/25) [X: 39.95, Y: -4.89, Distance: 1.23m]
- Tree (Health: 10/10) [X: 44.56, Y: -1.91, Distance: 4.506085m]
- Tree (Health: 10/10) [X: 42, Y: -0.3199997, Distance: 4.642984m]
- Tree (Health: 10/10) [X: 38.75, Y: -9.01, Distance: 4.783232m]
- Tree (Health: 10/10) [X: 36.24, Y: -8.09, Distance: 5.88588m]
- Tree (Health: 10/10) [X: 46.88, Y: -2.68, Distance: 6.113437m]
- Tree (Health: 10/10) [X: 41.03, Y: -11.7, Distance: 6.811653m]
- Tree (Health: 10/10) [X: 42.32, Y: 1.859999, Distance: 6.845588m]
- Tree (Health: 10/10) [X: 38.63, Y: -11.64, Distance: 7.215607m]
- Tree (Health: 10/10) [X: 36.64, Y: -10.67, Distance: 7.349831m]
- Tree (Health: 10/10) [X: 45.86, Y: 0.8400002, Distance: 7.398334m]
- Tree (Health: 10/10) [X: 33.78, Y: -6.57, Distance: 7.588308m]
- Tree (Health: 10/10) [X: 47.63, Y: -0.7000008, Distance: 7.691463m]
- Tree (Health: 10/10) [X: 48.91, Y: -5.23, Distance: 7.737473m]
- Tree (Health: 10/10) [X: 33.75, Y: -2.73, Distance: 7.737603m]
- Tree (Health: 10/10) [X: 33.43, Y: -4.91, Distance: 7.750026m]
- Tree (Health: 10/10) [X: 48.84, Y: -7.200001, Distance: 8.000731m]
- Tree (Health: 10/10) [X: 44.99, Y: 2.73, Distance: 8.519419m]

Inventory (3/10):
- Axe x 1
- Pickaxe x 1
- Sword x 1

Tasks:
[
  {
    "task": "Start a conversation with Eli Green",
    "priority": 1
  },
  {
    "task": "Carry out your daily duties",
    "priority": 2
  },
  {
    "task": "Catch up with other villagers",
    "priority": 3
  },
  {
    "task": "Check health and stability of surrounding trees",
    "priority": 4
  },
  {
    "task": "Assess village surroundings for potential threats",
    "priority": 5
  },
  {
    "task": "Visit lumberyard at 72, -55.1",
    "priority": 6
  },
  {
    "task": "Visit campsite at 7, -8.3",
    "priority": 7
  }
]

Memories:
- The lumberyard is at 72, -55.1 [just now]
- I do the work that no one else wants to do. [just now]
- I try to be as honest as possible. [just now]
- The Nume River flows through the village. [just now]
- Thomas Smith sees Tree at X: 42, Y: -0.3199997. [just now]
- The area is surrounded by forested monutains, filled with wildlife, rivers, and lakes. [just now]
- I like strawberries. [just now]
- It's my job to protect the village. [just now]
- Thomas Smith sees Eli Green at X: 39.95, Y: -4.89. [just now]
- I need to make sure everyone is safe. [just now]

Given the available information, pick the best available action function to accomplish your tasks.


[1692322843118] [31mAgent A1 is already occupied. Skipping...[39m
[1692322844819] [36m[CORTEX] Character 2 - Feel: [39mI feel amused by this man's misconstrued perception of my presence in the woods as simple exploration
[1692322847096] [36m[CORTEX] Character 2 - Plan: [39mTo further assert his dominance over the newcomer, establishing his place of power in the woods.
[1692322851984] [36m[CORTEX] Character 2 - Say: [39mEli, is it? Yes, one could say I've been 'here' for quite some time, long before your kind found amusement in 'exploring' these woods. My reign here is as enduring as the rocks themselves.

[1692322873822] --- Prompt ---
[1692322873822] Character: 
- ID: A1
- Name: Thomas Smith
- Age: 32
- Occupation: Village Leader
- Personality: Brave, Calm, Honest

Location: 41.18, -4.89

Time: Day 0, 5:40 AM

Environment:
- Eli Green (Health: 25/25) [X: 39.95, Y: -4.89, Distance: 1.23m]
- Tree (Health: 10/10) [X: 44.56, Y: -1.91, Distance: 4.506085m]
- Tree (Health: 10/10) [X: 42, Y: -0.3199997, Distance: 4.642984m]
- Tree (Health: 10/10) [X: 38.75, Y: -9.01, Distance: 4.783232m]
- Tree (Health: 10/10) [X: 36.24, Y: -8.09, Distance: 5.88588m]
- Tree (Health: 10/10) [X: 46.88, Y: -2.68, Distance: 6.113437m]
- Tree (Health: 10/10) [X: 41.03, Y: -11.7, Distance: 6.811653m]
- Tree (Health: 10/10) [X: 42.32, Y: 1.859999, Distance: 6.845588m]
- Tree (Health: 10/10) [X: 38.63, Y: -11.64, Distance: 7.215607m]
- Tree (Health: 10/10) [X: 36.64, Y: -10.67, Distance: 7.349831m]
- Tree (Health: 10/10) [X: 45.86, Y: 0.8400002, Distance: 7.398334m]
- Tree (Health: 10/10) [X: 33.78, Y: -6.57, Distance: 7.588308m]
- Tree (Health: 10/10) [X: 47.63, Y: -0.7000008, Distance: 7.691463m]
- Tree (Health: 10/10) [X: 48.91, Y: -5.23, Distance: 7.737473m]
- Tree (Health: 10/10) [X: 33.75, Y: -2.73, Distance: 7.737603m]
- Tree (Health: 10/10) [X: 33.43, Y: -4.91, Distance: 7.750026m]
- Tree (Health: 10/10) [X: 48.84, Y: -7.200001, Distance: 8.000731m]
- Tree (Health: 10/10) [X: 44.99, Y: 2.73, Distance: 8.519419m]

Inventory (3/10):
- Axe x 1
- Pickaxe x 1
- Sword x 1

Tasks:
[
  {
    "task": "Start a conversation with Eli Green",
    "priority": 1
  },
  {
    "task": "Carry out your daily duties",
    "priority": 2
  },
  {
    "task": "Catch up with other villagers",
    "priority": 3
  },
  {
    "task": "Check health and stability of surrounding trees",
    "priority": 4
  },
  {
    "task": "Assess village surroundings for potential threats",
    "priority": 5
  },
  {
    "task": "Visit lumberyard at 72, -55.1",
    "priority": 6
  },
  {
    "task": "Visit campsite at 7, -8.3",
    "priority": 7
  }
]

Memories:
- Eli Green started a conversation with me. [3 hours ago]
- The lumberyard is at 72, -55.1 [5 hours ago]
- I do the work that no one else wants to do. [5 hours ago]
- I try to be as honest as possible. [5 hours ago]
- Thomas Smith sees Tree at X: 42, Y: -0.3199997. [5 hours ago]
- I like strawberries. [5 hours ago]
- Thomas Smith sees Eli Green at X: 39.95, Y: -4.89. [5 hours ago]
- The Nume River flows through the village. [5 hours ago]
- The area is surrounded by forested monutains, filled with wildlife, rivers, and lakes. [5 hours ago]
- It's my job to protect the village. [5 hours ago]

Hitbox (what you would hit with a swing based action):
- Eli Green (Health: 25/25)

Given the available information, pick the best available action function to accomplish your tasks.


[1692322877217] [31m[createMemory][39m Eli Green started a conversation with me. [64.31724]
[1692322880353] [31mAgent A1 is already occupied. Skipping...[39m
[1692322889581] [36m[CORTEX] Character 2 - Feel: [39mI feel amused by your audacity to invite me to a measly little adventure, but it might serve as a decent way to pass the time.
[1692322892264] [36m[CORTEX] Character 2 - Plan: [39mI plan to accompany Eli Green on this so-called adventure, if only to humour him.
[1692322896122] [36m[CORTEX] Character 2 - Say: [39mAn adventure, you say? What a laughable proposition! But my day could use a touch of amusement. Lead the way, Green. This should be entertaining at the very least.

