[1691540174194] [Character] Creating Will
[1691540174652] [31m[createMemory][39m Today was my first day in the mines. [0]
[1691540174652] [31m[createMemory][39m George and Thomas have been really helpful. [0]
[1691540174652] [31m[createMemory][39m The depth and darkness of the mines can be intimidating. [0]
[1691540174652] [31m[createMemory][39m I accidentally broke a pickaxe on my first day. [0]
[1691540174652] [31m[createMemory][39m The older miners have so many stories to tell. [0]
[1691540174652] [31m[createMemory][39m I've always dreamed of being a miner like my father. [0]
[1691540174652] [31m[createMemory][39m The echo in the mines is fascinating. [0]
[1691540174652] [31m[createMemory][39m I need to remember to wear my helmet at all times. [0]
[1691540174652] [31m[createMemory][39m The village has been supportive of my new journey. [0]
[1691540174652] [31m[createMemory][39m I'm still learning the different routes in the mine. [0]
[1691540174652] [31m[createMemory][39m I was startled by the sound of a mine cart today. [0]
[1691540174652] [31m[createMemory][39m It's tiring, but I'm determined to make everyone proud. [0]
[1691540174652] [31m[createMemory][39m I hope to find a rare gem or mineral soon. [0]
[1691540174652] [31m[createMemory][39m The lanterns light up the mines in such a mysterious way. [0]
[1691540174652] [31m[createMemory][39m I can't wait to tell my family about my adventures here. [0]
[1691540177597] [Chracter] Will created
[1691540398535] [31m[createMemory][39m Will Turner sees Chest at X: 72.52, Y: -55.49. [0]
[1691540398535] [31m[createMemory][39m Will Turner sees Tree at X: 65.4, Y: -57.25. [0]
[1691540398535] [31m[createMemory][39m Will Turner sees Tree at X: 70.74, Y: -63.48. [0]
[1691540398535] [31m[createMemory][39m Will Turner sees Tree at X: 67.51, Y: -58.39. [0]
[1691540398535] [31m[createMemory][39m Will Turner sees Tree at X: 74.12, Y: -58.91. [0]
[1691540398535] [31m[createMemory][39m Will Turner sees Tree at X: 75.83, Y: -61.41. [0]
[1691540398535] [31m[createMemory][39m Will Turner sees Tree at X: 72.97, Y: -62.64. [0]
