[1691988195499] [Character] Creating Will
[1691988195759] [31m[createMemory][39m Today was my first day in the mines. [0]
[1691988195760] [31m[createMemory][39m George and Thomas have been really helpful. [0]
[1691988195760] [31m[createMemory][39m The depth and darkness of the mines can be intimidating. [0]
[1691988195760] [31m[createMemory][39m I accidentally broke a pickaxe on my first day. [0]
[1691988195760] [31m[createMemory][39m The older miners have so many stories to tell. [0]
[1691988195760] [31m[createMemory][39m I've always dreamed of being a miner like my father. [0]
[1691988195760] [31m[createMemory][39m The echo in the mines is fascinating. [0]
[1691988195760] [31m[createMemory][39m I need to remember to wear my helmet at all times. [0]
[1691988195760] [31m[createMemory][39m The village has been supportive of my new journey. [0]
[1691988195760] [31m[createMemory][39m I'm still learning the different routes in the mine. [0]
[1691988195761] [31m[createMemory][39m I was startled by the sound of a mine cart today. [0]
[1691988195761] [31m[createMemory][39m It's tiring, but I'm determined to make everyone proud. [0]
[1691988195761] [31m[createMemory][39m I hope to find a rare gem or mineral soon. [0]
[1691988195761] [31m[createMemory][39m The lanterns light up the mines in such a mysterious way. [0]
[1691988195761] [31m[createMemory][39m I can't wait to tell my family about my adventures here. [0]
[1691988199249] [Character] Will created
[1691988207321] [31m[createMemory][39m Will Turner sees Lucy Wilde at X: 35.29, Y: -58.96. [0]
[1691988210170] --- Prompt ---
[1691988210170] Character: 
- ID: A3
- Name: Will Turner
- Age: 19
- Occupation: Apprentice Miner
- Personality: Curious, Eager, Naive

Location: 36.447, -58.651

Time: Day 0, 12:00 AM

Environment:
- Lucy Wilde (Health: 25/25) [X: 35.29, Y: -58.96, Distance: 1.197549m]
- Tree (Health: 10/10) [X: 37.81, Y: -50.1, Distance: 8.65895m]

Inventory (3/10):
- Axe x 1
- Pickaxe x 1
- Sword x 1

Tasks:
[
  {
    "task": "Catch up with other villagers",
    "priority": 1
  },
  {
    "task": "Check on the mine",
    "priority": 2
  },
  {
    "task": "Store extra materials in chest",
    "priority": 2
  },
  {
    "task": "Chop trees",
    "priority": 3
  }
]

Memories:
- The village has been supportive of my new journey. [just now]
- I can't wait to tell my family about my adventures here. [just now]
- Today was my first day in the mines. [just now]
- The lanterns light up the mines in such a mysterious way. [just now]
- I was startled by the sound of a mine cart today. [just now]
- I'm still learning the different routes in the mine. [just now]
- The older miners have so many stories to tell. [just now]
- I've always dreamed of being a miner like my father. [just now]
- The echo in the mines is fascinating. [just now]
- The depth and darkness of the mines can be intimidating. [just now]

Available Actions:
- move_to: Move to a target location
- drop_axe: Drop Axe onto the ground.
- drop_pickaxe: Drop Pickaxe onto the ground.
- drop_sword: Drop Sword onto the ground.
- start_conversation: Start a conversation with Lucy Wilde (ID: A4).

Given the available information, update your task list. Take into consideration the time of day, environment, personality of the character, and more. Replace the entire JSON array by removing completed tasks, updating existing tasks with new information and priorities, and create new tasks based on the provided info. Keep the list as concise as possible. Remember focus on the time of day to adjust priorities.
[1691988217762] --- Response ---
[1691988217762] Updated Tasks: 
[1691988217762] [
  {
    "task": "Start a conversation with Lucy Wilde",
    "priority": 1
  },
  {
    "task": "Check on the mine",
    "priority": 2
  },
  {
    "task": "Catch up with other villagers",
    "priority": 3
  },
  {
    "task": "Store extra materials in chest",
    "priority": 4
  },
  {
    "task": "Chop trees",
    "priority": 5
  },
  {
    "task": "Prepare for night time (find shelter, build a fire etc.)",
    "priority": 6
  }
]
[1691988220643] --- Prompt ---
[1691988220643] Character: 
- ID: A3
- Name: Will Turner
- Age: 19
- Occupation: Apprentice Miner
- Personality: Curious, Eager, Naive

Location: 36.447, -58.651

Time: Day 0, 12:00 AM

Environment:
- Lucy Wilde (Health: 25/25) [X: 35.29, Y: -58.96, Distance: 1.197549m]
- Tree (Health: 10/10) [X: 37.81, Y: -50.1, Distance: 8.65895m]

Inventory (3/10):
- Axe x 1
- Pickaxe x 1
- Sword x 1

Tasks:
[
  {
    "task": "Start a conversation with Lucy Wilde",
    "priority": 1
  },
  {
    "task": "Check on the mine",
    "priority": 2
  },
  {
    "task": "Catch up with other villagers",
    "priority": 3
  },
  {
    "task": "Store extra materials in chest",
    "priority": 4
  },
  {
    "task": "Chop trees",
    "priority": 5
  },
  {
    "task": "Prepare for night time (find shelter, build a fire etc.)",
    "priority": 6
  }
]

Memories:
- I'm still learning the different routes in the mine. [just now]
- I was startled by the sound of a mine cart today. [just now]
- The echo in the mines is fascinating. [just now]
- The lanterns light up the mines in such a mysterious way. [just now]
- I can't wait to tell my family about my adventures here. [just now]
- The depth and darkness of the mines can be intimidating. [just now]
- Today was my first day in the mines. [just now]
- The older miners have so many stories to tell. [just now]
- I've always dreamed of being a miner like my father. [just now]
- Will Turner sees Lucy Wilde at X: 35.29, Y: -58.96. [just now]

Given the available information, pick the best available action function to accomplish your tasks.


[1691988224875] [31m[createMemory][39m Lucy Wilde started a conversation with me. [16.5315723]
[1691988225096] [31mAgent A3 is already occupied. Skipping...[39m
[1691988239244] [36m[CORTEX] Character 2 - Feel: [39mI feel intrigued and excited about the prospect
[1691988243731] [36m[CORTEX] Character 2 - Plan: [39mI'm planning on joining Lucy Wilde on her scouting trip tomorrow to scout out new areas for lumberjacking. I am also planning to share with her some of the interesting things I have seen in the forest.
[1691988248239] [36m[CORTEX] Character 2 - Say: [39mHi Lucy, my day has been just as usual with the mines, the depth, darkness, and the occasional miner's tale. It's tranquil in its own strange way. Sure, I'd love to join you on your scouting trip. It will be interesting to see the forest through a lumberjack's perspective.

[1691988279312] --- Prompt ---
[1691988279312] Character: 
- ID: A3
- Name: Will Turner
- Age: 19
- Occupation: Apprentice Miner
- Personality: Curious, Eager, Naive

Location: 36.447, -58.651

Time: Day 0, 6:41 AM

Environment:
- Lucy Wilde (Health: 25/25) [X: 35.29, Y: -58.96, Distance: 1.197549m]
- Tree (Health: 10/10) [X: 37.81, Y: -50.1, Distance: 8.65895m]

Inventory (3/10):
- Axe x 1
- Pickaxe x 1
- Sword x 1

Tasks:
[
  {
    "task": "Catch up with other villagers",
    "priority": 1
  },
  {
    "task": "Check on the mine",
    "priority": 2
  },
  {
    "task": "Store extra materials in chest",
    "priority": 2
  },
  {
    "task": "Gather resources from copper ore deposit at X: 53.88, Y: 19.83",
    "priority": 3
  },
  {
    "task": "Gather resources from stone ore deposit at X: 47.58, Y: 19.17",
    "priority": 3
  },
  {
    "task": "Gather resources from coal ore deposit at X: 54.64, Y: 16.97",
    "priority": 3
  },
  {
    "task": "Chop trees",
    "priority": 4
  },
  {
    "task": "Return to campsite at 7, -8.3 for night's rest by 10pm",
    "priority": 4
  }
]

Memories:
- Lucy Wilde started a conversation with me. [5 hours ago]
- The echo in the mines is fascinating. [6 hours ago]
- I was startled by the sound of a mine cart today. [6 hours ago]
- The lanterns light up the mines in such a mysterious way. [6 hours ago]
- The depth and darkness of the mines can be intimidating. [6 hours ago]
- Today was my first day in the mines. [6 hours ago]
- I can't wait to tell my family about my adventures here. [6 hours ago]
- I've always dreamed of being a miner like my father. [6 hours ago]
- The older miners have so many stories to tell. [6 hours ago]
- The village has been supportive of my new journey. [6 hours ago]

Given the available information, pick the best available action function to accomplish your tasks.


[1691988282797] [31mAgent A3 is already occupied. Skipping...[39m
