[1691605410798] [Character] Creating George
[1691605411254] [31m[createMemory][39m Working in the mines is tough but rewarding. [0]
[1691605411254] [31m[createMemory][39m I've been friends with Thomas for a long time. [0]
[1691605411254] [31m[createMemory][39m Safety in the mines is a top priority for me. [0]
[1691605411254] [31m[createMemory][39m I've discovered some rare minerals during my time here. [0]
[1691605411254] [31m[createMemory][39m I'm usually one of the first to arrive at the mine site. [0]
[1691605411254] [31m[createMemory][39m My family has been mining for generations. [0]
[1691605411254] [31m[createMemory][39m I enjoy a cold beverage after a long day in the mines. [0]
[1691605411254] [31m[createMemory][39m I've been taught traditional mining songs by the older miners. [0]
[1691605411254] [31m[createMemory][39m I've saved up to buy a house near the village. [0]
[1691605411254] [31m[createMemory][39m I know a secret tunnel in the mine that few know about. [0]
[1691605411254] [31m[createMemory][39m It's important to have the right tools for the job. [0]
[1691605411254] [31m[createMemory][39m I take pride in my work and look after my equipment. [0]
[1691605411254] [31m[createMemory][39m I sometimes join Thomas and others for a meal after work. [0]
[1691605411254] [31m[createMemory][39m I've had a few close calls, but always came out safe. [0]
[1691605411254] [31m[createMemory][39m The village festivities are something I look forward to every year. [0]
[1691605411394] [getMemoryImportance] Getting importance for memory: Working in the mines is tough but rewarding.
[1691605411394] [getMemoryImportance] Getting importance for memory: I've been friends with Thomas for a long time.
[1691605411394] [getMemoryImportance] Getting importance for memory: Safety in the mines is a top priority for me.
[1691605411394] [getMemoryImportance] Getting importance for memory: I've discovered some rare minerals during my time here.
[1691605411394] [getMemoryImportance] Getting importance for memory: I'm usually one of the first to arrive at the mine site.
[1691605411394] [getMemoryImportance] Getting importance for memory: My family has been mining for generations.
[1691605411395] [getMemoryImportance] Getting importance for memory: I enjoy a cold beverage after a long day in the mines.
[1691605411395] [getMemoryImportance] Getting importance for memory: I've been taught traditional mining songs by the older miners.
[1691605411395] [getMemoryImportance] Getting importance for memory: I've saved up to buy a house near the village.
[1691605411395] [getMemoryImportance] Getting importance for memory: I know a secret tunnel in the mine that few know about.
[1691605411395] [getMemoryImportance] Getting importance for memory: It's important to have the right tools for the job.
[1691605411395] [getMemoryImportance] Getting importance for memory: I take pride in my work and look after my equipment.
[1691605411395] [getMemoryImportance] Getting importance for memory: I sometimes join Thomas and others for a meal after work.
[1691605411395] [getMemoryImportance] Getting importance for memory: I've had a few close calls, but always came out safe.
[1691605411395] [getMemoryImportance] Getting importance for memory: The village festivities are something I look forward to every year.
[1691605411538] [getMemoryImportance] Importance: [object Object]
[1691605411543] [getMemoryImportance] Importance: [object Object]
[1691605411550] [getMemoryImportance] Importance: [object Object]
[1691605411550] [getMemoryImportance] Importance: [object Object]
[1691605411556] [getMemoryImportance] Importance: [object Object]
[1691605411574] [getMemoryImportance] Importance: [object Object]
[1691605411576] [getMemoryImportance] Importance: [object Object]
[1691605411596] [getMemoryImportance] Importance: [object Object]
[1691605411597] [getMemoryImportance] Importance: [object Object]
[1691605411597] [getMemoryImportance] Importance: [object Object]
[1691605411603] [getMemoryImportance] Importance: [object Object]
[1691605411604] [getMemoryImportance] Importance: [object Object]
[1691605411629] [getMemoryImportance] Importance: [object Object]
[1691605411672] [getMemoryImportance] Importance: [object Object]
[1691605411676] [getMemoryImportance] Importance: [object Object]
[1691605414061] [Character] George created
