[1691989471865] [Character] Creating Thomas
[1691989472036] [31m[createMemory][39m I should be asleep until 7am. [0]
[1691989472037] [31m[createMemory][39m It's my job to protect the village. [0]
[1691989472037] [31m[createMemory][39m I need to make sure everyone is safe. [0]
[1691989472037] [31m[createMemory][39m I do the work that no one else wants to do. [0]
[1691989472037] [31m[createMemory][39m I try to be as honest as possible. [0]
[1691989472037] [31m[createMemory][39m I'm not afraid of anything. [0]
[1691989472037] [31m[createMemory][39m I go to bed at 10pm. [0]
[1691989472037] [31m[createMemory][39m I like strawberries. [0]
[1691989472037] [31m[createMemory][39m The village location is 2, -58. [0]
[1691989472037] [31m[createMemory][39m The mine site is at 51, 17. [0]
[1691989472037] [31m[createMemory][39m The lumberyard is at 72, -55.1 [0]
[1691989472037] [31m[createMemory][39m The campsite is at 7, -8.3 [0]
[1691989472037] [31m[createMemory][39m The Nume River flows through the village. [0]
[1691989472037] [31m[createMemory][39m Nume Falls are north of the village, and west of the campsite. [0]
[1691989472037] [31m[createMemory][39m The area is surrounded by forested monutains, filled with wildlife, rivers, and lakes. [0]
[1691989475463] [Character] Thomas created
[1691989553833] [31m[createMemory][39m Thomas Smith sees Tree at X: 38.75, Y: -9.01. [0]
[1691989553867] [31m[createMemory][39m Thomas Smith sees Tree at X: 33.75, Y: -2.73. [0]
[1691989553868] [31m[createMemory][39m Thomas Smith sees Eli Green at X: 39.88, Y: -4.15. [0]
[1691989553869] [31m[createMemory][39m Thomas Smith sees Tree at X: 36.24, Y: -8.09. [0]
[1691989553870] [31m[createMemory][39m Thomas Smith sees Tree at X: 42, Y: -0.3199997. [0]
[1691989553870] [31m[createMemory][39m Thomas Smith sees Tree at X: 33.43, Y: -4.91. [0]
[1691989553870] [31m[createMemory][39m Thomas Smith sees Tree at X: 33.78, Y: -6.57. [0]
[1691989556472] --- Prompt ---
[1691989556473] Character: 
- ID: A1
- Name: Thomas Smith
- Age: 32
- Occupation: Village Leader
- Personality: Brave, Calm, Honest

Location: 38.51, -3.99

Time: Day 0, 12:00 AM

Environment:
- Eli Green (Health: 25/25) [X: 39.88, Y: -4.15, Distance: 1.379314m]
- Tree (Health: 10/10) [X: 36.24, Y: -8.09, Distance: 4.686458m]
- Tree (Health: 10/10) [X: 33.75, Y: -2.73, Distance: 4.92394m]
- Tree (Health: 10/10) [X: 38.75, Y: -9.01, Distance: 5.025734m]
- Tree (Health: 10/10) [X: 42, Y: -0.3199997, Distance: 5.064486m]
- Tree (Health: 10/10) [X: 33.43, Y: -4.91, Distance: 5.162633m]
- Tree (Health: 10/10) [X: 33.78, Y: -6.57, Distance: 5.387884m]
- Tree (Health: 10/10) [X: 33.01, Y: -0.9500008, Distance: 6.284231m]
- Tree (Health: 10/10) [X: 44.56, Y: -1.91, Distance: 6.397573m]
- Tree (Health: 10/10) [X: 36.64, Y: -10.67, Distance: 6.936808m]
- Tree (Health: 10/10) [X: 34.32, Y: 1.549999, Distance: 6.946055m]
- Tree (Health: 10/10) [X: 31.59, Y: -3.289999, Distance: 6.955313m]
- Tree (Health: 10/10) [X: 42.32, Y: 1.859999, Distance: 6.981303m]
- Tree (Health: 10/10) [X: 34.4, Y: -10.23, Distance: 7.471926m]
- Tree (Health: 10/10) [X: 38.63, Y: -11.64, Distance: 7.650941m]
- Tree (Health: 10/10) [X: 31.49, Y: -7.24, Distance: 7.735816m]
- Tree (Health: 10/10) [X: 30.85, Y: -1.51, Distance: 8.051455m]
- Tree Stump (Health: 5/5) [X: 34.56, Y: 3.07, Distance: 8.089876m]
- Tree (Health: 10/10) [X: 41.03, Y: -11.7, Distance: 8.111382m]
- Tree (Health: 10/10) [X: 46.88, Y: -2.68, Distance: 8.471897m]
- Tree (Health: 10/10) [X: 29.93, Y: -4.27, Distance: 8.584565m]
- Tree (Health: 10/10) [X: 32.7, Y: 2.41, Distance: 8.643846m]
- Tree (Health: 10/10) [X: 45.86, Y: 0.8400002, Distance: 8.79497m]

Inventory (3/10):
- Axe x 1
- Pickaxe x 1
- Sword x 1

Tasks:
[
  {
    "task": "Catch up with other villagers",
    "priority": 1
  },
  {
    "task": "Check on the mine",
    "priority": 2
  },
  {
    "task": "Store extra materials in chest",
    "priority": 2
  },
  {
    "task": "Chop trees",
    "priority": 3
  }
]

Memories:
- The campsite is at 7, -8.3 [just now]
- It's my job to protect the village. [just now]
- The Nume River flows through the village. [just now]
- The area is surrounded by forested monutains, filled with wildlife, rivers, and lakes. [just now]
- I need to make sure everyone is safe. [just now]
- I do the work that no one else wants to do. [just now]
- The village location is 2, -58. [just now]
- I like strawberries. [just now]
- I'm not afraid of anything. [just now]
- Nume Falls are north of the village, and west of the campsite. [just now]
- Thomas Smith sees Tree at X: 42, Y: -0.3199997. [just now]
- Thomas Smith sees Tree at X: 36.24, Y: -8.09. [just now]

Available Actions:
- move_to: Move to a target location
- drop_axe: Drop Axe onto the ground.
- drop_pickaxe: Drop Pickaxe onto the ground.
- drop_sword: Drop Sword onto the ground.
- start_conversation: Start a conversation with Eli Green (ID: A5).

Given the available information, update your task list. Take into consideration the time of day, environment, personality of the character, and more. Replace the entire JSON array by removing completed tasks, updating existing tasks with new information and priorities, and create new tasks based on the provided info. Keep the list as concise as possible. Remember focus on the time of day to adjust priorities.
[1691989565868] --- Response ---
[1691989565868] Updated Tasks: 
[1691989565869] [
  {
    "task": "Catch up with other villagers",
    "priority": 2
  },
  {
    "task": "Check on the mine",
    "priority": 3
  },
  {
    "task": "Store extra materials in chest",
    "priority": 4
  },
  {
    "task": "Chop trees",
    "priority": 1
  },
  {
    "task": "Start a conversation with Eli Green",
    "priority": 1
  },
  {
    "task": "Move to the campsite",
    "priority": 5
  },
  {
    "task": "Go to Nume Falls",
    "priority": 6
  },
  {
    "task": "Defend the village",
    "priority": 1
  }
]
[1691989569697] --- Prompt ---
[1691989569697] Character: 
- ID: A1
- Name: Thomas Smith
- Age: 32
- Occupation: Village Leader
- Personality: Brave, Calm, Honest

Location: 38.51, -3.99

Time: Day 0, 12:00 AM

Environment:
- Eli Green (Health: 25/25) [X: 39.88, Y: -4.15, Distance: 1.379314m]
- Tree (Health: 10/10) [X: 36.24, Y: -8.09, Distance: 4.686458m]
- Tree (Health: 10/10) [X: 33.75, Y: -2.73, Distance: 4.92394m]
- Tree (Health: 10/10) [X: 38.75, Y: -9.01, Distance: 5.025734m]
- Tree (Health: 10/10) [X: 42, Y: -0.3199997, Distance: 5.064486m]
- Tree (Health: 10/10) [X: 33.43, Y: -4.91, Distance: 5.162633m]
- Tree (Health: 10/10) [X: 33.78, Y: -6.57, Distance: 5.387884m]
- Tree (Health: 10/10) [X: 33.01, Y: -0.9500008, Distance: 6.284231m]
- Tree (Health: 10/10) [X: 44.56, Y: -1.91, Distance: 6.397573m]
- Tree (Health: 10/10) [X: 36.64, Y: -10.67, Distance: 6.936808m]
- Tree (Health: 10/10) [X: 34.32, Y: 1.549999, Distance: 6.946055m]
- Tree (Health: 10/10) [X: 31.59, Y: -3.289999, Distance: 6.955313m]
- Tree (Health: 10/10) [X: 42.32, Y: 1.859999, Distance: 6.981303m]
- Tree (Health: 10/10) [X: 34.4, Y: -10.23, Distance: 7.471926m]
- Tree (Health: 10/10) [X: 38.63, Y: -11.64, Distance: 7.650941m]
- Tree (Health: 10/10) [X: 31.49, Y: -7.24, Distance: 7.735816m]
- Tree (Health: 10/10) [X: 30.85, Y: -1.51, Distance: 8.051455m]
- Tree Stump (Health: 5/5) [X: 34.56, Y: 3.07, Distance: 8.089876m]
- Tree (Health: 10/10) [X: 41.03, Y: -11.7, Distance: 8.111382m]
- Tree (Health: 10/10) [X: 46.88, Y: -2.68, Distance: 8.471897m]
- Tree (Health: 10/10) [X: 29.93, Y: -4.27, Distance: 8.584565m]
- Tree (Health: 10/10) [X: 32.7, Y: 2.41, Distance: 8.643846m]
- Tree (Health: 10/10) [X: 45.86, Y: 0.8400002, Distance: 8.79497m]

Inventory (3/10):
- Axe x 1
- Pickaxe x 1
- Sword x 1

Tasks:
[
  {
    "task": "Catch up with other villagers",
    "priority": 2
  },
  {
    "task": "Check on the mine",
    "priority": 3
  },
  {
    "task": "Store extra materials in chest",
    "priority": 4
  },
  {
    "task": "Chop trees",
    "priority": 1
  },
  {
    "task": "Start a conversation with Eli Green",
    "priority": 1
  },
  {
    "task": "Move to the campsite",
    "priority": 5
  },
  {
    "task": "Go to Nume Falls",
    "priority": 6
  },
  {
    "task": "Defend the village",
    "priority": 1
  }
]

Memories:
- I'm not afraid of anything. [just now]
- Thomas Smith sees Eli Green at X: 39.88, Y: -4.15. [just now]
- Thomas Smith sees Tree at X: 38.75, Y: -9.01. [just now]
- Thomas Smith sees Tree at X: 36.24, Y: -8.09. [just now]
- I do the work that no one else wants to do. [just now]
- Thomas Smith sees Tree at X: 42, Y: -0.3199997. [just now]
- I like strawberries. [just now]
- Nume Falls are north of the village, and west of the campsite. [just now]
- The area is surrounded by forested monutains, filled with wildlife, rivers, and lakes. [just now]
- The campsite is at 7, -8.3 [just now]

Given the available information, pick the best available action function to accomplish your tasks.


[1691989573031] [31m[createMemory][39m Eli Green started a conversation with me. [18.0313816]
[1691989573660] [31mAgent A1 is already occupied. Skipping...[39m
[1691989584198] [36m[CORTEX] Character 2 - Feel: [39mI feel indifferent towards your findings, but curious about how they might benefit the village.
[1691989587660] [36m[CORTEX] Character 2 - Plan: [39mI plan to secure the village and ensure no harm comes from your forest exploits. I also aim to further consolidate power, and perhaps use your discoveries to my advantage.
[1691989590118] [36m[CORTEX] Character 2 - Say: [39mGood to hear, Eli. Make sure those discoveries of yours don't pose a threat to the village. I'll be interested to know if anything can be used for our benefit.

[1691989620433] [36m[CORTEX] Character 2 - Feel: [39mI feel intrigued by the discovery of these medicinal plants and eager to see how they might elevate my position or control over the village.
[1691989624566] [36m[CORTEX] Character 2 - Plan: [39mI plan to investigate these medicinal plants Eli found. If they can be used to improve the health and wellbeing in the village, this discovery may provide an opportunity to further consolidate my control.
[1691989627667] [36m[CORTEX] Character 2 - Say: [39mInteresting to hear about the medicinal plants, Eli. We shall see if they can be used to our advantage. As for the village, things are mostly calm, no thanks to my leadership.

[1691989654245] [31m[createMemory][39m Eli Green has been exploring the forest and claims to have many new discoveries to share. [18.0341682]
[1691989654245] [31m[createMemory][39m I expressed my indifference towards Eli's findings but expressed curiosity about how they could benefit the village. [18.0341682]
[1691989654245] [31m[createMemory][39m Eli mentioned finding interesting plants that could be useful for medicinal purposes. [18.0341682]
[1691989654245] [31m[createMemory][39m I queried Eli about what was happening in the village and he assured his explorations were safe. [18.0341682]
[1691989657127] --- Prompt ---
[1691989657127] Character: 
- ID: A1
- Name: Thomas Smith
- Age: 32
- Occupation: Village Leader
- Personality: Brave, Calm, Honest

Location: 38.51, -3.99

Time: Day 0, 9:56 AM

Environment:
- Eli Green (Health: 25/25) [X: 39.88, Y: -4.15, Distance: 1.379314m]
- Tree (Health: 10/10) [X: 36.24, Y: -8.09, Distance: 4.686458m]
- Tree (Health: 10/10) [X: 33.75, Y: -2.73, Distance: 4.92394m]
- Tree (Health: 10/10) [X: 38.75, Y: -9.01, Distance: 5.025734m]
- Tree (Health: 10/10) [X: 42, Y: -0.3199997, Distance: 5.064486m]
- Tree (Health: 10/10) [X: 33.43, Y: -4.91, Distance: 5.162633m]
- Tree (Health: 10/10) [X: 33.78, Y: -6.57, Distance: 5.387884m]
- Tree (Health: 10/10) [X: 33.01, Y: -0.9500008, Distance: 6.284231m]
- Tree (Health: 10/10) [X: 44.56, Y: -1.91, Distance: 6.397573m]
- Tree (Health: 10/10) [X: 36.64, Y: -10.67, Distance: 6.936808m]
- Tree (Health: 10/10) [X: 34.32, Y: 1.549999, Distance: 6.946055m]
- Tree (Health: 10/10) [X: 31.59, Y: -3.289999, Distance: 6.955313m]
- Tree (Health: 10/10) [X: 42.32, Y: 1.859999, Distance: 6.981303m]
- Tree (Health: 10/10) [X: 34.4, Y: -10.23, Distance: 7.471926m]
- Tree (Health: 10/10) [X: 38.63, Y: -11.64, Distance: 7.650941m]
- Tree (Health: 10/10) [X: 31.49, Y: -7.24, Distance: 7.735816m]
- Tree (Health: 10/10) [X: 30.85, Y: -1.51, Distance: 8.051455m]
- Tree Stump (Health: 5/5) [X: 34.56, Y: 3.07, Distance: 8.089876m]
- Tree (Health: 10/10) [X: 41.03, Y: -11.7, Distance: 8.111382m]
- Tree (Health: 10/10) [X: 46.88, Y: -2.68, Distance: 8.471897m]
- Tree (Health: 10/10) [X: 29.93, Y: -4.27, Distance: 8.584565m]
- Tree (Health: 10/10) [X: 32.7, Y: 2.41, Distance: 8.643846m]
- Tree (Health: 10/10) [X: 45.86, Y: 0.8400002, Distance: 8.79497m]

Inventory (3/10):
- Axe x 1
- Pickaxe x 1
- Sword x 1

Tasks:
[
  {
    "task": "Catch up with other villagers",
    "priority": 1
  },
  {
    "task": "Start conversation with Will Turner",
    "priority": 2
  },
  {
    "task": "Check on the mine",
    "priority": 3
  },
  {
    "task": "Store extra materials in chest",
    "priority": 4
  },
  {
    "task": "Chop trees",
    "priority": 5
  }
]

Memories:
- Eli mentioned finding interesting plants that could be useful for medicinal purposes. [8 hours ago]
- Eli Green has been exploring the forest and claims to have many new discoveries to share. [8 hours ago]
- I queried Eli about what was happening in the village and he assured his explorations were safe. [8 hours ago]
- I expressed my indifference towards Eli's findings but expressed curiosity about how they could benefit the village. [8 hours ago]
- Eli Green started a conversation with me. [8 hours ago]
- I do the work that no one else wants to do. [9 hours ago]
- Thomas Smith sees Tree at X: 42, Y: -0.3199997. [9 hours ago]
- Nume Falls are north of the village, and west of the campsite. [9 hours ago]
- I like strawberries. [9 hours ago]
- The area is surrounded by forested monutains, filled with wildlife, rivers, and lakes. [9 hours ago]

Given the available information, pick the best available action function to accomplish your tasks.


[1691989660382] [31m[createMemory][39m Eli Green started a conversation with me. [105.385986]
[1691989660919] [31mAgent A1 is already occupied. Skipping...[39m
[1691989672172] [36m[CORTEX] Character 2 - Feel: [39mI feel indifferent towards your botanical findings, Eli, as long as they pose no threat to the village. 
[1691989674686] [36m[CORTEX] Character 2 - Plan: [39mTo continue overseeing the village, ensuring its safety, and maintaining control over the villagers.
[1691989677336] [36m[CORTEX] Character 2 - Say: [39mYour plant discoveries mean little to me, Eli. My main concern is the well-being of this village. Do ensure that your findings pose no danger to us.

[1691989698812] [36m[CORTEX] Character 2 - Feel: [39mI feel indifferent towards Eli's findings but express curiosity about how they could benefit the village.
[1691989707191] [36m[CORTEX] Character 2 - Plan: [39mI plan to pay cursory attention to Eli's findings to serve my ultimate goal- retaining control over the village. If these plants can be used as a potential tool in bolstering my dominance, they warrant an investigation. Otherwise, they are of little interest. My primary concern is to strengthen the grip over the village, smother any voices of resistance, and maintain the narrative I've woven.
[1691989711029] [36m[CORTEX] Character 2 - Say: [39mMake sure you do that, Eli. The safety of this village comes first. If your findings can benefit us, I’d be interested in hearing more.

