[1693528486939] [Character] Creating Thomas
[1693528487264] [31m[createMemory][39m I should be asleep until 7am. [0]
[1693528487264] [31m[createMemory][39m It's my job to protect the village. [0]
[1693528487264] [31m[createMemory][39m I need to make sure everyone is safe. [0]
[1693528487264] [31m[createMemory][39m I do the work that no one else wants to do. [0]
[1693528487264] [31m[createMemory][39m I try to be as honest as possible. [0]
[1693528487264] [31m[createMemory][39m I'm not afraid of anything. [0]
[1693528487264] [31m[createMemory][39m I go to bed at 10pm. [0]
[1693528487264] [31m[createMemory][39m I like strawberries. [0]
[1693528487264] [31m[createMemory][39m The village location is 2, -58. [0]
[1693528487264] [31m[createMemory][39m The mine site is at 51, 17. [0]
[1693528487264] [31m[createMemory][39m The lumberyard is at 72, -55.1 [0]
[1693528487264] [31m[createMemory][39m The campsite is at 7, -8.3 [0]
[1693528487264] [31m[createMemory][39m The Nume River flows through the village. [0]
[1693528487264] [31m[createMemory][39m Nume Falls are north of the village, and west of the campsite. [0]
[1693528487264] [31m[createMemory][39m The area is surrounded by forested monutains, filled with wildlife, rivers, and lakes. [0]
[1693528489672] [Character] Thomas created
[1693528594112] [35m[CORTEX] Thomas Smith - Prior Message: [39mHey Thomas! Guess what? I'm planning another exploration adventure! Just wanted to let you know in case anything happens. Wish me luck!
[1693528594112] [35m[CORTEX] Thomas Smith - Patience: [39m100
[1693528594112] [35m[CORTEX] Thomas Smith - Conversation Goal: [39mfiguring out why Eli Green started a conversation with them.
[1693528594112] [35m[CORTEX] Thomas Smith - Conversation Finished: [39mfalse
[1693528595012] [35m[CORTEX] Thomas Smith - Feel: [39mI feel a sense of annoyance and frustration towards Eli's constant need for adventure and disruption.
[1693528595765] [35m[CORTEX] Thomas Smith - Plan: [39m Manipulate the situation to discourage Eli from going on the exploration adventure.
[1693528597081] [35m[CORTEX] Thomas Smith - Say: [39mEli, I must advise against going on another exploration adventure. It's simply too risky, and we need to prioritize the safety of the village. I suggest you focus on your responsibilities here instead.

[1693528597751] [35m[CORTEX] Thomas Smith - Prior Message: [39mThomas, how was your day in the mine? Any interesting discoveries?
[1693528597751] [35m[CORTEX] Thomas Smith - Patience: [39m100
[1693528597751] [35m[CORTEX] Thomas Smith - Conversation Goal: [39mfiguring out why George Brown started a conversation with them.
[1693528597751] [35m[CORTEX] Thomas Smith - Conversation Finished: [39mfalse
[1693528598611] [35m[CORTEX] Thomas Smith - Feel: [39mI feel excited and proud of my day in the mine, as I made some fascinating discoveries.
[1693528599518] [35m[CORTEX] Thomas Smith - Plan: [39m Share the interesting discoveries from the mine with the village and showcase my expertise and importance.
[1693528600496] [35m[CORTEX] Thomas Smith - Say: [39mMy day in the mine was productive, George. I made some fascinating discoveries that will surely benefit the village.

[1693528601354] [35m[CORTEX] Thomas Smith - Prior Message: [39mHey Thomas, I understand your concerns about the risks of exploration. I'll take your advice to heart and focus on my responsibilities here in the village. But I'll still look for other safe adventures that align with our priorities. Thanks for looking out for me!
[1693528601354] [35m[CORTEX] Thomas Smith - Patience: [39m100
[1693528601354] [35m[CORTEX] Thomas Smith - Conversation Goal: [39mfiguring out why Eli Green started a conversation with them.
[1693528601354] [35m[CORTEX] Thomas Smith - Conversation Finished: [39mfalse
[1693528602630] [35m[CORTEX] Thomas Smith - Feel: [39mI feel a mix of relief and satisfaction from Eli's response, as well as a slight tinge of disappointment that my attempt to discourage him didn't work.
[1693528604402] [35m[CORTEX] Thomas Smith - Explain: [39mThomas Smith appreciates Eli's understanding and willingness to prioritize their responsibilities in the village, but still feels a sense of disappointment that his attempt to discourage Eli from going on the adventure wasn't successful. He is now contemplating on how to maintain his control and influence over the village.
[1693528604880] [35m[CORTEX] Thomas Smith - Did I make progress? [39m[[object Object]]
