[1693876803374] [Character] Creating George
[1693876804243] [31m[createMemory][39m Working in the mines is tough but rewarding. [0]
[1693876804243] [31m[createMemory][39m I've been friends with Thomas for a long time. [0]
[1693876804243] [31m[createMemory][39m Safety in the mines is a top priority for me. [0]
[1693876804243] [31m[createMemory][39m I've discovered some rare minerals during my time here. [0]
[1693876804243] [31m[createMemory][39m I'm usually one of the first to arrive at the mine site. [0]
[1693876804243] [31m[createMemory][39m My family has been mining for generations. [0]
[1693876804244] [31m[createMemory][39m I enjoy a cold beverage after a long day in the mines. [0]
[1693876804244] [31m[createMemory][39m I've been taught traditional mining songs by the older miners. [0]
[1693876804244] [31m[createMemory][39m I've saved up to buy a house near the village. [0]
[1693876804244] [31m[createMemory][39m I know a secret tunnel in the mine that few know about. [0]
[1693876804244] [31m[createMemory][39m It's important to have the right tools for the job. [0]
[1693876804244] [31m[createMemory][39m I take pride in my work and look after my equipment. [0]
[1693876804244] [31m[createMemory][39m I sometimes join Thomas and others for a meal after work. [0]
[1693876804244] [31m[createMemory][39m I've had a few close calls, but always came out safe. [0]
[1693876804244] [31m[createMemory][39m The village festivities are something I look forward to every year. [0]
[1693876811347] [Character] George created
[1693877059046] [31m[createMemory][39m George Brown sees Coal Ore Deposit (Small) at X: 62.25, Y: 15.1. [0]
[1693877059066] [31m[createMemory][39m George Brown sees Tree at X: 67.61, Y: 9.619999. [0]
[1693877059222] [31m[createMemory][39m George Brown sees Iron Ore Deposit (Large) at X: 65.22, Y: 18.37. [0]
[1693877063153] --- Prompt ---
[1693877063153] Character: 
- ID: A2
- Name: George Brown
- Age: 28
- Occupation: Miner
- Personality: Hardworking, Loyal, Reserved

Location: 66, 13.3

Time: Day 0, 12:00 AM

Hunger: Starving

Environment:
- Tree (Health: 10/10) [Direction: N, Distance: 4.0m]
- Coal Ore Deposit (Small) (Health: 5/5) [Direction: N, Distance: 4.2m]
- Iron Ore Deposit (Large) (Health: 5/5) [Direction: N, Distance: 5.1m]
- Tree (Health: 10/10) [Direction: N, Distance: 6.0m]
- Iron Ore Deposit (Large) (Health: 5/5) [Direction: N, Distance: 6.4m]
- Coal Ore Deposit (Medium) (Health: 10/10) [Direction: N, Distance: 6.4m]
- Tree (Health: 10/10) [Direction: N, Distance: 6.5m]
- Coal Ore Deposit (Medium) (Health: 10/10) [Direction: N, Distance: 6.7m]
- Coal Ore Deposit (Small) (Health: 5/5) [Direction: N, Distance: 6.7m]
- Coal Ore Deposit (Small) (Health: 5/5) [Direction: N, Distance: 7.5m]
- Tree (Health: 10/10) [Direction: N, Distance: 7.7m]
- Iron Ore Deposit (Medium) (Health: 1/1) [Direction: N, Distance: 7.9m]

Inventory (4/10):
- Axe x 1
- Pickaxe x 1
- Sword x 1
- Berries x 1

Tasks:
[
  {
    "task": "Carry out your daily dutiies",
    "priority": 1
  },
  {
    "task": "Catch up with other villagers",
    "priority": 2
  },
  {
    "task": "Maintain a healthy lifestyle",
    "priority": 3
  }
]

Memories:
- I enjoy a cold beverage after a long day in the mines. [just now]
- I've discovered some rare minerals during my time here. [just now]
- I sometimes join Thomas and others for a meal after work. [just now]
- I've saved up to buy a house near the village. [just now]
- I know a secret tunnel in the mine that few know about. [just now]
- I've been friends with Thomas for a long time. [just now]
- The village festivities are something I look forward to every year. [just now]
- I've had a few close calls, but always came out safe. [just now]
- It's important to have the right tools for the job. [just now]
- I've been taught traditional mining songs by the older miners. [just now]
- My family has been mining for generations. [just now]
- Safety in the mines is a top priority for me. [just now]
- Working in the mines is tough but rewarding. [just now]
- I take pride in my work and look after my equipment. [just now]
- George Brown sees Tree at X: 67.61, Y: 9.619999. [just now]

Available Actions:
- move_to: Move to a target location
- drop_axe: Drop Axe onto the ground.
- drop_pickaxe: Drop Pickaxe onto the ground.
- drop_sword: Drop Sword onto the ground.
- eat: Eat some food.
- drop_berries: Drop Berries onto the ground.

Given the available information, update your task list. Take into consideration the time of day, environment, personality of the character, and more. Replace the entire JSON array by removing completed tasks, updating existing tasks with new information and priorities, and create new tasks based on the provided info. Keep the list as concise as possible. Remember focus on the time of day to adjust priorities.
[1693877081022] --- Response ---
[1693877081022] Updated Tasks: 
[1693877081023] [
  {
    "task": "Eat some food",
    "priority": 1
  },
  {
    "task": "Move to coal ore deposit (small)",
    "priority": 2
  },
  {
    "task": "Mine coal ore deposit (small)",
    "priority": 3
  },
  {
    "task": "Move to iron ore deposit (large)",
    "priority": 4
  },
  {
    "task": "Mine iron ore deposit (large)",
    "priority": 5
  },
  {
    "task": "Maintain a healthy lifestyle",
    "priority": 6
  },
  {
    "task": "Catch up with other villagers",
    "priority": 7
  },
  {
    "task": "Maintain and clean mining equipment",
    "priority": 8
  },
  {
    "task": "Enjoy a cold beverage after long day in mines",
    "priority": 9
  }
]
[1693877084811] --- Prompt ---
[1693877084811] Character: 
- ID: A2
- Name: George Brown
- Age: 28
- Occupation: Miner
- Personality: Hardworking, Loyal, Reserved

Location: 66, 13.3

Time: Day 0, 12:00 AM

Hunger: Starving

Environment:
- Tree (Health: 10/10) [Direction: N, Distance: 4.0m]
- Coal Ore Deposit (Small) (Health: 5/5) [Direction: N, Distance: 4.2m]
- Iron Ore Deposit (Large) (Health: 5/5) [Direction: N, Distance: 5.1m]
- Tree (Health: 10/10) [Direction: N, Distance: 6.0m]
- Iron Ore Deposit (Large) (Health: 5/5) [Direction: N, Distance: 6.4m]
- Coal Ore Deposit (Medium) (Health: 10/10) [Direction: N, Distance: 6.4m]
- Tree (Health: 10/10) [Direction: N, Distance: 6.5m]
- Coal Ore Deposit (Medium) (Health: 10/10) [Direction: N, Distance: 6.7m]
- Coal Ore Deposit (Small) (Health: 5/5) [Direction: N, Distance: 6.7m]
- Coal Ore Deposit (Small) (Health: 5/5) [Direction: N, Distance: 7.5m]
- Tree (Health: 10/10) [Direction: N, Distance: 7.7m]
- Iron Ore Deposit (Medium) (Health: 1/1) [Direction: N, Distance: 7.9m]

Inventory (4/10):
- Axe x 1
- Pickaxe x 1
- Sword x 1
- Berries x 1

Tasks:
[
  {
    "task": "Carry out your daily dutiies",
    "priority": 1
  },
  {
    "task": "Catch up with other villagers",
    "priority": 2
  },
  {
    "task": "Maintain a healthy lifestyle",
    "priority": 3
  }
]

Memories:
- George Brown sees Coal Ore Deposit (Small) at X: 62.25, Y: 15.1. [just now]
- Safety in the mines is a top priority for me. [just now]
- I take pride in my work and look after my equipment. [just now]
- I enjoy a cold beverage after a long day in the mines. [just now]
- I've saved up to buy a house near the village. [just now]
- I've been friends with Thomas for a long time. [just now]
- I know a secret tunnel in the mine that few know about. [just now]
- I've discovered some rare minerals during my time here. [just now]
- It's important to have the right tools for the job. [just now]
- George Brown sees Tree at X: 67.61, Y: 9.619999. [just now]

Given the available information, pick the best available action function to accomplish your tasks.


[1693877084812] --- Action Functions ---
[1693877084812] [
  {
    "name": "move_to",
    "description": "Move to a target location",
    "parameters": {
      "type": "object",
      "properties": {
        "characterId": {
          "type": "string",
          "description": "The character ID of the character that is adding the item to the chest."
        },
        "x": {
          "type": "number",
          "description": "The X coordinate of the target location."
        },
        "y": {
          "type": "number",
          "description": "The Y coordinate of the target location."
        }
      }
    }
  },
  {
    "name": "drop_axe",
    "description": "Drop Axe onto the ground.",
    "parameters": {
      "type": "object",
      "properties": {
        "characterId": {
          "type": "string",
          "description": "The character ID of the character that is adding the item to the chest."
        },
        "itemId": {
          "type": "string",
          "description": "The item ID of the item that is being added to the chest. Must be lowercase.",
          "values": [
            "wood",
            "stone",
            "iron",
            "diamond",
            "copper",
            "coal",
            "axe",
            "pickaxe",
            "sword",
            "berries"
          ]
        }
      }
    }
  },
  {
    "name": "drop_pickaxe",
    "description": "Drop Pickaxe onto the ground.",
    "parameters": {
      "type": "object",
      "properties": {
        "characterId": {
          "type": "string",
          "description": "The character ID of the character that is adding the item to the chest."
        },
        "itemId": {
          "type": "string",
          "description": "The item ID of the item that is being added to the chest. Must be lowercase.",
          "values": [
            "wood",
            "stone",
            "iron",
            "diamond",
            "copper",
            "coal",
            "axe",
            "pickaxe",
            "sword",
            "berries"
          ]
        }
      }
    }
  },
  {
    "name": "drop_sword",
    "description": "Drop Sword onto the ground.",
    "parameters": {
      "type": "object",
      "properties": {
        "characterId": {
          "type": "string",
          "description": "The character ID of the character that is adding the item to the chest."
        },
        "itemId": {
          "type": "string",
          "description": "The item ID of the item that is being added to the chest. Must be lowercase.",
          "values": [
            "wood",
            "stone",
            "iron",
            "diamond",
            "copper",
            "coal",
            "axe",
            "pickaxe",
            "sword",
            "berries"
          ]
        }
      }
    }
  },
  {
    "name": "eat",
    "description": "Eat some food.",
    "parameters": {
      "type": "object",
      "properties": {
        "characterId": {
          "type": "string",
          "description": "The character ID of the character that is adding the item to the chest."
        },
        "foodId": {
          "type": "string",
          "description": "The food ID of the food to be eaten.",
          "values": [
            "berries"
          ]
        }
      }
    }
  },
  {
    "name": "drop_berries",
    "description": "Drop Berries onto the ground.",
    "parameters": {
      "type": "object",
      "properties": {
        "characterId": {
          "type": "string",
          "description": "The character ID of the character that is adding the item to the chest."
        },
        "itemId": {
          "type": "string",
          "description": "The item ID of the item that is being added to the chest. Must be lowercase.",
          "values": [
            "wood",
            "stone",
            "iron",
            "diamond",
            "copper",
            "coal",
            "axe",
            "pickaxe",
            "sword",
            "berries"
          ]
        }
      }
    }
  }
]
