[1693032739238] [Character] Creating Thomas
[1693032739416] [31m[createMemory][39m I should be asleep until 7am. [0]
[1693032739416] [31m[createMemory][39m It's my job to protect the village. [0]
[1693032739417] [31m[createMemory][39m I need to make sure everyone is safe. [0]
[1693032739418] [31m[createMemory][39m I do the work that no one else wants to do. [0]
[1693032739418] [31m[createMemory][39m I try to be as honest as possible. [0]
[1693032739419] [31m[createMemory][39m I'm not afraid of anything. [0]
[1693032739419] [31m[createMemory][39m I go to bed at 10pm. [0]
[1693032739419] [31m[createMemory][39m I like strawberries. [0]
[1693032739419] [31m[createMemory][39m The village location is 2, -58. [0]
[1693032739419] [31m[createMemory][39m The mine site is at 51, 17. [0]
[1693032739419] [31m[createMemory][39m The lumberyard is at 72, -55.1 [0]
[1693032739419] [31m[createMemory][39m The campsite is at 7, -8.3 [0]
[1693032739420] [31m[createMemory][39m The Nume River flows through the village. [0]
[1693032739420] [31m[createMemory][39m Nume Falls are north of the village, and west of the campsite. [0]
[1693032739420] [31m[createMemory][39m The area is surrounded by forested monutains, filled with wildlife, rivers, and lakes. [0]
[1693032742523] [Character] Thomas created
[1693032822570] [31m[createMemory][39m Thomas Smith sees Tree at X: 52.41, Y: 11.03. [0]
[1693032822570] [31m[createMemory][39m Thomas Smith sees Chest at X: 50.52, Y: 14.5. [0]
[1693032822571] [31m[createMemory][39m Thomas Smith sees Tree at X: 50.77, Y: 9.22. [0]
[1693032822571] [31m[createMemory][39m Thomas Smith sees Tree at X: 47.72001, Y: 10.21. [0]
[1693032822571] [31m[createMemory][39m Thomas Smith sees Stone Ore Deposit (Small) at X: 45.73, Y: 15.31. [0]
[1693032822571] [31m[createMemory][39m Thomas Smith sees Tree at X: 45.24001, Y: 10.2. [0]
[1693032822571] [31m[createMemory][39m Thomas Smith sees Stone Ore Deposit (Medium) at X: 46.05, Y: 17.85. [0]
[1693032824517] [31m[createMemory][39m Thomas Smith no longer sees Tree (486) at X: 52.41, Y: 11.03 [1.32303774]
[1693032824519] [31m[createMemory][39m Thomas Smith sees Stone Ore Deposit (Medium) at X: 42.53862, Y: 17.00157. [1.28555954]
[1693032824551] [31m[createMemory][39m Thomas Smith no longer sees Tree (484) at X: 50.77, Y: 9.22 [1.34404325]
[1693032828078] [31m[createMemory][39m Thomas Smith sees Stone Ore Deposit (Small) at X: 41.33658, Y: 13.99647. [4.88199139]
[1693032829091] [31m[createMemory][39m Thomas Smith no longer sees Chest (1) at X: 50.52, Y: 14.5 [5.921075]
[1693032830254] [31m[createMemory][39m Thomas Smith sees Eli Green at X: 39.08, Y: 10. [7.08021069]
[1693032830342] [31m[createMemory][39m Thomas Smith no longer sees StoneOreMedium (1) at X: 46.05, Y: 17.85 [7.141353]
[1693032831175] [31m[createMemory][39m Thomas Smith no longer sees Tree (481) at X: 47.72001, Y: 10.21 [8.001121]
[1693032831374] [31m[createMemory][39m Thomas Smith no longer sees StoneOreMedium at X: 42.53862, Y: 17.00157 [8.201468]
[1693032831575] [31m[createMemory][39m Thomas Smith no longer sees StoneOreSmall (4) at X: 45.73, Y: 15.31 [8.403033]
[1693032831751] [31m[createMemory][39m Thomas Smith sees Tree at X: 42.12, Y: 5.77. [8.580254]
