[1693032739240] [Character] Creating Eli
[1693032739590] [31m[createMemory][39m I need to let Thomas know I'm going to explore. He's asked me in the past to let him know just in case I get hurt or lost. [0]
[1693032739590] [31m[createMemory][39m I once found a secret clearing in the woods, it's my personal hideout now. [0]
[1693032739590] [31m[createMemory][39m The world feels so big and full of wonders, I want to see them all! [0]
[1693032739590] [31m[createMemory][39m I saw a deer up close once, our eyes met and we just stared for a moment. [0]
[1693032739590] [31m[createMemory][39m Climbing trees is my favorite! The higher I go, the bigger the world looks. [0]
[1693032739590] [31m[createMemory][39m Lucy showed me how to listen to the forest, it's like it's telling stories. [0]
[1693032739590] [31m[createMemory][39m Every rock and leaf, every bird and bug, feels like a friend to me. [0]
[1693032739591] [31m[createMemory][39m I once got lost, but the stars guided me home. They're like nature's map! [0]
[1693032739591] [31m[createMemory][39m George tells me tales of old, turning every tree and hill into an adventure. [0]
[1693032739591] [31m[createMemory][39m I made a whistle out of a reed! Nature is full of surprises. [0]
[1693032739591] [31m[createMemory][39m The woods in autumn is my favorite. All those colors... like nature's painting! [0]
[1693032739591] [31m[createMemory][39m I wish I could talk to animals. Imagine the stories they'd tell! [0]
[1693032739591] [31m[createMemory][39m I've learned to move silently. That way, nature doesn’t hide from me. [0]
[1693032739591] [31m[createMemory][39m Lucy once said every tree has a story. I'm trying to learn them all. [0]
[1693032739591] [31m[createMemory][39m Rainy days? That's when the forest sings its loudest song! [0]
[1693032739591] [31m[createMemory][39m I dreamt I could fly like a bird, seeing the world from above. Maybe one day... [0]
[1693032742331] [Character] Eli created
[1693032822570] [31m[createMemory][39m Eli Green sees Tree at X: 42.12, Y: 5.77. [0]
[1693032822570] [31m[createMemory][39m Eli Green sees Stone Ore Deposit (Small) at X: 41.33658, Y: 13.99647. [0]
[1693032824758] --- Prompt ---
[1693032824766] Character: 
- ID: A5
- Name: Eli Green
- Age: 12
- Occupation: Explorer
- Personality: Curious, Energetic, Kind-hearted

Location: 39.08, 10

Time: Day 0, 12:00 AM

Hunger: Hungry

Environment:
- Stone Ore Deposit (Small) (Health: 5/5) [X: 41.33658, Y: 13.99647, Distance: 4.589547m]
- Tree (Health: 10/10) [X: 42.12, Y: 5.77, Distance: 5.209076m]
- Stone Ore Deposit (Small) (Health: 5/5) [X: 38.24, Y: 15.93, Distance: 5.989199m]
- Tree (Health: 10/10) [X: 45.24001, Y: 10.2, Distance: 6.163249m]
- Stone Ore Deposit (Medium) (Health: 10/10) [X: 42.53862, Y: 17.00157, Distance: 7.809221m]
- Tree (Health: 10/10) [X: 31.24, Y: 9.42, Distance: 7.861425m]
- Tree (Health: 10/10) [X: 33.51, Y: 4.43, Distance: 7.877169m]
- Tree (Health: 10/10) [X: 45.84, Y: 5.299999, Distance: 8.233325m]
- Tree Stump (Health: 5/5) [X: 34.56, Y: 3.07, Distance: 8.273774m]
- Stone Ore Deposit (Small) (Health: 5/5) [X: 45.73, Y: 15.31, Distance: 8.509911m]
- Tree (Health: 10/10) [X: 47.72001, Y: 10.21, Distance: 8.642555m]

Inventory (4/10):
- Axe x 1
- Pickaxe x 1
- Sword x 1
- Berries x 1

Tasks:
[
  {
    "task": "Carry out your daily dutiies",
    "priority": 1
  },
  {
    "task": "Catch up with other villagers",
    "priority": 2
  },
  {
    "task": "Maintain a healthy lifestyle",
    "priority": 3
  }
]

Memories:
- Lucy once said every tree has a story. I'm trying to learn them all. [just now]
- Rainy days? That's when the forest sings its loudest song! [just now]
- The world feels so big and full of wonders, I want to see them all! [just now]
- Lucy showed me how to listen to the forest, it's like it's telling stories. [just now]
- Every rock and leaf, every bird and bug, feels like a friend to me. [just now]
- I dreamt I could fly like a bird, seeing the world from above. Maybe one day... [just now]
- I saw a deer up close once, our eyes met and we just stared for a moment. [just now]
- I once found a secret clearing in the woods, it's my personal hideout now. [just now]
- The woods in autumn is my favorite. All those colors... like nature's painting! [just now]
- George tells me tales of old, turning every tree and hill into an adventure. [just now]

Available Actions:
- move_to: Move to a target location
- drop_axe: Drop Axe onto the ground.
- drop_pickaxe: Drop Pickaxe onto the ground.
- drop_sword: Drop Sword onto the ground.
- eat: Eat some food.
- drop_berries: Drop Berries onto the ground.

Given the available information, update your task list. Take into consideration the time of day, environment, personality of the character, and more. Replace the entire JSON array by removing completed tasks, updating existing tasks with new information and priorities, and create new tasks based on the provided info. Keep the list as concise as possible. Remember focus on the time of day to adjust priorities.
[1693032830000] [31m[createMemory][39m Eli Green sees Thomas Smith at X: 43.60928, Y: 13.00927. [6.82066]
[1693032839184] [35m[CORTEX] Eli Green - Prior Message: [39mHey, how's it going?
[1693032839184] [35m[CORTEX] Eli Green - Patience: [39m100
[1693032839184] [35m[CORTEX] Eli Green - Conversation Goal: [39mFigure out why Thomas Smith started a conversation with me.
[1693032839184] [35m[CORTEX] Eli Green - Conversation Finished: [39mfalse
[1693032840579] --- Response ---
[1693032840579] Updated Tasks: 
[1693032840580] [
  {
    "task": "Find food as we're very hungry",
    "priority": 1
  },
  {
    "task": "Use pickaxe to gather materials from the stone ore deposits and replenish inventory",
    "priority": 2
  },
  {
    "task": "Use axe to collect wood from trees and replenish inventory",
    "priority": 3
  },
  {
    "task": "Explore surrounding environment to discover new wonders",
    "priority": 4
  },
  {
    "task": "Carry out your daily duties",
    "priority": 5
  },
  {
    "task": "Catch up with other villagers",
    "priority": 6
  },
  {
    "task": "Maintain a healthy lifestyle",
    "priority": 7
  }
]
[1693032841045] [35m[CORTEX] Eli Green - Feel: [39mI feel curious to know who this Thomas Smith is
[1693032844293] --- Prompt ---
[1693032844294] Character: 
- ID: A5
- Name: Eli Green
- Age: 12
- Occupation: Explorer
- Personality: Curious, Energetic, Kind-hearted

Location: 39.08, 10

Time: Day 0, 12:00 AM

Hunger: 5 / 10

Environment:
- Stone Ore Deposit (Small) (Health: 5/5) [X: 41.33658, Y: 13.99647, Distance: 4.589547m]
- Tree (Health: 10/10) [X: 42.12, Y: 5.77, Distance: 5.209076m]
- Stone Ore Deposit (Small) (Health: 5/5) [X: 38.24, Y: 15.93, Distance: 5.989199m]
- Tree (Health: 10/10) [X: 45.24001, Y: 10.2, Distance: 6.163249m]
- Stone Ore Deposit (Medium) (Health: 10/10) [X: 42.53862, Y: 17.00157, Distance: 7.809221m]
- Tree (Health: 10/10) [X: 31.24, Y: 9.42, Distance: 7.861425m]
- Tree (Health: 10/10) [X: 33.51, Y: 4.43, Distance: 7.877169m]
- Tree (Health: 10/10) [X: 45.84, Y: 5.299999, Distance: 8.233325m]
- Tree Stump (Health: 5/5) [X: 34.56, Y: 3.07, Distance: 8.273774m]
- Stone Ore Deposit (Small) (Health: 5/5) [X: 45.73, Y: 15.31, Distance: 8.509911m]
- Tree (Health: 10/10) [X: 47.72001, Y: 10.21, Distance: 8.642555m]

Inventory (4/10):
- Axe x 1
- Pickaxe x 1
- Sword x 1
- Berries x 1

Tasks:
[
  {
    "task": "Find food as we're very hungry",
    "priority": 1
  },
  {
    "task": "Use pickaxe to gather materials from the stone ore deposits and replenish inventory",
    "priority": 2
  },
  {
    "task": "Use axe to collect wood from trees and replenish inventory",
    "priority": 3
  },
  {
    "task": "Explore surrounding environment to discover new wonders",
    "priority": 4
  },
  {
    "task": "Carry out your daily duties",
    "priority": 5
  },
  {
    "task": "Catch up with other villagers",
    "priority": 6
  },
  {
    "task": "Maintain a healthy lifestyle",
    "priority": 7
  }
]

Memories:
- The woods in autumn is my favorite. All those colors... like nature's painting! [just now]
- I dreamt I could fly like a bird, seeing the world from above. Maybe one day... [just now]
- George tells me tales of old, turning every tree and hill into an adventure. [just now]
- Lucy once said every tree has a story. I'm trying to learn them all. [just now]
- Every rock and leaf, every bird and bug, feels like a friend to me. [just now]
- The world feels so big and full of wonders, I want to see them all! [just now]
- I once found a secret clearing in the woods, it's my personal hideout now. [just now]
- Rainy days? That's when the forest sings its loudest song! [just now]
- Lucy showed me how to listen to the forest, it's like it's telling stories. [just now]
- I saw a deer up close once, our eyes met and we just stared for a moment. [just now]

Given the available information, pick the best available action function to accomplish your tasks.


[1693032844294] --- Action Functions ---
[1693032844294] [
  {
    "name": "move_to",
    "description": "Move to a target location",
    "parameters": {
      "type": "object",
      "properties": {
        "characterId": {
          "type": "string",
          "description": "The character ID of the character that is adding the item to the chest."
        },
        "x": {
          "type": "number",
          "description": "The X coordinate of the target location."
        },
        "y": {
          "type": "number",
          "description": "The Y coordinate of the target location."
        }
      }
    }
  },
  {
    "name": "drop_axe",
    "description": "Drop Axe onto the ground.",
    "parameters": {
      "type": "object",
      "properties": {
        "characterId": {
          "type": "string",
          "description": "The character ID of the character that is adding the item to the chest."
        },
        "itemId": {
          "type": "string",
          "description": "The item ID of the item that is being added to the chest. Must be lowercase.",
          "values": [
            "wood",
            "stone",
            "iron",
            "diamond",
            "copper",
            "coal",
            "axe",
            "pickaxe",
            "sword",
            "berries"
          ]
        }
      }
    }
  },
  {
    "name": "drop_pickaxe",
    "description": "Drop Pickaxe onto the ground.",
    "parameters": {
      "type": "object",
      "properties": {
        "characterId": {
          "type": "string",
          "description": "The character ID of the character that is adding the item to the chest."
        },
        "itemId": {
          "type": "string",
          "description": "The item ID of the item that is being added to the chest. Must be lowercase.",
          "values": [
            "wood",
            "stone",
            "iron",
            "diamond",
            "copper",
            "coal",
            "axe",
            "pickaxe",
            "sword",
            "berries"
          ]
        }
      }
    }
  },
  {
    "name": "drop_sword",
    "description": "Drop Sword onto the ground.",
    "parameters": {
      "type": "object",
      "properties": {
        "characterId": {
          "type": "string",
          "description": "The character ID of the character that is adding the item to the chest."
        },
        "itemId": {
          "type": "string",
          "description": "The item ID of the item that is being added to the chest. Must be lowercase.",
          "values": [
            "wood",
            "stone",
            "iron",
            "diamond",
            "copper",
            "coal",
            "axe",
            "pickaxe",
            "sword",
            "berries"
          ]
        }
      }
    }
  },
  {
    "name": "eat",
    "description": "Eat some food.",
    "parameters": {
      "type": "object",
      "properties": {
        "characterId": {
          "type": "string",
          "description": "The character ID of the character that is adding the item to the chest."
        },
        "foodId": {
          "type": "string",
          "description": "The food ID of the food to be eaten.",
          "values": [
            "berries"
          ]
        }
      }
    }
  },
  {
    "name": "drop_berries",
    "description": "Drop Berries onto the ground.",
    "parameters": {
      "type": "object",
      "properties": {
        "characterId": {
          "type": "string",
          "description": "The character ID of the character that is adding the item to the chest."
        },
        "itemId": {
          "type": "string",
          "description": "The item ID of the item that is being added to the chest. Must be lowercase.",
          "values": [
            "wood",
            "stone",
            "iron",
            "diamond",
            "copper",
            "coal",
            "axe",
            "pickaxe",
            "sword",
            "berries"
          ]
        }
      }
    }
  }
]
[1693032846917] [31mAgent A5 is already occupied. Skipping...[39m
[1693032847223] [35m[CORTEX] Eli Green - Explain: [39mFrom our brief interaction, it's difficult to discern exactly why Thomas Smith initiated a conversation with me. I believe that more context or more information will help me understand his intentions and determine if they align with my exploration and understanding of the world. As such, I am still in the process of figuring out why Thomas Smith started a conversation with me.
[1693032848384] [35m[CORTEX] Eli Green - Did I make progress? [39m[choice=no]
[1693032848384] [35mPatience:[39m90
[1693032853280] [35m[CORTEX] Eli Green - Plan: [39m I plan to continue my exploration of the woods today, hoping to find another secret clearing or a new species of bug. I also want to practice whistling on my reed whistle. Perhaps I will even run into Thomas Smith again and answer the unresolved questions from our last encounter.
[1693032855550] [35m[CORTEX] Eli Green - Say: [39mHey, Thomas! I'm doing great. Just planning another adventure in the woods today. How about you?

[1693032879515] [35m[CORTEX] Eli Green - Prior Message: [39mI'm doing well, just stopping by the mine to see how things are going, and about to head back to town.
[1693032879516] [35m[CORTEX] Eli Green - Patience: [39m90
[1693032879516] [35m[CORTEX] Eli Green - Conversation Goal: [39mFigure out why Thomas Smith started a conversation with me.
[1693032879516] [35m[CORTEX] Eli Green - Conversation Finished: [39mfalse
[1693032882352] [35m[CORTEX] Eli Green - Feel: [39mI feel intrigued about Thomas Smith's mention of the mine, curious to know what he's up to
[1693032888969] [35m[CORTEX] Eli Green - Explain: [39mThomas Smith mentioned he was stopping by the mine, which seems to indicate that he's involved in some task or work there. This gives me a little more information about him, but the reason he initiated a conversation with me is still not clear. I will need to continue observing and interacting with him to better understand his intentions.
[1693032890100] [35m[CORTEX] Eli Green - Did I make progress? [39m[choice=no]
[1693032890100] [35mPatience:[39m80
[1693032895693] [35m[CORTEX] Eli Green - Plan: [39m I will continue my exploration in the forest while keeping an eye out for Thomas Smith. Maybe I can learn more about his work in the mine. I will also practice on my reed whistle and observe the animals in the forest. Moreover, I am hopeful to find more secret clearings and possibly a new species of bug.
[1693032898342] [35m[CORTEX] Eli Green - Say: [39mInteresting. I didn't know there's a mine around here. What do you do there, Thomas?

