[1693093909492] [Character] Creating Thomas
[1693093909834] [31m[createMemory][39m I should be asleep until 7am. [0]
[1693093909834] [31m[createMemory][39m It's my job to protect the village. [0]
[1693093909834] [31m[createMemory][39m I need to make sure everyone is safe. [0]
[1693093909834] [31m[createMemory][39m I do the work that no one else wants to do. [0]
[1693093909834] [31m[createMemory][39m I try to be as honest as possible. [0]
[1693093909834] [31m[createMemory][39m I'm not afraid of anything. [0]
[1693093909834] [31m[createMemory][39m I go to bed at 10pm. [0]
[1693093909834] [31m[createMemory][39m I like strawberries. [0]
[1693093909834] [31m[createMemory][39m The village location is 2, -58. [0]
[1693093909834] [31m[createMemory][39m The mine site is at 51, 17. [0]
[1693093909834] [31m[createMemory][39m The lumberyard is at 72, -55.1 [0]
[1693093909834] [31m[createMemory][39m The campsite is at 7, -8.3 [0]
[1693093909834] [31m[createMemory][39m The Nume River flows through the village. [0]
[1693093909834] [31m[createMemory][39m Nume Falls are north of the village, and west of the campsite. [0]
[1693093909834] [31m[createMemory][39m The area is surrounded by forested monutains, filled with wildlife, rivers, and lakes. [0]
[1693093911978] [Character] Thomas created
[1693094045752] [31m[createMemory][39m Thomas Smith sees Tree at X: 52.41, Y: 11.03. [0]
[1693094045754] [31m[createMemory][39m Thomas Smith sees Tree at X: 47.72001, Y: 10.21. [0]
[1693094045769] [31m[createMemory][39m Thomas Smith sees Stone Ore Deposit (Small) at X: 45.73, Y: 15.31. [0]
[1693094045769] [31m[createMemory][39m Thomas Smith sees Tree at X: 45.24001, Y: 10.2. [0]
[1693094045769] [31m[createMemory][39m Thomas Smith sees Stone Ore Deposit (Medium) at X: 46.05, Y: 17.85. [0]
[1693094045771] [31m[createMemory][39m Thomas Smith sees Chest at X: 50.52, Y: 14.5. [0]
[1693094045776] [31m[createMemory][39m Thomas Smith sees Tree at X: 50.77, Y: 9.22. [0]
[1693094047572] [31m[createMemory][39m Thomas Smith sees Stone Ore Deposit (Small) at X: 47.58, Y: 19.17. [1.2001853]
[1693094048144] [31m[createMemory][39m Thomas Smith no longer sees Tree (484) at X: 50.77, Y: 9.22 [1.90087521]
[1693094048468] [31m[createMemory][39m Thomas Smith no longer sees Tree (486) at X: 52.41, Y: 11.03 [2.22068167]
[1693094048511] [31m[createMemory][39m Thomas Smith sees Stone Ore Deposit (Medium) at X: 42.53862, Y: 17.00157. [2.24250317]
[1693094051261] [31m[createMemory][39m Thomas Smith sees Stone Ore Deposit (Small) at X: 41.33658, Y: 13.99647. [4.942038]
[1693094051890] [31m[createMemory][39m Thomas Smith no longer sees StoneOreSmall (5) at X: 47.58, Y: 19.17 [5.64219475]
[1693094052528] [31m[createMemory][39m Thomas Smith no longer sees Chest (1) at X: 50.52, Y: 14.5 [6.28261137]
[1693094053547] [31m[createMemory][39m Thomas Smith no longer sees StoneOreMedium (1) at X: 46.05, Y: 17.85 [7.30185127]
[1693094053596] [31m[createMemory][39m Thomas Smith sees Eli Green at X: 39.08, Y: 10. [7.34081554]
[1693094054537] [31m[createMemory][39m Thomas Smith no longer sees StoneOreMedium at X: 42.53862, Y: 17.00157 [8.264675]
[1693094054746] [31m[createMemory][39m Thomas Smith no longer sees Tree (481) at X: 47.72001, Y: 10.21 [8.501787]
[1693094054931] [31m[createMemory][39m Thomas Smith sees Tree at X: 42.12, Y: 5.77. [8.62023]
[1693094054935] [31m[createMemory][39m Thomas Smith no longer sees StoneOreSmall (4) at X: 45.73, Y: 15.31 [8.62023]
[1693094131353] [31m[createMemory][39m Thomas Smith no longer sees Tree (479) at X: 45.24001, Y: 10.2 [83.74019]
[1693094131384] [31m[createMemory][39m Thomas Smith no longer sees StoneOreSmall (3) at X: 41.33658, Y: 13.99647 [83.74019]
[1693094132313] [31m[createMemory][39m Thomas Smith sees Tree Stump at X: 34.56, Y: 3.07. [84.70005]
[1693094132387] [31m[createMemory][39m Thomas Smith sees Tree at X: 33.51, Y: 4.43. [84.78171]
[1693094132486] [31m[createMemory][39m Thomas Smith no longer sees Tree (209) at X: 33.51, Y: 4.43 [84.88058]
[1693094132839] [31m[createMemory][39m Thomas Smith sees Tree at X: 33.51, Y: 4.43. [85.2400055]
[1693094133532] [31m[createMemory][39m Thomas Smith sees Tree at X: 34.32, Y: 1.549999. [85.921814]
[1693094133608] [31m[createMemory][39m Thomas Smith sees Tree at X: 42.32, Y: 1.859999. [86.001236]
[1693094134503] [31m[createMemory][39m Thomas Smith no longer sees Tree (214) at X: 42.32, Y: 1.859999 [86.90211]
[1693094135243] [31m[createMemory][39m Thomas Smith sees Tree at X: 42.32, Y: 1.859999. [87.64305]
[1693094135266] [31m[createMemory][39m Thomas Smith no longer sees Tree (208) at X: 34.32, Y: 1.549999 [87.6611938]
[1693094135847] [31m[createMemory][39m Thomas Smith no longer sees Tree (209) at X: 33.51, Y: 4.43 [88.24004]
[1693094136100] [31m[createMemory][39m Thomas Smith no longer sees Stump (20) at X: 34.56, Y: 3.07 [88.50258]
[1693094136423] [31m[createMemory][39m Thomas Smith no longer sees Tree (214) at X: 42.32, Y: 1.859999 [88.8218842]
[1693094136791] [31m[createMemory][39m Thomas Smith sees Tree at X: 45.24001, Y: 10.2. [89.1801758]
[1693094137072] [31m[createMemory][39m Thomas Smith sees Tree at X: 45.84, Y: 5.299999. [89.46122]
[1693094140313] [31m[createMemory][39m Thomas Smith no longer sees Tree (467) at X: 45.84, Y: 5.299999 [92.68196]
[1693094140451] [31m[createMemory][39m Thomas Smith sees Tree at X: 45.84, Y: 5.299999. [92.84101]
[1693094140725] [31m[createMemory][39m Thomas Smith sees Stone Ore Deposit (Small) at X: 41.33658, Y: 13.99647. [93.12094]
[1693094140743] [31m[createMemory][39m Thomas Smith no longer sees Tree (467) at X: 45.84, Y: 5.299999 [93.1405]
[1693094163280] [31m[createMemory][39m Thomas Smith no longer sees Tree (479) at X: 45.24001, Y: 10.2 [115.661987]
[1693094163500] [31m[createMemory][39m Thomas Smith no longer sees StoneOreSmall (3) at X: 41.33658, Y: 13.99647 [115.882]
[1693094164383] [31m[createMemory][39m Thomas Smith sees Tree Stump at X: 34.56, Y: 3.07. [116.781464]
[1693094164384] [31m[createMemory][39m Thomas Smith sees Tree at X: 33.51, Y: 4.43. [116.781464]
