[1691620593829] [Character] Creating Thomas
[1691620593992] [31m[createMemory][39m I should be asleep until 7am. [0]
[1691620593992] [31m[createMemory][39m It's my job to protect the village. [0]
[1691620593992] [31m[createMemory][39m I need to make sure everyone is safe. [0]
[1691620593993] [31m[createMemory][39m I do the work that no one else wants to do. [0]
[1691620593993] [31m[createMemory][39m I try to be as honest as possible. [0]
[1691620593993] [31m[createMemory][39m I'm not afraid of anything. [0]
[1691620593993] [31m[createMemory][39m I go to bed at 10pm. [0]
[1691620593993] [31m[createMemory][39m I like strawberries. [0]
[1691620593993] [31m[createMemory][39m The village location is 2, -58. [0]
[1691620593993] [31m[createMemory][39m The mine site is at 51, 17. [0]
[1691620593993] [31m[createMemory][39m The lumberyard is at 72, -55.1 [0]
[1691620593993] [31m[createMemory][39m The campsite is at 7, -8.3 [0]
[1691620593993] [31m[createMemory][39m The Nume River flows through the village. [0]
[1691620593993] [31m[createMemory][39m Nume Falls are north of the village, and west of the campsite. [0]
[1691620593994] [31m[createMemory][39m The area is surrounded by forested monutains, filled with wildlife, rivers, and lakes. [0]
[1691620594131] [getMemoryImportance] Getting importance for memory: I should be asleep until 7am.
[1691620594132] [getMemoryImportance] Getting importance for memory: It's my job to protect the village.
[1691620594132] [getMemoryImportance] Getting importance for memory: I need to make sure everyone is safe.
[1691620594132] [getMemoryImportance] Getting importance for memory: I do the work that no one else wants to do.
[1691620594132] [getMemoryImportance] Getting importance for memory: I try to be as honest as possible.
[1691620594132] [getMemoryImportance] Getting importance for memory: I'm not afraid of anything.
[1691620594133] [getMemoryImportance] Getting importance for memory: I go to bed at 10pm.
[1691620594133] [getMemoryImportance] Getting importance for memory: I like strawberries.
[1691620594133] [getMemoryImportance] Getting importance for memory: The village location is 2, -58.
[1691620594133] [getMemoryImportance] Getting importance for memory: The mine site is at 51, 17.
[1691620594133] [getMemoryImportance] Getting importance for memory: The lumberyard is at 72, -55.1
[1691620594133] [getMemoryImportance] Getting importance for memory: The campsite is at 7, -8.3
[1691620594133] [getMemoryImportance] Getting importance for memory: The Nume River flows through the village.
[1691620594133] [getMemoryImportance] Getting importance for memory: Nume Falls are north of the village, and west of the campsite.
[1691620594133] [getMemoryImportance] Getting importance for memory: The area is surrounded by forested monutains, filled with wildlife, rivers, and lakes.
[1691620594393] [getMemoryImportance] Importance: [object Object]
[1691620594502] [getMemoryImportance] Importance: [object Object]
[1691620594502] [getMemoryImportance] Importance: [object Object]
[1691620594502] [getMemoryImportance] Importance: [object Object]
[1691620594503] [getMemoryImportance] Importance: [object Object]
[1691620594506] [getMemoryImportance] Importance: [object Object]
[1691620594506] [getMemoryImportance] Importance: [object Object]
[1691620594506] [getMemoryImportance] Importance: [object Object]
[1691620594506] [getMemoryImportance] Importance: [object Object]
[1691620594507] [getMemoryImportance] Importance: [object Object]
[1691620594507] [getMemoryImportance] Importance: [object Object]
[1691620594507] [getMemoryImportance] Importance: [object Object]
[1691620594507] [getMemoryImportance] Importance: [object Object]
[1691620594508] [getMemoryImportance] Importance: [object Object]
[1691620594509] [getMemoryImportance] Importance: [object Object]
[1691620597619] [Character] Thomas created
[1691621559775] [31m[createMemory][39m Thomas Smith sees Copper Ore Deposit (Small) at X: 53.88, Y: 19.83. [0]
[1691621559775] [31m[createMemory][39m Thomas Smith sees Eli Green at X: 52.6, Y: 15.8. [0]
[1691621559801] [getMemoryImportance] Getting importance for memory: Thomas Smith sees Eli Green at X: 52.6, Y: 15.8.
[1691621559809] [getMemoryImportance] Getting importance for memory: Thomas Smith sees Copper Ore Deposit (Small) at X: 53.88, Y: 19.83.
[1691621560038] [31m[createMemory][39m Thomas Smith sees Chest at X: 50.52, Y: 14.5. [0]
[1691621560039] [31m[createMemory][39m Thomas Smith sees Stone Ore Deposit (Small) at X: 47.58, Y: 19.17. [0]
[1691621560071] [31m[createMemory][39m Thomas Smith sees Stone Ore Deposit (Medium) at X: 46.05, Y: 17.85. [0]
[1691621560071] [31m[createMemory][39m Thomas Smith sees Stone Ore Deposit (Small) at X: 45.73, Y: 15.31. [0]
[1691621560071] [getMemoryImportance] Getting importance for memory: Thomas Smith sees Chest at X: 50.52, Y: 14.5.
[1691621560072] [getMemoryImportance] Getting importance for memory: Thomas Smith sees Stone Ore Deposit (Small) at X: 47.58, Y: 19.17.
[1691621560096] [getMemoryImportance] Importance: [object Object]
[1691621560108] [getMemoryImportance] Getting importance for memory: Thomas Smith sees Stone Ore Deposit (Medium) at X: 46.05, Y: 17.85.
[1691621560109] [getMemoryImportance] Getting importance for memory: Thomas Smith sees Stone Ore Deposit (Small) at X: 45.73, Y: 15.31.
[1691621560116] [31m[createMemory][39m Thomas Smith sees Coal Ore Deposit (Small) at X: 54.64, Y: 16.97. [0]
[1691621560116] [31m[createMemory][39m Thomas Smith sees Copper Ore Deposit (Small) at X: 50.43, Y: 20.71. [0]
[1691621560156] [getMemoryImportance] Getting importance for memory: Thomas Smith sees Coal Ore Deposit (Small) at X: 54.64, Y: 16.97.
[1691621560160] [getMemoryImportance] Getting importance for memory: Thomas Smith sees Copper Ore Deposit (Small) at X: 50.43, Y: 20.71.
[1691621560185] [getMemoryImportance] Importance: [object Object]
[1691621560255] [getMemoryImportance] Importance: [object Object]
[1691621560305] [getMemoryImportance] Importance: [object Object]
[1691621560306] [getMemoryImportance] Importance: [object Object]
[1691621560311] [getMemoryImportance] Importance: [object Object]
[1691621560466] [getMemoryImportance] Importance: [object Object]
[1691621560518] [getMemoryImportance] Importance: [object Object]
[1691621563167] --- Prompt ---
[1691621563167] Character: 
- ID: A1
- Name: Thomas Smith
- Age: 32
- Occupation: Village Leader
- Personality: Brave, Calm, Honest

Location: 50.35, 16.52

Time: Day 0, 12:00 AM

Environment:
- Chest (Health: 10/10) [X: 50.52, Y: 14.5, Distance: 2.027142m]
- Eli Green (Health: 25/25) [X: 52.6, Y: 15.8, Distance: 2.362393m]
- Stone Ore Deposit (Small) (Health: 5/5) [X: 47.58, Y: 19.17, Distance: 3.833455m]
- Copper Ore Deposit (Small) (Health: 5/5) [X: 50.43, Y: 20.71, Distance: 4.190763m]
- Coal Ore Deposit (Small) (Health: 5/5) [X: 54.64, Y: 16.97, Distance: 4.313538m]
- Stone Ore Deposit (Medium) (Health: 10/10) [X: 46.05, Y: 17.85, Distance: 4.500988m]
- Stone Ore Deposit (Small) (Health: 5/5) [X: 45.73, Y: 15.31, Distance: 4.775824m]
- Copper Ore Deposit (Small) (Health: 5/5) [X: 53.88, Y: 19.83, Distance: 4.839113m]
- Tree (Health: 10/10) [X: 52.41, Y: 11.03, Distance: 5.863763m]
- Copper Ore Deposit (Medium) (Health: 10/10) [X: 53.76, Y: 21.7, Distance: 6.201653m]
- Stone Ore Deposit (Small) (Health: 5/5) [X: 46.53, Y: 21.65, Distance: 6.396037m]
- Coal Ore Deposit (Small) (Health: 5/5) [X: 56.74, Y: 14.81, Distance: 6.61485m]
- Copper Ore Deposit (Medium) (Health: 10/10) [X: 52.01, Y: 23.05, Distance: 6.737691m]
- Tree (Health: 10/10) [X: 47.72001, Y: 10.21, Distance: 6.836151m]
- Coal Ore Deposit (Medium) (Health: 10/10) [X: 57.27, Y: 17.32, Distance: 6.966091m]
- Copper Ore Deposit (Small) (Health: 5/5) [X: 49.03, Y: 23.52, Distance: 7.12337m]
- Stone Ore Deposit (Large) (Health: 10/10) [X: 44.3, Y: 20.36, Distance: 7.165758m]
- Tree (Health: 10/10) [X: 50.77, Y: 9.22, Distance: 7.312072m]
- Stone Ore Deposit (Medium) (Health: 10/10) [X: 42.53862, Y: 17.00157, Distance: 7.826212m]
- Tree (Health: 10/10) [X: 45.24001, Y: 10.2, Distance: 8.127387m]
- Tree (Health: 10/10) [X: 53.93, Y: 9.11, Distance: 8.229491m]
- Copper Ore Deposit (Small) (Health: 5/5) [X: 45.17, Y: 23.28, Distance: 8.516455m]
- Copper Ore Deposit (Medium) (Health: 10/10) [X: 54.06, Y: 24.46, Distance: 8.764m]

Inventory (3/10):
- Axe x 1
- Pickaxe x 1
- Sword x 1

Tasks:
[
  {
    "task": "Mine ore",
    "priority": 1
  },
  {
    "task": "Store extra materials in chest",
    "priority": 2
  },
  {
    "task": "Chop trees",
    "priority": 3
  }
]

Memories:
- The Nume River flows through the village. [just now]
- It's my job to protect the village. [just now]
- I need to make sure everyone is safe. [just now]
- The campsite is at 7, -8.3 [just now]
- The mine site is at 51, 17. [just now]
- The area is surrounded by forested monutains, filled with wildlife, rivers, and lakes. [just now]
- I like strawberries. [just now]
- I'm not afraid of anything. [just now]
- I do the work that no one else wants to do. [just now]
- Nume Falls are north of the village, and west of the campsite. [just now]
- Thomas Smith sees Chest at X: 50.52, Y: 14.5. [just now]
- Thomas Smith sees Copper Ore Deposit (Small) at X: 53.88, Y: 19.83. [just now]
- Thomas Smith sees Coal Ore Deposit (Small) at X: 54.64, Y: 16.97. [just now]
- Thomas Smith sees Stone Ore Deposit (Small) at X: 47.58, Y: 19.17. [just now]

Available Actions:
- move_to: Move to a target location
- drop_axe: Drop Axe onto the ground.
- drop_pickaxe: Drop Pickaxe onto the ground.
- drop_sword: Drop Sword onto the ground.
- start_conversation: Start a conversation with a Thomas Smith.

Given the available information, update your task list. Take into consideration the time of day, environment, personality of the character, and more. Replace the entire JSON array by removing completed tasks, updating existing tasks with new information and priorities, and create new tasks based on the provided info. Keep the list as concise as possible. Remember focus on the time of day to adjust priorities.
[1691621574689] --- Response ---
[1691621574689] Updated Tasks: 
[1691621574691] [
  {
    "task": "Mine ore",
    "priority": 1
  },
  {
    "task": "Store mined ore in chest",
    "priority": 2
  },
  {
    "task": "Chop trees",
    "priority": 3
  },
  {
    "task": "Check on Eli Green's well-being",
    "priority": 4
  },
  {
    "task": "Survey area for potential dangers",
    "priority": 5
  },
  {
    "task": "Return to campsite",
    "priority": 6
  }
]
