[1691620593830] [Character] Creating Will
[1691620594386] [31m[createMemory][39m Today was my first day in the mines. [0]
[1691620594386] [31m[createMemory][39m George and Thomas have been really helpful. [0]
[1691620594386] [31m[createMemory][39m The depth and darkness of the mines can be intimidating. [0]
[1691620594386] [31m[createMemory][39m I accidentally broke a pickaxe on my first day. [0]
[1691620594386] [31m[createMemory][39m The older miners have so many stories to tell. [0]
[1691620594386] [31m[createMemory][39m I've always dreamed of being a miner like my father. [0]
[1691620594386] [31m[createMemory][39m The echo in the mines is fascinating. [0]
[1691620594386] [31m[createMemory][39m I need to remember to wear my helmet at all times. [0]
[1691620594386] [31m[createMemory][39m The village has been supportive of my new journey. [0]
[1691620594386] [31m[createMemory][39m I'm still learning the different routes in the mine. [0]
[1691620594386] [31m[createMemory][39m I was startled by the sound of a mine cart today. [0]
[1691620594386] [31m[createMemory][39m It's tiring, but I'm determined to make everyone proud. [0]
[1691620594386] [31m[createMemory][39m I hope to find a rare gem or mineral soon. [0]
[1691620594386] [31m[createMemory][39m The lanterns light up the mines in such a mysterious way. [0]
[1691620594386] [31m[createMemory][39m I can't wait to tell my family about my adventures here. [0]
[1691620594477] [getMemoryImportance] Getting importance for memory: Today was my first day in the mines.
[1691620594477] [getMemoryImportance] Getting importance for memory: George and Thomas have been really helpful.
[1691620594477] [getMemoryImportance] Getting importance for memory: The depth and darkness of the mines can be intimidating.
[1691620594477] [getMemoryImportance] Getting importance for memory: I accidentally broke a pickaxe on my first day.
[1691620594477] [getMemoryImportance] Getting importance for memory: The older miners have so many stories to tell.
[1691620594477] [getMemoryImportance] Getting importance for memory: I've always dreamed of being a miner like my father.
[1691620594477] [getMemoryImportance] Getting importance for memory: The echo in the mines is fascinating.
[1691620594477] [getMemoryImportance] Getting importance for memory: I need to remember to wear my helmet at all times.
[1691620594477] [getMemoryImportance] Getting importance for memory: The village has been supportive of my new journey.
[1691620594477] [getMemoryImportance] Getting importance for memory: I'm still learning the different routes in the mine.
[1691620594477] [getMemoryImportance] Getting importance for memory: I was startled by the sound of a mine cart today.
[1691620594478] [getMemoryImportance] Getting importance for memory: It's tiring, but I'm determined to make everyone proud.
[1691620594478] [getMemoryImportance] Getting importance for memory: I hope to find a rare gem or mineral soon.
[1691620594478] [getMemoryImportance] Getting importance for memory: The lanterns light up the mines in such a mysterious way.
[1691620594478] [getMemoryImportance] Getting importance for memory: I can't wait to tell my family about my adventures here.
[1691620594759] [getMemoryImportance] Importance: [object Object]
[1691620594768] [getMemoryImportance] Importance: [object Object]
[1691620594781] [getMemoryImportance] Importance: [object Object]
[1691620594784] [getMemoryImportance] Importance: [object Object]
[1691620594796] [getMemoryImportance] Importance: [object Object]
[1691620594799] [getMemoryImportance] Importance: [object Object]
[1691620594799] [getMemoryImportance] Importance: [object Object]
[1691620594805] [getMemoryImportance] Importance: [object Object]
[1691620594809] [getMemoryImportance] Importance: [object Object]
[1691620594823] [getMemoryImportance] Importance: [object Object]
[1691620594853] [getMemoryImportance] Importance: [object Object]
[1691620594855] [getMemoryImportance] Importance: [object Object]
[1691620594862] [getMemoryImportance] Importance: [object Object]
[1691620594871] [getMemoryImportance] Importance: [object Object]
[1691620594872] [getMemoryImportance] Importance: [object Object]
[1691620597513] [Character] Will created
[1691621560069] [31m[createMemory][39m Will Turner sees Tree at X: 65.4, Y: -57.25. [0]
[1691621560069] [31m[createMemory][39m Will Turner sees Tree at X: 70.74, Y: -63.48. [0]
[1691621560069] [31m[createMemory][39m Will Turner sees Tree at X: 67.51, Y: -58.39. [0]
[1691621560070] [31m[createMemory][39m Will Turner sees Tree at X: 74.12, Y: -58.91. [0]
[1691621560070] [31m[createMemory][39m Will Turner sees Tree at X: 75.83, Y: -61.41. [0]
[1691621560070] [31m[createMemory][39m Will Turner sees Tree at X: 72.97, Y: -62.64. [0]
[1691621560099] [getMemoryImportance] Getting importance for memory: Will Turner sees Tree at X: 65.4, Y: -57.25.
[1691621560101] [getMemoryImportance] Getting importance for memory: Will Turner sees Tree at X: 70.74, Y: -63.48.
[1691621560102] [getMemoryImportance] Getting importance for memory: Will Turner sees Tree at X: 67.51, Y: -58.39.
[1691621560103] [getMemoryImportance] Getting importance for memory: Will Turner sees Tree at X: 74.12, Y: -58.91.
[1691621560104] [getMemoryImportance] Getting importance for memory: Will Turner sees Tree at X: 75.83, Y: -61.41.
[1691621560105] [getMemoryImportance] Getting importance for memory: Will Turner sees Tree at X: 72.97, Y: -62.64.
[1691621560116] [31m[createMemory][39m Will Turner sees Chest at X: 72.52, Y: -55.49. [0]
[1691621560200] [getMemoryImportance] Getting importance for memory: Will Turner sees Chest at X: 72.52, Y: -55.49.
[1691621560313] [getMemoryImportance] Importance: [object Object]
[1691621560320] [getMemoryImportance] Importance: [object Object]
[1691621560466] [getMemoryImportance] Importance: [object Object]
[1691621560469] [getMemoryImportance] Importance: [object Object]
[1691621560490] [getMemoryImportance] Importance: [object Object]
[1691621560492] [getMemoryImportance] Importance: [object Object]
[1691621560518] [getMemoryImportance] Importance: [object Object]
[1691621563244] --- Prompt ---
[1691621563244] Character: 
- ID: A3
- Name: Will Turner
- Age: 19
- Occupation: Apprentice Miner
- Personality: Curious, Eager, Naive

Location: 70.5, -60.1

Time: Day 0, 12:00 AM

Environment:
- Tree (Health: 10/10) [X: 70.74, Y: -63.48, Distance: 3.388515m]
- Tree (Health: 10/10) [X: 67.51, Y: -58.39, Distance: 3.444443m]
- Tree (Health: 10/10) [X: 72.97, Y: -62.64, Distance: 3.542952m]
- Tree (Health: 10/10) [X: 74.12, Y: -58.91, Distance: 3.810581m]
- Chest (Health: 10/10) [X: 72.52, Y: -55.49, Distance: 5.033139m]
- Tree (Health: 10/10) [X: 75.83, Y: -61.41, Distance: 5.488626m]
- Tree Stump (Health: 5/5) [X: 67.37, Y: -55.27, Distance: 5.755502m]
- Tree (Health: 10/10) [X: 73.34, Y: -65.14, Distance: 5.785083m]
- Tree (Health: 10/10) [X: 65.4, Y: -57.25, Distance: 5.8423m]
- Tree (Health: 10/10) [X: 67.85001, Y: -65.35, Distance: 5.880898m]
- Tree (Health: 10/10) [X: 76.19, Y: -63.49, Distance: 6.623309m]
- Tree (Health: 10/10) [X: 71.28, Y: -66.81, Distance: 6.755182m]
- Tree (Health: 10/10) [X: 77.47, Y: -59.41, Distance: 7.004072m]
- Tree Stump (Health: 5/5) [X: 75.55, Y: -65.01, Distance: 7.043484m]
- Tree Stump (Health: 5/5) [X: 68.73, Y: -53.03, Distance: 7.288195m]
- Tree Stump (Health: 5/5) [X: 76.91, Y: -56.28, Distance: 7.46194m]
- Tree Stump (Health: 5/5) [X: 75.36, Y: -54.3, Distance: 7.56701m]
- Tree (Health: 10/10) [X: 74.44, Y: -66.81, Distance: 7.781241m]
- Tree (Health: 10/10) [X: 65.21, Y: -54.15, Distance: 7.961568m]
- Tree (Health: 10/10) [X: 62.7, Y: -56.02, Distance: 8.802636m]
- Tree (Health: 10/10) [X: 66.29, Y: -52.3, Distance: 8.863642m]

Inventory (3/10):
- Axe x 1
- Pickaxe x 1
- Sword x 1

Tasks:
[
  {
    "task": "Mine ore",
    "priority": 1
  },
  {
    "task": "Store extra materials in chest",
    "priority": 2
  },
  {
    "task": "Chop trees",
    "priority": 3
  }
]

Memories:
- The older miners have so many stories to tell. [just now]
- Today was my first day in the mines. [just now]
- The lanterns light up the mines in such a mysterious way. [just now]
- I've always dreamed of being a miner like my father. [just now]
- The echo in the mines is fascinating. [just now]
- The village has been supportive of my new journey. [just now]
- I hope to find a rare gem or mineral soon. [just now]
- I was startled by the sound of a mine cart today. [just now]
- I accidentally broke a pickaxe on my first day. [just now]
- The depth and darkness of the mines can be intimidating. [just now]
- Will Turner sees Chest at X: 72.52, Y: -55.49. [just now]
- Will Turner sees Tree at X: 67.51, Y: -58.39. [just now]
- Will Turner sees Tree at X: 65.4, Y: -57.25. [just now]
- Will Turner sees Tree at X: 75.83, Y: -61.41. [just now]

Available Actions:
- move_to: Move to a target location
- drop_axe: Drop Axe onto the ground.
- drop_pickaxe: Drop Pickaxe onto the ground.
- drop_sword: Drop Sword onto the ground.
- start_conversation: Start a conversation with a Will Turner.

Given the available information, update your task list. Take into consideration the time of day, environment, personality of the character, and more. Replace the entire JSON array by removing completed tasks, updating existing tasks with new information and priorities, and create new tasks based on the provided info. Keep the list as concise as possible. Remember focus on the time of day to adjust priorities.
[1691621577606] --- Response ---
[1691621577606] Updated Tasks: 
[1691621577608] [
  {
    "task": "Mine ore",
    "priority": 1
  },
  {
    "task": "Store extra materials in chest",
    "priority": 3
  },
  {
    "task": "Chop trees",
    "priority": 2
  },
  {
    "task": "Inspect Chest",
    "priority": 4
  },
  {
    "task": "Explore surrounding area",
    "priority": 5
  },
  {
    "task": "Check axe for durability",
    "priority": 6
  },
  {
    "task": "Replace broken pickaxe",
    "priority": 7
  },
  {
    "task": "Seek advice from older miners",
    "priority": 8
  }
]
