[1693113502700] [Character] Creating Thomas
[1693113502902] [31m[createMemory][39m I should be asleep until 7am. [0]
[1693113502903] [31m[createMemory][39m It's my job to protect the village. [0]
[1693113502903] [31m[createMemory][39m I need to make sure everyone is safe. [0]
[1693113502906] [31m[createMemory][39m I do the work that no one else wants to do. [0]
[1693113502907] [31m[createMemory][39m I try to be as honest as possible. [0]
[1693113502907] [31m[createMemory][39m I'm not afraid of anything. [0]
[1693113502907] [31m[createMemory][39m I go to bed at 10pm. [0]
[1693113502908] [31m[createMemory][39m I like strawberries. [0]
[1693113502908] [31m[createMemory][39m The village location is 2, -58. [0]
[1693113502909] [31m[createMemory][39m The mine site is at 51, 17. [0]
[1693113502914] [31m[createMemory][39m The lumberyard is at 72, -55.1 [0]
[1693113502914] [31m[createMemory][39m The campsite is at 7, -8.3 [0]
[1693113502914] [31m[createMemory][39m The Nume River flows through the village. [0]
[1693113502915] [31m[createMemory][39m Nume Falls are north of the village, and west of the campsite. [0]
[1693113502915] [31m[createMemory][39m The area is surrounded by forested monutains, filled with wildlife, rivers, and lakes. [0]
[1693113505829] [Character] Thomas created
[1693113512323] [31m[createMemory][39m Thomas Smith sees Tree at X: 52.41, Y: 11.03. [0]
[1693113512323] [31m[createMemory][39m Thomas Smith sees Chest at X: 50.52, Y: 14.5. [0]
[1693113512323] [31m[createMemory][39m Thomas Smith sees Tree at X: 50.77, Y: 9.22. [0]
[1693113512323] [31m[createMemory][39m Thomas Smith sees Tree at X: 47.72001, Y: 10.21. [0]
[1693113512323] [31m[createMemory][39m Thomas Smith sees Stone Ore Deposit (Small) at X: 45.73, Y: 15.31. [0]
[1693113512323] [31m[createMemory][39m Thomas Smith sees Tree at X: 45.24001, Y: 10.2. [0]
[1693113512324] [31m[createMemory][39m Thomas Smith sees Stone Ore Deposit (Medium) at X: 46.05, Y: 17.85. [0]
[1693113533894] [31m[createMemory][39m Thomas Smith sees Stone Ore Deposit (Medium) at X: 42.53862, Y: 17.00157. [20.9006424]
[1693113533903] [31m[createMemory][39m Thomas Smith no longer sees Tree (486) at X: 52.41, Y: 11.03 [20.9411564]
[1693113533929] [31m[createMemory][39m Thomas Smith no longer sees Tree (484) at X: 50.77, Y: 9.22 [20.9619961]
[1693113534183] [31m[createMemory][39m Thomas Smith sees Stone Ore Deposit (Small) at X: 41.33658, Y: 13.99647. [21.1815624]
[1693113537764] [31m[createMemory][39m Thomas Smith no longer sees Chest (1) at X: 50.52, Y: 14.5 [24.8011475]
[1693113538272] [31m[createMemory][39m Thomas Smith no longer sees StoneOreMedium (1) at X: 46.05, Y: 17.85 [25.3017578]
[1693113539009] [31m[createMemory][39m Thomas Smith no longer sees StoneOreMedium at X: 42.53862, Y: 17.00157 [26.0408154]
[1693113539390] [31m[createMemory][39m Thomas Smith sees Tree at X: 42.12, Y: 5.77. [26.4213867]
[1693113539510] [31m[createMemory][39m Thomas Smith sees Eli Green at X: 41.88587, Y: 6.117873. [26.54006]
[1693113539839] [31m[createMemory][39m Thomas Smith no longer sees StoneOreSmall (4) at X: 45.73, Y: 15.31 [26.84077]
[1693113540241] [31m[createMemory][39m Thomas Smith sees Tree at X: 45.84, Y: 5.299999. [27.24119]
[1693113540969] [31m[createMemory][39m Thomas Smith no longer sees StoneOreSmall (3) at X: 41.33658, Y: 13.99647 [28.0003319]
[1693113541447] [31m[createMemory][39m Thomas Smith sees Tree at X: 44.99, Y: 2.73. [28.48392]
[1693113541590] [31m[createMemory][39m Thomas Smith no longer sees Tree (481) at X: 47.72001, Y: 10.21 [28.6211376]
