[1693097390509] [Character] Creating Thomas
[1693097390975] [31m[createMemory][39m I should be asleep until 7am. [0]
[1693097390975] [31m[createMemory][39m It's my job to protect the village. [0]
[1693097390975] [31m[createMemory][39m I need to make sure everyone is safe. [0]
[1693097390975] [31m[createMemory][39m I do the work that no one else wants to do. [0]
[1693097390975] [31m[createMemory][39m I try to be as honest as possible. [0]
[1693097390975] [31m[createMemory][39m I'm not afraid of anything. [0]
[1693097390975] [31m[createMemory][39m I go to bed at 10pm. [0]
[1693097390975] [31m[createMemory][39m I like strawberries. [0]
[1693097390975] [31m[createMemory][39m The village location is 2, -58. [0]
[1693097390975] [31m[createMemory][39m The mine site is at 51, 17. [0]
[1693097390975] [31m[createMemory][39m The lumberyard is at 72, -55.1 [0]
[1693097390975] [31m[createMemory][39m The campsite is at 7, -8.3 [0]
[1693097390975] [31m[createMemory][39m The Nume River flows through the village. [0]
[1693097390975] [31m[createMemory][39m Nume Falls are north of the village, and west of the campsite. [0]
[1693097390975] [31m[createMemory][39m The area is surrounded by forested monutains, filled with wildlife, rivers, and lakes. [0]
[1693097394168] [Character] Thomas created
[1693097662653] [31m[createMemory][39m Thomas Smith sees Tree at X: 52.41, Y: 11.03. [0.0199999921]
[1693097662654] [31m[createMemory][39m Thomas Smith sees Chest at X: 50.52, Y: 14.5. [0.0199999921]
[1693097662654] [31m[createMemory][39m Thomas Smith sees Tree at X: 50.77, Y: 9.22. [0.0199999921]
[1693097662654] [31m[createMemory][39m Thomas Smith sees Tree at X: 47.72001, Y: 10.21. [0.0199999921]
[1693097662654] [31m[createMemory][39m Thomas Smith sees Tree at X: 45.24001, Y: 10.2. [0.0199999921]
[1693097662654] [31m[createMemory][39m Thomas Smith sees Stone Ore Deposit (Medium) at X: 46.05, Y: 17.85. [0.0199999921]
[1693097662657] [31m[createMemory][39m Thomas Smith sees Stone Ore Deposit (Small) at X: 45.73, Y: 15.31. [0.0199999921]
[1693097745225] [31m[createMemory][39m Thomas Smith sees Stone Ore Deposit (Small) at X: 47.58, Y: 19.17. [81.32049]
[1693097745568] [31m[createMemory][39m Thomas Smith no longer sees Tree (484) at X: 50.77, Y: 9.22 [81.66133]
[1693097745924] [31m[createMemory][39m Thomas Smith no longer sees Tree (486) at X: 52.41, Y: 11.03 [82.02277]
[1693097746122] [31m[createMemory][39m Thomas Smith sees Stone Ore Deposit (Small) at X: 42.53862, Y: 17.00157. [82.22198]
[1693097746281] [31m[createMemory][39m Thomas Smith no longer sees Tree (479) at X: 45.24001, Y: 10.2 [82.38005]
[1693097747205] [31m[createMemory][39m Thomas Smith sees Tree at X: 45.24001, Y: 10.2. [83.30826]
[1693097747348] [31m[createMemory][39m Thomas Smith sees Stone Ore Deposit (Large) at X: 44.3, Y: 20.36. [83.44266]
[1693097748492] [31m[createMemory][39m Thomas Smith picked up Stone at X: 46.98051, Y: 15.06445 [84.58103]
[1693097750649] [31m[createMemory][39m Thomas Smith no longer sees Tree (481) at X: 47.72001, Y: 10.21 [86.74133]
[1693097750701] [31m[createMemory][39m Thomas Smith no longer sees Tree (479) at X: 45.24001, Y: 10.2 [86.804245]
[1693097751152] [31m[createMemory][39m Thomas Smith sees Stone Ore Deposit (Large) at X: 40.75, Y: 19.74. [87.2408]
[1693097751181] [31m[createMemory][39m Thomas Smith sees Eli Green at X: 40.86794, Y: 18.93056. [87.2831]
[1693097751299] [31m[createMemory][39m Thomas Smith sees Stone Ore Deposit (Small) at X: 46.53, Y: 21.65. [87.40095]
[1693097751370] [31m[createMemory][39m Thomas Smith no longer sees Chest (1) at X: 50.52, Y: 14.5 [87.4600449]
[1693097752241] [31m[createMemory][39m Thomas Smith sees Stone Ore Deposit (Large) at X: 41.29, Y: 22.52. [88.34035]
[1693097752501] [31m[createMemory][39m Thomas Smith sees Stone Ore Deposit (Medium) at X: 38.03, Y: 18.78. [88.60243]
[1693097752682] [31m[createMemory][39m Thomas Smith sees Stone Ore Deposit (Small) at X: 38.24, Y: 15.93. [88.76252]
[1693097752691] [31m[createMemory][39m Thomas Smith sees Copper Ore Deposit (Small) at X: 45.17, Y: 23.28. [88.78116]
[1693097753653] [31m[createMemory][39m Thomas Smith sees Stone Ore Deposit (Small) at X: 37.2, Y: 21.65. [89.76128]
