[1693029857893] [Character] Creating Thomas
[1693029858253] [31m[createMemory][39m I should be asleep until 7am. [0]
[1693029858253] [31m[createMemory][39m It's my job to protect the village. [0]
[1693029858253] [31m[createMemory][39m I need to make sure everyone is safe. [0]
[1693029858253] [31m[createMemory][39m I do the work that no one else wants to do. [0]
[1693029858253] [31m[createMemory][39m I try to be as honest as possible. [0]
[1693029858253] [31m[createMemory][39m I'm not afraid of anything. [0]
[1693029858253] [31m[createMemory][39m I go to bed at 10pm. [0]
[1693029858253] [31m[createMemory][39m I like strawberries. [0]
[1693029858253] [31m[createMemory][39m The village location is 2, -58. [0]
[1693029858253] [31m[createMemory][39m The mine site is at 51, 17. [0]
[1693029858254] [31m[createMemory][39m The lumberyard is at 72, -55.1 [0]
[1693029858254] [31m[createMemory][39m The campsite is at 7, -8.3 [0]
[1693029858254] [31m[createMemory][39m The Nume River flows through the village. [0]
[1693029858254] [31m[createMemory][39m Nume Falls are north of the village, and west of the campsite. [0]
[1693029858254] [31m[createMemory][39m The area is surrounded by forested monutains, filled with wildlife, rivers, and lakes. [0]
[1693029860401] [Character] Thomas created
[1693029867863] [31m[createMemory][39m Thomas Smith sees Chest at X: 50.52, Y: 14.5. [0]
[1693029867865] [31m[createMemory][39m Thomas Smith sees Tree at X: 50.77, Y: 9.22. [0]
[1693029867866] [31m[createMemory][39m Thomas Smith sees Tree at X: 47.72001, Y: 10.21. [0]
[1693029867866] [31m[createMemory][39m Thomas Smith sees Tree at X: 45.24001, Y: 10.2. [0]
[1693029867866] [31m[createMemory][39m Thomas Smith sees Tree at X: 52.41, Y: 11.03. [0]
[1693029867868] [31m[createMemory][39m Thomas Smith sees Stone Ore Deposit (Small) at X: 45.73, Y: 15.31. [0]
[1693029867868] [31m[createMemory][39m Thomas Smith sees Stone Ore Deposit (Medium) at X: 46.05, Y: 17.85. [0]
[1693029869422] [31m[createMemory][39m Thomas Smith sees Stone Ore Deposit (Medium) at X: 42.53862, Y: 17.00157. [1.00082946]
[1693029869488] [31m[createMemory][39m Thomas Smith no longer sees Tree (486) at X: 52.41, Y: 11.03 [1.1226095]
[1693029869781] [31m[createMemory][39m Thomas Smith no longer sees Tree (484) at X: 50.77, Y: 9.22 [1.41666019]
[1693029870872] [31m[createMemory][39m Thomas Smith sees Stone Ore Deposit (Small) at X: 41.33658, Y: 13.99647. [2.501524]
[1693029871904] [31m[createMemory][39m Thomas Smith no longer sees Chest (1) at X: 50.52, Y: 14.5 [3.54094076]
[1693029872825] [31m[createMemory][39m Thomas Smith sees Stone Ore Deposit (Small) at X: 38.24, Y: 15.93. [4.461311]
[1693029873153] [31m[createMemory][39m Thomas Smith sees Eli Green at X: 39.08, Y: 10. [4.780246]
[1693029873304] [31m[createMemory][39m Thomas Smith no longer sees StoneOreMedium (1) at X: 46.05, Y: 17.85 [4.940281]
[1693029873566] [31m[createMemory][39m Thomas Smith no longer sees Tree (481) at X: 47.72001, Y: 10.21 [5.201611]
[1693029874468] [31m[createMemory][39m Thomas Smith no longer sees StoneOreSmall (4) at X: 45.73, Y: 15.31 [6.10122061]
[1693029874543] [31m[createMemory][39m Thomas Smith no longer sees StoneOreMedium at X: 42.53862, Y: 17.00157 [6.141477]
[1693029874888] [31m[createMemory][39m Thomas Smith sees Tree at X: 42.12, Y: 5.77. [6.52029943]
[1693029874945] [31m[createMemory][39m Thomas Smith no longer sees StoneOreSmall (6) at X: 38.24, Y: 15.93 [6.58282]
