[1693029858252] [31m[createMemory][39m I need to let Thomas know I'm going to explore. He's asked me in the past to let him know just in case I get hurt or lost. [0]
[1693029858252] [31m[createMemory][39m I once found a secret clearing in the woods, it's my personal hideout now. [0]
[1693029858252] [31m[createMemory][39m The world feels so big and full of wonders, I want to see them all! [0]
[1693029858252] [31m[createMemory][39m I saw a deer up close once, our eyes met and we just stared for a moment. [0]
[1693029858252] [31m[createMemory][39m Climbing trees is my favorite! The higher I go, the bigger the world looks. [0]
[1693029858252] [31m[createMemory][39m Lucy showed me how to listen to the forest, it's like it's telling stories. [0]
[1693029858252] [31m[createMemory][39m Every rock and leaf, every bird and bug, feels like a friend to me. [0]
[1693029858252] [31m[createMemory][39m I once got lost, but the stars guided me home. They're like nature's map! [0]
[1693029858252] [31m[createMemory][39m George tells me tales of old, turning every tree and hill into an adventure. [0]
[1693029858252] [31m[createMemory][39m I made a whistle out of a reed! Nature is full of surprises. [0]
[1693029858252] [31m[createMemory][39m The woods in autumn is my favorite. All those colors... like nature's painting! [0]
[1693029858252] [31m[createMemory][39m I wish I could talk to animals. Imagine the stories they'd tell! [0]
[1693029858252] [31m[createMemory][39m I've learned to move silently. That way, nature doesn’t hide from me. [0]
[1693029858252] [31m[createMemory][39m Lucy once said every tree has a story. I'm trying to learn them all. [0]
[1693029858252] [31m[createMemory][39m Rainy days? That's when the forest sings its loudest song! [0]
[1693029858252] [31m[createMemory][39m I dreamt I could fly like a bird, seeing the world from above. Maybe one day... [0]
[1693029860667] [Character] Eli created
[1693029867856] [31m[createMemory][39m Eli Green sees Tree at X: 42.12, Y: 5.77. [0]
[1693029867866] [31m[createMemory][39m Eli Green sees Stone Ore Deposit (Small) at X: 41.33658, Y: 13.99647. [0]
[1693029870126] --- Prompt ---
[1693029870128] Character: 
- ID: A5
- Name: Eli Green
- Age: 12
- Occupation: Explorer
- Personality: Curious, Energetic, Kind-hearted

Location: 39.08, 10

Time: Day 0, 12:00 AM

Hunger: Hungry

Environment:
- Stone Ore Deposit (Small) (Health: 5/5) [X: 41.33658, Y: 13.99647, Distance: 4.589547m]
- Tree (Health: 10/10) [X: 42.12, Y: 5.77, Distance: 5.209076m]
- Stone Ore Deposit (Small) (Health: 5/5) [X: 38.24, Y: 15.93, Distance: 5.989199m]
- Tree (Health: 10/10) [X: 45.24001, Y: 10.2, Distance: 6.163249m]
- Stone Ore Deposit (Medium) (Health: 10/10) [X: 42.53862, Y: 17.00157, Distance: 7.809221m]
- Tree (Health: 10/10) [X: 31.24, Y: 9.42, Distance: 7.861425m]
- Tree (Health: 10/10) [X: 33.51, Y: 4.43, Distance: 7.877169m]
- Tree (Health: 10/10) [X: 45.84, Y: 5.299999, Distance: 8.233325m]
- Tree Stump (Health: 5/5) [X: 34.56, Y: 3.07, Distance: 8.273774m]
- Stone Ore Deposit (Small) (Health: 5/5) [X: 45.73, Y: 15.31, Distance: 8.509911m]
- Tree (Health: 10/10) [X: 47.72001, Y: 10.21, Distance: 8.642555m]

Inventory (4/10):
- Axe x 1
- Pickaxe x 1
- Sword x 1
- Berries x 1

Tasks:
[
  {
    "task": "Carry out your daily dutiies",
    "priority": 1
  },
  {
    "task": "Catch up with other villagers",
    "priority": 2
  },
  {
    "task": "Maintain a healthy lifestyle",
    "priority": 3
  }
]

Memories:
- Rainy days? That's when the forest sings its loudest song! [just now]
- George tells me tales of old, turning every tree and hill into an adventure. [just now]
- Every rock and leaf, every bird and bug, feels like a friend to me. [just now]
- Lucy showed me how to listen to the forest, it's like it's telling stories. [just now]
- I saw a deer up close once, our eyes met and we just stared for a moment. [just now]
- I once got lost, but the stars guided me home. They're like nature's map! [just now]
- I once found a secret clearing in the woods, it's my personal hideout now. [just now]
- The world feels so big and full of wonders, I want to see them all! [just now]
- I've learned to move silently. That way, nature doesn’t hide from me. [just now]
- Lucy once said every tree has a story. I'm trying to learn them all. [just now]

Available Actions:
- move_to: Move to a target location
- drop_axe: Drop Axe onto the ground.
- drop_pickaxe: Drop Pickaxe onto the ground.
- drop_sword: Drop Sword onto the ground.
- eat: Eat some food.
- drop_berries: Drop Berries onto the ground.

Given the available information, update your task list. Take into consideration the time of day, environment, personality of the character, and more. Replace the entire JSON array by removing completed tasks, updating existing tasks with new information and priorities, and create new tasks based on the provided info. Keep the list as concise as possible. Remember focus on the time of day to adjust priorities.
[1693029872850] [31m[createMemory][39m Eli Green sees Thomas Smith at X: 43.38552, Y: 13.3805. [4.48103]
[1693029883965] [35m[CORTEX] Eli Green - Prior Message: [39mHi there! How are you?
[1693029883965] [35m[CORTEX] Eli Green - Patience: [39m100
[1693029883965] [35m[CORTEX] Eli Green - Conversation Goal: [39mFigure out why Thomas Smith started a conversation with me.
[1693029883965] [35m[CORTEX] Eli Green - Conversation Finished: [39mfalse
[1693029885641] [35m[CORTEX] Eli Green - Feel: [39mI feel excited to have a conversation with someone new
[1693029885857] --- Response ---
[1693029885857] Updated Tasks: 
[1693029885859] [
  {
    "task": "Eat some food to reduce hunger",
    "priority": 1
  },
  {
    "task": "Use pickaxe to extract materials from Stone Ore Deposit (Small)",
    "priority": 2
  },
  {
    "task": "Maintain a healthy lifestyle, explore the forest and continue going on adventures",
    "priority": 3
  },
  {
    "task": "Carry out your daily duties, such as collecting resources and maintaining tools",
    "priority": 4
  },
  {
    "task": "Use axe to chop down Tree for wood",
    "priority": 5
  },
  {
    "task": "Catch up with other villagers, share stories and experiences",
    "priority": 6
  },
  {
    "task": "End the day at the secret clearing, observe the stars and reflect on the day",
    "priority": 7
  }
]
[1693029889860] --- Prompt ---
[1693029889861] Character: 
- ID: A5
- Name: Eli Green
- Age: 12
- Occupation: Explorer
- Personality: Curious, Energetic, Kind-hearted

Location: 39.08, 10

Time: Day 0, 12:00 AM

Hunger: 5 / 10

Environment:
- Stone Ore Deposit (Small) (Health: 5/5) [X: 41.33658, Y: 13.99647, Distance: 4.589547m]
- Tree (Health: 10/10) [X: 42.12, Y: 5.77, Distance: 5.209076m]
- Stone Ore Deposit (Small) (Health: 5/5) [X: 38.24, Y: 15.93, Distance: 5.989199m]
- Tree (Health: 10/10) [X: 45.24001, Y: 10.2, Distance: 6.163249m]
- Stone Ore Deposit (Medium) (Health: 10/10) [X: 42.53862, Y: 17.00157, Distance: 7.809221m]
- Tree (Health: 10/10) [X: 31.24, Y: 9.42, Distance: 7.861425m]
- Tree (Health: 10/10) [X: 33.51, Y: 4.43, Distance: 7.877169m]
- Tree (Health: 10/10) [X: 45.84, Y: 5.299999, Distance: 8.233325m]
- Tree Stump (Health: 5/5) [X: 34.56, Y: 3.07, Distance: 8.273774m]
- Stone Ore Deposit (Small) (Health: 5/5) [X: 45.73, Y: 15.31, Distance: 8.509911m]
- Tree (Health: 10/10) [X: 47.72001, Y: 10.21, Distance: 8.642555m]

Inventory (4/10):
- Axe x 1
- Pickaxe x 1
- Sword x 1
- Berries x 1

Tasks:
[
  {
    "task": "Eat some food to reduce hunger",
    "priority": 1
  },
  {
    "task": "Use pickaxe to extract materials from Stone Ore Deposit (Small)",
    "priority": 2
  },
  {
    "task": "Maintain a healthy lifestyle, explore the forest and continue going on adventures",
    "priority": 3
  },
  {
    "task": "Carry out your daily duties, such as collecting resources and maintaining tools",
    "priority": 4
  },
  {
    "task": "Use axe to chop down Tree for wood",
    "priority": 5
  },
  {
    "task": "Catch up with other villagers, share stories and experiences",
    "priority": 6
  },
  {
    "task": "End the day at the secret clearing, observe the stars and reflect on the day",
    "priority": 7
  }
]

Memories:
- Rainy days? That's when the forest sings its loudest song! [just now]
- Lucy once said every tree has a story. I'm trying to learn them all. [just now]
- George tells me tales of old, turning every tree and hill into an adventure. [just now]
- The world feels so big and full of wonders, I want to see them all! [just now]
- I saw a deer up close once, our eyes met and we just stared for a moment. [just now]
- I once found a secret clearing in the woods, it's my personal hideout now. [just now]
- I've learned to move silently. That way, nature doesn’t hide from me. [just now]
- Every rock and leaf, every bird and bug, feels like a friend to me. [just now]
- Lucy showed me how to listen to the forest, it's like it's telling stories. [just now]
- I once got lost, but the stars guided me home. They're like nature's map! [just now]

Given the available information, pick the best available action function to accomplish your tasks.


[1693029889861] --- Action Functions ---
[1693029889861] [
  {
    "name": "move_to",
    "description": "Move to a target location",
    "parameters": {
      "type": "object",
      "properties": {
        "characterId": {
          "type": "string",
          "description": "The character ID of the character that is adding the item to the chest."
        },
        "x": {
          "type": "number",
          "description": "The X coordinate of the target location."
        },
        "y": {
          "type": "number",
          "description": "The Y coordinate of the target location."
        }
      }
    }
  },
  {
    "name": "drop_axe",
    "description": "Drop Axe onto the ground.",
    "parameters": {
      "type": "object",
      "properties": {
        "characterId": {
          "type": "string",
          "description": "The character ID of the character that is adding the item to the chest."
        },
        "itemId": {
          "type": "string",
          "description": "The item ID of the item that is being added to the chest. Must be lowercase.",
          "values": [
            "wood",
            "stone",
            "iron",
            "diamond",
            "copper",
            "coal",
            "axe",
            "pickaxe",
            "sword",
            "berries"
          ]
        }
      }
    }
  },
  {
    "name": "drop_pickaxe",
    "description": "Drop Pickaxe onto the ground.",
    "parameters": {
      "type": "object",
      "properties": {
        "characterId": {
          "type": "string",
          "description": "The character ID of the character that is adding the item to the chest."
        },
        "itemId": {
          "type": "string",
          "description": "The item ID of the item that is being added to the chest. Must be lowercase.",
          "values": [
            "wood",
            "stone",
            "iron",
            "diamond",
            "copper",
            "coal",
            "axe",
            "pickaxe",
            "sword",
            "berries"
          ]
        }
      }
    }
  },
  {
    "name": "drop_sword",
    "description": "Drop Sword onto the ground.",
    "parameters": {
      "type": "object",
      "properties": {
        "characterId": {
          "type": "string",
          "description": "The character ID of the character that is adding the item to the chest."
        },
        "itemId": {
          "type": "string",
          "description": "The item ID of the item that is being added to the chest. Must be lowercase.",
          "values": [
            "wood",
            "stone",
            "iron",
            "diamond",
            "copper",
            "coal",
            "axe",
            "pickaxe",
            "sword",
            "berries"
          ]
        }
      }
    }
  },
  {
    "name": "eat",
    "description": "Eat some food.",
    "parameters": {
      "type": "object",
      "properties": {
        "characterId": {
          "type": "string",
          "description": "The character ID of the character that is adding the item to the chest."
        },
        "foodId": {
          "type": "string",
          "description": "The food ID of the food to be eaten.",
          "values": [
            "berries"
          ]
        }
      }
    }
  },
  {
    "name": "drop_berries",
    "description": "Drop Berries onto the ground.",
    "parameters": {
      "type": "object",
      "properties": {
        "characterId": {
          "type": "string",
          "description": "The character ID of the character that is adding the item to the chest."
        },
        "itemId": {
          "type": "string",
          "description": "The item ID of the item that is being added to the chest. Must be lowercase.",
          "values": [
            "wood",
            "stone",
            "iron",
            "diamond",
            "copper",
            "coal",
            "axe",
            "pickaxe",
            "sword",
            "berries"
          ]
        }
      }
    }
  }
]
[1693029892546] [35m[CORTEX] Eli Green - Explain: [39mThomas Smith initiated the conversation, which could be the first step towards the broad goal of understanding why he started it in the first place. However, as there's not much information to go on yet as the conversation has only just begun, I would say I haven't made substantial progress towards figuring out the reason behind the initiation of the conversation yet.
[1693029892769] [31mAgent A5 is already occupied. Skipping...[39m
[1693029893978] [35m[CORTEX] Eli Green - Did I make progress? [39m[choice=no]
[1693029893978] [35mPatience:[39m90
[1693029899244] [35m[CORTEX] Eli Green - Plan: [39m Since Thomas Smith initiated a conversation, I plan to engage him with my tales of adventures, share my love for nature, and my dreams to communicate with animals. I also anticipate learning from the stories or experiences he may share, which may add new chapters to my unwritten book.
[1693029901573] [35m[CORTEX] Eli Green - Say: [39mI'm doing great! I just got back from exploring the woods. Do you like the outdoors as well?

