[1692332221097] [Character] Creating Will
[1692332221284] [31m[createMemory][39m Today was my first day in the mines. [0]
[1692332221285] [31m[createMemory][39m George and Thomas have been really helpful. [0]
[1692332221285] [31m[createMemory][39m The depth and darkness of the mines can be intimidating. [0]
[1692332221285] [31m[createMemory][39m I accidentally broke a pickaxe on my first day. [0]
[1692332221285] [31m[createMemory][39m The older miners have so many stories to tell. [0]
[1692332221285] [31m[createMemory][39m I've always dreamed of being a miner like my father. [0]
[1692332221285] [31m[createMemory][39m The echo in the mines is fascinating. [0]
[1692332221285] [31m[createMemory][39m I need to remember to wear my helmet at all times. [0]
[1692332221285] [31m[createMemory][39m The village has been supportive of my new journey. [0]
[1692332221285] [31m[createMemory][39m I'm still learning the different routes in the mine. [0]
[1692332221285] [31m[createMemory][39m I was startled by the sound of a mine cart today. [0]
[1692332221285] [31m[createMemory][39m It's tiring, but I'm determined to make everyone proud. [0]
[1692332221285] [31m[createMemory][39m I hope to find a rare gem or mineral soon. [0]
[1692332221285] [31m[createMemory][39m The lanterns light up the mines in such a mysterious way. [0]
[1692332221285] [31m[createMemory][39m I can't wait to tell my family about my adventures here. [0]
[1692332224216] [Character] Will created
[1692332284644] [31m[createMemory][39m Will Turner sees Tree Stump at X: 76.91, Y: -56.28. [0]
[1692332284645] [31m[createMemory][39m Will Turner sees Tree Stump at X: 67.37, Y: -55.27. [0]
[1692332284645] [31m[createMemory][39m Will Turner sees Chest at X: 72.52, Y: -55.49. [0]
[1692332284645] [31m[createMemory][39m Will Turner sees Tree Stump at X: 75.36, Y: -54.3. [0]
[1692332284645] [31m[createMemory][39m Will Turner sees Tree Stump at X: 73.29, Y: -51.72. [0]
[1692332284645] [31m[createMemory][39m Will Turner sees Tree at X: 75.17, Y: -50.73. [0]
[1692332284645] [31m[createMemory][39m Will Turner sees Tree at X: 74.62, Y: -48.26. [0]
[1692332284645] [31m[createMemory][39m Will Turner sees Tree at X: 72.41, Y: -49.68999. [0]
[1692332284647] [31m[createMemory][39m Will Turner sees Tree at X: 70.29, Y: -49.06001. [0]
[1692332284647] [31m[createMemory][39m Will Turner sees Tree at X: 68.67, Y: -50.72. [0]
[1692332284647] [31m[createMemory][39m Will Turner sees Tree Stump at X: 68.73, Y: -53.03. [0]
[1692332284647] [31m[createMemory][39m Will Turner sees Tree Stump at X: 75.94, Y: -52.3. [0]
[1692332284647] [31m[createMemory][39m Will Turner sees Tree at X: 77.75, Y: -52.04. [0]
[1692332286357] --- Prompt ---
[1692332286357] Character: 
- ID: A3
- Name: Will Turner
- Age: 19
- Occupation: Apprentice Miner
- Personality: Curious, Eager, Naive

Location: 72.1, -53.5

Time: Day 0, 12:00 AM

Environment:
- Chest (Health: 10/10) [X: 72.52, Y: -55.49, Distance: 2.033836m]
- Tree Stump (Health: 5/5) [X: 73.29, Y: -51.72, Distance: 2.141145m]
- Tree Stump (Health: 5/5) [X: 75.36, Y: -54.3, Distance: 3.356726m]
- Tree Stump (Health: 5/5) [X: 68.73, Y: -53.03, Distance: 3.402612m]
- Tree (Health: 10/10) [X: 72.41, Y: -49.68999, Distance: 3.822596m]
- Tree Stump (Health: 5/5) [X: 75.94, Y: -52.3, Distance: 4.023138m]
- Tree (Health: 10/10) [X: 75.17, Y: -50.73, Distance: 4.134946m]
- Tree (Health: 10/10) [X: 68.67, Y: -50.72, Distance: 4.415121m]
- Tree (Health: 10/10) [X: 70.29, Y: -49.06001, Distance: 4.794752m]
- Tree Stump (Health: 5/5) [X: 67.37, Y: -55.27, Distance: 5.050322m]
- Tree Stump (Health: 5/5) [X: 76.91, Y: -56.28, Distance: 5.555587m]
- Tree (Health: 10/10) [X: 74.12, Y: -58.91, Distance: 5.774814m]
- Tree (Health: 10/10) [X: 74.62, Y: -48.26, Distance: 5.814465m]
- Tree (Health: 10/10) [X: 77.75, Y: -52.04, Distance: 5.83559m]
- Tree Stump (Health: 5/5) [X: 77.95, Y: -54.21, Distance: 5.892926m]
- Tree (Health: 10/10) [X: 66.29, Y: -52.3, Distance: 5.932629m]
- Tree (Health: 10/10) [X: 77.33, Y: -49.67, Distance: 6.482426m]
- Tree (Health: 10/10) [X: 67.51, Y: -58.39, Distance: 6.706725m]
- Tree (Health: 10/10) [X: 67.01, Y: -48.93, Distance: 6.840538m]
- Tree (Health: 10/10) [X: 65.21, Y: -54.15, Distance: 6.920592m]
- Tree (Health: 10/10) [X: 65.75, Y: -50.43999, Distance: 7.048838m]
- Tree (Health: 10/10) [X: 72.12001, Y: -46.02, Distance: 7.48003m]
- Tree (Health: 10/10) [X: 74.53, Y: -46.29, Distance: 7.608481m]
- Tree (Health: 10/10) [X: 65.4, Y: -57.25, Distance: 7.678051m]
- Tree (Health: 10/10) [X: 69.62001, Y: -46.21999, Distance: 7.690828m]
- Tree (Health: 10/10) [X: 79.84, Y: -54.62, Distance: 7.820612m]
- Tree (Health: 10/10) [X: 77.47, Y: -59.41, Distance: 7.985298m]
- Tree (Health: 10/10) [X: 79.46, Y: -57.43999, Distance: 8.348244m]
- Tree (Health: 10/10) [X: 67.4, Y: -46.53, Distance: 8.406598m]
- Tree (Health: 10/10) [X: 80.34, Y: -51.63, Distance: 8.449533m]

Inventory (3/10):
- Axe x 1
- Pickaxe x 1
- Sword x 1

Tasks:
[
  {
    "task": "Carry out your daily dutiies",
    "priority": 1
  },
  {
    "task": "Catch up with other villagers",
    "priority": 2
  }
]

Memories:
- I've always dreamed of being a miner like my father. [just now]
- The village has been supportive of my new journey. [just now]
- It's tiring, but I'm determined to make everyone proud. [just now]
- I need to remember to wear my helmet at all times. [just now]
- Today was my first day in the mines. [just now]
- The depth and darkness of the mines can be intimidating. [just now]
- I was startled by the sound of a mine cart today. [just now]
- I accidentally broke a pickaxe on my first day. [just now]
- George and Thomas have been really helpful. [just now]
- The older miners have so many stories to tell. [just now]
- Will Turner sees Tree at X: 70.29, Y: -49.06001. [just now]
- Will Turner sees Chest at X: 72.52, Y: -55.49. [just now]

Available Actions:
- move_to: Move to a target location
- drop_axe: Drop Axe onto the ground.
- drop_pickaxe: Drop Pickaxe onto the ground.
- drop_sword: Drop Sword onto the ground.

Given the available information, update your task list. Take into consideration the time of day, environment, personality of the character, and more. Replace the entire JSON array by removing completed tasks, updating existing tasks with new information and priorities, and create new tasks based on the provided info. Keep the list as concise as possible. Remember focus on the time of day to adjust priorities.
[1692332304870] --- Response ---
[1692332304870] Updated Tasks: 
[1692332304870] [
  {
    "task": "Inspect the chest at X: 72.52, Y: -55.49",
    "priority": 1
  },
  {
    "task": "Chop down tree at X: 70.29, Y: -49.06001 for firewood",
    "priority": 2
  },
  {
    "task": "Check your mining equipment",
    "priority": 3
  },
  {
    "task": "Repair the broken pickaxe",
    "priority": 4
  },
  {
    "task": "Carry out your daily duties",
    "priority": 5
  },
  {
    "task": "Catch up with other villagers",
    "priority": 6
  },
  {
    "task": "Listen to the older miners' stories",
    "priority": 7
  }
]
