[1693358961466] [Character] Creating Thomas
[1693358961918] [31m[createMemory][39m I should be asleep until 7am. [0]
[1693358961918] [31m[createMemory][39m It's my job to protect the village. [0]
[1693358961918] [31m[createMemory][39m I need to make sure everyone is safe. [0]
[1693358961918] [31m[createMemory][39m I do the work that no one else wants to do. [0]
[1693358961918] [31m[createMemory][39m I try to be as honest as possible. [0]
[1693358961918] [31m[createMemory][39m I'm not afraid of anything. [0]
[1693358961918] [31m[createMemory][39m I go to bed at 10pm. [0]
[1693358961918] [31m[createMemory][39m I like strawberries. [0]
[1693358961918] [31m[createMemory][39m The village location is 2, -58. [0]
[1693358961918] [31m[createMemory][39m The mine site is at 51, 17. [0]
[1693358961918] [31m[createMemory][39m The lumberyard is at 72, -55.1 [0]
[1693358961918] [31m[createMemory][39m The campsite is at 7, -8.3 [0]
[1693358961919] [31m[createMemory][39m The Nume River flows through the village. [0]
[1693358961919] [31m[createMemory][39m Nume Falls are north of the village, and west of the campsite. [0]
[1693358961919] [31m[createMemory][39m The area is surrounded by forested monutains, filled with wildlife, rivers, and lakes. [0]
[1693358964681] [Character] Thomas created
[1693359316274] [35m[CORTEX] Thomas Smith - Prior Message: [39mTomorrow, I'm headed back into the forest. I'm excited to learn more about our animal friends, and to try out my reed whistle. Oh, and I'll drop off that chopped wood to Thomas! Always another adventure waiting out there.
[1693359316274] [35m[CORTEX] Thomas Smith - Patience: [39m100
[1693359316274] [35m[CORTEX] Thomas Smith - Conversation Goal: [39mfiguring out why Eli Green started a conversation with them.
[1693359316274] [35m[CORTEX] Thomas Smith - Conversation Finished: [39mfalse
[1693359318504] [35m[CORTEX] Thomas Smith - Feel: [39mI feel intrigued and somewhat curious about what this adventure in the forest entails, and appreciative for the chopped wood delivery.
[1693359322810] [35m[CORTEX] Thomas Smith - Plan: [39m I plan to await the chopped wood delivery from Eli and to continue my role of safeguarding the village. I may also pay attention to Eli's adventure into the forest and monitor any unusual activity.
[1693359325618] [35m[CORTEX] Thomas Smith - Say: [39mLooking forward to the wood, Eli. Stay safe out there in the wilderness.

