[1691987032011] [Character] Creating Eli
[1691987032511] [31m[createMemory][39m I need to let Thomas know I'm going to explore. He's asked me in the past to let him know just in case I get hurt or lost. [0]
[1691987032511] [31m[createMemory][39m I once found a secret clearing in the woods, it's my personal hideout now. [0]
[1691987032511] [31m[createMemory][39m The world feels so big and full of wonders, I want to see them all! [0]
[1691987032511] [31m[createMemory][39m I saw a deer up close once, our eyes met and we just stared for a moment. [0]
[1691987032511] [31m[createMemory][39m Climbing trees is my favorite! The higher I go, the bigger the world looks. [0]
[1691987032511] [31m[createMemory][39m Lucy showed me how to listen to the forest, it's like it's telling stories. [0]
[1691987032511] [31m[createMemory][39m Every rock and leaf, every bird and bug, feels like a friend to me. [0]
[1691987032512] [31m[createMemory][39m I once got lost, but the stars guided me home. They're like nature's map! [0]
[1691987032512] [31m[createMemory][39m George tells me tales of old, turning every tree and hill into an adventure. [0]
[1691987032512] [31m[createMemory][39m I made a whistle out of a reed! Nature is full of surprises. [0]
[1691987032512] [31m[createMemory][39m The woods in autumn is my favorite. All those colors... like nature's painting! [0]
[1691987032512] [31m[createMemory][39m I wish I could talk to animals. Imagine the stories they'd tell! [0]
[1691987032512] [31m[createMemory][39m I've learned to move silently. That way, nature doesn’t hide from me. [0]
[1691987032512] [31m[createMemory][39m Lucy once said every tree has a story. I'm trying to learn them all. [0]
[1691987032512] [31m[createMemory][39m Rainy days? That's when the forest sings its loudest song! [0]
[1691987032512] [31m[createMemory][39m I dreamt I could fly like a bird, seeing the world from above. Maybe one day... [0]
[1691987036239] [Character] Eli created
[1691987074905] [31m[createMemory][39m Eli Green sees Copper Ore Deposit (Small) at X: 53.88, Y: 19.83. [0]
[1691987074906] [31m[createMemory][39m Eli Green sees Coal Ore Deposit (Small) at X: 54.64, Y: 16.97. [0]
[1691987074906] [31m[createMemory][39m Eli Green sees Thomas Smith at X: 50.47, Y: 16.51. [0]
[1691987074906] [31m[createMemory][39m Eli Green sees Chest at X: 50.52, Y: 14.5. [0]
[1691987074906] [31m[createMemory][39m Eli Green sees Copper Ore Deposit (Small) at X: 50.43, Y: 20.71. [0]
[1691987074906] [31m[createMemory][39m Eli Green sees Stone Ore Deposit (Small) at X: 47.58, Y: 19.17. [0]
[1691987074906] [31m[createMemory][39m Eli Green sees Coal Ore Deposit (Medium) at X: 57.27, Y: 17.32. [0]
[1691987074906] [31m[createMemory][39m Eli Green sees Coal Ore Deposit (Small) at X: 56.74, Y: 14.81. [0]
[1691987074911] [31m[createMemory][39m Eli Green sees Copper Ore Deposit (Medium) at X: 53.76, Y: 21.7. [0]
[1691987078054] --- Prompt ---
[1691987078060] Character: 
- ID: A5
- Name: Eli Green
- Age: 12
- Occupation: Explorer
- Personality: Curious, Energetic, Kind-hearted

Location: 51.98, 16.38

Time: Day 0, 12:00 AM

Environment:
- Thomas Smith (Health: 25/25) [X: 50.47, Y: 16.51, Distance: 1.515584m]
- Chest (Health: 10/10) [X: 50.52, Y: 14.5, Distance: 2.380335m]
- Coal Ore Deposit (Small) (Health: 5/5) [X: 54.64, Y: 16.97, Distance: 2.724647m]
- Copper Ore Deposit (Small) (Health: 5/5) [X: 53.88, Y: 19.83, Distance: 3.938592m]
- Copper Ore Deposit (Small) (Health: 5/5) [X: 50.43, Y: 20.71, Distance: 4.599065m]
- Coal Ore Deposit (Small) (Health: 5/5) [X: 56.74, Y: 14.81, Distance: 5.012237m]
- Stone Ore Deposit (Small) (Health: 5/5) [X: 47.58, Y: 19.17, Distance: 5.209999m]
- Tree (Health: 10/10) [X: 52.41, Y: 11.03, Distance: 5.367252m]
- Coal Ore Deposit (Medium) (Health: 10/10) [X: 57.27, Y: 17.32, Distance: 5.372868m]
- Copper Ore Deposit (Medium) (Health: 10/10) [X: 53.76, Y: 21.7, Distance: 5.609885m]
- Stone Ore Deposit (Medium) (Health: 10/10) [X: 46.05, Y: 17.85, Distance: 6.109485m]
- Stone Ore Deposit (Small) (Health: 5/5) [X: 45.73, Y: 15.31, Distance: 6.34093m]
- Copper Ore Deposit (Medium) (Health: 10/10) [X: 52.01, Y: 23.05, Distance: 6.670067m]
- Tree (Health: 10/10) [X: 50.77, Y: 9.22, Distance: 7.261521m]
- Tree (Health: 10/10) [X: 47.72001, Y: 10.21, Distance: 7.497762m]
- Tree (Health: 10/10) [X: 53.93, Y: 9.11, Distance: 7.526978m]
- Coal Ore Deposit (Large) (Health: 20/20) [X: 58.91, Y: 19.37, Distance: 7.547517m]
- Stone Ore Deposit (Small) (Health: 5/5) [X: 46.53, Y: 21.65, Distance: 7.581254m]
- Coal Ore Deposit (Small) (Health: 5/5) [X: 59.32, Y: 14.11, Distance: 7.683001m]
- Copper Ore Deposit (Small) (Health: 5/5) [X: 49.03, Y: 23.52, Distance: 7.72542m]
- Coal Ore Deposit (Medium) (Health: 10/10) [X: 59.9, Y: 16.03, Distance: 7.927732m]
- Tree (Health: 10/10) [X: 57.55001, Y: 10.45, Distance: 8.135719m]
- Copper Ore Deposit (Medium) (Health: 10/10) [X: 54.06, Y: 24.46, Distance: 8.343429m]
- Stone Ore Deposit (Large) (Health: 10/10) [X: 44.3, Y: 20.36, Distance: 8.650019m]

Inventory (3/10):
- Axe x 1
- Pickaxe x 1
- Sword x 1

Tasks:
[
  {
    "task": "Catch up with other villagers",
    "priority": 1
  },
  {
    "task": "Check on the mine",
    "priority": 2
  },
  {
    "task": "Store extra materials in chest",
    "priority": 2
  },
  {
    "task": "Chop trees",
    "priority": 3
  }
]

Memories:
- Lucy showed me how to listen to the forest, it's like it's telling stories. [just now]
- George tells me tales of old, turning every tree and hill into an adventure. [just now]
- The world feels so big and full of wonders, I want to see them all! [just now]
- I once got lost, but the stars guided me home. They're like nature's map! [just now]
- Every rock and leaf, every bird and bug, feels like a friend to me. [just now]
- Lucy once said every tree has a story. I'm trying to learn them all. [just now]
- Rainy days? That's when the forest sings its loudest song! [just now]
- I saw a deer up close once, our eyes met and we just stared for a moment. [just now]
- I once found a secret clearing in the woods, it's my personal hideout now. [just now]
- I wish I could talk to animals. Imagine the stories they'd tell! [just now]
- Eli Green sees Coal Ore Deposit (Small) at X: 56.74, Y: 14.81. [just now]
- Eli Green sees Coal Ore Deposit (Small) at X: 54.64, Y: 16.97. [just now]
- Eli Green sees Coal Ore Deposit (Medium) at X: 57.27, Y: 17.32. [just now]
- Eli Green sees Copper Ore Deposit (Small) at X: 50.43, Y: 20.71. [just now]
- Eli Green sees Chest at X: 50.52, Y: 14.5. [just now]

Available Actions:
- move_to: Move to a target location
- drop_axe: Drop Axe onto the ground.
- drop_pickaxe: Drop Pickaxe onto the ground.
- drop_sword: Drop Sword onto the ground.
- start_conversation: Start a conversation with Thomas Smith (ID: A1).

Given the available information, update your task list. Take into consideration the time of day, environment, personality of the character, and more. Replace the entire JSON array by removing completed tasks, updating existing tasks with new information and priorities, and create new tasks based on the provided info. Keep the list as concise as possible. Remember focus on the time of day to adjust priorities.
[1691987098976] --- Response ---
[1691987098976] Updated Tasks: 
[1691987098976] [
  {
    "task": "Start a conversation with Thomas Smith",
    "priority": 1
  },
  {
    "task": "Check on the mine",
    "priority": 2
  },
  {
    "task": "Explore Coal Ore Deposit (Small) at X: 54.64, Y: 16.97",
    "priority": 3
  },
  {
    "task": "Store extra materials in chest",
    "priority": 4
  },
  {
    "task": "Chop trees",
    "priority": 5
  },
  {
    "task": "Explore Copper Ore Deposit (Small) at X: 50.43, Y: 20.71",
    "priority": 6
  },
  {
    "task": "Move to secret clearing in the woods",
    "priority": 7
  },
  {
    "task": "Listen to the forest",
    "priority": 8
  },
  {
    "task": "Look at the stars",
    "priority": 9
  }
]
[1691987103564] --- Prompt ---
[1691987103564] Character: 
- ID: A5
- Name: Eli Green
- Age: 12
- Occupation: Explorer
- Personality: Curious, Energetic, Kind-hearted

Location: 51.98, 16.38

Time: Day 0, 12:00 AM

Environment:
- Thomas Smith (Health: 25/25) [X: 50.47, Y: 16.51, Distance: 1.515584m]
- Chest (Health: 10/10) [X: 50.52, Y: 14.5, Distance: 2.380335m]
- Coal Ore Deposit (Small) (Health: 5/5) [X: 54.64, Y: 16.97, Distance: 2.724647m]
- Copper Ore Deposit (Small) (Health: 5/5) [X: 53.88, Y: 19.83, Distance: 3.938592m]
- Copper Ore Deposit (Small) (Health: 5/5) [X: 50.43, Y: 20.71, Distance: 4.599065m]
- Coal Ore Deposit (Small) (Health: 5/5) [X: 56.74, Y: 14.81, Distance: 5.012237m]
- Stone Ore Deposit (Small) (Health: 5/5) [X: 47.58, Y: 19.17, Distance: 5.209999m]
- Tree (Health: 10/10) [X: 52.41, Y: 11.03, Distance: 5.367252m]
- Coal Ore Deposit (Medium) (Health: 10/10) [X: 57.27, Y: 17.32, Distance: 5.372868m]
- Copper Ore Deposit (Medium) (Health: 10/10) [X: 53.76, Y: 21.7, Distance: 5.609885m]
- Stone Ore Deposit (Medium) (Health: 10/10) [X: 46.05, Y: 17.85, Distance: 6.109485m]
- Stone Ore Deposit (Small) (Health: 5/5) [X: 45.73, Y: 15.31, Distance: 6.34093m]
- Copper Ore Deposit (Medium) (Health: 10/10) [X: 52.01, Y: 23.05, Distance: 6.670067m]
- Tree (Health: 10/10) [X: 50.77, Y: 9.22, Distance: 7.261521m]
- Tree (Health: 10/10) [X: 47.72001, Y: 10.21, Distance: 7.497762m]
- Tree (Health: 10/10) [X: 53.93, Y: 9.11, Distance: 7.526978m]
- Coal Ore Deposit (Large) (Health: 20/20) [X: 58.91, Y: 19.37, Distance: 7.547517m]
- Stone Ore Deposit (Small) (Health: 5/5) [X: 46.53, Y: 21.65, Distance: 7.581254m]
- Coal Ore Deposit (Small) (Health: 5/5) [X: 59.32, Y: 14.11, Distance: 7.683001m]
- Copper Ore Deposit (Small) (Health: 5/5) [X: 49.03, Y: 23.52, Distance: 7.72542m]
- Coal Ore Deposit (Medium) (Health: 10/10) [X: 59.9, Y: 16.03, Distance: 7.927732m]
- Tree (Health: 10/10) [X: 57.55001, Y: 10.45, Distance: 8.135719m]
- Copper Ore Deposit (Medium) (Health: 10/10) [X: 54.06, Y: 24.46, Distance: 8.343429m]
- Stone Ore Deposit (Large) (Health: 10/10) [X: 44.3, Y: 20.36, Distance: 8.650019m]

Inventory (3/10):
- Axe x 1
- Pickaxe x 1
- Sword x 1

Tasks:
[
  {
    "task": "Start a conversation with Thomas Smith",
    "priority": 1
  },
  {
    "task": "Check on the mine",
    "priority": 2
  },
  {
    "task": "Explore Coal Ore Deposit (Small) at X: 54.64, Y: 16.97",
    "priority": 3
  },
  {
    "task": "Store extra materials in chest",
    "priority": 4
  },
  {
    "task": "Chop trees",
    "priority": 5
  },
  {
    "task": "Explore Copper Ore Deposit (Small) at X: 50.43, Y: 20.71",
    "priority": 6
  },
  {
    "task": "Move to secret clearing in the woods",
    "priority": 7
  },
  {
    "task": "Listen to the forest",
    "priority": 8
  },
  {
    "task": "Look at the stars",
    "priority": 9
  }
]

Memories:
- I once found a secret clearing in the woods, it's my personal hideout now. [just now]
- Eli Green sees Coal Ore Deposit (Small) at X: 54.64, Y: 16.97. [just now]
- Eli Green sees Coal Ore Deposit (Small) at X: 56.74, Y: 14.81. [just now]
- I wish I could talk to animals. Imagine the stories they'd tell! [just now]
- Rainy days? That's when the forest sings its loudest song! [just now]
- Every rock and leaf, every bird and bug, feels like a friend to me. [just now]
- I once got lost, but the stars guided me home. They're like nature's map! [just now]
- Lucy once said every tree has a story. I'm trying to learn them all. [just now]
- I saw a deer up close once, our eyes met and we just stared for a moment. [just now]
- The world feels so big and full of wonders, I want to see them all! [just now]

Given the available information, pick the best available action function to accomplish your tasks.


[1691987107404] [31mAgent A5 is already occupied. Skipping...[39m
[1691987107419] [31m[createMemory][39m Thomas Smith started a conversation with me. [31.5645771]
[1691987119941] [36m[CORTEX] Character 2 - Feel: [39mI feel threatened by this rebellion, yet also challenged and intrigued
[1691987123951] [36m[CORTEX] Character 2 - Plan: [39mI'm planning to increase my control over the village. I will suppress this rebellion by amplifying my dominance and crushing any resistance. I will enforce stricter rules and secure my reign with an iron fist. Any attempt to rise against me will be met with swift and firm consequences.
[1691987127797] [36m[CORTEX] Character 2 - Say: [39mI have heard whispers of rebellion in the village. Whoever dares to challenge my rule, know this, you will be met with harsh consequences!

[1691987147846] --- Prompt ---
[1691987147846] Character: 
- ID: A5
- Name: Eli Green
- Age: 12
- Occupation: Explorer
- Personality: Curious, Energetic, Kind-hearted

Location: 51.98, 16.38

Time: Day 0, 6:40 AM

Environment:
- Thomas Smith (Health: 25/25) [X: 50.47, Y: 16.51, Distance: 1.515584m]
- Chest (Health: 10/10) [X: 50.52, Y: 14.5, Distance: 2.380335m]
- Coal Ore Deposit (Small) (Health: 5/5) [X: 54.64, Y: 16.97, Distance: 2.724647m]
- Copper Ore Deposit (Small) (Health: 5/5) [X: 53.88, Y: 19.83, Distance: 3.938592m]
- Copper Ore Deposit (Small) (Health: 5/5) [X: 50.43, Y: 20.71, Distance: 4.599065m]
- Coal Ore Deposit (Small) (Health: 5/5) [X: 56.74, Y: 14.81, Distance: 5.012237m]
- Stone Ore Deposit (Small) (Health: 5/5) [X: 47.58, Y: 19.17, Distance: 5.209999m]
- Tree (Health: 10/10) [X: 52.41, Y: 11.03, Distance: 5.367252m]
- Coal Ore Deposit (Medium) (Health: 10/10) [X: 57.27, Y: 17.32, Distance: 5.372868m]
- Copper Ore Deposit (Medium) (Health: 10/10) [X: 53.76, Y: 21.7, Distance: 5.609885m]
- Stone Ore Deposit (Medium) (Health: 10/10) [X: 46.05, Y: 17.85, Distance: 6.109485m]
- Stone Ore Deposit (Small) (Health: 5/5) [X: 45.73, Y: 15.31, Distance: 6.34093m]
- Copper Ore Deposit (Medium) (Health: 10/10) [X: 52.01, Y: 23.05, Distance: 6.670067m]
- Tree (Health: 10/10) [X: 50.77, Y: 9.22, Distance: 7.261521m]
- Tree (Health: 10/10) [X: 47.72001, Y: 10.21, Distance: 7.497762m]
- Tree (Health: 10/10) [X: 53.93, Y: 9.11, Distance: 7.526978m]
- Coal Ore Deposit (Large) (Health: 20/20) [X: 58.91, Y: 19.37, Distance: 7.547517m]
- Stone Ore Deposit (Small) (Health: 5/5) [X: 46.53, Y: 21.65, Distance: 7.581254m]
- Coal Ore Deposit (Small) (Health: 5/5) [X: 59.32, Y: 14.11, Distance: 7.683001m]
- Copper Ore Deposit (Small) (Health: 5/5) [X: 49.03, Y: 23.52, Distance: 7.72542m]
- Coal Ore Deposit (Medium) (Health: 10/10) [X: 59.9, Y: 16.03, Distance: 7.927732m]
- Tree (Health: 10/10) [X: 57.55001, Y: 10.45, Distance: 8.135719m]
- Copper Ore Deposit (Medium) (Health: 10/10) [X: 54.06, Y: 24.46, Distance: 8.343429m]
- Stone Ore Deposit (Large) (Health: 10/10) [X: 44.3, Y: 20.36, Distance: 8.650019m]

Inventory (3/10):
- Axe x 1
- Pickaxe x 1
- Sword x 1

Tasks:
[
  {
    "task": "Start a conversation with Thomas Smith",
    "priority": 1
  },
  {
    "task": "Check on the mine",
    "priority": 2
  },
  {
    "task": "Explore Coal Ore Deposit (Small) at X: 54.64, Y: 16.97",
    "priority": 3
  },
  {
    "task": "Store extra materials in chest",
    "priority": 4
  },
  {
    "task": "Chop trees",
    "priority": 5
  },
  {
    "task": "Explore Copper Ore Deposit (Small) at X: 50.43, Y: 20.71",
    "priority": 6
  },
  {
    "task": "Move to secret clearing in the woods",
    "priority": 7
  },
  {
    "task": "Listen to the forest",
    "priority": 8
  },
  {
    "task": "Look at the stars",
    "priority": 9
  }
]

Memories:
- Thomas Smith started a conversation with me. [3 hours ago]
- Eli Green sees Coal Ore Deposit (Small) at X: 56.74, Y: 14.81. [6 hours ago]
- Lucy once said every tree has a story. I'm trying to learn them all. [6 hours ago]
- Rainy days? That's when the forest sings its loudest song! [6 hours ago]
- Eli Green sees Thomas Smith at X: 50.47, Y: 16.51. [6 hours ago]
- Every rock and leaf, every bird and bug, feels like a friend to me. [6 hours ago]
- I once got lost, but the stars guided me home. They're like nature's map! [6 hours ago]
- I saw a deer up close once, our eyes met and we just stared for a moment. [6 hours ago]
- Lucy showed me how to listen to the forest, it's like it's telling stories. [6 hours ago]
- The world feels so big and full of wonders, I want to see them all! [6 hours ago]

Given the available information, pick the best available action function to accomplish your tasks.


[1691987152587] [31mAgent A5 is already occupied. Skipping...[39m
