[1691988324898] [Character] Creating Lucy
[1691988325334] [31m[createMemory][39m The feel of the axe in my hand is like an extension of myself. [0]
[1691988325334] [31m[createMemory][39m I remember the tallest tree I've ever felled, stood mighty for over a century. [0]
[1691988325334] [31m[createMemory][39m The forest whispers its secrets if you're patient enough to listen. [0]
[1691988325334] [31m[createMemory][39m The village depends on our timber, it's a responsibility I don't take lightly. [0]
[1691988325334] [31m[createMemory][39m Thomas once tried to chop wood, it was amusing to say the least. [0]
[1691988325334] [31m[createMemory][39m Nothing beats the smell of fresh-cut timber in the morning. [0]
[1691988325334] [31m[createMemory][39m I've carved symbols on some trees, marking special moments of my life. [0]
[1691988325334] [31m[createMemory][39m Will reminds me of when I was young, eager to learn and prove myself. [0]
[1691988325334] [31m[createMemory][39m I've saved more than a few animals stuck or hurt, the forest is their home. [0]
[1691988325334] [31m[createMemory][39m George and I have shared tales over campfires many nights. [0]
[1691988325334] [31m[createMemory][39m Rain or shine, the trees await and work must be done. [0]
[1691988325334] [31m[createMemory][39m I respect the forest, only taking what's necessary and planting twice as much. [0]
[1691988325334] [31m[createMemory][39m Every lumberjack has a favorite axe; mine's named 'Whisper'. [0]
[1691988325334] [31m[createMemory][39m The creaking sound a tree makes just before it falls is both eerie and beautiful. [0]
[1691988325335] [31m[createMemory][39m At times, the forest feels alive, watching, and I'm just a small part of its vast story. [0]
[1691988328662] [Character] Lucy created
[1691988435045] [31m[createMemory][39m Lucy Wilde sees Will Turner at X: 36.447, Y: -58.651. [0]
[1691988438121] --- Prompt ---
[1691988438123] Character: 
- ID: A4
- Name: Lucy Wilde
- Age: 35
- Occupation: Lumberjack
- Personality: Stoic, Resourceful, Witty

Location: 35.29, -58.96

Time: Day 0, 12:00 AM

Environment:
- Will Turner (Health: 25/25) [X: 36.447, Y: -58.651, Distance: 1.197549m]

Inventory (3/10):
- Axe x 1
- Pickaxe x 1
- Sword x 1

Tasks:
[
  {
    "task": "Catch up with other villagers",
    "priority": 1
  },
  {
    "task": "Check on the mine",
    "priority": 2
  },
  {
    "task": "Store extra materials in chest",
    "priority": 2
  },
  {
    "task": "Chop trees",
    "priority": 3
  }
]

Memories:
- At times, the forest feels alive, watching, and I'm just a small part of its vast story. [just now]
- I've saved more than a few animals stuck or hurt, the forest is their home. [just now]
- Rain or shine, the trees await and work must be done. [just now]
- The forest whispers its secrets if you're patient enough to listen. [just now]
- The village depends on our timber, it's a responsibility I don't take lightly. [just now]
- Will reminds me of when I was young, eager to learn and prove myself. [just now]
- I've carved symbols on some trees, marking special moments of my life. [just now]
- Every lumberjack has a favorite axe; mine's named 'Whisper'. [just now]
- George and I have shared tales over campfires many nights. [just now]
- I respect the forest, only taking what's necessary and planting twice as much. [just now]

Available Actions:
- move_to: Move to a target location
- drop_axe: Drop Axe onto the ground.
- drop_pickaxe: Drop Pickaxe onto the ground.
- drop_sword: Drop Sword onto the ground.
- start_conversation: Start a conversation with Will Turner (ID: A3).

Hitbox (what you would hit with a swing based action):
- Will Turner (Health: 25/25)

Given the available information, update your task list. Take into consideration the time of day, environment, personality of the character, and more. Replace the entire JSON array by removing completed tasks, updating existing tasks with new information and priorities, and create new tasks based on the provided info. Keep the list as concise as possible. Remember focus on the time of day to adjust priorities.
[1691988452102] --- Response ---
[1691988452109] Updated Tasks: 
[1691988452110] [
  {
    "task": "Start a conversation with Will Turner",
    "priority": 1
  },
  {
    "task": "Catch up with other villagers",
    "priority": 2
  },
  {
    "task": "Chop trees",
    "priority": 3
  },
  {
    "task": "Store extra materials in the chest",
    "priority": 4
  },
  {
    "task": "Check on the mine",
    "priority": 5
  },
  {
    "task": "Plant new trees",
    "priority": 6
  },
  {
    "task": "Carve a new symbol on a tree",
    "priority": 7
  }
]
[1691988455373] --- Prompt ---
[1691988455374] Character: 
- ID: A4
- Name: Lucy Wilde
- Age: 35
- Occupation: Lumberjack
- Personality: Stoic, Resourceful, Witty

Location: 35.29, -58.96

Time: Day 0, 12:00 AM

Environment:
- Will Turner (Health: 25/25) [X: 36.447, Y: -58.651, Distance: 1.197549m]

Inventory (3/10):
- Axe x 1
- Pickaxe x 1
- Sword x 1

Tasks:
[
  {
    "task": "Start a conversation with Will Turner",
    "priority": 1
  },
  {
    "task": "Catch up with other villagers",
    "priority": 2
  },
  {
    "task": "Chop trees",
    "priority": 3
  },
  {
    "task": "Store extra materials in the chest",
    "priority": 4
  },
  {
    "task": "Check on the mine",
    "priority": 5
  },
  {
    "task": "Plant new trees",
    "priority": 6
  },
  {
    "task": "Carve a new symbol on a tree",
    "priority": 7
  }
]

Memories:
- Rain or shine, the trees await and work must be done. [just now]
- I respect the forest, only taking what's necessary and planting twice as much. [just now]
- The village depends on our timber, it's a responsibility I don't take lightly. [just now]
- George and I have shared tales over campfires many nights. [just now]
- I've saved more than a few animals stuck or hurt, the forest is their home. [just now]
- I've carved symbols on some trees, marking special moments of my life. [just now]
- Every lumberjack has a favorite axe; mine's named 'Whisper'. [just now]
- The forest whispers its secrets if you're patient enough to listen. [just now]
- Lucy Wilde sees Will Turner at X: 36.447, Y: -58.651. [just now]
- Will reminds me of when I was young, eager to learn and prove myself. [just now]

Hitbox (what you would hit with a swing based action):
- Will Turner (Health: 25/25)

Given the available information, pick the best available action function to accomplish your tasks.


[1691988457897] [31m[createMemory][39m Will Turner started a conversation with me. [21.8325882]
[1691988460269] [31mAgent A4 is already occupied. Skipping...[39m
[1691988470775] [36m[CORTEX] Character 2 - Feel: [39mI feel pleased to see Will's eagerness to learn about mining and I appreciate his friendly nature.
[1691988473785] [36m[CORTEX] Character 2 - Plan: [39mI plan to share some of my knowledge about mining with Will, answering any questions he may have. I'll also ask about his day and his progress in learning to mine.
[1691988476636] [36m[CORTEX] Character 2 - Say: [39mHello Will! It certainly is a beautiful day. My day has been quite good, just going about the usual routine in the forest. How about you? How's the mining training coming along?

[1691988500139] --- Prompt ---
[1691988500143] Character: 
- ID: A4
- Name: Lucy Wilde
- Age: 35
- Occupation: Lumberjack
- Personality: Stoic, Resourceful, Witty

Location: 35.29, -58.96

Time: Day 0, 5:50 AM

Environment:
- Will Turner (Health: 25/25) [X: 36.447, Y: -58.651, Distance: 1.197549m]

Inventory (3/10):
- Axe x 1
- Pickaxe x 1
- Sword x 1

Tasks:
[
  {
    "task": "Start a conversation with Eli Green",
    "priority": 1
  },
  {
    "task": "Catch up with other villagers",
    "priority": 2
  },
  {
    "task": "Check on the mine",
    "priority": 3
  },
  {
    "task": "Collect resources from nearby ore deposits",
    "priority": 4
  },
  {
    "task": "Store extra materials in chest",
    "priority": 5
  },
  {
    "task": "Chop trees",
    "priority": 6
  },
  {
    "task": "Check on the lumberyard at 72, -55.1",
    "priority": 7
  },
  {
    "task": "Visit Nume Falls",
    "priority": 8
  },
  {
    "task": "Find strawberries",
    "priority": 9
  },
  {
    "task": "Return to campsite at 7, -8.3 for rest",
    "priority": 10
  }
]

Memories:
- Will Turner started a conversation with me. [3 hours ago]
- The village depends on our timber, it's a responsibility I don't take lightly. [5 hours ago]
- I respect the forest, only taking what's necessary and planting twice as much. [5 hours ago]
- George and I have shared tales over campfires many nights. [5 hours ago]
- I've saved more than a few animals stuck or hurt, the forest is their home. [5 hours ago]
- I've carved symbols on some trees, marking special moments of my life. [5 hours ago]
- Every lumberjack has a favorite axe; mine's named 'Whisper'. [5 hours ago]
- The forest whispers its secrets if you're patient enough to listen. [5 hours ago]
- Will reminds me of when I was young, eager to learn and prove myself. [5 hours ago]
- At times, the forest feels alive, watching, and I'm just a small part of its vast story. [5 hours ago]

Hitbox (what you would hit with a swing based action):
- Will Turner (Health: 25/25)

Given the available information, pick the best available action function to accomplish your tasks.


[1691988503118] [31mAgent A4 is already occupied. Skipping...[39m
