[1693029990725] [Character] Creating Thomas
[1693029990917] [31m[createMemory][39m I should be asleep until 7am. [0]
[1693029990918] [31m[createMemory][39m It's my job to protect the village. [0]
[1693029990918] [31m[createMemory][39m I need to make sure everyone is safe. [0]
[1693029990918] [31m[createMemory][39m I do the work that no one else wants to do. [0]
[1693029990918] [31m[createMemory][39m I try to be as honest as possible. [0]
[1693029990918] [31m[createMemory][39m I'm not afraid of anything. [0]
[1693029990918] [31m[createMemory][39m I go to bed at 10pm. [0]
[1693029990919] [31m[createMemory][39m I like strawberries. [0]
[1693029990919] [31m[createMemory][39m The village location is 2, -58. [0]
[1693029990919] [31m[createMemory][39m The mine site is at 51, 17. [0]
[1693029990919] [31m[createMemory][39m The lumberyard is at 72, -55.1 [0]
[1693029990919] [31m[createMemory][39m The campsite is at 7, -8.3 [0]
[1693029990919] [31m[createMemory][39m The Nume River flows through the village. [0]
[1693029990919] [31m[createMemory][39m Nume Falls are north of the village, and west of the campsite. [0]
[1693029990919] [31m[createMemory][39m The area is surrounded by forested monutains, filled with wildlife, rivers, and lakes. [0]
[1693029993415] [Character] Thomas created
[1693030016487] [31m[createMemory][39m Thomas Smith sees Stone Ore Deposit (Medium) at X: 46.05, Y: 17.85. [0]
[1693030016490] [31m[createMemory][39m Thomas Smith sees Tree at X: 47.72001, Y: 10.21. [0]
[1693030016490] [31m[createMemory][39m Thomas Smith sees Stone Ore Deposit (Small) at X: 45.73, Y: 15.31. [0]
[1693030016490] [31m[createMemory][39m Thomas Smith sees Tree at X: 45.24001, Y: 10.2. [0]
[1693030016492] [31m[createMemory][39m Thomas Smith sees Chest at X: 50.52, Y: 14.5. [0]
[1693030016492] [31m[createMemory][39m Thomas Smith sees Tree at X: 50.77, Y: 9.22. [0]
[1693030016496] [31m[createMemory][39m Thomas Smith sees Tree at X: 52.41, Y: 11.03. [0]
[1693030018662] [31m[createMemory][39m Thomas Smith sees Stone Ore Deposit (Medium) at X: 42.53862, Y: 17.00157. [1.58507288]
[1693030018750] [31m[createMemory][39m Thomas Smith no longer sees Tree (486) at X: 52.41, Y: 11.03 [1.66321707]
[1693030019437] [31m[createMemory][39m Thomas Smith no longer sees Tree (484) at X: 50.77, Y: 9.22 [2.40075731]
[1693030019658] [31m[createMemory][39m Thomas Smith sees Stone Ore Deposit (Small) at X: 41.33658, Y: 13.99647. [2.62127018]
[1693030020757] [31m[createMemory][39m Thomas Smith no longer sees Chest (1) at X: 50.52, Y: 14.5 [3.72285533]
[1693030021859] [31m[createMemory][39m Thomas Smith sees Eli Green at X: 39.08, Y: 10. [4.821113]
[1693030021861] [31m[createMemory][39m Thomas Smith no longer sees StoneOreMedium (1) at X: 46.05, Y: 17.85 [4.821113]
[1693030022622] [31m[createMemory][39m Thomas Smith sees Stone Ore Deposit (Small) at X: 38.24, Y: 15.93. [5.5808754]
[1693030022816] [31m[createMemory][39m Thomas Smith no longer sees Tree (481) at X: 47.72001, Y: 10.21 [5.781089]
[1693030023700] [31m[createMemory][39m Thomas Smith no longer sees StoneOreSmall (4) at X: 45.73, Y: 15.31 [6.661483]
[1693030023982] [31m[createMemory][39m Thomas Smith no longer sees StoneOreMedium at X: 42.53862, Y: 17.00157 [6.94205236]
[1693030024381] [31m[createMemory][39m Thomas Smith sees Tree at X: 42.12, Y: 5.77. [7.34194231]
[1693030024494] [31m[createMemory][39m Thomas Smith no longer sees StoneOreSmall (6) at X: 38.24, Y: 15.93 [7.460546]
