[1693029990726] [Character] Creating Eli
[1693029991035] [31m[createMemory][39m I need to let Thomas know I'm going to explore. He's asked me in the past to let him know just in case I get hurt or lost. [0]
[1693029991035] [31m[createMemory][39m I once found a secret clearing in the woods, it's my personal hideout now. [0]
[1693029991035] [31m[createMemory][39m The world feels so big and full of wonders, I want to see them all! [0]
[1693029991035] [31m[createMemory][39m I saw a deer up close once, our eyes met and we just stared for a moment. [0]
[1693029991035] [31m[createMemory][39m Climbing trees is my favorite! The higher I go, the bigger the world looks. [0]
[1693029991035] [31m[createMemory][39m Lucy showed me how to listen to the forest, it's like it's telling stories. [0]
[1693029991035] [31m[createMemory][39m Every rock and leaf, every bird and bug, feels like a friend to me. [0]
[1693029991035] [31m[createMemory][39m I once got lost, but the stars guided me home. They're like nature's map! [0]
[1693029991035] [31m[createMemory][39m George tells me tales of old, turning every tree and hill into an adventure. [0]
[1693029991035] [31m[createMemory][39m I made a whistle out of a reed! Nature is full of surprises. [0]
[1693029991035] [31m[createMemory][39m The woods in autumn is my favorite. All those colors... like nature's painting! [0]
[1693029991035] [31m[createMemory][39m I wish I could talk to animals. Imagine the stories they'd tell! [0]
[1693029991035] [31m[createMemory][39m I've learned to move silently. That way, nature doesn’t hide from me. [0]
[1693029991036] [31m[createMemory][39m Lucy once said every tree has a story. I'm trying to learn them all. [0]
[1693029991036] [31m[createMemory][39m Rainy days? That's when the forest sings its loudest song! [0]
[1693029991036] [31m[createMemory][39m I dreamt I could fly like a bird, seeing the world from above. Maybe one day... [0]
[1693029993811] [Character] Eli created
[1693030016496] [31m[createMemory][39m Eli Green sees Tree at X: 42.12, Y: 5.77. [0]
[1693030016500] [31m[createMemory][39m Eli Green sees Stone Ore Deposit (Small) at X: 41.33658, Y: 13.99647. [0]
[1693030018345] --- Prompt ---
[1693030018347] Character: 
- ID: A5
- Name: Eli Green
- Age: 12
- Occupation: Explorer
- Personality: Curious, Energetic, Kind-hearted

Location: 39.08, 10

Time: Day 0, 12:00 AM

Hunger: Hungry

Environment:
- Stone Ore Deposit (Small) (Health: 5/5) [X: 41.33658, Y: 13.99647, Distance: 4.589547m]
- Tree (Health: 10/10) [X: 42.12, Y: 5.77, Distance: 5.209076m]
- Stone Ore Deposit (Small) (Health: 5/5) [X: 38.24, Y: 15.93, Distance: 5.989199m]
- Tree (Health: 10/10) [X: 45.24001, Y: 10.2, Distance: 6.163249m]
- Stone Ore Deposit (Medium) (Health: 10/10) [X: 42.53862, Y: 17.00157, Distance: 7.809221m]
- Tree (Health: 10/10) [X: 31.24, Y: 9.42, Distance: 7.861425m]
- Tree (Health: 10/10) [X: 33.51, Y: 4.43, Distance: 7.877169m]
- Tree (Health: 10/10) [X: 45.84, Y: 5.299999, Distance: 8.233325m]
- Tree Stump (Health: 5/5) [X: 34.56, Y: 3.07, Distance: 8.273774m]
- Stone Ore Deposit (Small) (Health: 5/5) [X: 45.73, Y: 15.31, Distance: 8.509911m]
- Tree (Health: 10/10) [X: 47.72001, Y: 10.21, Distance: 8.642555m]

Inventory (4/10):
- Axe x 1
- Pickaxe x 1
- Sword x 1
- Berries x 1

Tasks:
[
  {
    "task": "Carry out your daily dutiies",
    "priority": 1
  },
  {
    "task": "Catch up with other villagers",
    "priority": 2
  },
  {
    "task": "Maintain a healthy lifestyle",
    "priority": 3
  }
]

Memories:
- Rainy days? That's when the forest sings its loudest song! [just now]
- The world feels so big and full of wonders, I want to see them all! [just now]
- I made a whistle out of a reed! Nature is full of surprises. [just now]
- I once got lost, but the stars guided me home. They're like nature's map! [just now]
- Every rock and leaf, every bird and bug, feels like a friend to me. [just now]
- George tells me tales of old, turning every tree and hill into an adventure. [just now]
- Lucy showed me how to listen to the forest, it's like it's telling stories. [just now]
- I saw a deer up close once, our eyes met and we just stared for a moment. [just now]
- I once found a secret clearing in the woods, it's my personal hideout now. [just now]
- I dreamt I could fly like a bird, seeing the world from above. Maybe one day... [just now]

Available Actions:
- move_to: Move to a target location
- drop_axe: Drop Axe onto the ground.
- drop_pickaxe: Drop Pickaxe onto the ground.
- drop_sword: Drop Sword onto the ground.
- eat: Eat some food.
- drop_berries: Drop Berries onto the ground.

Given the available information, update your task list. Take into consideration the time of day, environment, personality of the character, and more. Replace the entire JSON array by removing completed tasks, updating existing tasks with new information and priorities, and create new tasks based on the provided info. Keep the list as concise as possible. Remember focus on the time of day to adjust priorities.
[1693030021600] [31m[createMemory][39m Eli Green sees Thomas Smith at X: 43.71603, Y: 12.83603. [4.56130648]
[1693030030062] [35m[CORTEX] Eli Green - Prior Message: [39mHi Eli, how are you?
[1693030030063] [35m[CORTEX] Eli Green - Patience: [39m100
[1693030030063] [35m[CORTEX] Eli Green - Conversation Goal: [39mFigure out why Thomas Smith started a conversation with me.
[1693030030063] [35m[CORTEX] Eli Green - Conversation Finished: [39mfalse
[1693030032134] [35m[CORTEX] Eli Green - Feel: [39mI feel excited about this new opportunity to interact with an unfamiliar person.
[1693030032848] --- Response ---
[1693030032848] Updated Tasks: 
[1693030032852] [
  {
    "task": "eat",
    "priority": 1
  },
  {
    "task": "Carry out your daily dutiies",
    "priority": 2
  },
  {
    "task": "move_to: Explore the Tree at [X: 42.12, Y: 5.77]",
    "priority": 3
  },
  {
    "task": "Catch up with other villagers",
    "priority": 4
  },
  {
    "task": "move_to: Check out the Stone Ore Deposit at [X: 41.33658, Y: 13.99647]",
    "priority": 5
  },
  {
    "task": "Maintain a healthy lifestyle",
    "priority": 6
  }
]
[1693030036055] --- Prompt ---
[1693030036057] Character: 
- ID: A5
- Name: Eli Green
- Age: 12
- Occupation: Explorer
- Personality: Curious, Energetic, Kind-hearted

Location: 39.08, 10

Time: Day 0, 12:00 AM

Hunger: 5 / 10

Environment:
- Stone Ore Deposit (Small) (Health: 5/5) [X: 41.33658, Y: 13.99647, Distance: 4.589547m]
- Tree (Health: 10/10) [X: 42.12, Y: 5.77, Distance: 5.209076m]
- Stone Ore Deposit (Small) (Health: 5/5) [X: 38.24, Y: 15.93, Distance: 5.989199m]
- Tree (Health: 10/10) [X: 45.24001, Y: 10.2, Distance: 6.163249m]
- Stone Ore Deposit (Medium) (Health: 10/10) [X: 42.53862, Y: 17.00157, Distance: 7.809221m]
- Tree (Health: 10/10) [X: 31.24, Y: 9.42, Distance: 7.861425m]
- Tree (Health: 10/10) [X: 33.51, Y: 4.43, Distance: 7.877169m]
- Tree (Health: 10/10) [X: 45.84, Y: 5.299999, Distance: 8.233325m]
- Tree Stump (Health: 5/5) [X: 34.56, Y: 3.07, Distance: 8.273774m]
- Stone Ore Deposit (Small) (Health: 5/5) [X: 45.73, Y: 15.31, Distance: 8.509911m]
- Tree (Health: 10/10) [X: 47.72001, Y: 10.21, Distance: 8.642555m]

Inventory (4/10):
- Axe x 1
- Pickaxe x 1
- Sword x 1
- Berries x 1

Tasks:
[
  {
    "task": "eat",
    "priority": 1
  },
  {
    "task": "Carry out your daily dutiies",
    "priority": 2
  },
  {
    "task": "move_to: Explore the Tree at [X: 42.12, Y: 5.77]",
    "priority": 3
  },
  {
    "task": "Catch up with other villagers",
    "priority": 4
  },
  {
    "task": "move_to: Check out the Stone Ore Deposit at [X: 41.33658, Y: 13.99647]",
    "priority": 5
  },
  {
    "task": "Maintain a healthy lifestyle",
    "priority": 6
  }
]

Memories:
- I made a whistle out of a reed! Nature is full of surprises. [just now]
- Rainy days? That's when the forest sings its loudest song! [just now]
- I once found a secret clearing in the woods, it's my personal hideout now. [just now]
- I once got lost, but the stars guided me home. They're like nature's map! [just now]
- I dreamt I could fly like a bird, seeing the world from above. Maybe one day... [just now]
- George tells me tales of old, turning every tree and hill into an adventure. [just now]
- Lucy showed me how to listen to the forest, it's like it's telling stories. [just now]
- The world feels so big and full of wonders, I want to see them all! [just now]
- Every rock and leaf, every bird and bug, feels like a friend to me. [just now]
- I saw a deer up close once, our eyes met and we just stared for a moment. [just now]

Given the available information, pick the best available action function to accomplish your tasks.


[1693030036058] --- Action Functions ---
[1693030036059] [
  {
    "name": "move_to",
    "description": "Move to a target location",
    "parameters": {
      "type": "object",
      "properties": {
        "characterId": {
          "type": "string",
          "description": "The character ID of the character that is adding the item to the chest."
        },
        "x": {
          "type": "number",
          "description": "The X coordinate of the target location."
        },
        "y": {
          "type": "number",
          "description": "The Y coordinate of the target location."
        }
      }
    }
  },
  {
    "name": "drop_axe",
    "description": "Drop Axe onto the ground.",
    "parameters": {
      "type": "object",
      "properties": {
        "characterId": {
          "type": "string",
          "description": "The character ID of the character that is adding the item to the chest."
        },
        "itemId": {
          "type": "string",
          "description": "The item ID of the item that is being added to the chest. Must be lowercase.",
          "values": [
            "wood",
            "stone",
            "iron",
            "diamond",
            "copper",
            "coal",
            "axe",
            "pickaxe",
            "sword",
            "berries"
          ]
        }
      }
    }
  },
  {
    "name": "drop_pickaxe",
    "description": "Drop Pickaxe onto the ground.",
    "parameters": {
      "type": "object",
      "properties": {
        "characterId": {
          "type": "string",
          "description": "The character ID of the character that is adding the item to the chest."
        },
        "itemId": {
          "type": "string",
          "description": "The item ID of the item that is being added to the chest. Must be lowercase.",
          "values": [
            "wood",
            "stone",
            "iron",
            "diamond",
            "copper",
            "coal",
            "axe",
            "pickaxe",
            "sword",
            "berries"
          ]
        }
      }
    }
  },
  {
    "name": "drop_sword",
    "description": "Drop Sword onto the ground.",
    "parameters": {
      "type": "object",
      "properties": {
        "characterId": {
          "type": "string",
          "description": "The character ID of the character that is adding the item to the chest."
        },
        "itemId": {
          "type": "string",
          "description": "The item ID of the item that is being added to the chest. Must be lowercase.",
          "values": [
            "wood",
            "stone",
            "iron",
            "diamond",
            "copper",
            "coal",
            "axe",
            "pickaxe",
            "sword",
            "berries"
          ]
        }
      }
    }
  },
  {
    "name": "eat",
    "description": "Eat some food.",
    "parameters": {
      "type": "object",
      "properties": {
        "characterId": {
          "type": "string",
          "description": "The character ID of the character that is adding the item to the chest."
        },
        "foodId": {
          "type": "string",
          "description": "The food ID of the food to be eaten.",
          "values": [
            "berries"
          ]
        }
      }
    }
  },
  {
    "name": "drop_berries",
    "description": "Drop Berries onto the ground.",
    "parameters": {
      "type": "object",
      "properties": {
        "characterId": {
          "type": "string",
          "description": "The character ID of the character that is adding the item to the chest."
        },
        "itemId": {
          "type": "string",
          "description": "The item ID of the item that is being added to the chest. Must be lowercase.",
          "values": [
            "wood",
            "stone",
            "iron",
            "diamond",
            "copper",
            "coal",
            "axe",
            "pickaxe",
            "sword",
            "berries"
          ]
        }
      }
    }
  }
]
[1693030037619] [35m[CORTEX] Eli Green - Explain: [39mWell, by beginning this interaction, I have indeed advanced towards my goal of figuring out why Thomas Smith began this conversation. It's a first step, and while I still don't know his motives, I'm eager to find out.
[1693030038712] [31mAgent A5 is already occupied. Skipping...[39m
[1693030038802] [35m[CORTEX] Eli Green - Did I make progress? [39m[choice=yes]
[1693030039930] [35m[CORTEX] Character Eli Green - Did I accomplish my goal? [39m[choice=no]
[1693030043001] [35m[CORTEX] Eli Green - Plan: [39m I plan to engage more in the conversation with Thomas Smith, ask him questions to understand his motives and express my experiences and love for nature which might interest him.
[1693030045635] [35m[CORTEX] Eli Green - Say: [39mHello, Thomas! I'm doing great, just back from another exciting day exploring the forest. How are you doing?

