[1691988925801] [Character] Creating Will
[1691988926291] [31m[createMemory][39m Today was my first day in the mines. [0]
[1691988926291] [31m[createMemory][39m George and Thomas have been really helpful. [0]
[1691988926291] [31m[createMemory][39m The depth and darkness of the mines can be intimidating. [0]
[1691988926291] [31m[createMemory][39m I accidentally broke a pickaxe on my first day. [0]
[1691988926291] [31m[createMemory][39m The older miners have so many stories to tell. [0]
[1691988926291] [31m[createMemory][39m I've always dreamed of being a miner like my father. [0]
[1691988926291] [31m[createMemory][39m The echo in the mines is fascinating. [0]
[1691988926291] [31m[createMemory][39m I need to remember to wear my helmet at all times. [0]
[1691988926291] [31m[createMemory][39m The village has been supportive of my new journey. [0]
[1691988926291] [31m[createMemory][39m I'm still learning the different routes in the mine. [0]
[1691988926291] [31m[createMemory][39m I was startled by the sound of a mine cart today. [0]
[1691988926291] [31m[createMemory][39m It's tiring, but I'm determined to make everyone proud. [0]
[1691988926291] [31m[createMemory][39m I hope to find a rare gem or mineral soon. [0]
[1691988926291] [31m[createMemory][39m The lanterns light up the mines in such a mysterious way. [0]
[1691988926291] [31m[createMemory][39m I can't wait to tell my family about my adventures here. [0]
[1691988929079] [Character] Will created
[1691988966693] [31m[createMemory][39m Will Turner sees Lucy Wilde at X: 35.29, Y: -58.96. [0]
[1691988969568] --- Prompt ---
[1691988969568] Character: 
- ID: A3
- Name: Will Turner
- Age: 19
- Occupation: Apprentice Miner
- Personality: Curious, Eager, Naive

Location: 36.447, -58.651

Time: Day 0, 12:00 AM

Environment:
- Lucy Wilde (Health: 25/25) [X: 35.29, Y: -58.96, Distance: 1.197549m]
- Tree (Health: 10/10) [X: 37.81, Y: -50.1, Distance: 8.65895m]

Inventory (3/10):
- Axe x 1
- Pickaxe x 1
- Sword x 1

Tasks:
[
  {
    "task": "Catch up with other villagers",
    "priority": 1
  },
  {
    "task": "Check on the mine",
    "priority": 2
  },
  {
    "task": "Store extra materials in chest",
    "priority": 2
  },
  {
    "task": "Chop trees",
    "priority": 3
  }
]

Memories:
- The village has been supportive of my new journey. [just now]
- The older miners have so many stories to tell. [just now]
- I can't wait to tell my family about my adventures here. [just now]
- I've always dreamed of being a miner like my father. [just now]
- The depth and darkness of the mines can be intimidating. [just now]
- I'm still learning the different routes in the mine. [just now]
- I accidentally broke a pickaxe on my first day. [just now]
- Today was my first day in the mines. [just now]
- I was startled by the sound of a mine cart today. [just now]
- I need to remember to wear my helmet at all times. [just now]

Available Actions:
- move_to: Move to a target location
- drop_axe: Drop Axe onto the ground.
- drop_pickaxe: Drop Pickaxe onto the ground.
- drop_sword: Drop Sword onto the ground.
- start_conversation: Start a conversation with Lucy Wilde (ID: A4).

Given the available information, update your task list. Take into consideration the time of day, environment, personality of the character, and more. Replace the entire JSON array by removing completed tasks, updating existing tasks with new information and priorities, and create new tasks based on the provided info. Keep the list as concise as possible. Remember focus on the time of day to adjust priorities.
[1691988984767] --- Response ---
[1691988984767] Updated Tasks: 
[1691988984768] [
  {
    "task": "Start a conversation with Lucy Wilde",
    "priority": 1
  },
  {
    "task": "Check on the mine",
    "priority": 2
  },
  {
    "task": "Store extra materials in the chest",
    "priority": 3
  },
  {
    "task": "Chop trees",
    "priority": 4
  },
  {
    "task": "Catch up with other villagers",
    "priority": 5
  },
  {
    "task": "Plan next day's tasks",
    "priority": 6
  },
  {
    "task": "Check inventory before bed",
    "priority": 7
  },
  {
    "task": "Get a good night's sleep",
    "priority": 8
  }
]
[1691988988493] --- Prompt ---
[1691988988495] Character: 
- ID: A3
- Name: Will Turner
- Age: 19
- Occupation: Apprentice Miner
- Personality: Curious, Eager, Naive

Location: 36.447, -58.651

Time: Day 0, 12:00 AM

Environment:
- Lucy Wilde (Health: 25/25) [X: 35.29, Y: -58.96, Distance: 1.197549m]
- Tree (Health: 10/10) [X: 37.81, Y: -50.1, Distance: 8.65895m]

Inventory (3/10):
- Axe x 1
- Pickaxe x 1
- Sword x 1

Tasks:
[
  {
    "task": "Start a conversation with Lucy Wilde",
    "priority": 1
  },
  {
    "task": "Check on the mine",
    "priority": 2
  },
  {
    "task": "Store extra materials in the chest",
    "priority": 3
  },
  {
    "task": "Chop trees",
    "priority": 4
  },
  {
    "task": "Catch up with other villagers",
    "priority": 5
  },
  {
    "task": "Plan next day's tasks",
    "priority": 6
  },
  {
    "task": "Check inventory before bed",
    "priority": 7
  },
  {
    "task": "Get a good night's sleep",
    "priority": 8
  }
]

Memories:
- I'm still learning the different routes in the mine. [just now]
- I was startled by the sound of a mine cart today. [just now]
- I accidentally broke a pickaxe on my first day. [just now]
- The depth and darkness of the mines can be intimidating. [just now]
- I can't wait to tell my family about my adventures here. [just now]
- Today was my first day in the mines. [just now]
- The older miners have so many stories to tell. [just now]
- I've always dreamed of being a miner like my father. [just now]
- Will Turner sees Lucy Wilde at X: 35.29, Y: -58.96. [just now]
- The village has been supportive of my new journey. [just now]

Given the available information, pick the best available action function to accomplish your tasks.


[1691988993996] [31m[createMemory][39m Lucy Wilde started a conversation with me. [26.1126289]
[1691988993998] [31mAgent A3 is already occupied. Skipping...[39m
[1691989011490] [36m[CORTEX] Character 2 - Feel: [39mI feel intrigued and ready to learn from Lucy's knowledge and experience in being a lumberjack
[1691989014226] [36m[CORTEX] Character 2 - Plan: [39mI plan on accompanying Lucy Wilde to assess the condition of the forest. I will carry out the tasks as instructed by her and also am prepared to learn the nuances of being a good lumberjack, beyond just swinging an axe.
[1691989018696] [36m[CORTEX] Character 2 - Say: [39mLucy, I'm committed to learn and contribute. Let's get to work on assessing the forest's health and managing the village's timber needs. I'm ready for whatever tips and training you've to offer to be a good lumberjack.

[1691989042234] [31m[createMemory][39m Lucy Wilde started a conversation with me about forest conservation and work ethics. [26.1126289]
[1691989042234] [31m[createMemory][39m She emphasized on the importance of not just cutting trees but ensuring they thrive for future generations. [26.1126289]
[1691989042234] [31m[createMemory][39m We discussed aligning timber extraction with the actual needs of the village. [26.1126289]
[1691989042235] [31m[createMemory][39m Lucy expressed her willingness to teach me the nuances of being a good lumberjack, beyond just axe work. [26.1126289]
[1691989046787] --- Prompt ---
[1691989046787] Character: 
- ID: A3
- Name: Will Turner
- Age: 19
- Occupation: Apprentice Miner
- Personality: Curious, Eager, Naive

Location: 36.447, -58.651

Time: Day 0, 7:32 AM

Environment:
- Lucy Wilde (Health: 25/25) [X: 36.2954, Y: -58.68059, Distance: 0.154457m]
- Tree (Health: 10/10) [X: 37.81, Y: -50.1, Distance: 8.65895m]

Inventory (3/10):
- Axe x 1
- Pickaxe x 1
- Sword x 1

Tasks:
[
  {
    "task": "Start a conversation with Lucy Wilde",
    "priority": 1
  },
  {
    "task": "Check on the mine",
    "priority": 2
  },
  {
    "task": "Store extra materials in the chest",
    "priority": 3
  },
  {
    "task": "Chop trees",
    "priority": 4
  },
  {
    "task": "Catch up with other villagers",
    "priority": 5
  },
  {
    "task": "Plan next day's tasks",
    "priority": 6
  },
  {
    "task": "Check inventory before bed",
    "priority": 7
  },
  {
    "task": "Get a good night's sleep",
    "priority": 8
  }
]

Memories:
- She emphasized on the importance of not just cutting trees but ensuring they thrive for future generations. [4 hours ago]
- We discussed aligning timber extraction with the actual needs of the village. [4 hours ago]
- Lucy Wilde started a conversation with me about forest conservation and work ethics. [4 hours ago]
- Lucy Wilde started a conversation with me. [4 hours ago]
- Lucy expressed her willingness to teach me the nuances of being a good lumberjack, beyond just axe work. [4 hours ago]
- I was startled by the sound of a mine cart today. [7 hours ago]
- Today was my first day in the mines. [7 hours ago]
- I can't wait to tell my family about my adventures here. [7 hours ago]
- The depth and darkness of the mines can be intimidating. [7 hours ago]
- Will Turner sees Lucy Wilde at X: 35.29, Y: -58.96. [7 hours ago]

Given the available information, pick the best available action function to accomplish your tasks.


[1691989051414] [31m[createMemory][39m Lucy Wilde started a conversation with me. [83.5669861]
[1691989051723] [31mAgent A3 is already occupied. Skipping...[39m
