[1693863817216] [Character] Creating George
[1693863818020] [31m[createMemory][39m Working in the mines is tough but rewarding. [0]
[1693863818020] [31m[createMemory][39m I've been friends with Thomas for a long time. [0]
[1693863818020] [31m[createMemory][39m Safety in the mines is a top priority for me. [0]
[1693863818021] [31m[createMemory][39m I've discovered some rare minerals during my time here. [0]
[1693863818021] [31m[createMemory][39m I'm usually one of the first to arrive at the mine site. [0]
[1693863818021] [31m[createMemory][39m My family has been mining for generations. [0]
[1693863818021] [31m[createMemory][39m I enjoy a cold beverage after a long day in the mines. [0]
[1693863818021] [31m[createMemory][39m I've been taught traditional mining songs by the older miners. [0]
[1693863818021] [31m[createMemory][39m I've saved up to buy a house near the village. [0]
[1693863818021] [31m[createMemory][39m I know a secret tunnel in the mine that few know about. [0]
[1693863818021] [31m[createMemory][39m It's important to have the right tools for the job. [0]
[1693863818021] [31m[createMemory][39m I take pride in my work and look after my equipment. [0]
[1693863818021] [31m[createMemory][39m I sometimes join Thomas and others for a meal after work. [0]
[1693863818021] [31m[createMemory][39m I've had a few close calls, but always came out safe. [0]
[1693863818021] [31m[createMemory][39m The village festivities are something I look forward to every year. [0]
[1693863824604] [Character] George created
[1693863943485] [31m[createMemory][39m George Brown sees Coal Ore Deposit (Small) at X: 62.25, Y: 15.1. [0]
[1693863943485] [31m[createMemory][39m George Brown sees Tree at X: 67.61, Y: 9.619999. [0]
[1693863943544] [31m[createMemory][39m George Brown sees Iron Ore Deposit (Large) at X: 65.22, Y: 18.37. [0]
