[1691991121390] [Character] Creating Will
[1691991121813] [31m[createMemory][39m Today was my first day in the mines. [0]
[1691991121814] [31m[createMemory][39m George and Thomas have been really helpful. [0]
[1691991121814] [31m[createMemory][39m The depth and darkness of the mines can be intimidating. [0]
[1691991121814] [31m[createMemory][39m I accidentally broke a pickaxe on my first day. [0]
[1691991121814] [31m[createMemory][39m The older miners have so many stories to tell. [0]
[1691991121814] [31m[createMemory][39m I've always dreamed of being a miner like my father. [0]
[1691991121814] [31m[createMemory][39m The echo in the mines is fascinating. [0]
[1691991121814] [31m[createMemory][39m I need to remember to wear my helmet at all times. [0]
[1691991121814] [31m[createMemory][39m The village has been supportive of my new journey. [0]
[1691991121814] [31m[createMemory][39m I'm still learning the different routes in the mine. [0]
[1691991121814] [31m[createMemory][39m I was startled by the sound of a mine cart today. [0]
[1691991121814] [31m[createMemory][39m It's tiring, but I'm determined to make everyone proud. [0]
[1691991121814] [31m[createMemory][39m I hope to find a rare gem or mineral soon. [0]
[1691991121814] [31m[createMemory][39m The lanterns light up the mines in such a mysterious way. [0]
[1691991121814] [31m[createMemory][39m I can't wait to tell my family about my adventures here. [0]
[1691991124916] [Character] Will created
[1691991164727] [31m[createMemory][39m Will Turner sees Lucy Wilde at X: 31.93, Y: -52.6. [0]
[1691991164740] [31m[createMemory][39m Will Turner sees Tree at X: 37.81, Y: -50.1. [0]
[1691991164740] [31m[createMemory][39m Will Turner sees Tree at X: 35.12, Y: -49.42. [0]
[1691991167405] --- Prompt ---
[1691991167405] Character: 
- ID: A3
- Name: Will Turner
- Age: 19
- Occupation: Apprentice Miner
- Personality: Curious, Eager, Naive

Location: 32.87, -53.14

Time: Day 0, 12:00 AM

Environment:
- Lucy Wilde (Health: 25/25) [X: 31.93, Y: -52.6, Distance: 1.084066m]
- Tree (Health: 10/10) [X: 35.12, Y: -49.42, Distance: 4.347516m]
- Tree (Health: 10/10) [X: 37.81, Y: -50.1, Distance: 5.800451m]
- Tree (Health: 10/10) [X: 36.04, Y: -47.68999, Distance: 6.304874m]
- Tree (Health: 10/10) [X: 39.59, Y: -49.45, Distance: 7.666455m]
- Tree Stump (Health: 5/5) [X: 36.50999, Y: -46.03, Distance: 7.987595m]
- Tree (Health: 10/10) [X: 38.98, Y: -47.91, Distance: 8.042699m]

Inventory (3/10):
- Axe x 1
- Pickaxe x 1
- Sword x 1

Tasks:
[
  {
    "task": "Catch up with other villagers",
    "priority": 1
  },
  {
    "task": "Check on the mine",
    "priority": 2
  },
  {
    "task": "Store extra materials in chest",
    "priority": 2
  },
  {
    "task": "Chop trees",
    "priority": 3
  }
]

Memories:
- The village has been supportive of my new journey. [just now]
- I've always dreamed of being a miner like my father. [just now]
- The lanterns light up the mines in such a mysterious way. [just now]
- The echo in the mines is fascinating. [just now]
- I'm still learning the different routes in the mine. [just now]
- I can't wait to tell my family about my adventures here. [just now]
- I was startled by the sound of a mine cart today. [just now]
- The older miners have so many stories to tell. [just now]
- It's tiring, but I'm determined to make everyone proud. [just now]
- The depth and darkness of the mines can be intimidating. [just now]
- Will Turner sees Lucy Wilde at X: 31.93, Y: -52.6. [just now]
- Will Turner sees Tree at X: 37.81, Y: -50.1. [just now]

Available Actions:
- move_to: Move to a target location
- drop_axe: Drop Axe onto the ground.
- drop_pickaxe: Drop Pickaxe onto the ground.
- drop_sword: Drop Sword onto the ground.
- start_conversation: Start a conversation with Lucy Wilde (ID: A4).

Given the available information, update your task list. Take into consideration the time of day, environment, personality of the character, and more. Replace the entire JSON array by removing completed tasks, updating existing tasks with new information and priorities, and create new tasks based on the provided info. Keep the list as concise as possible. Remember focus on the time of day to adjust priorities.
[1691991180910] --- Response ---
[1691991180910] Updated Tasks: 
[1691991180910] [
  {
    "task": "Start conversation with Lucy Wilde",
    "priority": 1
  },
  {
    "task": "Catch up with other villagers",
    "priority": 2
  },
  {
    "task": "Check on the mine",
    "priority": 3
  },
  {
    "task": "Chop trees",
    "priority": 4
  },
  {
    "task": "Store extra materials in chest",
    "priority": 5
  },
  {
    "task": "Locate chest",
    "priority": 6
  },
  {
    "task": "Gather information from older miners",
    "priority": 7
  }
]
[1691991184927] --- Prompt ---
[1691991184927] Character: 
- ID: A3
- Name: Will Turner
- Age: 19
- Occupation: Apprentice Miner
- Personality: Curious, Eager, Naive

Location: 32.87, -53.14

Time: Day 0, 12:00 AM

Environment:
- Lucy Wilde (Health: 25/25) [X: 31.93, Y: -52.6, Distance: 1.084066m]
- Tree (Health: 10/10) [X: 35.12, Y: -49.42, Distance: 4.347516m]
- Tree (Health: 10/10) [X: 37.81, Y: -50.1, Distance: 5.800451m]
- Tree (Health: 10/10) [X: 36.04, Y: -47.68999, Distance: 6.304874m]
- Tree (Health: 10/10) [X: 39.59, Y: -49.45, Distance: 7.666455m]
- Tree Stump (Health: 5/5) [X: 36.50999, Y: -46.03, Distance: 7.987595m]
- Tree (Health: 10/10) [X: 38.98, Y: -47.91, Distance: 8.042699m]

Inventory (3/10):
- Axe x 1
- Pickaxe x 1
- Sword x 1

Tasks:
[
  {
    "task": "Start conversation with Lucy Wilde",
    "priority": 1
  },
  {
    "task": "Catch up with other villagers",
    "priority": 2
  },
  {
    "task": "Check on the mine",
    "priority": 3
  },
  {
    "task": "Chop trees",
    "priority": 4
  },
  {
    "task": "Store extra materials in chest",
    "priority": 5
  },
  {
    "task": "Locate chest",
    "priority": 6
  },
  {
    "task": "Gather information from older miners",
    "priority": 7
  }
]

Memories:
- I'm still learning the different routes in the mine. [just now]
- It's tiring, but I'm determined to make everyone proud. [just now]
- I was startled by the sound of a mine cart today. [just now]
- The echo in the mines is fascinating. [just now]
- The lanterns light up the mines in such a mysterious way. [just now]
- The depth and darkness of the mines can be intimidating. [just now]
- I can't wait to tell my family about my adventures here. [just now]
- The older miners have so many stories to tell. [just now]
- I've always dreamed of being a miner like my father. [just now]
- The village has been supportive of my new journey. [just now]

Given the available information, pick the best available action function to accomplish your tasks.


[1691991188639] [31m[createMemory][39m Lucy Wilde started a conversation with me. [22.82309]
[1691991190182] [31mAgent A3 is already occupied. Skipping...[39m
[1691991206599] [36m[CORTEX] Character 2 - Feel: [39mI feel excited at the prospect of joining Lucy and George for a meal and stories by the campfire after a long day of work.
[1691991210812] [36m[CORTEX] Character 2 - Plan: [39mI am planning to assist Lucy with assessing the community's timber needs in the morning, help in checking and repositioning the traps near the east ridge and finally join her and George for a meal and stories by the campfire in the evening.
[1691991214215] [36m[CORTEX] Character 2 - Say: [39mThat sounds like a great day, Lucy. I'd be happy to join you and George at the campfire. It would be nice to hear some stories. Thank you for the invitation.

[1691991236685] --- Prompt ---
[1691991236685] Character: 
- ID: A3
- Name: Will Turner
- Age: 19
- Occupation: Apprentice Miner
- Personality: Curious, Eager, Naive

Location: 32.87, -53.14

Time: Day 0, 6:42 AM

Environment:
- Lucy Wilde (Health: 25/25) [X: 31.93, Y: -52.6, Distance: 1.084066m]
- Tree (Health: 10/10) [X: 35.12, Y: -49.42, Distance: 4.347516m]
- Tree (Health: 10/10) [X: 37.81, Y: -50.1, Distance: 5.800451m]
- Tree (Health: 10/10) [X: 36.04, Y: -47.68999, Distance: 6.304874m]
- Tree (Health: 10/10) [X: 39.59, Y: -49.45, Distance: 7.666455m]
- Tree Stump (Health: 5/5) [X: 36.50999, Y: -46.03, Distance: 7.987595m]
- Tree (Health: 10/10) [X: 38.98, Y: -47.91, Distance: 8.042699m]

Inventory (3/10):
- Axe x 1
- Pickaxe x 1
- Sword x 1

Tasks:
[
  {
    "task": "Start conversation with Lucy Wilde",
    "priority": 1
  },
  {
    "task": "Catch up with other villagers",
    "priority": 2
  },
  {
    "task": "Check on the mine",
    "priority": 3
  },
  {
    "task": "Chop trees",
    "priority": 4
  },
  {
    "task": "Store extra materials in chest",
    "priority": 5
  },
  {
    "task": "Locate chest",
    "priority": 6
  },
  {
    "task": "Gather information from older miners",
    "priority": 7
  }
]

Memories:
- Lucy Wilde started a conversation with me. [4 hours ago]
- I was startled by the sound of a mine cart today. [6 hours ago]
- The echo in the mines is fascinating. [6 hours ago]
- The lanterns light up the mines in such a mysterious way. [6 hours ago]
- I can't wait to tell my family about my adventures here. [6 hours ago]
- The depth and darkness of the mines can be intimidating. [6 hours ago]
- The older miners have so many stories to tell. [6 hours ago]
- I've always dreamed of being a miner like my father. [6 hours ago]
- Will Turner sees Lucy Wilde at X: 31.93, Y: -52.6. [6 hours ago]
- The village has been supportive of my new journey. [6 hours ago]

Hitbox (what you would hit with a swing based action):
- Lucy Wilde (Health: 25/25)

Given the available information, pick the best available action function to accomplish your tasks.


[1691991239830] [31mAgent A3 is already occupied. Skipping...[39m
[1691991239847] [31m[createMemory][39m Lucy Wilde started a conversation with me. [74.05497]
