[1691991121390] [Character] Creating Eli
[1691991121837] [31m[createMemory][39m I need to let Thomas know I'm going to explore. He's asked me in the past to let him know just in case I get hurt or lost. [0]
[1691991121837] [31m[createMemory][39m I once found a secret clearing in the woods, it's my personal hideout now. [0]
[1691991121837] [31m[createMemory][39m The world feels so big and full of wonders, I want to see them all! [0]
[1691991121837] [31m[createMemory][39m I saw a deer up close once, our eyes met and we just stared for a moment. [0]
[1691991121837] [31m[createMemory][39m Climbing trees is my favorite! The higher I go, the bigger the world looks. [0]
[1691991121837] [31m[createMemory][39m Lucy showed me how to listen to the forest, it's like it's telling stories. [0]
[1691991121837] [31m[createMemory][39m Every rock and leaf, every bird and bug, feels like a friend to me. [0]
[1691991121837] [31m[createMemory][39m I once got lost, but the stars guided me home. They're like nature's map! [0]
[1691991121837] [31m[createMemory][39m George tells me tales of old, turning every tree and hill into an adventure. [0]
[1691991121837] [31m[createMemory][39m I made a whistle out of a reed! Nature is full of surprises. [0]
[1691991121837] [31m[createMemory][39m The woods in autumn is my favorite. All those colors... like nature's painting! [0]
[1691991121837] [31m[createMemory][39m I wish I could talk to animals. Imagine the stories they'd tell! [0]
[1691991121837] [31m[createMemory][39m I've learned to move silently. That way, nature doesn’t hide from me. [0]
[1691991121837] [31m[createMemory][39m Lucy once said every tree has a story. I'm trying to learn them all. [0]
[1691991121838] [31m[createMemory][39m Rainy days? That's when the forest sings its loudest song! [0]
[1691991121838] [31m[createMemory][39m I dreamt I could fly like a bird, seeing the world from above. Maybe one day... [0]
[1691991125387] [Character] Eli created
[1691991164726] [31m[createMemory][39m Eli Green sees Tree at X: 38.75, Y: -9.01. [0]
[1691991164726] [31m[createMemory][39m Eli Green sees Tree at X: 44.56, Y: -1.91. [0]
[1691991164726] [31m[createMemory][39m Eli Green sees Tree at X: 42, Y: -0.3199997. [0]
[1691991164726] [31m[createMemory][39m Eli Green sees Thomas Smith at X: 38.71, Y: -4.52. [0]
[1691991164745] [31m[createMemory][39m Eli Green sees Tree at X: 36.24, Y: -8.09. [0]
[1691991167182] --- Prompt ---
[1691991167182] Character: 
- ID: A5
- Name: Eli Green
- Age: 12
- Occupation: Explorer
- Personality: Curious, Energetic, Kind-hearted

Location: 39.95, -4.89

Time: Day 0, 12:00 AM

Environment:
- Thomas Smith (Health: 25/25) [X: 38.71, Y: -4.52, Distance: 1.294026m]
- Tree (Health: 10/10) [X: 38.75, Y: -9.01, Distance: 4.291201m]
- Tree (Health: 10/10) [X: 36.24, Y: -8.09, Distance: 4.899397m]
- Tree (Health: 10/10) [X: 42, Y: -0.3199997, Distance: 5.008732m]
- Tree (Health: 10/10) [X: 44.56, Y: -1.91, Distance: 5.489308m]
- Tree (Health: 10/10) [X: 33.78, Y: -6.57, Distance: 6.394632m]
- Tree (Health: 10/10) [X: 33.43, Y: -4.91, Distance: 6.520031m]
- Tree (Health: 10/10) [X: 33.75, Y: -2.73, Distance: 6.565486m]
- Tree (Health: 10/10) [X: 36.64, Y: -10.67, Distance: 6.660669m]
- Tree (Health: 10/10) [X: 38.63, Y: -11.64, Distance: 6.877855m]
- Tree (Health: 10/10) [X: 41.03, Y: -11.7, Distance: 6.895108m]
- Tree (Health: 10/10) [X: 42.32, Y: 1.859999, Distance: 7.153976m]
- Tree (Health: 10/10) [X: 46.88, Y: -2.68, Distance: 7.273858m]
- Tree (Health: 10/10) [X: 34.4, Y: -10.23, Distance: 7.701824m]
- Tree (Health: 10/10) [X: 33.01, Y: -0.9500008, Distance: 7.980424m]
- Tree (Health: 10/10) [X: 45.86, Y: 0.8400002, Distance: 8.231709m]
- Tree (Health: 10/10) [X: 31.59, Y: -3.289999, Distance: 8.511734m]
- Tree (Health: 10/10) [X: 34.32, Y: 1.549999, Distance: 8.553976m]
- Tree (Health: 10/10) [X: 47.63, Y: -0.7000008, Distance: 8.748629m]

Inventory (3/10):
- Axe x 1
- Pickaxe x 1
- Sword x 1

Tasks:
[
  {
    "task": "Catch up with other villagers",
    "priority": 1
  },
  {
    "task": "Check on the mine",
    "priority": 2
  },
  {
    "task": "Store extra materials in chest",
    "priority": 2
  },
  {
    "task": "Chop trees",
    "priority": 3
  }
]

Memories:
- George tells me tales of old, turning every tree and hill into an adventure. [just now]
- Lucy showed me how to listen to the forest, it's like it's telling stories. [just now]
- I saw a deer up close once, our eyes met and we just stared for a moment. [just now]
- The world feels so big and full of wonders, I want to see them all! [just now]
- Lucy once said every tree has a story. I'm trying to learn them all. [just now]
- I once got lost, but the stars guided me home. They're like nature's map! [just now]
- I once found a secret clearing in the woods, it's my personal hideout now. [just now]
- Every rock and leaf, every bird and bug, feels like a friend to me. [just now]
- I dreamt I could fly like a bird, seeing the world from above. Maybe one day... [just now]
- I've learned to move silently. That way, nature doesn’t hide from me. [just now]
- Eli Green sees Tree at X: 42, Y: -0.3199997. [just now]

Available Actions:
- move_to: Move to a target location
- drop_axe: Drop Axe onto the ground.
- drop_pickaxe: Drop Pickaxe onto the ground.
- drop_sword: Drop Sword onto the ground.
- start_conversation: Start a conversation with Thomas Smith (ID: A1).

Given the available information, update your task list. Take into consideration the time of day, environment, personality of the character, and more. Replace the entire JSON array by removing completed tasks, updating existing tasks with new information and priorities, and create new tasks based on the provided info. Keep the list as concise as possible. Remember focus on the time of day to adjust priorities.
[1691991179515] --- Response ---
[1691991179515] Updated Tasks: 
[1691991179516] [
  {
    "task": "Start a conversation with Thomas Smith",
    "priority": 1
  },
  {
    "task": "Catch up with other villagers",
    "priority": 2
  },
  {
    "task": "Chop trees",
    "priority": 2
  },
  {
    "task": "Store extra materials in chest",
    "priority": 3
  },
  {
    "task": "Check on the mine",
    "priority": 4
  },
  {
    "task": "Explore secret clearing in the woods",
    "priority": 5
  }
]
[1691991182833] --- Prompt ---
[1691991182834] Character: 
- ID: A5
- Name: Eli Green
- Age: 12
- Occupation: Explorer
- Personality: Curious, Energetic, Kind-hearted

Location: 39.95, -4.89

Time: Day 0, 12:00 AM

Environment:
- Thomas Smith (Health: 25/25) [X: 38.71, Y: -4.52, Distance: 1.294026m]
- Tree (Health: 10/10) [X: 38.75, Y: -9.01, Distance: 4.291201m]
- Tree (Health: 10/10) [X: 36.24, Y: -8.09, Distance: 4.899397m]
- Tree (Health: 10/10) [X: 42, Y: -0.3199997, Distance: 5.008732m]
- Tree (Health: 10/10) [X: 44.56, Y: -1.91, Distance: 5.489308m]
- Tree (Health: 10/10) [X: 33.78, Y: -6.57, Distance: 6.394632m]
- Tree (Health: 10/10) [X: 33.43, Y: -4.91, Distance: 6.520031m]
- Tree (Health: 10/10) [X: 33.75, Y: -2.73, Distance: 6.565486m]
- Tree (Health: 10/10) [X: 36.64, Y: -10.67, Distance: 6.660669m]
- Tree (Health: 10/10) [X: 38.63, Y: -11.64, Distance: 6.877855m]
- Tree (Health: 10/10) [X: 41.03, Y: -11.7, Distance: 6.895108m]
- Tree (Health: 10/10) [X: 42.32, Y: 1.859999, Distance: 7.153976m]
- Tree (Health: 10/10) [X: 46.88, Y: -2.68, Distance: 7.273858m]
- Tree (Health: 10/10) [X: 34.4, Y: -10.23, Distance: 7.701824m]
- Tree (Health: 10/10) [X: 33.01, Y: -0.9500008, Distance: 7.980424m]
- Tree (Health: 10/10) [X: 45.86, Y: 0.8400002, Distance: 8.231709m]
- Tree (Health: 10/10) [X: 31.59, Y: -3.289999, Distance: 8.511734m]
- Tree (Health: 10/10) [X: 34.32, Y: 1.549999, Distance: 8.553976m]
- Tree (Health: 10/10) [X: 47.63, Y: -0.7000008, Distance: 8.748629m]

Inventory (3/10):
- Axe x 1
- Pickaxe x 1
- Sword x 1

Tasks:
[
  {
    "task": "Start a conversation with Thomas Smith",
    "priority": 1
  },
  {
    "task": "Catch up with other villagers",
    "priority": 2
  },
  {
    "task": "Chop trees",
    "priority": 2
  },
  {
    "task": "Store extra materials in chest",
    "priority": 3
  },
  {
    "task": "Check on the mine",
    "priority": 4
  },
  {
    "task": "Explore secret clearing in the woods",
    "priority": 5
  }
]

Memories:
- I once found a secret clearing in the woods, it's my personal hideout now. [just now]
- Eli Green sees Tree at X: 42, Y: -0.3199997. [just now]
- Every rock and leaf, every bird and bug, feels like a friend to me. [just now]
- Eli Green sees Thomas Smith at X: 38.71, Y: -4.52. [just now]
- I once got lost, but the stars guided me home. They're like nature's map! [just now]
- Lucy once said every tree has a story. I'm trying to learn them all. [just now]
- I saw a deer up close once, our eyes met and we just stared for a moment. [just now]
- The world feels so big and full of wonders, I want to see them all! [just now]
- Lucy showed me how to listen to the forest, it's like it's telling stories. [just now]
- George tells me tales of old, turning every tree and hill into an adventure. [just now]

Given the available information, pick the best available action function to accomplish your tasks.


[1691991185481] [31m[createMemory][39m Thomas Smith started a conversation with me. [19.6934757]
[1691991189820] [31mAgent A5 is already occupied. Skipping...[39m
[1691991202800] [36m[CORTEX] Character 2 - Feel: [39mI feel confused and shocked, as I don't understand how my adventures and curiosity have been interpreted as tyranny
[1691991206213] [36m[CORTEX] Character 2 - Plan: [39mEli Green is planning to understand Thomas Smith's concerns, review his behavior and actions and work towards resolving any misunderstandings
[1691991208702] [36m[CORTEX] Character 2 - Say: [39mThomas, I don't understand. I've been exploring, not ruling. Can we talk about this misunderstanding?

[1691991240406] [36m[CORTEX] Character 2 - Feel: [39mI feel quite upset and confused about being misunderstood, but I am also eager to rectify the situation
[1691991244518] [36m[CORTEX] Character 2 - Plan: [39mEli Green is planning to listen to Thomas's evidence and to try to address any harm that his actions might have unknowingly caused. He will also attempt to make amends with any villagers who may have been upset.
