[1691549536045] [Character] Creating Eli
[1691549536721] [31m[createMemory][39m I once found a secret clearing in the woods, it's my personal hideout now. [0]
[1691549536721] [31m[createMemory][39m The world feels so big and full of wonders, I want to see them all! [0]
[1691549536721] [31m[createMemory][39m I saw a deer up close once, our eyes met and we just stared for a moment. [0]
[1691549536721] [31m[createMemory][39m Climbing trees is my favorite! The higher I go, the bigger the world looks. [0]
[1691549536721] [31m[createMemory][39m Lucy showed me how to listen to the forest, it's like it's telling stories. [0]
[1691549536721] [31m[createMemory][39m Every rock and leaf, every bird and bug, feels like a friend to me. [0]
[1691549536721] [31m[createMemory][39m I once got lost, but the stars guided me home. They're like nature's map! [0]
[1691549536721] [31m[createMemory][39m George tells me tales of old, turning every tree and hill into an adventure. [0]
[1691549536721] [31m[createMemory][39m I made a whistle out of a reed! Nature is full of surprises. [0]
[1691549536721] [31m[createMemory][39m The woods in autumn is my favorite. All those colors... like nature's painting! [0]
[1691549536721] [31m[createMemory][39m I wish I could talk to animals. Imagine the stories they'd tell! [0]
[1691549536721] [31m[createMemory][39m I've learned to move silently. That way, nature doesn’t hide from me. [0]
[1691549536721] [31m[createMemory][39m Lucy once said every tree has a story. I'm trying to learn them all. [0]
[1691549536721] [31m[createMemory][39m Rainy days? That's when the forest sings its loudest song! [0]
[1691549536721] [31m[createMemory][39m I dreamt I could fly like a bird, seeing the world from above. Maybe one day... [0]
[1691549540180] [Character] Eli created
[1691549548131] [31m[createMemory][39m Eli Green sees Coal Ore Deposit (Medium) at X: 57.27, Y: 17.32. [0]
[1691549548142] [31m[createMemory][39m Eli Green sees Chest at X: 50.52, Y: 14.5. [0]
[1691549548142] [31m[createMemory][39m Eli Green sees Copper Ore Deposit (Small) at X: 50.43, Y: 20.71. [0]
[1691549548142] [31m[createMemory][39m Eli Green sees Copper Ore Deposit (Small) at X: 53.88, Y: 19.83. [0]
[1691549548142] [31m[createMemory][39m Eli Green sees Coal Ore Deposit (Small) at X: 54.64, Y: 16.97. [0]
[1691549548143] [31m[createMemory][39m Eli Green sees Tree at X: 52.41, Y: 11.03. [0]
[1691549548143] [31m[createMemory][39m Eli Green sees Coal Ore Deposit (Small) at X: 56.74, Y: 14.81. [0]
[1691549549986] --- Prompt ---
[1691549549987] Character: 
- ID: A5
- Name: Eli Green
- Age: 12
- Occupation: Explorer
- Personality: Curious, Energetic, Kind-hearted

Location: 52.6, 15.8

Time: Day 0, 12:00 AM

Environment:
- Coal Ore Deposit (Small) (Health: 5/5) [X: 54.64, Y: 16.97, Distance: 2.351702m]
- Chest (Health: 10/10) [X: 50.52, Y: 14.5, Distance: 2.452833m]
- Copper Ore Deposit (Small) (Health: 5/5) [X: 53.88, Y: 19.83, Distance: 4.228393m]
- Coal Ore Deposit (Small) (Health: 5/5) [X: 56.74, Y: 14.81, Distance: 4.256727m]
- Tree (Health: 10/10) [X: 52.41, Y: 11.03, Distance: 4.773783m]
- Coal Ore Deposit (Medium) (Health: 10/10) [X: 57.27, Y: 17.32, Distance: 4.911142m]
- Copper Ore Deposit (Small) (Health: 5/5) [X: 50.43, Y: 20.71, Distance: 5.368145m]
- Copper Ore Deposit (Medium) (Health: 10/10) [X: 53.76, Y: 21.7, Distance: 6.012953m]
- Stone Ore Deposit (Small) (Health: 5/5) [X: 47.58, Y: 19.17, Distance: 6.04626m]
- Tree (Health: 10/10) [X: 53.93, Y: 9.11, Distance: 6.820925m]
- Tree (Health: 10/10) [X: 50.77, Y: 9.22, Distance: 6.829736m]
- Stone Ore Deposit (Medium) (Health: 10/10) [X: 46.05, Y: 17.85, Distance: 6.863307m]
- Stone Ore Deposit (Small) (Health: 5/5) [X: 45.73, Y: 15.31, Distance: 6.887451m]
- Coal Ore Deposit (Small) (Health: 5/5) [X: 59.32, Y: 14.11, Distance: 6.929251m]
- Coal Ore Deposit (Large) (Health: 20/20) [X: 58.91, Y: 19.37, Distance: 7.249898m]
- Copper Ore Deposit (Medium) (Health: 10/10) [X: 52.01, Y: 23.05, Distance: 7.273966m]
- Tree (Health: 10/10) [X: 57.55001, Y: 10.45, Distance: 7.288699m]
- Coal Ore Deposit (Medium) (Health: 10/10) [X: 59.9, Y: 16.03, Distance: 7.303626m]
- Tree (Health: 10/10) [X: 47.72001, Y: 10.21, Distance: 7.420406m]
- Stone Ore Deposit (Small) (Health: 5/5) [X: 46.53, Y: 21.65, Distance: 8.430148m]
- Copper Ore Deposit (Small) (Health: 5/5) [X: 49.03, Y: 23.52, Distance: 8.505486m]
- Copper Ore Deposit (Medium) (Health: 10/10) [X: 54.06, Y: 24.46, Distance: 8.782208m]

Inventory (3/10):
- Axe x 1
- Pickaxe x 1
- Sword x 1

Tasks:
[
  {
    "task": "Mine ore",
    "priority": 1
  },
  {
    "task": "Store extra materials in chest",
    "priority": 2
  },
  {
    "task": "Chop trees",
    "priority": 3
  }
]

Memories:
- George tells me tales of old, turning every tree and hill into an adventure. [just now]
- I once found a secret clearing in the woods, it's my personal hideout now. [just now]
- Lucy showed me how to listen to the forest, it's like it's telling stories. [just now]
- Every rock and leaf, every bird and bug, feels like a friend to me. [just now]
- I saw a deer up close once, our eyes met and we just stared for a moment. [just now]
- I once got lost, but the stars guided me home. They're like nature's map! [just now]
- The world feels so big and full of wonders, I want to see them all! [just now]
- Lucy once said every tree has a story. I'm trying to learn them all. [just now]
- Climbing trees is my favorite! The higher I go, the bigger the world looks. [just now]
- I made a whistle out of a reed! Nature is full of surprises. [just now]
- Eli Green sees Coal Ore Deposit (Medium) at X: 57.27, Y: 17.32. [just now]
- Eli Green sees Coal Ore Deposit (Small) at X: 56.74, Y: 14.81. [just now]
- Eli Green sees Tree at X: 52.41, Y: 11.03. [just now]

Available Actions:
- move_to: Move to a target location
- swing_axe: Swing Axe.
- drop_axe: Drop Axe onto the ground.
- swing_pickaxe: Swing Pickaxe.
- drop_pickaxe: Drop Pickaxe onto the ground.
- swing_sword: Swing sword.
- drop_sword: Drop Sword onto the ground.

Given the available information, update your task list. Take into consideration the time of day, environment, personality of the character, and more. Replace the entire JSON array by removing completed tasks, updating existing tasks with new information and priorities, and create new tasks based on the provided info. Keep the list as concise as possible. Remember focus on the time of day to adjust priorities.
[1691549580278] --- Response ---
[1691549580278] Updated Tasks: 
[1691549580278] [
  {
    "task": "Mine Coal Ore Deposit (Small)",
    "target": "[X: 54.64, Y: 16.97]",
    "priority": 1
  },
  {
    "task": "Store mined materials in chest",
    "target": "[X: 50.52, Y: 14.5]",
    "priority": 2
  },
  {
    "task": "Mine Coal Ore Deposit (Medium)",
    "target": "[X: 57.27, Y: 17.32]",
    "priority": 3
  },
  {
    "task": "Chop Tree",
    "target": "[X: 52.41, Y: 11.03]",
    "priority": 4
  },
  {
    "task": "Store chopped wood in chest",
    "target": "[X: 50.52, Y: 14.5]",
    "priority": 5
  },
  {
    "task": "Mine Copper Ore Deposit (Small)",
    "target": "[X: 53.88, Y: 19.83]",
    "priority": 6
  },
  {
    "task": "Store mined materials in chest",
    "target": "[X: 50.52, Y: 14.5]",
    "priority": 7
  }
]
