[1691989107279] [Character] Creating Will
[1691989107770] [31m[createMemory][39m Today was my first day in the mines. [0]
[1691989107770] [31m[createMemory][39m George and Thomas have been really helpful. [0]
[1691989107770] [31m[createMemory][39m The depth and darkness of the mines can be intimidating. [0]
[1691989107770] [31m[createMemory][39m I accidentally broke a pickaxe on my first day. [0]
[1691989107770] [31m[createMemory][39m The older miners have so many stories to tell. [0]
[1691989107770] [31m[createMemory][39m I've always dreamed of being a miner like my father. [0]
[1691989107770] [31m[createMemory][39m The echo in the mines is fascinating. [0]
[1691989107770] [31m[createMemory][39m I need to remember to wear my helmet at all times. [0]
[1691989107770] [31m[createMemory][39m The village has been supportive of my new journey. [0]
[1691989107770] [31m[createMemory][39m I'm still learning the different routes in the mine. [0]
[1691989107771] [31m[createMemory][39m I was startled by the sound of a mine cart today. [0]
[1691989107771] [31m[createMemory][39m It's tiring, but I'm determined to make everyone proud. [0]
[1691989107771] [31m[createMemory][39m I hope to find a rare gem or mineral soon. [0]
[1691989107771] [31m[createMemory][39m The lanterns light up the mines in such a mysterious way. [0]
[1691989107771] [31m[createMemory][39m I can't wait to tell my family about my adventures here. [0]
[1691989110750] [Character] Will created
[1691989246445] [31m[createMemory][39m Will Turner sees Lucy Wilde at X: 35.31, Y: -58.62. [0]
[1691989249194] --- Prompt ---
[1691989249194] Character: 
- ID: A3
- Name: Will Turner
- Age: 19
- Occupation: Apprentice Miner
- Personality: Curious, Eager, Naive

Location: 36.35, -59.36

Time: Day 0, 12:00 AM

Environment:
- Lucy Wilde (Health: 25/25) [X: 35.31, Y: -58.62, Distance: 1.2764m]

Inventory (3/10):
- Axe x 1
- Pickaxe x 1
- Sword x 1

Tasks:
[
  {
    "task": "Catch up with other villagers",
    "priority": 1
  },
  {
    "task": "Check on the mine",
    "priority": 2
  },
  {
    "task": "Store extra materials in chest",
    "priority": 2
  },
  {
    "task": "Chop trees",
    "priority": 3
  }
]

Memories:
- The village has been supportive of my new journey. [just now]
- The depth and darkness of the mines can be intimidating. [just now]
- I've always dreamed of being a miner like my father. [just now]
- I accidentally broke a pickaxe on my first day. [just now]
- The older miners have so many stories to tell. [just now]
- The lanterns light up the mines in such a mysterious way. [just now]
- It's tiring, but I'm determined to make everyone proud. [just now]
- Today was my first day in the mines. [just now]
- The echo in the mines is fascinating. [just now]
- I can't wait to tell my family about my adventures here. [just now]

Available Actions:
- move_to: Move to a target location
- drop_axe: Drop Axe onto the ground.
- drop_pickaxe: Drop Pickaxe onto the ground.
- drop_sword: Drop Sword onto the ground.
- start_conversation: Start a conversation with Lucy Wilde (ID: A4).

Given the available information, update your task list. Take into consideration the time of day, environment, personality of the character, and more. Replace the entire JSON array by removing completed tasks, updating existing tasks with new information and priorities, and create new tasks based on the provided info. Keep the list as concise as possible. Remember focus on the time of day to adjust priorities.
[1691989260136] --- Response ---
[1691989260137] Updated Tasks: 
[1691989260137] [
  {
    "task": "Start a conversation with Lucy Wilde",
    "priority": 1
  },
  {
    "task": "Catch up with other villagers",
    "priority": 2
  },
  {
    "task": "Check on the mine",
    "priority": 3
  },
  {
    "task": "Store extra materials in chest",
    "priority": 4
  },
  {
    "task": "Chop trees",
    "priority": 5
  }
]
[1691989263364] --- Prompt ---
[1691989263364] Character: 
- ID: A3
- Name: Will Turner
- Age: 19
- Occupation: Apprentice Miner
- Personality: Curious, Eager, Naive

Location: 36.35, -59.36

Time: Day 0, 12:00 AM

Environment:
- Lucy Wilde (Health: 25/25) [X: 35.31, Y: -58.62, Distance: 1.2764m]

Inventory (3/10):
- Axe x 1
- Pickaxe x 1
- Sword x 1

Tasks:
[
  {
    "task": "Start a conversation with Lucy Wilde",
    "priority": 1
  },
  {
    "task": "Catch up with other villagers",
    "priority": 2
  },
  {
    "task": "Check on the mine",
    "priority": 3
  },
  {
    "task": "Store extra materials in chest",
    "priority": 4
  },
  {
    "task": "Chop trees",
    "priority": 5
  }
]

Memories:
- I accidentally broke a pickaxe on my first day. [just now]
- The echo in the mines is fascinating. [just now]
- The lanterns light up the mines in such a mysterious way. [just now]
- The depth and darkness of the mines can be intimidating. [just now]
- Today was my first day in the mines. [just now]
- I can't wait to tell my family about my adventures here. [just now]
- The older miners have so many stories to tell. [just now]
- I've always dreamed of being a miner like my father. [just now]
- The village has been supportive of my new journey. [just now]
- Will Turner sees Lucy Wilde at X: 35.31, Y: -58.62. [just now]

Given the available information, pick the best available action function to accomplish your tasks.


[1691989267965] [31m[createMemory][39m Lucy Wilde started a conversation with me. [20.3885765]
[1691989268725] [31mAgent A3 is already occupied. Skipping...[39m
[1691989277114] [36m[CORTEX] Character 2 - Feel: [39mI feel acknowledged
[1691989279391] [36m[CORTEX] Character 2 - Plan: [39mI plan on sharing about my first day at the mines with Lucy.
[1691989283061] [36m[CORTEX] Character 2 - Say: [39mGood day, Lucy. Everything's going well. Had my first day in the mines, lots of stories already. Broke my first pickaxe, but the depth and darkness are not as intimidating as I thought. How about you? How's the logging business?

[1691989307930] [36m[CORTEX] Character 2 - Feel: [39mI feel intrigued and somewhat challenged by Lucy's question
[1691989312492] [36m[CORTEX] Character 2 - Plan: [39mI plan to answer Lucy's question by expressing my thoughts about the village and potentially discussing anything I've noticed that might be of concern.
[1691989318248] [36m[CORTEX] Character 2 - Say: [39mThe village has been quite supportive of my new journey, Lucy. I think this is a strong community, one that looks out for each other. As for concern, I can't say I've noticed anything yet that would cause worry. But as you know, my eyes and ears are still new here. I'm curious though, why do you ask?

[1691989346685] [36m[CORTEX] Character 2 - Feel: [39mI feel understood and valued by Lucy's interest in my opinion and her question about my past
[1691989349121] [36m[CORTEX] Character 2 - Plan: [39mI plan to share a bit about my past life before moving to the village.
