[1691989107279] [Character] Creating Eli
[1691989107768] [31m[createMemory][39m I need to let Thomas know I'm going to explore. He's asked me in the past to let him know just in case I get hurt or lost. [0]
[1691989107768] [31m[createMemory][39m I once found a secret clearing in the woods, it's my personal hideout now. [0]
[1691989107768] [31m[createMemory][39m The world feels so big and full of wonders, I want to see them all! [0]
[1691989107768] [31m[createMemory][39m I saw a deer up close once, our eyes met and we just stared for a moment. [0]
[1691989107768] [31m[createMemory][39m Climbing trees is my favorite! The higher I go, the bigger the world looks. [0]
[1691989107768] [31m[createMemory][39m Lucy showed me how to listen to the forest, it's like it's telling stories. [0]
[1691989107768] [31m[createMemory][39m Every rock and leaf, every bird and bug, feels like a friend to me. [0]
[1691989107768] [31m[createMemory][39m I once got lost, but the stars guided me home. They're like nature's map! [0]
[1691989107768] [31m[createMemory][39m George tells me tales of old, turning every tree and hill into an adventure. [0]
[1691989107768] [31m[createMemory][39m I made a whistle out of a reed! Nature is full of surprises. [0]
[1691989107768] [31m[createMemory][39m The woods in autumn is my favorite. All those colors... like nature's painting! [0]
[1691989107768] [31m[createMemory][39m I wish I could talk to animals. Imagine the stories they'd tell! [0]
[1691989107768] [31m[createMemory][39m I've learned to move silently. That way, nature doesn’t hide from me. [0]
[1691989107768] [31m[createMemory][39m Lucy once said every tree has a story. I'm trying to learn them all. [0]
[1691989107768] [31m[createMemory][39m Rainy days? That's when the forest sings its loudest song! [0]
[1691989107768] [31m[createMemory][39m I dreamt I could fly like a bird, seeing the world from above. Maybe one day... [0]
[1691989110772] [Character] Eli created
[1691989246437] [31m[createMemory][39m Eli Green sees Tree at X: 36.24, Y: -8.09. [0]
[1691989246443] [31m[createMemory][39m Eli Green sees Tree at X: 38.75, Y: -9.01. [0]
[1691989246443] [31m[createMemory][39m Eli Green sees Tree at X: 44.56, Y: -1.91. [0]
[1691989246443] [31m[createMemory][39m Eli Green sees Tree at X: 42, Y: -0.3199997. [0]
[1691989246443] [31m[createMemory][39m Eli Green sees Thomas Smith at X: 38.51, Y: -3.99. [0]
[1691989249180] --- Prompt ---
[1691989249181] Character: 
- ID: A5
- Name: Eli Green
- Age: 12
- Occupation: Explorer
- Personality: Curious, Energetic, Kind-hearted

Location: 39.88, -4.15

Time: Day 0, 12:00 AM

Environment:
- Thomas Smith (Health: 25/25) [X: 38.51, Y: -3.99, Distance: 1.379314m]
- Tree (Health: 10/10) [X: 42, Y: -0.3199997, Distance: 4.377591m]
- Tree (Health: 10/10) [X: 38.75, Y: -9.01, Distance: 4.98964m]
- Tree (Health: 10/10) [X: 44.56, Y: -1.91, Distance: 5.188449m]
- Tree (Health: 10/10) [X: 36.24, Y: -8.09, Distance: 5.364065m]
- Tree (Health: 10/10) [X: 33.75, Y: -2.73, Distance: 6.292322m]
- Tree (Health: 10/10) [X: 42.32, Y: 1.859999, Distance: 6.486423m]
- Tree (Health: 10/10) [X: 33.43, Y: -4.91, Distance: 6.494622m]
- Tree (Health: 10/10) [X: 33.78, Y: -6.57, Distance: 6.562501m]
- Tree (Health: 10/10) [X: 46.88, Y: -2.68, Distance: 7.152685m]
- Tree (Health: 10/10) [X: 36.64, Y: -10.67, Distance: 7.28066m]
- Tree (Health: 10/10) [X: 33.01, Y: -0.9500008, Distance: 7.578712m]
- Tree (Health: 10/10) [X: 38.63, Y: -11.64, Distance: 7.593589m]
- Tree (Health: 10/10) [X: 41.03, Y: -11.7, Distance: 7.637081m]
- Tree (Health: 10/10) [X: 45.86, Y: 0.8400002, Distance: 7.788488m]
- Tree (Health: 10/10) [X: 34.32, Y: 1.549999, Distance: 7.962638m]
- Tree (Health: 10/10) [X: 34.4, Y: -10.23, Distance: 8.185157m]
- Tree (Health: 10/10) [X: 31.59, Y: -3.289999, Distance: 8.33449m]
- Tree (Health: 10/10) [X: 47.63, Y: -0.7000008, Distance: 8.483218m]
- Tree (Health: 10/10) [X: 44.99, Y: 2.73, Distance: 8.570093m]

Inventory (3/10):
- Axe x 1
- Pickaxe x 1
- Sword x 1

Tasks:
[
  {
    "task": "Catch up with other villagers",
    "priority": 1
  },
  {
    "task": "Check on the mine",
    "priority": 2
  },
  {
    "task": "Store extra materials in chest",
    "priority": 2
  },
  {
    "task": "Chop trees",
    "priority": 3
  }
]

Memories:
- George tells me tales of old, turning every tree and hill into an adventure. [just now]
- Every rock and leaf, every bird and bug, feels like a friend to me. [just now]
- The world feels so big and full of wonders, I want to see them all! [just now]
- Lucy showed me how to listen to the forest, it's like it's telling stories. [just now]
- Rainy days? That's when the forest sings its loudest song! [just now]
- Lucy once said every tree has a story. I'm trying to learn them all. [just now]
- I wish I could talk to animals. Imagine the stories they'd tell! [just now]
- I once got lost, but the stars guided me home. They're like nature's map! [just now]
- I once found a secret clearing in the woods, it's my personal hideout now. [just now]
- I've learned to move silently. That way, nature doesn’t hide from me. [just now]
- Eli Green sees Tree at X: 42, Y: -0.3199997. [just now]

Available Actions:
- move_to: Move to a target location
- drop_axe: Drop Axe onto the ground.
- drop_pickaxe: Drop Pickaxe onto the ground.
- drop_sword: Drop Sword onto the ground.
- start_conversation: Start a conversation with Thomas Smith (ID: A1).

Given the available information, update your task list. Take into consideration the time of day, environment, personality of the character, and more. Replace the entire JSON array by removing completed tasks, updating existing tasks with new information and priorities, and create new tasks based on the provided info. Keep the list as concise as possible. Remember focus on the time of day to adjust priorities.
[1691989259288] --- Response ---
[1691989259288] Updated Tasks: 
[1691989259290] {}
[1691989259290] --- Prompt ---
[1691989259291] Character: 
- ID: A5
- Name: Eli Green
- Age: 12
- Occupation: Explorer
- Personality: Curious, Energetic, Kind-hearted

Location: 39.88, -4.15

Time: Day 0, 12:00 AM

Environment:
- Thomas Smith (Health: 25/25) [X: 38.51, Y: -3.99, Distance: 1.379314m]
- Tree (Health: 10/10) [X: 42, Y: -0.3199997, Distance: 4.377591m]
- Tree (Health: 10/10) [X: 38.75, Y: -9.01, Distance: 4.98964m]
- Tree (Health: 10/10) [X: 44.56, Y: -1.91, Distance: 5.188449m]
- Tree (Health: 10/10) [X: 36.24, Y: -8.09, Distance: 5.364065m]
- Tree (Health: 10/10) [X: 33.75, Y: -2.73, Distance: 6.292322m]
- Tree (Health: 10/10) [X: 42.32, Y: 1.859999, Distance: 6.486423m]
- Tree (Health: 10/10) [X: 33.43, Y: -4.91, Distance: 6.494622m]
- Tree (Health: 10/10) [X: 33.78, Y: -6.57, Distance: 6.562501m]
- Tree (Health: 10/10) [X: 46.88, Y: -2.68, Distance: 7.152685m]
- Tree (Health: 10/10) [X: 36.64, Y: -10.67, Distance: 7.28066m]
- Tree (Health: 10/10) [X: 33.01, Y: -0.9500008, Distance: 7.578712m]
- Tree (Health: 10/10) [X: 38.63, Y: -11.64, Distance: 7.593589m]
- Tree (Health: 10/10) [X: 41.03, Y: -11.7, Distance: 7.637081m]
- Tree (Health: 10/10) [X: 45.86, Y: 0.8400002, Distance: 7.788488m]
- Tree (Health: 10/10) [X: 34.32, Y: 1.549999, Distance: 7.962638m]
- Tree (Health: 10/10) [X: 34.4, Y: -10.23, Distance: 8.185157m]
- Tree (Health: 10/10) [X: 31.59, Y: -3.289999, Distance: 8.33449m]
- Tree (Health: 10/10) [X: 47.63, Y: -0.7000008, Distance: 8.483218m]
- Tree (Health: 10/10) [X: 44.99, Y: 2.73, Distance: 8.570093m]

Inventory (3/10):
- Axe x 1
- Pickaxe x 1
- Sword x 1

Tasks:
[
  {
    "task": "Catch up with other villagers",
    "priority": 1
  },
  {
    "task": "Check on the mine",
    "priority": 2
  },
  {
    "task": "Store extra materials in chest",
    "priority": 2
  },
  {
    "task": "Chop trees",
    "priority": 3
  }
]

Memories:
- George tells me tales of old, turning every tree and hill into an adventure. [just now]
- Every rock and leaf, every bird and bug, feels like a friend to me. [just now]
- The world feels so big and full of wonders, I want to see them all! [just now]
- Lucy showed me how to listen to the forest, it's like it's telling stories. [just now]
- Rainy days? That's when the forest sings its loudest song! [just now]
- Lucy once said every tree has a story. I'm trying to learn them all. [just now]
- I wish I could talk to animals. Imagine the stories they'd tell! [just now]
- I once got lost, but the stars guided me home. They're like nature's map! [just now]
- I once found a secret clearing in the woods, it's my personal hideout now. [just now]
- I've learned to move silently. That way, nature doesn’t hide from me. [just now]
- Eli Green sees Tree at X: 42, Y: -0.3199997. [just now]

Available Actions:
- move_to: Move to a target location
- drop_axe: Drop Axe onto the ground.
- drop_pickaxe: Drop Pickaxe onto the ground.
- drop_sword: Drop Sword onto the ground.
- start_conversation: Start a conversation with Thomas Smith (ID: A1).

Given the available information, update your task list. Take into consideration the time of day, environment, personality of the character, and more. Replace the entire JSON array by removing completed tasks, updating existing tasks with new information and priorities, and create new tasks based on the provided info. Keep the list as concise as possible. Remember focus on the time of day to adjust priorities.
[1691989271015] --- Response ---
[1691989271015] Updated Tasks: 
[1691989271016] [
  {
    "task": "Start a conversation with Thomas Smith",
    "priority": 1
  },
  {
    "task": "Catch up with other villagers",
    "priority": 2
  },
  {
    "task": "Check on the mine",
    "priority": 3
  },
  {
    "task": "Chop closest tree (X: 38.51, Y: -3.99)",
    "priority": 4
  },
  {
    "task": "Store extra materials in chest",
    "priority": 5
  },
  {
    "task": "Explore forest and note down locations of trees",
    "priority": 6
  }
]
[1691989273992] --- Prompt ---
[1691989273993] Character: 
- ID: A5
- Name: Eli Green
- Age: 12
- Occupation: Explorer
- Personality: Curious, Energetic, Kind-hearted

Location: 39.88, -4.15

Time: Day 0, 12:00 AM

Environment:
- Thomas Smith (Health: 25/25) [X: 38.51, Y: -3.99, Distance: 1.379314m]
- Tree (Health: 10/10) [X: 42, Y: -0.3199997, Distance: 4.377591m]
- Tree (Health: 10/10) [X: 38.75, Y: -9.01, Distance: 4.98964m]
- Tree (Health: 10/10) [X: 44.56, Y: -1.91, Distance: 5.188449m]
- Tree (Health: 10/10) [X: 36.24, Y: -8.09, Distance: 5.364065m]
- Tree (Health: 10/10) [X: 33.75, Y: -2.73, Distance: 6.292322m]
- Tree (Health: 10/10) [X: 42.32, Y: 1.859999, Distance: 6.486423m]
- Tree (Health: 10/10) [X: 33.43, Y: -4.91, Distance: 6.494622m]
- Tree (Health: 10/10) [X: 33.78, Y: -6.57, Distance: 6.562501m]
- Tree (Health: 10/10) [X: 46.88, Y: -2.68, Distance: 7.152685m]
- Tree (Health: 10/10) [X: 36.64, Y: -10.67, Distance: 7.28066m]
- Tree (Health: 10/10) [X: 33.01, Y: -0.9500008, Distance: 7.578712m]
- Tree (Health: 10/10) [X: 38.63, Y: -11.64, Distance: 7.593589m]
- Tree (Health: 10/10) [X: 41.03, Y: -11.7, Distance: 7.637081m]
- Tree (Health: 10/10) [X: 45.86, Y: 0.8400002, Distance: 7.788488m]
- Tree (Health: 10/10) [X: 34.32, Y: 1.549999, Distance: 7.962638m]
- Tree (Health: 10/10) [X: 34.4, Y: -10.23, Distance: 8.185157m]
- Tree (Health: 10/10) [X: 31.59, Y: -3.289999, Distance: 8.33449m]
- Tree (Health: 10/10) [X: 47.63, Y: -0.7000008, Distance: 8.483218m]
- Tree (Health: 10/10) [X: 44.99, Y: 2.73, Distance: 8.570093m]

Inventory (3/10):
- Axe x 1
- Pickaxe x 1
- Sword x 1

Tasks:
[
  {
    "task": "Start a conversation with Thomas Smith",
    "priority": 1
  },
  {
    "task": "Catch up with other villagers",
    "priority": 2
  },
  {
    "task": "Check on the mine",
    "priority": 3
  },
  {
    "task": "Chop closest tree (X: 38.51, Y: -3.99)",
    "priority": 4
  },
  {
    "task": "Store extra materials in chest",
    "priority": 5
  },
  {
    "task": "Explore forest and note down locations of trees",
    "priority": 6
  }
]

Memories:
- Eli Green sees Tree at X: 38.75, Y: -9.01. [just now]
- I once found a secret clearing in the woods, it's my personal hideout now. [just now]
- Eli Green sees Tree at X: 42, Y: -0.3199997. [just now]
- I wish I could talk to animals. Imagine the stories they'd tell! [just now]
- Rainy days? That's when the forest sings its loudest song! [just now]
- Every rock and leaf, every bird and bug, feels like a friend to me. [just now]
- I once got lost, but the stars guided me home. They're like nature's map! [just now]
- Eli Green sees Thomas Smith at X: 38.51, Y: -3.99. [just now]
- Lucy once said every tree has a story. I'm trying to learn them all. [just now]
- The world feels so big and full of wonders, I want to see them all! [just now]

Given the available information, pick the best available action function to accomplish your tasks.


[1691989276804] [31m[createMemory][39m Thomas Smith started a conversation with me. [29.2982044]
[1691989278938] [31mAgent A5 is already occupied. Skipping...[39m
[1691989286531] [36m[CORTEX] Character 2 - Feel: [39mI feel threatened and furious at the brewing rebellion in my village
[1691989288973] [36m[CORTEX] Character 2 - Plan: [39mI am planning to crush the rebellion and strengthen my power over the village
[1691989290631] [36m[CORTEX] Character 2 - Say: [39mNobody defies me. I will silence this rebellion.

[1691989320511] [36m[CORTEX] Character 2 - Feel: [39mI feel threatened and angered at the looming protest.
[1691989322698] [36m[CORTEX] Character 2 - Plan: [39mI am planning to fortify my defenses and employ strongarm tactics to quell the protests before they gain momentum.
[1691989325041] [36m[CORTEX] Character 2 - Say: [39mI won't let this so-called 'protest' gain momentum. This is my village!

[1691989350753] [36m[CORTEX] Character 2 - Feel: [39mI feel fearful and defensive about the gathering resistance and their plans for unity against my rule.
