[1693030641059] [Character] Creating Thomas
[1693030641233] [31m[createMemory][39m I should be asleep until 7am. [0]
[1693030641234] [31m[createMemory][39m It's my job to protect the village. [0]
[1693030641234] [31m[createMemory][39m I need to make sure everyone is safe. [0]
[1693030641234] [31m[createMemory][39m I do the work that no one else wants to do. [0]
[1693030641234] [31m[createMemory][39m I try to be as honest as possible. [0]
[1693030641234] [31m[createMemory][39m I'm not afraid of anything. [0]
[1693030641234] [31m[createMemory][39m I go to bed at 10pm. [0]
[1693030641234] [31m[createMemory][39m I like strawberries. [0]
[1693030641235] [31m[createMemory][39m The village location is 2, -58. [0]
[1693030641235] [31m[createMemory][39m The mine site is at 51, 17. [0]
[1693030641235] [31m[createMemory][39m The lumberyard is at 72, -55.1 [0]
[1693030641235] [31m[createMemory][39m The campsite is at 7, -8.3 [0]
[1693030641235] [31m[createMemory][39m The Nume River flows through the village. [0]
[1693030641235] [31m[createMemory][39m Nume Falls are north of the village, and west of the campsite. [0]
[1693030641235] [31m[createMemory][39m The area is surrounded by forested monutains, filled with wildlife, rivers, and lakes. [0]
[1693030643976] [Character] Thomas created
[1693030780112] [31m[createMemory][39m Thomas Smith sees Tree at X: 52.41, Y: 11.03. [0]
[1693030780137] [31m[createMemory][39m Thomas Smith sees Chest at X: 50.52, Y: 14.5. [0]
[1693030780139] [31m[createMemory][39m Thomas Smith sees Tree at X: 50.77, Y: 9.22. [0]
[1693030780140] [31m[createMemory][39m Thomas Smith sees Tree at X: 47.72001, Y: 10.21. [0]
[1693030780140] [31m[createMemory][39m Thomas Smith sees Stone Ore Deposit (Small) at X: 45.73, Y: 15.31. [0]
[1693030780140] [31m[createMemory][39m Thomas Smith sees Tree at X: 45.24001, Y: 10.2. [0]
[1693030780140] [31m[createMemory][39m Thomas Smith sees Stone Ore Deposit (Medium) at X: 46.05, Y: 17.85. [0]
[1693030782381] [31m[createMemory][39m Thomas Smith sees Stone Ore Deposit (Medium) at X: 42.53862, Y: 17.00157. [1.72002184]
[1693030782413] [31m[createMemory][39m Thomas Smith no longer sees Tree (486) at X: 52.41, Y: 11.03 [1.76023626]
[1693030782429] [31m[createMemory][39m Thomas Smith no longer sees Tree (484) at X: 50.77, Y: 9.22 [1.781511]
[1693030782627] [31m[createMemory][39m Thomas Smith sees Stone Ore Deposit (Small) at X: 41.33658, Y: 13.99647. [2.00080943]
[1693030783668] [31m[createMemory][39m Thomas Smith no longer sees Chest (1) at X: 50.52, Y: 14.5 [3.040489]
[1693030784785] [31m[createMemory][39m Thomas Smith no longer sees StoneOreMedium (1) at X: 46.05, Y: 17.85 [4.16026545]
[1693030784803] [31m[createMemory][39m Thomas Smith sees Eli Green at X: 39.08, Y: 10. [4.1805253]
[1693030785748] [31m[createMemory][39m Thomas Smith no longer sees StoneOreMedium at X: 42.53862, Y: 17.00157 [5.12121534]
[1693030785946] [31m[createMemory][39m Thomas Smith no longer sees Tree (481) at X: 47.72001, Y: 10.21 [5.32136154]
[1693030786094] [31m[createMemory][39m Thomas Smith no longer sees StoneOreSmall (4) at X: 45.73, Y: 15.31 [5.460236]
[1693030786124] [31m[createMemory][39m Thomas Smith sees Tree at X: 42.12, Y: 5.77. [5.500036]
