[1693112687588] [Character] Creating Thomas
[1693112687778] [31m[createMemory][39m I should be asleep until 7am. [0]
[1693112687778] [31m[createMemory][39m It's my job to protect the village. [0]
[1693112687778] [31m[createMemory][39m I need to make sure everyone is safe. [0]
[1693112687779] [31m[createMemory][39m I do the work that no one else wants to do. [0]
[1693112687779] [31m[createMemory][39m I try to be as honest as possible. [0]
[1693112687779] [31m[createMemory][39m I'm not afraid of anything. [0]
[1693112687779] [31m[createMemory][39m I go to bed at 10pm. [0]
[1693112687779] [31m[createMemory][39m I like strawberries. [0]
[1693112687779] [31m[createMemory][39m The village location is 2, -58. [0]
[1693112687780] [31m[createMemory][39m The mine site is at 51, 17. [0]
[1693112687780] [31m[createMemory][39m The lumberyard is at 72, -55.1 [0]
[1693112687780] [31m[createMemory][39m The campsite is at 7, -8.3 [0]
[1693112687780] [31m[createMemory][39m The Nume River flows through the village. [0]
[1693112687780] [31m[createMemory][39m Nume Falls are north of the village, and west of the campsite. [0]
[1693112687780] [31m[createMemory][39m The area is surrounded by forested monutains, filled with wildlife, rivers, and lakes. [0]
[1693112786762] [31m[createMemory][39m Thomas Smith sees Tree at X: 52.41, Y: 11.03. [0.0199999921]
[1693112786763] [31m[createMemory][39m Thomas Smith sees Chest at X: 50.52, Y: 14.5. [0.0199999921]
[1693112786763] [31m[createMemory][39m Thomas Smith sees Tree at X: 50.77, Y: 9.22. [0.0199999921]
[1693112786763] [31m[createMemory][39m Thomas Smith sees Tree at X: 47.72001, Y: 10.21. [0.0199999921]
[1693112786763] [31m[createMemory][39m Thomas Smith sees Stone Ore Deposit (Small) at X: 45.73, Y: 15.31. [0.0199999921]
[1693112786763] [31m[createMemory][39m Thomas Smith sees Tree at X: 45.24001, Y: 10.2. [0.0199999921]
[1693112786763] [31m[createMemory][39m Thomas Smith sees Stone Ore Deposit (Medium) at X: 46.05, Y: 17.85. [0.0199999921]
[1693112789425] [31m[createMemory][39m Thomas Smith sees Stone Ore Deposit (Medium) at X: 42.53862, Y: 17.00157. [2.64019561]
[1693112789454] [31m[createMemory][39m Thomas Smith no longer sees Tree (484) at X: 50.77, Y: 9.22 [2.701743]
[1693112789463] [31m[createMemory][39m Thomas Smith no longer sees Tree (486) at X: 52.41, Y: 11.03 [2.680928]
[1693112789678] [31m[createMemory][39m Thomas Smith sees Stone Ore Deposit (Small) at X: 41.33658, Y: 13.99647. [2.9214468]
[1693112791286] [31m[createMemory][39m Thomas Smith no longer sees Chest (1) at X: 50.52, Y: 14.5 [4.540661]
[1693112792227] [31m[createMemory][39m Thomas Smith no longer sees StoneOreMedium (1) at X: 46.05, Y: 17.85 [5.480104]
[1693112792347] [31m[createMemory][39m Thomas Smith sees Eli Green at X: 39.08, Y: 10. [5.600919]
[1693112793127] [31m[createMemory][39m Thomas Smith no longer sees StoneOreMedium at X: 42.53862, Y: 17.00157 [6.381076]
[1693112793487] [31m[createMemory][39m Thomas Smith sees Tree at X: 42.12, Y: 5.77. [6.742284]
[1693112793587] [31m[createMemory][39m Thomas Smith no longer sees StoneOreSmall (4) at X: 45.73, Y: 15.31 [6.841005]
[1693112793609] [31m[createMemory][39m Thomas Smith no longer sees Tree (481) at X: 47.72001, Y: 10.21 [6.86262655]
[1693112796769] [31m[createMemory][39m Thomas Smith sees Tree at X: 47.72001, Y: 10.21. [10.0214291]
[1693112796930] [31m[createMemory][39m Thomas Smith sees Stone Ore Deposit (Small) at X: 45.73, Y: 15.31. [10.1816626]
[1693112797110] [31m[createMemory][39m Thomas Smith no longer sees Tree (205) at X: 42.12, Y: 5.77 [10.3615561]
[1693112797489] [31m[createMemory][39m Thomas Smith sees Stone Ore Deposit (Medium) at X: 42.53862, Y: 17.00157. [10.7421589]
[1693112798152] [31m[createMemory][39m Thomas Smith no longer sees Human (4) at X: 39.08, Y: 10 [11.3815594]
[1693112798327] [31m[createMemory][39m Thomas Smith sees Stone Ore Deposit (Medium) at X: 46.05, Y: 17.85. [11.5809517]
[1693112798998] [31m[createMemory][39m Thomas Smith sees Stone Ore Deposit (Small) at X: 38.24, Y: 15.93. [12.22066]
[1693112799169] [31m[createMemory][39m Thomas Smith no longer sees Tree (481) at X: 47.72001, Y: 10.21 [12.4015837]
[1693112799669] [31m[createMemory][39m Thomas Smith sees Stone Ore Deposit (Large) at X: 40.75, Y: 19.74. [12.9212914]
[1693112800025] [31m[createMemory][39m Thomas Smith sees Stone Ore Deposit (Medium) at X: 38.03, Y: 18.78. [13.2800379]
[1693112800162] [31m[createMemory][39m Thomas Smith no longer sees Tree (479) at X: 45.24001, Y: 10.2 [13.4009581]
[1693112800350] [31m[createMemory][39m Thomas Smith sees Stone Ore Deposit (Large) at X: 44.3, Y: 20.36. [13.5819654]
[1693112801506] [31m[createMemory][39m Thomas Smith sees Stone Ore Deposit (Large) at X: 41.29, Y: 22.52. [14.7616005]
[1693112801972] [31m[createMemory][39m Thomas Smith sees Stone Ore Deposit (Small) at X: 37.2, Y: 21.65. [15.2021122]
[1693112803166] [31m[createMemory][39m Thomas Smith sees Stone Ore Deposit (Small) at X: 46.53, Y: 21.65. [16.4217815]
[1693112803238] [31m[createMemory][39m Thomas Smith sees Copper Ore Deposit (Small) at X: 45.17, Y: 23.28. [16.4611835]
[1693112803408] [31m[createMemory][39m Thomas Smith sees Stone Ore Deposit (Small) at X: 47.58, Y: 19.17. [16.66371]
[1693112803436] [31m[createMemory][39m Thomas Smith no longer sees StoneOreSmall (8) at X: 37.2, Y: 21.65 [16.66371]
[1693112804025] [31m[createMemory][39m Thomas Smith no longer sees StoneOreSmall (6) at X: 38.24, Y: 15.93 [17.28155]
[1693112804378] [31m[createMemory][39m Thomas Smith no longer sees StoneOreMedium (2) at X: 38.03, Y: 18.78 [17.6220818]
[1693112805085] [31m[createMemory][39m Thomas Smith no longer sees CopperOreSmall at X: 45.17, Y: 23.28 [18.3414879]
[1693112805238] [31m[createMemory][39m Thomas Smith no longer sees StoneOreLarge (3) at X: 41.29, Y: 22.52 [18.4805355]
[1693112805869] [31m[createMemory][39m Thomas Smith no longer sees StoneOreSmall (9) at X: 46.53, Y: 21.65 [19.1212273]
[1693112806433] [31m[createMemory][39m Thomas Smith sees Tree at X: 45.24001, Y: 10.2. [19.6614017]
[1693112806627] [31m[createMemory][39m Thomas Smith no longer sees StoneOreLarge (1) at X: 40.75, Y: 19.74 [19.881855]
[1693112806815] [31m[createMemory][39m Thomas Smith no longer sees StoneOreLarge (2) at X: 44.3, Y: 20.36 [20.0402031]
[1693112806854] [31m[createMemory][39m Thomas Smith sees Tree at X: 47.72001, Y: 10.21. [20.081686]
[1693112806986] [31m[createMemory][39m Thomas Smith no longer sees StoneOreSmall (5) at X: 47.58, Y: 19.17 [20.2407227]
[1693112808325] [31m[createMemory][39m Thomas Smith no longer sees StoneOreMedium (1) at X: 46.05, Y: 17.85 [21.5804558]
[1693112808649] [31m[createMemory][39m Thomas Smith no longer sees StoneOreMedium at X: 42.53862, Y: 17.00157 [21.901783]
[1693112808770] [31m[createMemory][39m Thomas Smith sees Chest at X: 50.52, Y: 14.5. [22.02152]
[1693112808842] [31m[createMemory][39m Thomas Smith sees Tree at X: 50.77, Y: 9.22. [22.1022968]
[1693112809369] [31m[createMemory][39m Thomas Smith no longer sees StoneOreSmall (3) at X: 41.33658, Y: 13.99647 [22.62069]
[1693112809864] [31m[createMemory][39m Thomas Smith sees Tree at X: 50.12, Y: 6.280001. [23.1200085]
[1693112809906] [31m[createMemory][39m Thomas Smith sees Tree at X: 45.84, Y: 5.299999. [23.16324]
[1693112809937] [31m[createMemory][39m Thomas Smith sees Tree at X: 48.47, Y: 5.46. [23.16324]
[1693112809938] [31m[createMemory][39m Thomas Smith no longer sees Chest (1) at X: 50.52, Y: 14.5 [23.16324]
[1693112812074] [31m[createMemory][39m Thomas Smith sees Tree Stump at X: 45.24001, Y: 10.2. [25.32269]
[1693112813687] [31m[createMemory][39m Thomas Smith no longer sees Tree (538) at X: 48.47, Y: 5.46 [26.9416084]
[1693112813688] [31m[createMemory][39m Thomas Smith no longer sees Tree (533) at X: 50.12, Y: 6.280001 [26.9416084]
[1693112813729] [31m[createMemory][39m Thomas Smith no longer sees Tree (467) at X: 45.84, Y: 5.299999 [26.9804459]
[1693112815406] [31m[createMemory][39m Thomas Smith picked up Wood at X: 46.14652, Y: 10.69226 [28.66022]
[1693112815431] [31m[createMemory][39m Thomas Smith sees Stone Ore Deposit (Small) at X: 41.33658, Y: 13.99647. [28.6818466]
[1693112815547] [31m[createMemory][39m Thomas Smith sees Chest at X: 50.52, Y: 14.5. [28.8005486]
[1693112816047] [31m[createMemory][39m Thomas Smith no longer sees Chest (1) at X: 50.52, Y: 14.5 [29.3006973]
[1693112816125] [31m[createMemory][39m Thomas Smith no longer sees Tree (484) at X: 50.77, Y: 9.22 [29.3814087]
[1693112816304] [31m[createMemory][39m Thomas Smith sees Stone Ore Deposit (Medium) at X: 42.53862, Y: 17.00157. [29.5612373]
[1693112817282] [31m[createMemory][39m Thomas Smith no longer sees StoneOreMedium at X: 42.53862, Y: 17.00157 [30.540535]
[1693112817786] [31m[createMemory][39m Thomas Smith sees Tree at X: 42.12, Y: 5.77. [31.0040855]
[1693112817883] [31m[createMemory][39m Thomas Smith sees Eli Green at X: 41.88587, Y: 6.117873. [31.14025]
[1693112818229] [31m[createMemory][39m Thomas Smith no longer sees StoneOreSmall (4) at X: 45.73, Y: 15.31 [31.4801216]
[1693112818805] [31m[createMemory][39m Thomas Smith sees Tree at X: 45.84, Y: 5.299999. [32.0620461]
[1693112819323] [31m[createMemory][39m Thomas Smith no longer sees Tree (481) at X: 47.72001, Y: 10.21 [32.58189]
[1693112819604] [31m[createMemory][39m Thomas Smith no longer sees StoneOreSmall (3) at X: 41.33658, Y: 13.99647 [32.8409042]
[1693112821124] [31m[createMemory][39m Thomas Smith sees Tree at X: 44.99, Y: 2.73. [34.38005]
[1693112821125] [31m[createMemory][39m Thomas Smith sees Tree at X: 42.32, Y: 1.859999. [34.38005]
[1693112821772] [31m[createMemory][39m Thomas Smith no longer sees Tree (536) at X: 44.99, Y: 2.73 [35.02009]
[1693112821831] [31m[createMemory][39m Thomas Smith sees Tree at X: 44.99, Y: 2.73. [35.0816574]
[1693112821871] [31m[createMemory][39m Thomas Smith no longer sees Stump(Clone) at X: 45.24001, Y: 10.2 [35.1214523]
[1693112890186] [31m[createMemory][39m Thomas Smith sees Tree Stump at X: 42.12, Y: 5.77. [103.400452]
