[1692315572717] [Character] Creating Thomas
[1692315573004] [31m[createMemory][39m I should be asleep until 7am. [0]
[1692315573005] [31m[createMemory][39m It's my job to protect the village. [0]
[1692315573005] [31m[createMemory][39m I need to make sure everyone is safe. [0]
[1692315573005] [31m[createMemory][39m I do the work that no one else wants to do. [0]
[1692315573005] [31m[createMemory][39m I try to be as honest as possible. [0]
[1692315573005] [31m[createMemory][39m I'm not afraid of anything. [0]
[1692315573005] [31m[createMemory][39m I go to bed at 10pm. [0]
[1692315573005] [31m[createMemory][39m I like strawberries. [0]
[1692315573006] [31m[createMemory][39m The village location is 2, -58. [0]
[1692315573006] [31m[createMemory][39m The mine site is at 51, 17. [0]
[1692315573006] [31m[createMemory][39m The lumberyard is at 72, -55.1 [0]
[1692315573006] [31m[createMemory][39m The campsite is at 7, -8.3 [0]
[1692315573006] [31m[createMemory][39m The Nume River flows through the village. [0]
[1692315573006] [31m[createMemory][39m Nume Falls are north of the village, and west of the campsite. [0]
[1692315573006] [31m[createMemory][39m The area is surrounded by forested monutains, filled with wildlife, rivers, and lakes. [0]
[1692315576671] [Character] Thomas created
[1692315581537] [31m[createMemory][39m Thomas Smith sees Coal Ore Deposit (Small) at X: 56.74, Y: 14.81. [0]
[1692315581539] [31m[createMemory][39m Thomas Smith sees Chest at X: 50.52, Y: 14.5. [0]
[1692315581539] [31m[createMemory][39m Thomas Smith sees Copper Ore Deposit (Small) at X: 53.88, Y: 19.83. [0]
[1692315581539] [31m[createMemory][39m Thomas Smith sees Coal Ore Deposit (Small) at X: 54.64, Y: 16.97. [0]
[1692315581540] [31m[createMemory][39m Thomas Smith sees Copper Ore Deposit (Medium) at X: 53.76, Y: 21.7. [0]
[1692315581540] [31m[createMemory][39m Thomas Smith sees Copper Ore Deposit (Small) at X: 50.43, Y: 20.71. [0]
[1692315581540] [31m[createMemory][39m Thomas Smith sees Stone Ore Deposit (Small) at X: 47.58, Y: 19.17. [0]
[1692315581540] [31m[createMemory][39m Thomas Smith sees Coal Ore Deposit (Medium) at X: 57.27, Y: 17.32. [0]
[1692315583055] --- Prompt ---
[1692315583055] Character: 
- ID: A1
- Name: Thomas Smith
- Age: 32
- Occupation: Village Leader
- Personality: Brave, Calm, Honest

Location: 52.6, 16.7

Time: Day 0, 12:00 AM

Environment:
- Coal Ore Deposit (Small) (Health: 5/5) [X: 54.64, Y: 16.97, Distance: 2.057791m]
- Chest (Health: 10/10) [X: 50.52, Y: 14.5, Distance: 3.027606m]
- Copper Ore Deposit (Small) (Health: 5/5) [X: 53.88, Y: 19.83, Distance: 3.381612m]
- Coal Ore Deposit (Small) (Health: 5/5) [X: 56.74, Y: 14.81, Distance: 4.551014m]
- Copper Ore Deposit (Small) (Health: 5/5) [X: 50.43, Y: 20.71, Distance: 4.559493m]
- Coal Ore Deposit (Medium) (Health: 10/10) [X: 57.27, Y: 17.32, Distance: 4.710979m]
- Copper Ore Deposit (Medium) (Health: 10/10) [X: 53.76, Y: 21.7, Distance: 5.132796m]
- Stone Ore Deposit (Small) (Health: 5/5) [X: 47.58, Y: 19.17, Distance: 5.594753m]
- Tree (Health: 10/10) [X: 52.41, Y: 11.03, Distance: 5.673183m]
- Copper Ore Deposit (Medium) (Health: 10/10) [X: 52.01, Y: 23.05, Distance: 6.377349m]
- Stone Ore Deposit (Medium) (Health: 10/10) [X: 46.05, Y: 17.85, Distance: 6.650187m]
- Coal Ore Deposit (Large) (Health: 20/20) [X: 58.91, Y: 19.37, Distance: 6.851644m]
- Stone Ore Deposit (Small) (Health: 5/5) [X: 45.73, Y: 15.31, Distance: 7.009207m]
- Coal Ore Deposit (Small) (Health: 5/5) [X: 59.32, Y: 14.11, Distance: 7.201841m]
- Coal Ore Deposit (Medium) (Health: 10/10) [X: 59.9, Y: 16.03, Distance: 7.330685m]
- Copper Ore Deposit (Small) (Health: 5/5) [X: 49.03, Y: 23.52, Distance: 7.697876m]
- Tree (Health: 10/10) [X: 50.77, Y: 9.22, Distance: 7.700604m]
- Tree (Health: 10/10) [X: 53.93, Y: 9.11, Distance: 7.705649m]
- Stone Ore Deposit (Small) (Health: 5/5) [X: 46.53, Y: 21.65, Distance: 7.832457m]
- Copper Ore Deposit (Medium) (Health: 10/10) [X: 54.06, Y: 24.46, Distance: 7.89615m]
- Tree (Health: 10/10) [X: 57.55001, Y: 10.45, Distance: 7.972775m]
- Tree (Health: 10/10) [X: 47.72001, Y: 10.21, Distance: 8.120002m]
- Diamond Ore Deposit (Small) (Health: 1/1) [X: 58.32, Y: 22.87, Distance: 8.41352m]

Inventory (3/10):
- Axe x 1
- Pickaxe x 1
- Sword x 1

Tasks:
[
  {
    "task": "Carry out your daily dutiies",
    "priority": 1
  },
  {
    "task": "Catch up with other villagers",
    "priority": 2
  }
]

Memories:
- It's my job to protect the village. [just now]
- I try to be as honest as possible. [just now]
- I need to make sure everyone is safe. [just now]
- I do the work that no one else wants to do. [just now]
- The campsite is at 7, -8.3 [just now]
- The area is surrounded by forested monutains, filled with wildlife, rivers, and lakes. [just now]
- The Nume River flows through the village. [just now]
- I like strawberries. [just now]
- I go to bed at 10pm. [just now]
- I should be asleep until 7am. [just now]
- Thomas Smith sees Coal Ore Deposit (Small) at X: 56.74, Y: 14.81. [just now]

Available Actions:
- move_to: Move to a target location
- swing_axe: Swing Axe.
- drop_axe: Drop Axe onto the ground.
- swing_pickaxe: Swing Pickaxe.
- drop_pickaxe: Drop Pickaxe onto the ground.
- swing_sword: Swing sword.
- drop_sword: Drop Sword onto the ground.

Given the available information, update your task list. Take into consideration the time of day, environment, personality of the character, and more. Replace the entire JSON array by removing completed tasks, updating existing tasks with new information and priorities, and create new tasks based on the provided info. Keep the list as concise as possible. Remember focus on the time of day to adjust priorities.
[1692315608117] --- Response ---
[1692315608117] Updated Tasks: 
[1692315608117] [
  {
    "task": "Mine the close Coal Ore Deposit (Small) at X: 54.64, Y: 16.97",
    "priority": 1
  },
  {
    "task": "Check the Chest at X: 50.52, Y: 14.5",
    "priority": 2
  },
  {
    "task": "Start ward rounds to ensure the safety of villagers",
    "priority": 3
  },
  {
    "task": "Mine the Coal Ore Deposit at X: 56.74, Y: 14.81",
    "priority": 4
  },
  {
    "task": "Collect woods from nearby Tree at X: 52.41, Y: 11.03",
    "priority": 5
  },
  {
    "task": "Catch up with other villagers",
    "priority": 6
  },
  {
    "task": "Explore and mine the Diamond Ore Deposit (Small) at X: 58.32, Y: 22.87",
    "priority": 7
  },
  {
    "task": "Rest and prepare for bed by 10pm",
    "priority": 8
  }
]
[1692315613260] --- Prompt ---
[1692315613261] Character: 
- ID: A1
- Name: Thomas Smith
- Age: 32
- Occupation: Village Leader
- Personality: Brave, Calm, Honest

Location: 52.6, 16.7

Time: Day 0, 12:00 AM

Environment:
- Coal Ore Deposit (Small) (Health: 5/5) [X: 54.64, Y: 16.97, Distance: 2.057791m]
- Chest (Health: 10/10) [X: 50.52, Y: 14.5, Distance: 3.027606m]
- Copper Ore Deposit (Small) (Health: 5/5) [X: 53.88, Y: 19.83, Distance: 3.381612m]
- Coal Ore Deposit (Small) (Health: 5/5) [X: 56.74, Y: 14.81, Distance: 4.551014m]
- Copper Ore Deposit (Small) (Health: 5/5) [X: 50.43, Y: 20.71, Distance: 4.559493m]
- Coal Ore Deposit (Medium) (Health: 10/10) [X: 57.27, Y: 17.32, Distance: 4.710979m]
- Copper Ore Deposit (Medium) (Health: 10/10) [X: 53.76, Y: 21.7, Distance: 5.132796m]
- Stone Ore Deposit (Small) (Health: 5/5) [X: 47.58, Y: 19.17, Distance: 5.594753m]
- Tree (Health: 10/10) [X: 52.41, Y: 11.03, Distance: 5.673183m]
- Copper Ore Deposit (Medium) (Health: 10/10) [X: 52.01, Y: 23.05, Distance: 6.377349m]
- Stone Ore Deposit (Medium) (Health: 10/10) [X: 46.05, Y: 17.85, Distance: 6.650187m]
- Coal Ore Deposit (Large) (Health: 20/20) [X: 58.91, Y: 19.37, Distance: 6.851644m]
- Stone Ore Deposit (Small) (Health: 5/5) [X: 45.73, Y: 15.31, Distance: 7.009207m]
- Coal Ore Deposit (Small) (Health: 5/5) [X: 59.32, Y: 14.11, Distance: 7.201841m]
- Coal Ore Deposit (Medium) (Health: 10/10) [X: 59.9, Y: 16.03, Distance: 7.330685m]
- Copper Ore Deposit (Small) (Health: 5/5) [X: 49.03, Y: 23.52, Distance: 7.697876m]
- Tree (Health: 10/10) [X: 50.77, Y: 9.22, Distance: 7.700604m]
- Tree (Health: 10/10) [X: 53.93, Y: 9.11, Distance: 7.705649m]
- Stone Ore Deposit (Small) (Health: 5/5) [X: 46.53, Y: 21.65, Distance: 7.832457m]
- Copper Ore Deposit (Medium) (Health: 10/10) [X: 54.06, Y: 24.46, Distance: 7.89615m]
- Tree (Health: 10/10) [X: 57.55001, Y: 10.45, Distance: 7.972775m]
- Tree (Health: 10/10) [X: 47.72001, Y: 10.21, Distance: 8.120002m]
- Diamond Ore Deposit (Small) (Health: 1/1) [X: 58.32, Y: 22.87, Distance: 8.41352m]

Inventory (3/10):
- Axe x 1
- Pickaxe x 1
- Sword x 1

Tasks:
[
  {
    "task": "Mine the close Coal Ore Deposit (Small) at X: 54.64, Y: 16.97",
    "priority": 1
  },
  {
    "task": "Check the Chest at X: 50.52, Y: 14.5",
    "priority": 2
  },
  {
    "task": "Start ward rounds to ensure the safety of villagers",
    "priority": 3
  },
  {
    "task": "Mine the Coal Ore Deposit at X: 56.74, Y: 14.81",
    "priority": 4
  },
  {
    "task": "Collect woods from nearby Tree at X: 52.41, Y: 11.03",
    "priority": 5
  },
  {
    "task": "Catch up with other villagers",
    "priority": 6
  },
  {
    "task": "Explore and mine the Diamond Ore Deposit (Small) at X: 58.32, Y: 22.87",
    "priority": 7
  },
  {
    "task": "Rest and prepare for bed by 10pm",
    "priority": 8
  }
]

Memories:
- The area is surrounded by forested monutains, filled with wildlife, rivers, and lakes. [just now]
- I need to make sure everyone is safe. [just now]
- Thomas Smith sees Coal Ore Deposit (Small) at X: 54.64, Y: 16.97. [just now]
- Thomas Smith sees Stone Ore Deposit (Small) at X: 47.58, Y: 19.17. [just now]
- Thomas Smith sees Copper Ore Deposit (Small) at X: 53.88, Y: 19.83. [just now]
- It's my job to protect the village. [just now]
- Thomas Smith sees Copper Ore Deposit (Medium) at X: 53.76, Y: 21.7. [just now]
- Thomas Smith sees Coal Ore Deposit (Small) at X: 56.74, Y: 14.81. [just now]
- The campsite is at 7, -8.3 [just now]
- Thomas Smith sees Coal Ore Deposit (Medium) at X: 57.27, Y: 17.32. [just now]

Given the available information, pick the best available action function to accomplish your tasks.


