[1692331976265] [31m[createMemory][39m I should be asleep until 7am. [0]
[1692331976266] [31m[createMemory][39m It's my job to protect the village. [0]
[1692331976266] [31m[createMemory][39m I need to make sure everyone is safe. [0]
[1692331976266] [31m[createMemory][39m I do the work that no one else wants to do. [0]
[1692331976266] [31m[createMemory][39m I try to be as honest as possible. [0]
[1692331976266] [31m[createMemory][39m I'm not afraid of anything. [0]
[1692331976266] [31m[createMemory][39m I go to bed at 10pm. [0]
[1692331976266] [31m[createMemory][39m I like strawberries. [0]
[1692331976266] [31m[createMemory][39m The village location is 2, -58. [0]
[1692331976266] [31m[createMemory][39m The mine site is at 51, 17. [0]
[1692331976266] [31m[createMemory][39m The lumberyard is at 72, -55.1 [0]
[1692331976266] [31m[createMemory][39m The campsite is at 7, -8.3 [0]
[1692331976266] [31m[createMemory][39m The Nume River flows through the village. [0]
[1692331976266] [31m[createMemory][39m Nume Falls are north of the village, and west of the campsite. [0]
[1692331976266] [31m[createMemory][39m The area is surrounded by forested monutains, filled with wildlife, rivers, and lakes. [0]
[1692331979146] [Character] Thomas created
[1692332011064] [31m[createMemory][39m Thomas Smith sees Tree at X: 45.24001, Y: 10.2. [0]
[1692332011081] [31m[createMemory][39m Thomas Smith sees Tree at X: 50.77, Y: 9.22. [0]
[1692332011082] [31m[createMemory][39m Thomas Smith sees Tree at X: 52.41, Y: 11.03. [0]
[1692332011083] [31m[createMemory][39m Thomas Smith sees Stone Ore Deposit (Medium) at X: 46.05, Y: 17.85. [0]
[1692332011083] [31m[createMemory][39m Thomas Smith sees Chest at X: 50.52, Y: 14.5. [0]
[1692332011120] [31m[createMemory][39m Thomas Smith sees Stone Ore Deposit (Small) at X: 45.73, Y: 15.31. [0]
[1692332011120] [31m[createMemory][39m Thomas Smith sees Tree at X: 47.72001, Y: 10.21. [0]
[1692332013068] --- Prompt ---
[1692332013068] Character: 
- ID: A1
- Name: Thomas Smith
- Age: 32
- Occupation: Village Leader
- Personality: Brave, Calm, Honest

Location: 48.72, 13.43

Time: Day 0, 12:00 AM

Environment:
- Chest (Health: 10/10) [X: 50.52, Y: 14.5, Distance: 2.094014m]
- Tree (Health: 10/10) [X: 47.72001, Y: 10.21, Distance: 3.371704m]
- Stone Ore Deposit (Small) (Health: 5/5) [X: 45.73, Y: 15.31, Distance: 3.531927m]
- Tree (Health: 10/10) [X: 52.41, Y: 11.03, Distance: 4.401828m]
- Tree (Health: 10/10) [X: 50.77, Y: 9.22, Distance: 4.682584m]
- Tree (Health: 10/10) [X: 45.24001, Y: 10.2, Distance: 4.747975m]
- Stone Ore Deposit (Medium) (Health: 10/10) [X: 46.05, Y: 17.85, Distance: 5.163846m]
- Stone Ore Deposit (Small) (Health: 5/5) [X: 47.58, Y: 19.17, Distance: 5.85211m]
- Tree (Health: 10/10) [X: 53.93, Y: 9.11, Distance: 6.76805m]
- Coal Ore Deposit (Small) (Health: 5/5) [X: 54.64, Y: 16.97, Distance: 6.897679m]
- Stone Ore Deposit (Medium) (Health: 10/10) [X: 42.53862, Y: 17.00157, Distance: 7.139019m]
- Tree (Health: 10/10) [X: 50.12, Y: 6.280001, Distance: 7.285773m]
- Stone Ore Deposit (Small) (Health: 5/5) [X: 41.33658, Y: 13.99647, Distance: 7.405121m]
- Copper Ore Deposit (Small) (Health: 5/5) [X: 50.43, Y: 20.71, Distance: 7.478133m]
- Tree (Health: 10/10) [X: 48.47, Y: 5.46, Distance: 7.97392m]
- Coal Ore Deposit (Small) (Health: 5/5) [X: 56.74, Y: 14.81, Distance: 8.137862m]
- Stone Ore Deposit (Large) (Health: 10/10) [X: 44.3, Y: 20.36, Distance: 8.219569m]
- Copper Ore Deposit (Small) (Health: 5/5) [X: 53.88, Y: 19.83, Distance: 8.221045m]
- Stone Ore Deposit (Small) (Health: 5/5) [X: 46.53, Y: 21.65, Distance: 8.506733m]

Inventory (3/10):
- Axe x 1
- Pickaxe x 1
- Sword x 1

Tasks:
[
  {
    "task": "Carry out your daily dutiies",
    "priority": 1
  },
  {
    "task": "Catch up with other villagers",
    "priority": 2
  }
]

Memories:
- It's my job to protect the village. [just now]
- I need to make sure everyone is safe. [just now]
- I do the work that no one else wants to do. [just now]
- The campsite is at 7, -8.3 [just now]
- The area is surrounded by forested monutains, filled with wildlife, rivers, and lakes. [just now]
- The Nume River flows through the village. [just now]
- I'm not afraid of anything. [just now]
- I try to be as honest as possible. [just now]
- I like strawberries. [just now]
- The lumberyard is at 72, -55.1 [just now]
- Thomas Smith sees Tree at X: 47.72001, Y: 10.21. [just now]

Available Actions:
- move_to: Move to a target location
- drop_axe: Drop Axe onto the ground.
- drop_pickaxe: Drop Pickaxe onto the ground.
- drop_sword: Drop Sword onto the ground.

Given the available information, update your task list. Take into consideration the time of day, environment, personality of the character, and more. Replace the entire JSON array by removing completed tasks, updating existing tasks with new information and priorities, and create new tasks based on the provided info. Keep the list as concise as possible. Remember focus on the time of day to adjust priorities.
[1692332033748] --- Response ---
[1692332033749] Updated Tasks: 
[1692332033749] [
  {
    "task": "Inspect nearest tree for any threats",
    "priority": 1
  },
  {
    "task": "Move to Chest at coordinates [50.52, 14.5] to check for supplies",
    "priority": 2
  },
  {
    "task": "Use the Pickaxe on Stone Ore Deposit at coordinates [45.73, 15.31]",
    "priority": 3
  },
  {
    "task": "Return to the campsite at [7, -8.3] to organize and allocate the gathered resources",
    "priority": 4
  },
  {
    "task": "Check the village's borders and ensure safety",
    "priority": 5
  },
  {
    "task": "Interact and check on the welfare of other villagers",
    "priority": 6
  },
  {
    "task": "Plan visit to lumberyard at [72, -55.1] to supervise operations",
    "priority": 7
  },
  {
    "task": "Conduct patrol along the Nume River",
    "priority": 8
  },
  {
    "task": "Arrange for a strawberries treat, after work",
    "priority": 9
  },
  {
    "task": "Catch up with your daily duties before end of the day",
    "priority": 10
  }
]
[1692332038979] --- Prompt ---
[1692332038981] Character: 
- ID: A1
- Name: Thomas Smith
- Age: 32
- Occupation: Village Leader
- Personality: Brave, Calm, Honest

Location: 48.72, 13.43

Time: Day 0, 12:00 AM

Environment:
- Chest (Health: 10/10) [X: 50.52, Y: 14.5, Distance: 2.094014m]
- Tree (Health: 10/10) [X: 47.72001, Y: 10.21, Distance: 3.371704m]
- Stone Ore Deposit (Small) (Health: 5/5) [X: 45.73, Y: 15.31, Distance: 3.531927m]
- Tree (Health: 10/10) [X: 52.41, Y: 11.03, Distance: 4.401828m]
- Tree (Health: 10/10) [X: 50.77, Y: 9.22, Distance: 4.682584m]
- Tree (Health: 10/10) [X: 45.24001, Y: 10.2, Distance: 4.747975m]
- Stone Ore Deposit (Medium) (Health: 10/10) [X: 46.05, Y: 17.85, Distance: 5.163846m]
- Stone Ore Deposit (Small) (Health: 5/5) [X: 47.58, Y: 19.17, Distance: 5.85211m]
- Tree (Health: 10/10) [X: 53.93, Y: 9.11, Distance: 6.76805m]
- Coal Ore Deposit (Small) (Health: 5/5) [X: 54.64, Y: 16.97, Distance: 6.897679m]
- Stone Ore Deposit (Medium) (Health: 10/10) [X: 42.53862, Y: 17.00157, Distance: 7.139019m]
- Tree (Health: 10/10) [X: 50.12, Y: 6.280001, Distance: 7.285773m]
- Stone Ore Deposit (Small) (Health: 5/5) [X: 41.33658, Y: 13.99647, Distance: 7.405121m]
- Copper Ore Deposit (Small) (Health: 5/5) [X: 50.43, Y: 20.71, Distance: 7.478133m]
- Tree (Health: 10/10) [X: 48.47, Y: 5.46, Distance: 7.97392m]
- Coal Ore Deposit (Small) (Health: 5/5) [X: 56.74, Y: 14.81, Distance: 8.137862m]
- Stone Ore Deposit (Large) (Health: 10/10) [X: 44.3, Y: 20.36, Distance: 8.219569m]
- Copper Ore Deposit (Small) (Health: 5/5) [X: 53.88, Y: 19.83, Distance: 8.221045m]
- Stone Ore Deposit (Small) (Health: 5/5) [X: 46.53, Y: 21.65, Distance: 8.506733m]

Inventory (3/10):
- Axe x 1
- Pickaxe x 1
- Sword x 1

Tasks:
[
  {
    "task": "Inspect nearest tree for any threats",
    "priority": 1
  },
  {
    "task": "Move to Chest at coordinates [50.52, 14.5] to check for supplies",
    "priority": 2
  },
  {
    "task": "Use the Pickaxe on Stone Ore Deposit at coordinates [45.73, 15.31]",
    "priority": 3
  },
  {
    "task": "Return to the campsite at [7, -8.3] to organize and allocate the gathered resources",
    "priority": 4
  },
  {
    "task": "Check the village's borders and ensure safety",
    "priority": 5
  },
  {
    "task": "Interact and check on the welfare of other villagers",
    "priority": 6
  },
  {
    "task": "Plan visit to lumberyard at [72, -55.1] to supervise operations",
    "priority": 7
  },
  {
    "task": "Conduct patrol along the Nume River",
    "priority": 8
  },
  {
    "task": "Arrange for a strawberries treat, after work",
    "priority": 9
  },
  {
    "task": "Catch up with your daily duties before end of the day",
    "priority": 10
  }
]

Memories:
- Thomas Smith sees Chest at X: 50.52, Y: 14.5. [just now]
- The Nume River flows through the village. [just now]
- Thomas Smith sees Tree at X: 52.41, Y: 11.03. [just now]
- I'm not afraid of anything. [just now]
- The lumberyard is at 72, -55.1 [just now]
- Thomas Smith sees Tree at X: 50.77, Y: 9.22. [just now]
- Thomas Smith sees Tree at X: 47.72001, Y: 10.21. [just now]
- The area is surrounded by forested monutains, filled with wildlife, rivers, and lakes. [just now]
- The campsite is at 7, -8.3 [just now]
- I need to make sure everyone is safe. [just now]

Given the available information, pick the best available action function to accomplish your tasks.


