[1692331976097] [Character] Creating Eli
[1692331976427] [31m[createMemory][39m I need to let Thomas know I'm going to explore. He's asked me in the past to let him know just in case I get hurt or lost. [0]
[1692331976427] [31m[createMemory][39m I once found a secret clearing in the woods, it's my personal hideout now. [0]
[1692331976427] [31m[createMemory][39m The world feels so big and full of wonders, I want to see them all! [0]
[1692331976427] [31m[createMemory][39m I saw a deer up close once, our eyes met and we just stared for a moment. [0]
[1692331976427] [31m[createMemory][39m Climbing trees is my favorite! The higher I go, the bigger the world looks. [0]
[1692331976427] [31m[createMemory][39m Lucy showed me how to listen to the forest, it's like it's telling stories. [0]
[1692331976427] [31m[createMemory][39m Every rock and leaf, every bird and bug, feels like a friend to me. [0]
[1692331976427] [31m[createMemory][39m I once got lost, but the stars guided me home. They're like nature's map! [0]
[1692331976427] [31m[createMemory][39m George tells me tales of old, turning every tree and hill into an adventure. [0]
[1692331976427] [31m[createMemory][39m I made a whistle out of a reed! Nature is full of surprises. [0]
[1692331976427] [31m[createMemory][39m The woods in autumn is my favorite. All those colors... like nature's painting! [0]
[1692331976427] [31m[createMemory][39m I wish I could talk to animals. Imagine the stories they'd tell! [0]
[1692331976427] [31m[createMemory][39m I've learned to move silently. That way, nature doesn’t hide from me. [0]
[1692331976427] [31m[createMemory][39m Lucy once said every tree has a story. I'm trying to learn them all. [0]
[1692331976427] [31m[createMemory][39m Rainy days? That's when the forest sings its loudest song! [0]
[1692331976428] [31m[createMemory][39m I dreamt I could fly like a bird, seeing the world from above. Maybe one day... [0]
[1692331978673] [Character] Eli created
[1692332011091] [31m[createMemory][39m Eli Green sees Tree at X: 33.75, Y: -2.73. [0]
[1692332011091] [31m[createMemory][39m Eli Green sees Tree at X: 42, Y: -0.3199997. [0]
[1692332011092] [31m[createMemory][39m Eli Green sees Tree at X: 36.24, Y: -8.09. [0]
[1692332011096] [31m[createMemory][39m Eli Green sees Tree at X: 44.56, Y: -1.91. [0]
[1692332011096] [31m[createMemory][39m Eli Green sees Tree at X: 38.75, Y: -9.01. [0]
[1692332013107] --- Prompt ---
[1692332013108] Character: 
- ID: A5
- Name: Eli Green
- Age: 12
- Occupation: Explorer
- Personality: Curious, Energetic, Kind-hearted

Location: 39.08, -4.08

Time: Day 0, 12:00 AM

Environment:
- Tree (Health: 10/10) [X: 42, Y: -0.3199997, Distance: 4.760671m]
- Tree (Health: 10/10) [X: 36.24, Y: -8.09, Distance: 4.913828m]
- Tree (Health: 10/10) [X: 38.75, Y: -9.01, Distance: 4.941033m]
- Tree (Health: 10/10) [X: 33.75, Y: -2.73, Distance: 5.498311m]
- Tree (Health: 10/10) [X: 33.43, Y: -4.91, Distance: 5.710641m]
- Tree (Health: 10/10) [X: 33.78, Y: -6.57, Distance: 5.855778m]
- Tree (Health: 10/10) [X: 44.56, Y: -1.91, Distance: 5.894005m]
- Tree (Health: 10/10) [X: 42.32, Y: 1.859999, Distance: 6.766179m]
- Tree (Health: 10/10) [X: 33.01, Y: -0.9500008, Distance: 6.82948m]
- Tree (Health: 10/10) [X: 36.64, Y: -10.67, Distance: 7.027213m]
- Tree (Health: 10/10) [X: 34.32, Y: 1.549999, Distance: 7.372551m]
- Tree (Health: 10/10) [X: 31.59, Y: -3.289999, Distance: 7.531549m]
- Tree (Health: 10/10) [X: 38.63, Y: -11.64, Distance: 7.57338m]
- Tree (Health: 10/10) [X: 34.4, Y: -10.23, Distance: 7.728189m]
- Tree (Health: 10/10) [X: 41.03, Y: -11.7, Distance: 7.865551m]
- Tree (Health: 10/10) [X: 46.88, Y: -2.68, Distance: 7.924644m]
- Tree (Health: 10/10) [X: 31.49, Y: -7.24, Distance: 8.221539m]
- Tree (Health: 10/10) [X: 45.86, Y: 0.8400002, Distance: 8.377042m]
- Tree Stump (Health: 5/5) [X: 34.56, Y: 3.07, Distance: 8.458897m]
- Tree (Health: 10/10) [X: 30.85, Y: -1.51, Distance: 8.621937m]

Inventory (3/10):
- Axe x 1
- Pickaxe x 1
- Sword x 1

Tasks:
[
  {
    "task": "Carry out your daily dutiies",
    "priority": 1
  },
  {
    "task": "Catch up with other villagers",
    "priority": 2
  }
]

Memories:
- George tells me tales of old, turning every tree and hill into an adventure. [just now]
- I once got lost, but the stars guided me home. They're like nature's map! [just now]
- Lucy showed me how to listen to the forest, it's like it's telling stories. [just now]
- Rainy days? That's when the forest sings its loudest song! [just now]
- I dreamt I could fly like a bird, seeing the world from above. Maybe one day... [just now]
- I've learned to move silently. That way, nature doesn’t hide from me. [just now]
- The world feels so big and full of wonders, I want to see them all! [just now]
- Lucy once said every tree has a story. I'm trying to learn them all. [just now]
- I once found a secret clearing in the woods, it's my personal hideout now. [just now]
- I saw a deer up close once, our eyes met and we just stared for a moment. [just now]

Available Actions:
- move_to: Move to a target location
- drop_axe: Drop Axe onto the ground.
- drop_pickaxe: Drop Pickaxe onto the ground.
- drop_sword: Drop Sword onto the ground.

Given the available information, update your task list. Take into consideration the time of day, environment, personality of the character, and more. Replace the entire JSON array by removing completed tasks, updating existing tasks with new information and priorities, and create new tasks based on the provided info. Keep the list as concise as possible. Remember focus on the time of day to adjust priorities.
[1692332036079] --- Response ---
[1692332036079] Updated Tasks: 
[1692332036080] [
  {
    "task": "Explore the surrounding trees",
    "priority": 1
  },
  {
    "task": "Ask George more about the tales of trees",
    "priority": 2
  },
  {
    "task": "Practice moving silently around the forest",
    "priority": 3
  },
  {
    "task": "Visit secret clearing in the woods",
    "priority": 4
  },
  {
    "task": "Look at the stars for navigation practice",
    "priority": 5
  },
  {
    "task": "Listen to the forest for its stories",
    "priority": 6
  },
  {
    "task": "Search for more wildlife, like deer",
    "priority": 7
  },
  {
    "task": "Catch up with other villagers",
    "priority": 8
  },
  {
    "task": "Carry out your daily duties",
    "priority": 9
  },
  {
    "task": "Dream about flying like a bird",
    "priority": 10
  }
]
[1692332040671] --- Prompt ---
[1692332040671] Character: 
- ID: A5
- Name: Eli Green
- Age: 12
- Occupation: Explorer
- Personality: Curious, Energetic, Kind-hearted

Location: 39.08, -4.08

Time: Day 0, 12:00 AM

Environment:
- Tree (Health: 10/10) [X: 42, Y: -0.3199997, Distance: 4.760671m]
- Tree (Health: 10/10) [X: 36.24, Y: -8.09, Distance: 4.913828m]
- Tree (Health: 10/10) [X: 38.75, Y: -9.01, Distance: 4.941033m]
- Tree (Health: 10/10) [X: 33.75, Y: -2.73, Distance: 5.498311m]
- Tree (Health: 10/10) [X: 33.43, Y: -4.91, Distance: 5.710641m]
- Tree (Health: 10/10) [X: 33.78, Y: -6.57, Distance: 5.855778m]
- Tree (Health: 10/10) [X: 44.56, Y: -1.91, Distance: 5.894005m]
- Tree (Health: 10/10) [X: 42.32, Y: 1.859999, Distance: 6.766179m]
- Tree (Health: 10/10) [X: 33.01, Y: -0.9500008, Distance: 6.82948m]
- Tree (Health: 10/10) [X: 36.64, Y: -10.67, Distance: 7.027213m]
- Tree (Health: 10/10) [X: 34.32, Y: 1.549999, Distance: 7.372551m]
- Tree (Health: 10/10) [X: 31.59, Y: -3.289999, Distance: 7.531549m]
- Tree (Health: 10/10) [X: 38.63, Y: -11.64, Distance: 7.57338m]
- Tree (Health: 10/10) [X: 34.4, Y: -10.23, Distance: 7.728189m]
- Tree (Health: 10/10) [X: 41.03, Y: -11.7, Distance: 7.865551m]
- Tree (Health: 10/10) [X: 46.88, Y: -2.68, Distance: 7.924644m]
- Tree (Health: 10/10) [X: 31.49, Y: -7.24, Distance: 8.221539m]
- Tree (Health: 10/10) [X: 45.86, Y: 0.8400002, Distance: 8.377042m]
- Tree Stump (Health: 5/5) [X: 34.56, Y: 3.07, Distance: 8.458897m]
- Tree (Health: 10/10) [X: 30.85, Y: -1.51, Distance: 8.621937m]

Inventory (3/10):
- Axe x 1
- Pickaxe x 1
- Sword x 1

Tasks:
[
  {
    "task": "Explore the surrounding trees",
    "priority": 1
  },
  {
    "task": "Ask George more about the tales of trees",
    "priority": 2
  },
  {
    "task": "Practice moving silently around the forest",
    "priority": 3
  },
  {
    "task": "Visit secret clearing in the woods",
    "priority": 4
  },
  {
    "task": "Look at the stars for navigation practice",
    "priority": 5
  },
  {
    "task": "Listen to the forest for its stories",
    "priority": 6
  },
  {
    "task": "Search for more wildlife, like deer",
    "priority": 7
  },
  {
    "task": "Catch up with other villagers",
    "priority": 8
  },
  {
    "task": "Carry out your daily duties",
    "priority": 9
  },
  {
    "task": "Dream about flying like a bird",
    "priority": 10
  }
]

Memories:
- I've learned to move silently. That way, nature doesn’t hide from me. [just now]
- Eli Green sees Tree at X: 42, Y: -0.3199997. [just now]
- I saw a deer up close once, our eyes met and we just stared for a moment. [just now]
- I once found a secret clearing in the woods, it's my personal hideout now. [just now]
- I once got lost, but the stars guided me home. They're like nature's map! [just now]
- Lucy once said every tree has a story. I'm trying to learn them all. [just now]
- Rainy days? That's when the forest sings its loudest song! [just now]
- The world feels so big and full of wonders, I want to see them all! [just now]
- Lucy showed me how to listen to the forest, it's like it's telling stories. [just now]
- George tells me tales of old, turning every tree and hill into an adventure. [just now]

Given the available information, pick the best available action function to accomplish your tasks.


