[1693027120878] [Character] Creating Thomas
[1693027121072] [31m[createMemory][39m I should be asleep until 7am. [0]
[1693027121074] [31m[createMemory][39m It's my job to protect the village. [0]
[1693027121074] [31m[createMemory][39m I need to make sure everyone is safe. [0]
[1693027121076] [31m[createMemory][39m I do the work that no one else wants to do. [0]
[1693027121076] [31m[createMemory][39m I try to be as honest as possible. [0]
[1693027121077] [31m[createMemory][39m I'm not afraid of anything. [0]
[1693027121077] [31m[createMemory][39m I go to bed at 10pm. [0]
[1693027121077] [31m[createMemory][39m I like strawberries. [0]
[1693027121077] [31m[createMemory][39m The village location is 2, -58. [0]
[1693027121077] [31m[createMemory][39m The mine site is at 51, 17. [0]
[1693027121077] [31m[createMemory][39m The lumberyard is at 72, -55.1 [0]
[1693027121077] [31m[createMemory][39m The campsite is at 7, -8.3 [0]
[1693027121077] [31m[createMemory][39m The Nume River flows through the village. [0]
[1693027121078] [31m[createMemory][39m Nume Falls are north of the village, and west of the campsite. [0]
[1693027121078] [31m[createMemory][39m The area is surrounded by forested monutains, filled with wildlife, rivers, and lakes. [0]
[1693027123935] [Character] Thomas created
[1693027129510] [31m[createMemory][39m Thomas Smith sees Chest at X: 50.52, Y: 14.5. [0.0199999921]
[1693027129511] [31m[createMemory][39m Thomas Smith sees Stone Ore Deposit (Medium) at X: 46.05, Y: 17.85. [0.0199999921]
[1693027129515] [31m[createMemory][39m Thomas Smith sees Tree at X: 50.77, Y: 9.22. [0.0199999921]
[1693027129515] [31m[createMemory][39m Thomas Smith sees Tree at X: 47.72001, Y: 10.21. [0.0199999921]
[1693027129516] [31m[createMemory][39m Thomas Smith sees Tree at X: 52.41, Y: 11.03. [0.0199999921]
[1693027129520] [31m[createMemory][39m Thomas Smith sees Stone Ore Deposit (Small) at X: 45.73, Y: 15.31. [0.0199999921]
[1693027129521] [31m[createMemory][39m Thomas Smith sees Tree at X: 45.24001, Y: 10.2. [0.0199999921]
[1693027132445] [31m[createMemory][39m Thomas Smith sees Stone Ore Deposit (Medium) at X: 42.53862, Y: 17.00157. [3.00008249]
[1693027132519] [31m[createMemory][39m Thomas Smith no longer sees Tree (486) at X: 52.41, Y: 11.03 [3.04252625]
[1693027132526] [31m[createMemory][39m Thomas Smith no longer sees Tree (484) at X: 50.77, Y: 9.22 [3.080337]
[1693027132685] [31m[createMemory][39m Thomas Smith sees Stone Ore Deposit (Small) at X: 41.33658, Y: 13.99647. [3.24131131]
[1693027133758] [31m[createMemory][39m Thomas Smith no longer sees Chest (1) at X: 50.52, Y: 14.5 [4.28146839]
[1693027134666] [31m[createMemory][39m Thomas Smith no longer sees StoneOreMedium (1) at X: 46.05, Y: 17.85 [5.22008228]
[1693027134823] [31m[createMemory][39m Thomas Smith sees Eli Green at X: 39.08, Y: 10. [5.38074]
[1693027135548] [31m[createMemory][39m Thomas Smith no longer sees StoneOreMedium at X: 42.53862, Y: 17.00157 [6.10189247]
[1693027135926] [31m[createMemory][39m Thomas Smith sees Tree at X: 42.12, Y: 5.77. [6.48072529]
[1693027136045] [31m[createMemory][39m Thomas Smith no longer sees StoneOreSmall (4) at X: 45.73, Y: 15.31 [6.601742]
[1693027136838] [31m[createMemory][39m Thomas Smith no longer sees Tree (481) at X: 47.72001, Y: 10.21 [7.340137]
