[1691984992148] [Character] Creating Thomas
[1691984992335] [31m[createMemory][39m I should be asleep until 7am. [0]
[1691984992335] [31m[createMemory][39m It's my job to protect the village. [0]
[1691984992335] [31m[createMemory][39m I need to make sure everyone is safe. [0]
[1691984992335] [31m[createMemory][39m I do the work that no one else wants to do. [0]
[1691984992336] [31m[createMemory][39m I try to be as honest as possible. [0]
[1691984992336] [31m[createMemory][39m I'm not afraid of anything. [0]
[1691984992336] [31m[createMemory][39m I go to bed at 10pm. [0]
[1691984992336] [31m[createMemory][39m I like strawberries. [0]
[1691984992336] [31m[createMemory][39m The village location is 2, -58. [0]
[1691984992336] [31m[createMemory][39m The mine site is at 51, 17. [0]
[1691984992336] [31m[createMemory][39m The lumberyard is at 72, -55.1 [0]
[1691984992336] [31m[createMemory][39m The campsite is at 7, -8.3 [0]
[1691984992336] [31m[createMemory][39m The Nume River flows through the village. [0]
[1691984992336] [31m[createMemory][39m Nume Falls are north of the village, and west of the campsite. [0]
[1691984992336] [31m[createMemory][39m The area is surrounded by forested monutains, filled with wildlife, rivers, and lakes. [0]
[1691984995877] [Character] Thomas created
[1691986589063] [31m[createMemory][39m Thomas Smith sees Copper Ore Deposit (Small) at X: 53.88, Y: 19.83. [0]
[1691986589063] [31m[createMemory][39m Thomas Smith sees Coal Ore Deposit (Small) at X: 54.64, Y: 16.97. [0]
[1691986589063] [31m[createMemory][39m Thomas Smith sees Eli Green at X: 51.98, Y: 16.38. [0]
[1691986589063] [31m[createMemory][39m Thomas Smith sees Chest at X: 50.52, Y: 14.5. [0]
[1691986589063] [31m[createMemory][39m Thomas Smith sees Stone Ore Deposit (Small) at X: 45.73, Y: 15.31. [0]
[1691986589063] [31m[createMemory][39m Thomas Smith sees Copper Ore Deposit (Small) at X: 50.43, Y: 20.71. [0]
[1691986589063] [31m[createMemory][39m Thomas Smith sees Stone Ore Deposit (Small) at X: 47.58, Y: 19.17. [0]
[1691986589063] [31m[createMemory][39m Thomas Smith sees Stone Ore Deposit (Medium) at X: 46.05, Y: 17.85. [0]
[1691986592379] --- Prompt ---
[1691986592380] Character: 
- ID: A1
- Name: Thomas Smith
- Age: 32
- Occupation: Village Leader
- Personality: Brave, Calm, Honest

Location: 50.47, 16.51

Time: Day 0, 12:00 AM

Environment:
- Eli Green (Health: 25/25) [X: 51.98, Y: 16.38, Distance: 1.515584m]
- Chest (Health: 10/10) [X: 50.52, Y: 14.5, Distance: 2.010622m]
- Stone Ore Deposit (Small) (Health: 5/5) [X: 47.58, Y: 19.17, Distance: 3.92781m]
- Coal Ore Deposit (Small) (Health: 5/5) [X: 54.64, Y: 16.97, Distance: 4.195293m]
- Copper Ore Deposit (Small) (Health: 5/5) [X: 50.43, Y: 20.71, Distance: 4.200189m]
- Stone Ore Deposit (Medium) (Health: 10/10) [X: 46.05, Y: 17.85, Distance: 4.61866m]
- Copper Ore Deposit (Small) (Health: 5/5) [X: 53.88, Y: 19.83, Distance: 4.759254m]
- Stone Ore Deposit (Small) (Health: 5/5) [X: 45.73, Y: 15.31, Distance: 4.889542m]
- Tree (Health: 10/10) [X: 52.41, Y: 11.03, Distance: 5.813261m]
- Copper Ore Deposit (Medium) (Health: 10/10) [X: 53.76, Y: 21.7, Distance: 6.144932m]
- Stone Ore Deposit (Small) (Health: 5/5) [X: 46.53, Y: 21.65, Distance: 6.476358m]
- Coal Ore Deposit (Small) (Health: 5/5) [X: 56.74, Y: 14.81, Distance: 6.496377m]
- Copper Ore Deposit (Medium) (Health: 10/10) [X: 52.01, Y: 23.05, Distance: 6.718867m]
- Coal Ore Deposit (Medium) (Health: 10/10) [X: 57.27, Y: 17.32, Distance: 6.848072m]
- Tree (Health: 10/10) [X: 47.72001, Y: 10.21, Distance: 6.874043m]
- Copper Ore Deposit (Small) (Health: 5/5) [X: 49.03, Y: 23.52, Distance: 7.156375m]
- Stone Ore Deposit (Large) (Health: 10/10) [X: 44.3, Y: 20.36, Distance: 7.272649m]
- Tree (Health: 10/10) [X: 50.77, Y: 9.22, Distance: 7.29617m]
- Stone Ore Deposit (Medium) (Health: 10/10) [X: 42.53862, Y: 17.00157, Distance: 7.946603m]
- Tree (Health: 10/10) [X: 53.93, Y: 9.11, Distance: 8.168941m]
- Tree (Health: 10/10) [X: 45.24001, Y: 10.2, Distance: 8.195666m]
- Copper Ore Deposit (Small) (Health: 5/5) [X: 45.17, Y: 23.28, Distance: 8.597845m]
- Copper Ore Deposit (Medium) (Health: 10/10) [X: 54.06, Y: 24.46, Distance: 8.722992m]
- Coal Ore Deposit (Large) (Health: 20/20) [X: 58.91, Y: 19.37, Distance: 8.911407m]

Inventory (3/10):
- Axe x 1
- Pickaxe x 1
- Sword x 1

Tasks:
[
  {
    "task": "Catch up with other villagers",
    "priority": 1
  },
  {
    "task": "Check on the mine",
    "priority": 2
  },
  {
    "task": "Store extra materials in chest",
    "priority": 2
  },
  {
    "task": "Chop trees",
    "priority": 3
  }
]

Memories:
- It's my job to protect the village. [just now]
- The Nume River flows through the village. [just now]
- The area is surrounded by forested monutains, filled with wildlife, rivers, and lakes. [just now]
- I need to make sure everyone is safe. [just now]
- The campsite is at 7, -8.3 [just now]
- I'm not afraid of anything. [just now]
- I like strawberries. [just now]
- I try to be as honest as possible. [just now]
- The lumberyard is at 72, -55.1 [just now]
- I go to bed at 10pm. [just now]
- Thomas Smith sees Copper Ore Deposit (Small) at X: 53.88, Y: 19.83. [just now]
- Thomas Smith sees Coal Ore Deposit (Small) at X: 54.64, Y: 16.97. [just now]
- Thomas Smith sees Copper Ore Deposit (Small) at X: 50.43, Y: 20.71. [just now]
- Thomas Smith sees Stone Ore Deposit (Medium) at X: 46.05, Y: 17.85. [just now]
- Thomas Smith sees Chest at X: 50.52, Y: 14.5. [just now]

Available Actions:
- move_to: Move to a target location
- drop_axe: Drop Axe onto the ground.
- drop_pickaxe: Drop Pickaxe onto the ground.
- drop_sword: Drop Sword onto the ground.
- start_conversation: Start a conversation with Eli Green (ID: A5).

Hitbox (what you would hit with a swing based action):
- Eli Green (Health: 25/25)

Given the available information, update your task list. Take into consideration the time of day, environment, personality of the character, and more. Replace the entire JSON array by removing completed tasks, updating existing tasks with new information and priorities, and create new tasks based on the provided info. Keep the list as concise as possible. Remember focus on the time of day to adjust priorities.
[1691986606910] --- Response ---
[1691986606910] Updated Tasks: 
[1691986606910] [
  {
    "task": "Start a conversation with Eli Green",
    "priority": 1
  },
  {
    "task": "Check on the mine",
    "priority": 2
  },
  {
    "task": "Store extra materials in chest",
    "priority": 3
  },
  {
    "task": "Catch up with other villagers",
    "priority": 3
  },
  {
    "task": "Chop trees",
    "priority": 4
  },
  {
    "task": "Collect resources from nearby ore deposits",
    "priority": 5
  },
  {
    "task": "Drop unwanted items to make space in inventory",
    "priority": 6
  },
  {
    "task": "Go to bed",
    "priority": 7
  }
]
[1691986610556] [31m[createMemory][39m Eli Green started a conversation with me. [21.099575]
[1691986610593] --- Prompt ---
[1691986610593] Character: 
- ID: A1
- Name: Thomas Smith
- Age: 32
- Occupation: Village Leader
- Personality: Brave, Calm, Honest

Location: 50.47, 16.51

Time: Day 0, 12:00 AM

Environment:
- Eli Green (Health: 25/25) [X: 51.98, Y: 16.38, Distance: 1.515584m]
- Chest (Health: 10/10) [X: 50.52, Y: 14.5, Distance: 2.010622m]
- Stone Ore Deposit (Small) (Health: 5/5) [X: 47.58, Y: 19.17, Distance: 3.92781m]
- Coal Ore Deposit (Small) (Health: 5/5) [X: 54.64, Y: 16.97, Distance: 4.195293m]
- Copper Ore Deposit (Small) (Health: 5/5) [X: 50.43, Y: 20.71, Distance: 4.200189m]
- Stone Ore Deposit (Medium) (Health: 10/10) [X: 46.05, Y: 17.85, Distance: 4.61866m]
- Copper Ore Deposit (Small) (Health: 5/5) [X: 53.88, Y: 19.83, Distance: 4.759254m]
- Stone Ore Deposit (Small) (Health: 5/5) [X: 45.73, Y: 15.31, Distance: 4.889542m]
- Tree (Health: 10/10) [X: 52.41, Y: 11.03, Distance: 5.813261m]
- Copper Ore Deposit (Medium) (Health: 10/10) [X: 53.76, Y: 21.7, Distance: 6.144932m]
- Stone Ore Deposit (Small) (Health: 5/5) [X: 46.53, Y: 21.65, Distance: 6.476358m]
- Coal Ore Deposit (Small) (Health: 5/5) [X: 56.74, Y: 14.81, Distance: 6.496377m]
- Copper Ore Deposit (Medium) (Health: 10/10) [X: 52.01, Y: 23.05, Distance: 6.718867m]
- Coal Ore Deposit (Medium) (Health: 10/10) [X: 57.27, Y: 17.32, Distance: 6.848072m]
- Tree (Health: 10/10) [X: 47.72001, Y: 10.21, Distance: 6.874043m]
- Copper Ore Deposit (Small) (Health: 5/5) [X: 49.03, Y: 23.52, Distance: 7.156375m]
- Stone Ore Deposit (Large) (Health: 10/10) [X: 44.3, Y: 20.36, Distance: 7.272649m]
- Tree (Health: 10/10) [X: 50.77, Y: 9.22, Distance: 7.29617m]
- Stone Ore Deposit (Medium) (Health: 10/10) [X: 42.53862, Y: 17.00157, Distance: 7.946603m]
- Tree (Health: 10/10) [X: 53.93, Y: 9.11, Distance: 8.168941m]
- Tree (Health: 10/10) [X: 45.24001, Y: 10.2, Distance: 8.195666m]
- Copper Ore Deposit (Small) (Health: 5/5) [X: 45.17, Y: 23.28, Distance: 8.597845m]
- Copper Ore Deposit (Medium) (Health: 10/10) [X: 54.06, Y: 24.46, Distance: 8.722992m]
- Coal Ore Deposit (Large) (Health: 20/20) [X: 58.91, Y: 19.37, Distance: 8.911407m]

Inventory (3/10):
- Axe x 1
- Pickaxe x 1
- Sword x 1

Tasks:
[
  {
    "task": "Start a conversation with Eli Green",
    "priority": 1
  },
  {
    "task": "Check on the mine",
    "priority": 2
  },
  {
    "task": "Store extra materials in chest",
    "priority": 3
  },
  {
    "task": "Catch up with other villagers",
    "priority": 3
  },
  {
    "task": "Chop trees",
    "priority": 4
  },
  {
    "task": "Collect resources from nearby ore deposits",
    "priority": 5
  },
  {
    "task": "Drop unwanted items to make space in inventory",
    "priority": 6
  },
  {
    "task": "Go to bed",
    "priority": 7
  }
]

Memories:
- I go to bed at 10pm. [just now]
- Thomas Smith sees Chest at X: 50.52, Y: 14.5. [just now]
- Thomas Smith sees Copper Ore Deposit (Small) at X: 50.43, Y: 20.71. [just now]
- Thomas Smith sees Coal Ore Deposit (Small) at X: 54.64, Y: 16.97. [just now]
- Thomas Smith sees Stone Ore Deposit (Small) at X: 47.58, Y: 19.17. [just now]
- Thomas Smith sees Copper Ore Deposit (Small) at X: 53.88, Y: 19.83. [just now]
- The lumberyard is at 72, -55.1 [just now]
- I'm not afraid of anything. [just now]
- I try to be as honest as possible. [just now]
- The Nume River flows through the village. [just now]

Hitbox (what you would hit with a swing based action):
- Eli Green (Health: 25/25)

Given the available information, pick the best available action function to accomplish your tasks.


[1691986614359] [31mAgent A1 is already occupied. Skipping...[39m
[1691986622078] [36m[CORTEX] Character 2 - Feel: [39mI feel intrigued and excited by Eli's enthusiasm for exploration.
[1691986626490] [36m[CORTEX] Character 2 - Plan: [39mI plan on joining Eli in his exploration and helping him discover the story of the new clearing. I am also planning on going out to look for the friendly deer.
[1691986630269] [36m[CORTEX] Character 2 - Say: [39mHey Eli! I've been good, thanks for asking. Your exploration sounds fascinating! I haven't seen our friendly deer recently. Maybe we could look for it together?

[1691986650974] --- Prompt ---
[1691986650974] Character: 
- ID: A1
- Name: Thomas Smith
- Age: 32
- Occupation: Village Leader
- Personality: Brave, Calm, Honest

Location: 50.47, 16.51

Time: Day 0, 5:46 AM

Environment:
- Eli Green (Health: 25/25) [X: 51.98, Y: 16.38, Distance: 1.515584m]
- Chest (Health: 10/10) [X: 50.52, Y: 14.5, Distance: 2.010622m]
- Stone Ore Deposit (Small) (Health: 5/5) [X: 47.58, Y: 19.17, Distance: 3.92781m]
- Coal Ore Deposit (Small) (Health: 5/5) [X: 54.64, Y: 16.97, Distance: 4.195293m]
- Copper Ore Deposit (Small) (Health: 5/5) [X: 50.43, Y: 20.71, Distance: 4.200189m]
- Stone Ore Deposit (Medium) (Health: 10/10) [X: 46.05, Y: 17.85, Distance: 4.61866m]
- Copper Ore Deposit (Small) (Health: 5/5) [X: 53.88, Y: 19.83, Distance: 4.759254m]
- Stone Ore Deposit (Small) (Health: 5/5) [X: 45.73, Y: 15.31, Distance: 4.889542m]
- Tree (Health: 10/10) [X: 52.41, Y: 11.03, Distance: 5.813261m]
- Copper Ore Deposit (Medium) (Health: 10/10) [X: 53.76, Y: 21.7, Distance: 6.144932m]
- Stone Ore Deposit (Small) (Health: 5/5) [X: 46.53, Y: 21.65, Distance: 6.476358m]
- Coal Ore Deposit (Small) (Health: 5/5) [X: 56.74, Y: 14.81, Distance: 6.496377m]
- Copper Ore Deposit (Medium) (Health: 10/10) [X: 52.01, Y: 23.05, Distance: 6.718867m]
- Coal Ore Deposit (Medium) (Health: 10/10) [X: 57.27, Y: 17.32, Distance: 6.848072m]
- Tree (Health: 10/10) [X: 47.72001, Y: 10.21, Distance: 6.874043m]
- Copper Ore Deposit (Small) (Health: 5/5) [X: 49.03, Y: 23.52, Distance: 7.156375m]
- Stone Ore Deposit (Large) (Health: 10/10) [X: 44.3, Y: 20.36, Distance: 7.272649m]
- Tree (Health: 10/10) [X: 50.77, Y: 9.22, Distance: 7.29617m]
- Stone Ore Deposit (Medium) (Health: 10/10) [X: 42.53862, Y: 17.00157, Distance: 7.946603m]
- Tree (Health: 10/10) [X: 53.93, Y: 9.11, Distance: 8.168941m]
- Tree (Health: 10/10) [X: 45.24001, Y: 10.2, Distance: 8.195666m]
- Copper Ore Deposit (Small) (Health: 5/5) [X: 45.17, Y: 23.28, Distance: 8.597845m]
- Copper Ore Deposit (Medium) (Health: 10/10) [X: 54.06, Y: 24.46, Distance: 8.722992m]
- Coal Ore Deposit (Large) (Health: 20/20) [X: 58.91, Y: 19.37, Distance: 8.911407m]

Inventory (3/10):
- Axe x 1
- Pickaxe x 1
- Sword x 1

Tasks:
[
  {
    "task": "Start a conversation with Eli Green",
    "priority": 1
  },
  {
    "task": "Check on the mine",
    "priority": 2
  },
  {
    "task": "Store extra materials in chest",
    "priority": 3
  },
  {
    "task": "Catch up with other villagers",
    "priority": 3
  },
  {
    "task": "Chop trees",
    "priority": 4
  },
  {
    "task": "Collect resources from nearby ore deposits",
    "priority": 5
  },
  {
    "task": "Drop unwanted items to make space in inventory",
    "priority": 6
  },
  {
    "task": "Go to bed",
    "priority": 7
  }
]

Memories:
- Eli Green started a conversation with me. [3 hours ago]
- I go to bed at 10pm. [5 hours ago]
- The lumberyard is at 72, -55.1 [5 hours ago]
- Thomas Smith sees Chest at X: 50.52, Y: 14.5. [5 hours ago]
- Thomas Smith sees Copper Ore Deposit (Small) at X: 50.43, Y: 20.71. [5 hours ago]
- Thomas Smith sees Coal Ore Deposit (Small) at X: 54.64, Y: 16.97. [5 hours ago]
- Thomas Smith sees Stone Ore Deposit (Small) at X: 47.58, Y: 19.17. [5 hours ago]
- Thomas Smith sees Copper Ore Deposit (Small) at X: 53.88, Y: 19.83. [5 hours ago]
- I'm not afraid of anything. [5 hours ago]
- I try to be as honest as possible. [5 hours ago]

Hitbox (what you would hit with a swing based action):
- Eli Green (Health: 25/25)

Given the available information, pick the best available action function to accomplish your tasks.


[1691986654581] [31mAgent A1 is already occupied. Skipping...[39m
