[1693022459615] [Character] Creating Eli
[1693022459931] [31m[createMemory][39m I need to let Thomas know I'm going to explore. He's asked me in the past to let him know just in case I get hurt or lost. [0]
[1693022459932] [31m[createMemory][39m I once found a secret clearing in the woods, it's my personal hideout now. [0]
[1693022459932] [31m[createMemory][39m The world feels so big and full of wonders, I want to see them all! [0]
[1693022459932] [31m[createMemory][39m I saw a deer up close once, our eyes met and we just stared for a moment. [0]
[1693022459932] [31m[createMemory][39m Climbing trees is my favorite! The higher I go, the bigger the world looks. [0]
[1693022459932] [31m[createMemory][39m Lucy showed me how to listen to the forest, it's like it's telling stories. [0]
[1693022459932] [31m[createMemory][39m Every rock and leaf, every bird and bug, feels like a friend to me. [0]
[1693022459932] [31m[createMemory][39m I once got lost, but the stars guided me home. They're like nature's map! [0]
[1693022459932] [31m[createMemory][39m George tells me tales of old, turning every tree and hill into an adventure. [0]
[1693022459932] [31m[createMemory][39m I made a whistle out of a reed! Nature is full of surprises. [0]
[1693022459932] [31m[createMemory][39m The woods in autumn is my favorite. All those colors... like nature's painting! [0]
[1693022459932] [31m[createMemory][39m I wish I could talk to animals. Imagine the stories they'd tell! [0]
[1693022459932] [31m[createMemory][39m I've learned to move silently. That way, nature doesn’t hide from me. [0]
[1693022459932] [31m[createMemory][39m Lucy once said every tree has a story. I'm trying to learn them all. [0]
[1693022459932] [31m[createMemory][39m Rainy days? That's when the forest sings its loudest song! [0]
[1693022459933] [31m[createMemory][39m I dreamt I could fly like a bird, seeing the world from above. Maybe one day... [0]
[1693022462419] [Character] Eli created
[1693022525462] [31m[createMemory][39m Eli Green sees Tree at X: 42.12, Y: 5.77. [0.0199999921]
[1693022525502] [31m[createMemory][39m Eli Green sees Stone Ore Deposit (Small) at X: 41.33658, Y: 13.99647. [0.0199999921]
[1693022543486] [31m[createMemory][39m Eli Green sees Thomas Smith at X: 44.07478, Y: 11.96982. [18.08085]
[1693022596928] [35m[CORTEX] Eli Green - Feel: [39mI feel excited to engage in a new conversation
[1693022604098] [35m[CORTEX] Eli Green - Explain: [39mI feel I am making progress towards my goal. Every day that I spend exploring the outdoors brings me closer to understanding the stories that the forest has to tell. Each rock turned, every leaf examined only increase my knowledge and connection to this vibrant world. My conversations with others as well as my experiences further my understanding of nature, making me a better explorer and learner each day.
[1693022605496] [35m[CORTEX] Eli Green - Did I make progress? [39m[choice=yes]
[1693022606480] [35m[CORTEX] Character Eli Green - Did I accomplish my goal? [39m[choice=yes]
[1693022610347] [35m[CORTEX] Eli Green Goodbye: [39mIt was nice talking to you, Thomas! I am off to my next adventure. I'm excited to see what new stories nature has in store for me. Goodbye!
[1693022616591] [31m[createMemory][39m I engaged in a new conversation with Thomas Smith, which excited me. [68.7255554]
[1693022616591] [31m[createMemory][39m I told Thomas about my progress towards understanding the forest's stories and how my knowledge was continually increasing. [68.7255554]
[1693022616592] [31m[createMemory][39m I disclosed that, every day, my explorations outdoors were getting me closer to my goal. [68.7255554]
[1693022616592] [31m[createMemory][39m I bid Thomas goodbye as I prepared to embark on my next adventure. [68.7255554]
