[1693539660270] [Character] Creating Eli
[1693539660675] [31m[createMemory][39m I need to let Thomas know I'm going to explore. He's asked me in the past to let him know just in case I get hurt or lost. [0]
[1693539660675] [31m[createMemory][39m I once found a secret clearing in the woods, it's my personal hideout now. [0]
[1693539660675] [31m[createMemory][39m The world feels so big and full of wonders, I want to see them all! [0]
[1693539660676] [31m[createMemory][39m I saw a deer up close once, our eyes met and we just stared for a moment. [0]
[1693539660676] [31m[createMemory][39m Climbing trees is my favorite! The higher I go, the bigger the world looks. [0]
[1693539660676] [31m[createMemory][39m Lucy showed me how to listen to the forest, it's like it's telling stories. [0]
[1693539660676] [31m[createMemory][39m Every rock and leaf, every bird and bug, feels like a friend to me. [0]
[1693539660677] [31m[createMemory][39m I once got lost, but the stars guided me home. They're like nature's map! [0]
[1693539660677] [31m[createMemory][39m George tells me tales of old, turning every tree and hill into an adventure. [0]
[1693539660678] [31m[createMemory][39m I made a whistle out of a reed! Nature is full of surprises. [0]
[1693539660678] [31m[createMemory][39m The woods in autumn is my favorite. All those colors... like nature's painting! [0]
[1693539660678] [31m[createMemory][39m I wish I could talk to animals. Imagine the stories they'd tell! [0]
[1693539660678] [31m[createMemory][39m I've learned to move silently. That way, nature doesn’t hide from me. [0]
[1693539660678] [31m[createMemory][39m Lucy once said every tree has a story. I'm trying to learn them all. [0]
[1693539660678] [31m[createMemory][39m Rainy days? That's when the forest sings its loudest song! [0]
[1693539660678] [31m[createMemory][39m I dreamt I could fly like a bird, seeing the world from above. Maybe one day... [0]
[1693539664108] [Character] Eli created
[1693539688224] [31m[createMemory][39m Eli Green sees Stone Ore Deposit (Small) at X: 41.33658, Y: 13.99647. [0.0199999921]
[1693539688224] [31m[createMemory][39m Eli Green sees Tree at X: 42.12, Y: 5.77. [0.0199999921]
[1693539690241] --- Prompt ---
[1693539690241] Character: 
- ID: A5
- Name: Eli Green
- Age: 12
- Occupation: Explorer
- Personality: Curious, Energetic, Kind-hearted

Location: 39.08, 10

Time: Day 0, 12:00 AM

Hunger: Hungry

Environment:
- Stone Ore Deposit (Small) (Health: 5/5) [X: 41.33658, Y: 13.99647, Distance: 4.589547m]
- Tree (Health: 10/10) [X: 42.12, Y: 5.77, Distance: 5.209076m]
- Stone Ore Deposit (Small) (Health: 5/5) [X: 38.24, Y: 15.93, Distance: 5.989199m]
- Tree (Health: 10/10) [X: 45.24001, Y: 10.2, Distance: 6.163249m]
- Stone Ore Deposit (Medium) (Health: 10/10) [X: 42.53862, Y: 17.00157, Distance: 7.809221m]
- Tree (Health: 10/10) [X: 31.24, Y: 9.42, Distance: 7.861425m]
- Tree (Health: 10/10) [X: 33.51, Y: 4.43, Distance: 7.877169m]
- Tree (Health: 10/10) [X: 45.84, Y: 5.299999, Distance: 8.233325m]
- Tree Stump (Health: 5/5) [X: 34.56, Y: 3.07, Distance: 8.273774m]
- Stone Ore Deposit (Small) (Health: 5/5) [X: 45.73, Y: 15.31, Distance: 8.509911m]
- Tree (Health: 10/10) [X: 47.72001, Y: 10.21, Distance: 8.642555m]

Inventory (4/10):
- Axe x 1
- Pickaxe x 1
- Sword x 1
- Berries x 1

Tasks:
[
  {
    "task": "Carry out your daily dutiies",
    "priority": 1
  },
  {
    "task": "Catch up with other villagers",
    "priority": 2
  },
  {
    "task": "Maintain a healthy lifestyle",
    "priority": 3
  }
]

Memories:
- Rainy days? That's when the forest sings its loudest song! [0 minutes ago]
- George tells me tales of old, turning every tree and hill into an adventure. [0 minutes ago]
- Lucy showed me how to listen to the forest, it's like it's telling stories. [0 minutes ago]
- I once found a secret clearing in the woods, it's my personal hideout now. [0 minutes ago]
- I dreamt I could fly like a bird, seeing the world from above. Maybe one day... [0 minutes ago]
- The world feels so big and full of wonders, I want to see them all! [0 minutes ago]
- Climbing trees is my favorite! The higher I go, the bigger the world looks. [0 minutes ago]
- Every rock and leaf, every bird and bug, feels like a friend to me. [0 minutes ago]
- Lucy once said every tree has a story. I'm trying to learn them all. [0 minutes ago]
- I've learned to move silently. That way, nature doesn’t hide from me. [0 minutes ago]

Available Actions:
- move_to: Move to a target location
- drop_axe: Drop Axe onto the ground.
- drop_pickaxe: Drop Pickaxe onto the ground.
- drop_sword: Drop Sword onto the ground.
- eat: Eat some food.
- drop_berries: Drop Berries onto the ground.

Given the available information, update your task list. Take into consideration the time of day, environment, personality of the character, and more. Replace the entire JSON array by removing completed tasks, updating existing tasks with new information and priorities, and create new tasks based on the provided info. Keep the list as concise as possible. Remember focus on the time of day to adjust priorities.
[1693539724429] --- Response ---
[1693539724429] Updated Tasks: 
[1693539724432] [
  {
    "task": "eat",
    "priority": 1
  },
  {
    "task": "Carry out your daily duties",
    "priority": 2
  },
  {
    "task": "Gather materials from the nearest stone ore deposit and trees",
    "priority": 3
  },
  {
    "task": "Maintain a healthy lifestyle",
    "priority": 4
  },
  {
    "task": "Explore new parts of the forest",
    "priority": 5
  },
  {
    "task": "Listen to the forest to learn more about it",
    "priority": 6
  },
  {
    "task": "Visit personal hideout in the secret clearing in the woods",
    "priority": 7
  },
  {
    "task": "Climb the highest tree you can find",
    "priority": 8
  },
  {
    "task": "Meet Lucy and listen to her stories",
    "priority": 9
  },
  {
    "task": "Talk to George and listen to his old tales",
    "priority": 10
  },
  {
    "task": "Learn the story of a new tree",
    "priority": 11
  },
  {
    "task": "Catch up with other villagers",
    "priority": 12
  }
]
