[1693280411778] [Character] Creating Thomas
[1693280411939] [31m[createMemory][39m I should be asleep until 7am. [0]
[1693280411939] [31m[createMemory][39m It's my job to protect the village. [0]
[1693280411939] [31m[createMemory][39m I need to make sure everyone is safe. [0]
[1693280411939] [31m[createMemory][39m I do the work that no one else wants to do. [0]
[1693280411939] [31m[createMemory][39m I try to be as honest as possible. [0]
[1693280411940] [31m[createMemory][39m I'm not afraid of anything. [0]
[1693280411940] [31m[createMemory][39m I go to bed at 10pm. [0]
[1693280411940] [31m[createMemory][39m I like strawberries. [0]
[1693280411940] [31m[createMemory][39m The village location is 2, -58. [0]
[1693280411940] [31m[createMemory][39m The mine site is at 51, 17. [0]
[1693280411940] [31m[createMemory][39m The lumberyard is at 72, -55.1 [0]
[1693280411940] [31m[createMemory][39m The campsite is at 7, -8.3 [0]
[1693280411940] [31m[createMemory][39m The Nume River flows through the village. [0]
[1693280411940] [31m[createMemory][39m Nume Falls are north of the village, and west of the campsite. [0]
[1693280411941] [31m[createMemory][39m The area is surrounded by forested monutains, filled with wildlife, rivers, and lakes. [0]
[1693280414811] [Character] Thomas created
[1693280481898] [31m[createMemory][39m Thomas Smith picked up Stone at X: 47.23726, Y: 17.65659 [33.2206039]
[1693280486072] [31m[createMemory][39m Thomas Smith picked up Copper at X: 49.95149, Y: 20.39721 [37.4415245]
[1693280489461] [31m[createMemory][39m Thomas Smith picked up Stone at X: 47.7365, Y: 19.82272 [40.8215866]
