[1693094907428] [Character] Creating Thomas
[1693094907889] [31m[createMemory][39m I should be asleep until 7am. [0]
[1693094907889] [31m[createMemory][39m It's my job to protect the village. [0]
[1693094907889] [31m[createMemory][39m I need to make sure everyone is safe. [0]
[1693094907889] [31m[createMemory][39m I do the work that no one else wants to do. [0]
[1693094907889] [31m[createMemory][39m I try to be as honest as possible. [0]
[1693094907889] [31m[createMemory][39m I'm not afraid of anything. [0]
[1693094907889] [31m[createMemory][39m I go to bed at 10pm. [0]
[1693094907889] [31m[createMemory][39m I like strawberries. [0]
[1693094907889] [31m[createMemory][39m The village location is 2, -58. [0]
[1693094907889] [31m[createMemory][39m The mine site is at 51, 17. [0]
[1693094907889] [31m[createMemory][39m The lumberyard is at 72, -55.1 [0]
[1693094907889] [31m[createMemory][39m The campsite is at 7, -8.3 [0]
[1693094907889] [31m[createMemory][39m The Nume River flows through the village. [0]
[1693094907889] [31m[createMemory][39m Nume Falls are north of the village, and west of the campsite. [0]
[1693094907889] [31m[createMemory][39m The area is surrounded by forested monutains, filled with wildlife, rivers, and lakes. [0]
[1693094910752] [Character] Thomas created
[1693094914214] [31m[createMemory][39m Thomas Smith sees Tree at X: 52.41, Y: 11.03. [0]
[1693094914216] [31m[createMemory][39m Thomas Smith sees Tree at X: 50.77, Y: 9.22. [0]
[1693094914217] [31m[createMemory][39m Thomas Smith sees Tree at X: 47.72001, Y: 10.21. [0]
[1693094914225] [31m[createMemory][39m Thomas Smith sees Stone Ore Deposit (Medium) at X: 46.05, Y: 17.85. [0]
[1693094914225] [31m[createMemory][39m Thomas Smith sees Stone Ore Deposit (Small) at X: 45.73, Y: 15.31. [0]
[1693094914225] [31m[createMemory][39m Thomas Smith sees Tree at X: 45.24001, Y: 10.2. [0]
[1693094914233] [31m[createMemory][39m Thomas Smith sees Chest at X: 50.52, Y: 14.5. [0]
[1693094915481] [31m[createMemory][39m Thomas Smith sees Stone Ore Deposit (Small) at X: 47.58, Y: 19.17. [0.581387]
[1693094916689] [31m[createMemory][39m Thomas Smith no longer sees Tree (484) at X: 50.77, Y: 9.22 [1.94164836]
[1693094916796] [31m[createMemory][39m Thomas Smith sees Stone Ore Deposit (Medium) at X: 42.53862, Y: 17.00157. [2.06049585]
[1693094916839] [31m[createMemory][39m Thomas Smith no longer sees Tree (486) at X: 52.41, Y: 11.03 [2.101834]
[1693094917432] [31m[createMemory][39m Thomas Smith sees Stone Ore Deposit (Small) at X: 41.33658, Y: 13.99647. [2.701456]
[1693094917618] [31m[createMemory][39m Thomas Smith sees Stone Ore Deposit (Large) at X: 44.3, Y: 20.36. [2.88570452]
[1693094918774] [31m[createMemory][39m Thomas Smith no longer sees StoneOreLarge (2) at X: 44.3, Y: 20.36 [4.04001951]
[1693094919235] [31m[createMemory][39m Thomas Smith sees Stone Ore Deposit (Large) at X: 44.3, Y: 20.36. [4.501904]
[1693094919278] [31m[createMemory][39m Thomas Smith no longer sees StoneOreLarge (2) at X: 44.3, Y: 20.36 [4.541117]
[1693094919695] [31m[createMemory][39m Thomas Smith picked up Stone at X: 45.72827, Y: 13.99395 [4.96277857]
[1693094920396] [31m[createMemory][39m Thomas Smith no longer sees StoneOreSmall (5) at X: 47.58, Y: 19.17 [5.66112852]
[1693094920715] [31m[createMemory][39m Thomas Smith no longer sees Chest (1) at X: 50.52, Y: 14.5 [5.98222971]
[1693094921513] [31m[createMemory][39m Thomas Smith no longer sees StoneOreMedium (1) at X: 46.05, Y: 17.85 [6.781385]
[1693094921781] [31m[createMemory][39m Thomas Smith sees Eli Green at X: 39.08, Y: 10. [7.04144]
[1693094923129] [31m[createMemory][39m Thomas Smith no longer sees Tree (481) at X: 47.72001, Y: 10.21 [8.383473]
[1693094923335] [31m[createMemory][39m Thomas Smith no longer sees StoneOreMedium at X: 42.53862, Y: 17.00157 [8.602002]
[1693094923730] [31m[createMemory][39m Thomas Smith sees Tree at X: 42.12, Y: 5.77. [8.96235752]
