[1693096841256] [Character] Creating Thomas
[1693096841430] [31m[createMemory][39m I should be asleep until 7am. [0]
[1693096841431] [31m[createMemory][39m It's my job to protect the village. [0]
[1693096841431] [31m[createMemory][39m I need to make sure everyone is safe. [0]
[1693096841432] [31m[createMemory][39m I do the work that no one else wants to do. [0]
[1693096841437] [31m[createMemory][39m I try to be as honest as possible. [0]
[1693096841438] [31m[createMemory][39m I'm not afraid of anything. [0]
[1693096841438] [31m[createMemory][39m I go to bed at 10pm. [0]
[1693096841438] [31m[createMemory][39m I like strawberries. [0]
[1693096841439] [31m[createMemory][39m The village location is 2, -58. [0]
[1693096841439] [31m[createMemory][39m The mine site is at 51, 17. [0]
[1693096841439] [31m[createMemory][39m The lumberyard is at 72, -55.1 [0]
[1693096841439] [31m[createMemory][39m The campsite is at 7, -8.3 [0]
[1693096841439] [31m[createMemory][39m The Nume River flows through the village. [0]
[1693096841439] [31m[createMemory][39m Nume Falls are north of the village, and west of the campsite. [0]
[1693096841439] [31m[createMemory][39m The area is surrounded by forested monutains, filled with wildlife, rivers, and lakes. [0]
[1693096843939] [Character] Thomas created
[1693096916775] [31m[createMemory][39m Thomas Smith sees Stone Ore Deposit (Medium) at X: 46.05, Y: 17.85. [0]
[1693096916782] [31m[createMemory][39m Thomas Smith sees Tree at X: 52.41, Y: 11.03. [0]
[1693096916782] [31m[createMemory][39m Thomas Smith sees Chest at X: 50.52, Y: 14.5. [0]
[1693096916782] [31m[createMemory][39m Thomas Smith sees Tree at X: 50.77, Y: 9.22. [0]
[1693096916782] [31m[createMemory][39m Thomas Smith sees Tree at X: 47.72001, Y: 10.21. [0]
[1693096916782] [31m[createMemory][39m Thomas Smith sees Stone Ore Deposit (Small) at X: 45.73, Y: 15.31. [0]
[1693096916782] [31m[createMemory][39m Thomas Smith sees Tree at X: 45.24001, Y: 10.2. [0]
[1693096975506] [31m[createMemory][39m Thomas Smith sees Stone Ore Deposit (Small) at X: 47.58, Y: 19.17. [56.0608177]
[1693096975828] [31m[createMemory][39m Thomas Smith no longer sees Tree (484) at X: 50.77, Y: 9.22 [56.3827438]
[1693096976220] [31m[createMemory][39m Thomas Smith no longer sees Tree (486) at X: 52.41, Y: 11.03 [56.7820969]
[1693096976355] [31m[createMemory][39m Thomas Smith sees Stone Ore Deposit (Medium) at X: 42.53862, Y: 17.00157. [56.9007034]
[1693096976362] [31m[createMemory][39m Thomas Smith no longer sees Tree (479) at X: 45.24001, Y: 10.2 [56.92167]
[1693096976808] [31m[createMemory][39m Thomas Smith sees Stone Ore Deposit (Large) at X: 44.3, Y: 20.36. [57.360157]
[1693096976883] [31m[createMemory][39m Thomas Smith sees Eli Green at X: 42.35138, Y: 17.52402. [57.4407921]
[1693096976953] [31m[createMemory][39m Thomas Smith sees Tree at X: 45.24001, Y: 10.2. [57.502018]
[1693096979352] [31m[createMemory][39m Thomas Smith picked up Stone at X: 47.03426, Y: 15.02872 [59.90015]
[1693096979906] [31m[createMemory][39m Thomas Smith no longer sees Tree (479) at X: 45.24001, Y: 10.2 [60.4205437]
[1693096979906] [31m[createMemory][39m Thomas Smith no longer sees Tree (481) at X: 47.72001, Y: 10.21 [60.460247]
[1693096980442] [31m[createMemory][39m Thomas Smith sees Stone Ore Deposit (Small) at X: 46.53, Y: 21.65. [61.00252]
[1693096980658] [31m[createMemory][39m Thomas Smith sees Stone Ore Deposit (Large) at X: 40.75, Y: 19.74. [61.20089]
[1693096980973] [31m[createMemory][39m Thomas Smith no longer sees Chest (1) at X: 50.52, Y: 14.5 [61.5211563]
[1693096981757] [31m[createMemory][39m Thomas Smith sees Stone Ore Deposit (Large) at X: 41.29, Y: 22.52. [62.3023949]
[1693096997179] [31m[createMemory][39m Thomas Smith sees Stone Ore Deposit (Small) at X: 42.53862, Y: 17.00157. [77.70069]
