[1693788911068] [Character] Creating Lucy
[1693788911771] [31m[createMemory][39m The feel of the axe in my hand is like an extension of myself. [0]
[1693788911771] [31m[createMemory][39m I remember the tallest tree I've ever felled, stood mighty for over a century. [0]
[1693788911771] [31m[createMemory][39m The forest whispers its secrets if you're patient enough to listen. [0]
[1693788911771] [31m[createMemory][39m The village depends on our timber, it's a responsibility I don't take lightly. [0]
[1693788911771] [31m[createMemory][39m Thomas once tried to chop wood, it was amusing to say the least. [0]
[1693788911771] [31m[createMemory][39m Nothing beats the smell of fresh-cut timber in the morning. [0]
[1693788911771] [31m[createMemory][39m I've carved symbols on some trees, marking special moments of my life. [0]
[1693788911771] [31m[createMemory][39m Will reminds me of when I was young, eager to learn and prove myself. [0]
[1693788911771] [31m[createMemory][39m I've saved more than a few animals stuck or hurt, the forest is their home. [0]
[1693788911771] [31m[createMemory][39m George and I have shared tales over campfires many nights. [0]
[1693788911771] [31m[createMemory][39m Rain or shine, the trees await and work must be done. [0]
[1693788911772] [31m[createMemory][39m I respect the forest, only taking what's necessary and planting twice as much. [0]
[1693788911772] [31m[createMemory][39m Every lumberjack has a favorite axe; mine's named 'Whisper'. [0]
[1693788911772] [31m[createMemory][39m The creaking sound a tree makes just before it falls is both eerie and beautiful. [0]
[1693788911772] [31m[createMemory][39m At times, the forest feels alive, watching, and I'm just a small part of its vast story. [0]
[1693788918855] [Character] Lucy created
[1693788944574] [31m[createMemory][39m Lucy Wilde sees Diamond Ore Deposit (Small) at X: 58.32, Y: 22.87. [0.0199999921]
[1693788944575] [31m[createMemory][39m Lucy Wilde sees Diamond Ore Deposit (Large) at X: 60.38, Y: 24.68. [0.0199999921]
[1693788944575] [31m[createMemory][39m Lucy Wilde sees Diamond Ore Deposit (Large) at X: 61.07, Y: 27.32. [0.0199999921]
[1693788944589] [31m[createMemory][39m Lucy Wilde sees Copper Ore Deposit (Medium) at X: 53.76, Y: 21.7. [0.0199999921]
[1693788944589] [31m[createMemory][39m Lucy Wilde sees Copper Ore Deposit (Medium) at X: 52.01, Y: 23.05. [0.0199999921]
[1693788944589] [31m[createMemory][39m Lucy Wilde sees Copper Ore Deposit (Large) at X: 50.38, Y: 26.11. [0.0199999921]
[1693788944589] [31m[createMemory][39m Lucy Wilde sees Copper Ore Deposit (Large) at X: 53.13, Y: 26.69. [0.0199999921]
[1693788944589] [31m[createMemory][39m Lucy Wilde sees Copper Ore Deposit (Medium) at X: 54.06, Y: 24.46. [0.0199999921]
[1693788944589] [31m[createMemory][39m Lucy Wilde sees Diamond Ore Deposit (Large) at X: 58.32, Y: 26.61. [0.0199999921]
[1693788944589] [31m[createMemory][39m Lucy Wilde sees Copper Ore Deposit (Small) at X: 57.1, Y: 24.45. [0.0199999921]
[1693788944589] [31m[createMemory][39m Lucy Wilde sees Copper Ore Deposit (Large) at X: 55.12, Y: 28.15. [0.0199999921]
