[1693097021392] [Character] Creating Thomas
[1693097021783] [31m[createMemory][39m I should be asleep until 7am. [0]
[1693097021783] [31m[createMemory][39m It's my job to protect the village. [0]
[1693097021783] [31m[createMemory][39m I need to make sure everyone is safe. [0]
[1693097021783] [31m[createMemory][39m I do the work that no one else wants to do. [0]
[1693097021783] [31m[createMemory][39m I try to be as honest as possible. [0]
[1693097021783] [31m[createMemory][39m I'm not afraid of anything. [0]
[1693097021783] [31m[createMemory][39m I go to bed at 10pm. [0]
[1693097021783] [31m[createMemory][39m I like strawberries. [0]
[1693097021783] [31m[createMemory][39m The village location is 2, -58. [0]
[1693097021783] [31m[createMemory][39m The mine site is at 51, 17. [0]
[1693097021783] [31m[createMemory][39m The lumberyard is at 72, -55.1 [0]
[1693097021783] [31m[createMemory][39m The campsite is at 7, -8.3 [0]
[1693097021783] [31m[createMemory][39m The Nume River flows through the village. [0]
[1693097021783] [31m[createMemory][39m Nume Falls are north of the village, and west of the campsite. [0]
[1693097021783] [31m[createMemory][39m The area is surrounded by forested monutains, filled with wildlife, rivers, and lakes. [0]
[1693097024369] [Character] Thomas created
[1693097335931] [31m[createMemory][39m Thomas Smith sees Tree at X: 52.41, Y: 11.03. [0.0199999921]
[1693097335931] [31m[createMemory][39m Thomas Smith sees Chest at X: 50.52, Y: 14.5. [0.0199999921]
[1693097335931] [31m[createMemory][39m Thomas Smith sees Tree at X: 50.77, Y: 9.22. [0.0199999921]
[1693097335931] [31m[createMemory][39m Thomas Smith sees Tree at X: 47.72001, Y: 10.21. [0.0199999921]
[1693097335931] [31m[createMemory][39m Thomas Smith sees Stone Ore Deposit (Small) at X: 45.73, Y: 15.31. [0.0199999921]
[1693097335931] [31m[createMemory][39m Thomas Smith sees Tree at X: 45.24001, Y: 10.2. [0.0199999921]
[1693097335931] [31m[createMemory][39m Thomas Smith sees Stone Ore Deposit (Medium) at X: 46.05, Y: 17.85. [0.0199999921]
[1693097373561] [31m[createMemory][39m Thomas Smith no longer sees Tree (486) at X: 52.41, Y: 11.03 [38.12263]
[1693097373565] [31m[createMemory][39m Thomas Smith no longer sees Tree (484) at X: 50.77, Y: 9.22 [38.14205]
[1693097373568] [31m[createMemory][39m Thomas Smith sees Stone Ore Deposit (Medium) at X: 42.53862, Y: 17.00157. [38.08095]
[1693097373658] [31m[createMemory][39m Thomas Smith sees Stone Ore Deposit (Small) at X: 47.58, Y: 19.17. [38.22125]
[1693097373852] [31m[createMemory][39m Thomas Smith sees Stone Ore Deposit (Small) at X: 41.33658, Y: 13.99647. [38.42161]
[1693097374165] [31m[createMemory][39m Thomas Smith sees Eli Green at X: 41.20406, Y: 14.52373. [38.7217331]
[1693097374980] [31m[createMemory][39m Thomas Smith no longer sees Chest (1) at X: 50.52, Y: 14.5 [39.5601578]
[1693097375144] [31m[createMemory][39m Thomas Smith no longer sees StoneOreSmall (5) at X: 47.58, Y: 19.17 [39.7200775]
[1693097375722] [31m[createMemory][39m Thomas Smith no longer sees Tree (481) at X: 47.72001, Y: 10.21 [40.3016434]
[1693097375790] [31m[createMemory][39m Thomas Smith sees Stone Ore Deposit (Small) at X: 38.24, Y: 15.93. [40.36132]
[1693097376190] [31m[createMemory][39m Thomas Smith sees Stone Ore Deposit (Large) at X: 40.75, Y: 19.74. [40.70108]
