[1691626516655] [Character] Creating Eli
[1691626517110] [31m[createMemory][39m I need to let Thomas know I'm going to explore. He's asked me in the past to let him know just in case I get hurt or lost. [0]
[1691626517111] [31m[createMemory][39m I once found a secret clearing in the woods, it's my personal hideout now. [0]
[1691626517111] [31m[createMemory][39m The world feels so big and full of wonders, I want to see them all! [0]
[1691626517111] [31m[createMemory][39m I saw a deer up close once, our eyes met and we just stared for a moment. [0]
[1691626517111] [31m[createMemory][39m Climbing trees is my favorite! The higher I go, the bigger the world looks. [0]
[1691626517111] [31m[createMemory][39m Lucy showed me how to listen to the forest, it's like it's telling stories. [0]
[1691626517111] [31m[createMemory][39m Every rock and leaf, every bird and bug, feels like a friend to me. [0]
[1691626517111] [31m[createMemory][39m I once got lost, but the stars guided me home. They're like nature's map! [0]
[1691626517111] [31m[createMemory][39m George tells me tales of old, turning every tree and hill into an adventure. [0]
[1691626517111] [31m[createMemory][39m I made a whistle out of a reed! Nature is full of surprises. [0]
[1691626517111] [31m[createMemory][39m The woods in autumn is my favorite. All those colors... like nature's painting! [0]
[1691626517111] [31m[createMemory][39m I wish I could talk to animals. Imagine the stories they'd tell! [0]
[1691626517111] [31m[createMemory][39m I've learned to move silently. That way, nature doesn’t hide from me. [0]
[1691626517111] [31m[createMemory][39m Lucy once said every tree has a story. I'm trying to learn them all. [0]
[1691626517111] [31m[createMemory][39m Rainy days? That's when the forest sings its loudest song! [0]
[1691626517111] [31m[createMemory][39m I dreamt I could fly like a bird, seeing the world from above. Maybe one day... [0]
[1691626517183] [getMemoryImportance] Getting importance for memory: I need to let Thomas know I'm going to explore. He's asked me in the past to let him know just in case I get hurt or lost.
[1691626517183] [getMemoryImportance] Getting importance for memory: I once found a secret clearing in the woods, it's my personal hideout now.
[1691626517183] [getMemoryImportance] Getting importance for memory: The world feels so big and full of wonders, I want to see them all!
[1691626517183] [getMemoryImportance] Getting importance for memory: I saw a deer up close once, our eyes met and we just stared for a moment.
[1691626517183] [getMemoryImportance] Getting importance for memory: Climbing trees is my favorite! The higher I go, the bigger the world looks.
[1691626517183] [getMemoryImportance] Getting importance for memory: Lucy showed me how to listen to the forest, it's like it's telling stories.
[1691626517183] [getMemoryImportance] Getting importance for memory: Every rock and leaf, every bird and bug, feels like a friend to me.
[1691626517183] [getMemoryImportance] Getting importance for memory: I once got lost, but the stars guided me home. They're like nature's map!
[1691626517184] [getMemoryImportance] Getting importance for memory: George tells me tales of old, turning every tree and hill into an adventure.
[1691626517184] [getMemoryImportance] Getting importance for memory: I made a whistle out of a reed! Nature is full of surprises.
[1691626517184] [getMemoryImportance] Getting importance for memory: The woods in autumn is my favorite. All those colors... like nature's painting!
[1691626517184] [getMemoryImportance] Getting importance for memory: I wish I could talk to animals. Imagine the stories they'd tell!
[1691626517185] [getMemoryImportance] Getting importance for memory: I've learned to move silently. That way, nature doesn’t hide from me.
[1691626517185] [getMemoryImportance] Getting importance for memory: Lucy once said every tree has a story. I'm trying to learn them all.
[1691626517185] [getMemoryImportance] Getting importance for memory: Rainy days? That's when the forest sings its loudest song!
[1691626517185] [getMemoryImportance] Getting importance for memory: I dreamt I could fly like a bird, seeing the world from above. Maybe one day...
[1691626517434] [getMemoryImportance] Importance: [object Object]
[1691626517452] [getMemoryImportance] Importance: [object Object]
[1691626517461] [getMemoryImportance] Importance: [object Object]
[1691626517463] [getMemoryImportance] Importance: [object Object]
[1691626517483] [getMemoryImportance] Importance: [object Object]
[1691626517485] [getMemoryImportance] Importance: [object Object]
[1691626517489] [getMemoryImportance] Importance: [object Object]
[1691626517489] [getMemoryImportance] Importance: [object Object]
[1691626517497] [getMemoryImportance] Importance: [object Object]
[1691626517497] [getMemoryImportance] Importance: [object Object]
[1691626517498] [getMemoryImportance] Importance: [object Object]
[1691626517504] [getMemoryImportance] Importance: [object Object]
[1691626517504] [getMemoryImportance] Importance: [object Object]
[1691626517550] [getMemoryImportance] Importance: [object Object]
[1691626517556] [getMemoryImportance] Importance: [object Object]
[1691626517588] [getMemoryImportance] Importance: [object Object]
[1691626519753] [Character] Eli created
[1691645680676] [31m[createMemory][39m Eli Green sees Coal Ore Deposit (Small) at X: 56.74, Y: 14.81. [0]
[1691645680676] [31m[createMemory][39m Eli Green sees Coal Ore Deposit (Medium) at X: 57.27, Y: 17.32. [0]
[1691645680677] [31m[createMemory][39m Eli Green sees Thomas Smith at X: 51.37, Y: 15.78. [0]
[1691645680677] [31m[createMemory][39m Eli Green sees Coal Ore Deposit (Small) at X: 54.64, Y: 16.97. [0]
[1691645680677] [31m[createMemory][39m Eli Green sees Copper Ore Deposit (Small) at X: 53.88, Y: 19.83. [0]
[1691645680677] [31m[createMemory][39m Eli Green sees Chest at X: 50.52, Y: 14.5. [0]
[1691645680677] [31m[createMemory][39m Eli Green sees Tree at X: 52.41, Y: 11.03. [0]
[1691645680677] [31m[createMemory][39m Eli Green sees Copper Ore Deposit (Small) at X: 50.43, Y: 20.71. [0]
[1691645680722] [getMemoryImportance] Getting importance for memory: Eli Green sees Coal Ore Deposit (Small) at X: 56.74, Y: 14.81.
[1691645680724] [getMemoryImportance] Getting importance for memory: Eli Green sees Coal Ore Deposit (Medium) at X: 57.27, Y: 17.32.
[1691645680724] [getMemoryImportance] Getting importance for memory: Eli Green sees Thomas Smith at X: 51.37, Y: 15.78.
[1691645680724] [getMemoryImportance] Getting importance for memory: Eli Green sees Coal Ore Deposit (Small) at X: 54.64, Y: 16.97.
[1691645680724] [getMemoryImportance] Getting importance for memory: Eli Green sees Copper Ore Deposit (Small) at X: 53.88, Y: 19.83.
[1691645680724] [getMemoryImportance] Getting importance for memory: Eli Green sees Chest at X: 50.52, Y: 14.5.
[1691645680724] [getMemoryImportance] Getting importance for memory: Eli Green sees Tree at X: 52.41, Y: 11.03.
[1691645680724] [getMemoryImportance] Getting importance for memory: Eli Green sees Copper Ore Deposit (Small) at X: 50.43, Y: 20.71.
[1691645680885] [getMemoryImportance] Importance: [object Object]
[1691645680897] [getMemoryImportance] Importance: [object Object]
[1691645680907] [getMemoryImportance] Importance: [object Object]
[1691645680925] [getMemoryImportance] Importance: [object Object]
[1691645680944] [getMemoryImportance] Importance: [object Object]
[1691645680953] [getMemoryImportance] Importance: [object Object]
[1691645680969] [getMemoryImportance] Importance: [object Object]
[1691645681029] [getMemoryImportance] Importance: [object Object]
[1691645682825] --- Prompt ---
[1691645682826] Character: 
- ID: A5
- Name: Eli Green
- Age: 12
- Occupation: Explorer
- Personality: Curious, Energetic, Kind-hearted

Location: 52.38, 15.4

Time: Day 0, 12:00 AM

Environment:
- Thomas Smith (Health: 25/25) [X: 51.37, Y: 15.78, Distance: 1.079122m]
- Chest (Health: 10/10) [X: 50.52, Y: 14.5, Distance: 2.066301m]
- Coal Ore Deposit (Small) (Health: 5/5) [X: 54.64, Y: 16.97, Distance: 2.751816m]
- Tree (Health: 10/10) [X: 52.41, Y: 11.03, Distance: 4.370103m]
- Coal Ore Deposit (Small) (Health: 5/5) [X: 56.74, Y: 14.81, Distance: 4.399739m]
- Copper Ore Deposit (Small) (Health: 5/5) [X: 53.88, Y: 19.83, Distance: 4.677062m]
- Coal Ore Deposit (Medium) (Health: 10/10) [X: 57.27, Y: 17.32, Distance: 5.253427m]
- Copper Ore Deposit (Small) (Health: 5/5) [X: 50.43, Y: 20.71, Distance: 5.65673m]
- Stone Ore Deposit (Small) (Health: 5/5) [X: 47.58, Y: 19.17, Distance: 6.103515m]
- Tree (Health: 10/10) [X: 50.77, Y: 9.22, Distance: 6.386274m]
- Copper Ore Deposit (Medium) (Health: 10/10) [X: 53.76, Y: 21.7, Distance: 6.449373m]
- Tree (Health: 10/10) [X: 53.93, Y: 9.11, Distance: 6.478163m]
- Stone Ore Deposit (Small) (Health: 5/5) [X: 45.73, Y: 15.31, Distance: 6.65061m]
- Stone Ore Deposit (Medium) (Health: 10/10) [X: 46.05, Y: 17.85, Distance: 6.787593m]
- Tree (Health: 10/10) [X: 47.72001, Y: 10.21, Distance: 6.975073m]
- Coal Ore Deposit (Small) (Health: 5/5) [X: 59.32, Y: 14.11, Distance: 7.058873m]
- Tree (Health: 10/10) [X: 57.55001, Y: 10.45, Distance: 7.157619m]
- Coal Ore Deposit (Medium) (Health: 10/10) [X: 59.9, Y: 16.03, Distance: 7.546344m]
- Coal Ore Deposit (Large) (Health: 20/20) [X: 58.91, Y: 19.37, Distance: 7.642107m]
- Copper Ore Deposit (Medium) (Health: 10/10) [X: 52.01, Y: 23.05, Distance: 7.658942m]
- Stone Ore Deposit (Small) (Health: 5/5) [X: 46.53, Y: 21.65, Distance: 8.560667m]
- Copper Ore Deposit (Small) (Health: 5/5) [X: 49.03, Y: 23.52, Distance: 8.783902m]

Inventory (3/10):
- Axe x 1
- Pickaxe x 1
- Sword x 1

Tasks:
[
  {
    "task": "Mine ore",
    "priority": 1
  },
  {
    "task": "Store extra materials in chest",
    "priority": 2
  },
  {
    "task": "Chop trees",
    "priority": 3
  }
]

Memories:
- I saw a deer up close once, our eyes met and we just stared for a moment. [just now]
- I once got lost, but the stars guided me home. They're like nature's map! [just now]
- The world feels so big and full of wonders, I want to see them all! [just now]
- I once found a secret clearing in the woods, it's my personal hideout now. [just now]
- George tells me tales of old, turning every tree and hill into an adventure. [just now]
- Every rock and leaf, every bird and bug, feels like a friend to me. [just now]
- Lucy showed me how to listen to the forest, it's like it's telling stories. [just now]
- I wish I could talk to animals. Imagine the stories they'd tell! [just now]
- Lucy once said every tree has a story. I'm trying to learn them all. [just now]
- I need to let Thomas know I'm going to explore. He's asked me in the past to let him know just in case I get hurt or lost. [just now]
- Eli Green sees Chest at X: 50.52, Y: 14.5. [just now]
- Eli Green sees Coal Ore Deposit (Medium) at X: 57.27, Y: 17.32. [just now]
- Eli Green sees Tree at X: 52.41, Y: 11.03. [just now]

Available Actions:
- move_to: Move to a target location
- drop_axe: Drop Axe onto the ground.
- drop_pickaxe: Drop Pickaxe onto the ground.
- drop_sword: Drop Sword onto the ground.
- start_conversation: Start a conversation with Thomas Smith (ID: A1).

Given the available information, update your task list. Take into consideration the time of day, environment, personality of the character, and more. Replace the entire JSON array by removing completed tasks, updating existing tasks with new information and priorities, and create new tasks based on the provided info. Keep the list as concise as possible. Remember focus on the time of day to adjust priorities.
[1691645699436] --- Response ---
[1691645699436] Updated Tasks: 
[1691645699436] [
  {
    "task": "Inform Thomas about the exploration",
    "priority": 1
  },
  {
    "task": "Mine coal ore at X: 54.64, Y: 16.97",
    "priority": 2
  },
  {
    "task": "Collect chest at X: 50.52, Y: 14.5",
    "priority": 3
  },
  {
    "task": "Chop tree at X: 52.41, Y: 11.03",
    "priority": 4
  },
  {
    "task": "Store extra materials in chest",
    "priority": 5
  },
  {
    "task": "Search for secret clearing seen in memory",
    "priority": 6
  }
]
