[1693095176734] [Character] Creating Thomas
[1693095177113] [31m[createMemory][39m I should be asleep until 7am. [0]
[1693095177113] [31m[createMemory][39m It's my job to protect the village. [0]
[1693095177114] [31m[createMemory][39m I need to make sure everyone is safe. [0]
[1693095177114] [31m[createMemory][39m I do the work that no one else wants to do. [0]
[1693095177114] [31m[createMemory][39m I try to be as honest as possible. [0]
[1693095177114] [31m[createMemory][39m I'm not afraid of anything. [0]
[1693095177114] [31m[createMemory][39m I go to bed at 10pm. [0]
[1693095177114] [31m[createMemory][39m I like strawberries. [0]
[1693095177114] [31m[createMemory][39m The village location is 2, -58. [0]
[1693095177114] [31m[createMemory][39m The mine site is at 51, 17. [0]
[1693095177114] [31m[createMemory][39m The lumberyard is at 72, -55.1 [0]
[1693095177114] [31m[createMemory][39m The campsite is at 7, -8.3 [0]
[1693095177114] [31m[createMemory][39m The Nume River flows through the village. [0]
[1693095177114] [31m[createMemory][39m Nume Falls are north of the village, and west of the campsite. [0]
[1693095177114] [31m[createMemory][39m The area is surrounded by forested monutains, filled with wildlife, rivers, and lakes. [0]
[1693095179860] [Character] Thomas created
[1693095187379] [31m[createMemory][39m Thomas Smith sees Tree at X: 52.41, Y: 11.03. [0]
[1693095187379] [31m[createMemory][39m Thomas Smith sees Chest at X: 50.52, Y: 14.5. [0]
[1693095187379] [31m[createMemory][39m Thomas Smith sees Tree at X: 50.77, Y: 9.22. [0]
[1693095187379] [31m[createMemory][39m Thomas Smith sees Tree at X: 47.72001, Y: 10.21. [0]
[1693095187379] [31m[createMemory][39m Thomas Smith sees Stone Ore Deposit (Small) at X: 45.73, Y: 15.31. [0]
[1693095187379] [31m[createMemory][39m Thomas Smith sees Tree at X: 45.24001, Y: 10.2. [0]
[1693095187379] [31m[createMemory][39m Thomas Smith sees Stone Ore Deposit (Medium) at X: 46.05, Y: 17.85. [0]
[1693095191173] [31m[createMemory][39m Thomas Smith sees Stone Ore Deposit (Small) at X: 47.58, Y: 19.17. [3.2827723]
[1693095191431] [31m[createMemory][39m Thomas Smith no longer sees Tree (484) at X: 50.77, Y: 9.22 [3.54129529]
[1693095191830] [31m[createMemory][39m Thomas Smith no longer sees Tree (486) at X: 52.41, Y: 11.03 [3.84173656]
[1693095191874] [31m[createMemory][39m Thomas Smith sees Stone Ore Deposit (Medium) at X: 42.53862, Y: 17.00157. [3.86187243]
[1693095192370] [31m[createMemory][39m Thomas Smith sees Stone Ore Deposit (Large) at X: 44.3, Y: 20.36. [4.48052835]
[1693095192535] [31m[createMemory][39m Thomas Smith sees Stone Ore Deposit (Small) at X: 41.33658, Y: 13.99647. [4.64503336]
[1693095193740] [31m[createMemory][39m Thomas Smith picked up Stone at X: 46.75251, Y: 15.01246 [5.849042]
[1693095194439] [31m[createMemory][39m Thomas Smith no longer sees StoneOreLarge (2) at X: 44.3, Y: 20.36 [6.500244]
[1693095195187] [31m[createMemory][39m Thomas Smith no longer sees StoneOreSmall (5) at X: 47.58, Y: 19.17 [7.301476]
[1693095195491] [31m[createMemory][39m Thomas Smith sees Tree at X: 50.77, Y: 9.22. [7.54221058]
[1693095195607] [31m[createMemory][39m Thomas Smith no longer sees StoneOreMedium at X: 42.53862, Y: 17.00157 [7.720247]
[1693095195874] [31m[createMemory][39m Thomas Smith no longer sees StoneOreSmall (3) at X: 41.33658, Y: 13.99647 [7.98071241]
[1693095196040] [31m[createMemory][39m Thomas Smith no longer sees StoneOreMedium (1) at X: 46.05, Y: 17.85 [8.06056]
[1693095196096] [31m[createMemory][39m Thomas Smith sees Tree at X: 52.41, Y: 11.03. [8.20144749]
[1693095196732] [31m[createMemory][39m Thomas Smith no longer sees Tree (486) at X: 52.41, Y: 11.03 [8.845612]
[1693095197038] [31m[createMemory][39m Thomas Smith no longer sees Chest (1) at X: 50.52, Y: 14.5 [9.08155251]
[1693095197069] [31m[createMemory][39m Thomas Smith sees Tree at X: 45.84, Y: 5.299999. [9.18171]
[1693095197092] [31m[createMemory][39m Thomas Smith sees Tree at X: 48.47, Y: 5.46. [9.20025349]
[1693095199039] [31m[createMemory][39m Thomas Smith sees Tree Stump at X: 45.24001, Y: 10.2. [11.1460314]
[1693095199165] [31m[createMemory][39m Thomas Smith picked up Wood at X: 46.33177, Y: 10.32175 [11.222167]
[1693095199496] [31m[createMemory][39m Thomas Smith no longer sees Tree (538) at X: 48.47, Y: 5.46 [11.6010389]
[1693095199520] [31m[createMemory][39m Thomas Smith no longer sees Tree (467) at X: 45.84, Y: 5.299999 [11.6223583]
[1693095199725] [31m[createMemory][39m Thomas Smith sees Chest at X: 50.52, Y: 14.5. [11.7401037]
[1693095199844] [31m[createMemory][39m Thomas Smith sees Stone Ore Deposit (Small) at X: 41.33658, Y: 13.99647. [11.92115]
[1693095200315] [31m[createMemory][39m Thomas Smith no longer sees Chest (1) at X: 50.52, Y: 14.5 [12.4217491]
[1693095200411] [31m[createMemory][39m Thomas Smith no longer sees Tree (484) at X: 50.77, Y: 9.22 [12.5202866]
[1693095201257] [31m[createMemory][39m Thomas Smith sees Stone Ore Deposit (Medium) at X: 42.53862, Y: 17.00157. [13.1420708]
[1693095201297] [31m[createMemory][39m Thomas Smith sees Eli Green at X: 39.08, Y: 10. [13.4021406]
[1693095202367] [31m[createMemory][39m Thomas Smith no longer sees Tree (481) at X: 47.72001, Y: 10.21 [14.4817181]
[1693095202434] [31m[createMemory][39m Thomas Smith sees Stone Ore Deposit (Small) at X: 38.24, Y: 15.93. [14.5400391]
[1693095202568] [31m[createMemory][39m Thomas Smith no longer sees StoneOreMedium at X: 42.53862, Y: 17.00157 [14.681551]
[1693095202657] [31m[createMemory][39m Thomas Smith no longer sees StoneOreSmall (6) at X: 38.24, Y: 15.93 [14.7617922]
[1693095202932] [31m[createMemory][39m Thomas Smith sees Tree at X: 42.12, Y: 5.77. [15.0447483]
