[1693112007974] [Character] Creating Thomas
[1693112008324] [31m[createMemory][39m I should be asleep until 7am. [0]
[1693112008324] [31m[createMemory][39m It's my job to protect the village. [0]
[1693112008324] [31m[createMemory][39m I need to make sure everyone is safe. [0]
[1693112008324] [31m[createMemory][39m I do the work that no one else wants to do. [0]
[1693112008324] [31m[createMemory][39m I try to be as honest as possible. [0]
[1693112008324] [31m[createMemory][39m I'm not afraid of anything. [0]
[1693112008324] [31m[createMemory][39m I go to bed at 10pm. [0]
[1693112008324] [31m[createMemory][39m I like strawberries. [0]
[1693112008324] [31m[createMemory][39m The village location is 2, -58. [0]
[1693112008324] [31m[createMemory][39m The mine site is at 51, 17. [0]
[1693112008324] [31m[createMemory][39m The lumberyard is at 72, -55.1 [0]
[1693112008324] [31m[createMemory][39m The campsite is at 7, -8.3 [0]
[1693112008324] [31m[createMemory][39m The Nume River flows through the village. [0]
[1693112008324] [31m[createMemory][39m Nume Falls are north of the village, and west of the campsite. [0]
[1693112008324] [31m[createMemory][39m The area is surrounded by forested monutains, filled with wildlife, rivers, and lakes. [0]
[1693112010659] [Character] Thomas created
[1693112061980] [31m[createMemory][39m Thomas Smith sees Tree at X: 52.41, Y: 11.03. [0]
[1693112061980] [31m[createMemory][39m Thomas Smith sees Chest at X: 50.52, Y: 14.5. [0]
[1693112061982] [31m[createMemory][39m Thomas Smith sees Tree at X: 50.77, Y: 9.22. [0]
[1693112061991] [31m[createMemory][39m Thomas Smith sees Stone Ore Deposit (Small) at X: 45.73, Y: 15.31. [0]
[1693112062005] [31m[createMemory][39m Thomas Smith sees Tree at X: 47.72001, Y: 10.21. [0]
[1693112062005] [31m[createMemory][39m Thomas Smith sees Tree at X: 45.24001, Y: 10.2. [0]
[1693112062009] [31m[createMemory][39m Thomas Smith sees Stone Ore Deposit (Medium) at X: 46.05, Y: 17.85. [0]
[1693112066172] [31m[createMemory][39m Thomas Smith sees Stone Ore Deposit (Medium) at X: 42.53862, Y: 17.00157. [3.42230654]
[1693112066247] [31m[createMemory][39m Thomas Smith no longer sees Tree (486) at X: 52.41, Y: 11.03 [3.46218]
[1693112066259] [31m[createMemory][39m Thomas Smith no longer sees Tree (484) at X: 50.77, Y: 9.22 [3.48149681]
[1693112066449] [31m[createMemory][39m Thomas Smith sees Stone Ore Deposit (Small) at X: 41.33658, Y: 13.99647. [3.70019746]
[1693112067495] [31m[createMemory][39m Thomas Smith no longer sees Chest (1) at X: 50.52, Y: 14.5 [4.740394]
[1693112068652] [31m[createMemory][39m Thomas Smith sees Eli Green at X: 39.08, Y: 10. [5.90188932]
[1693112068709] [31m[createMemory][39m Thomas Smith no longer sees StoneOreMedium (1) at X: 46.05, Y: 17.85 [5.96007633]
[1693112069573] [31m[createMemory][39m Thomas Smith no longer sees Tree (481) at X: 47.72001, Y: 10.21 [6.822045]
[1693112069771] [31m[createMemory][39m Thomas Smith no longer sees StoneOreMedium at X: 42.53862, Y: 17.00157 [7.021236]
[1693112069968] [31m[createMemory][39m Thomas Smith no longer sees StoneOreSmall (4) at X: 45.73, Y: 15.31 [7.220565]
[1693112070149] [31m[createMemory][39m Thomas Smith sees Tree at X: 42.12, Y: 5.77. [7.401487]
