[1693097893869] [Character] Creating Thomas
[1693097894065] [31m[createMemory][39m I should be asleep until 7am. [0]
[1693097894065] [31m[createMemory][39m It's my job to protect the village. [0]
[1693097894066] [31m[createMemory][39m I need to make sure everyone is safe. [0]
[1693097894066] [31m[createMemory][39m I do the work that no one else wants to do. [0]
[1693097894068] [31m[createMemory][39m I try to be as honest as possible. [0]
[1693097894068] [31m[createMemory][39m I'm not afraid of anything. [0]
[1693097894069] [31m[createMemory][39m I go to bed at 10pm. [0]
[1693097894069] [31m[createMemory][39m I like strawberries. [0]
[1693097894069] [31m[createMemory][39m The village location is 2, -58. [0]
[1693097894069] [31m[createMemory][39m The mine site is at 51, 17. [0]
[1693097894069] [31m[createMemory][39m The lumberyard is at 72, -55.1 [0]
[1693097894069] [31m[createMemory][39m The campsite is at 7, -8.3 [0]
[1693097894069] [31m[createMemory][39m The Nume River flows through the village. [0]
[1693097894069] [31m[createMemory][39m Nume Falls are north of the village, and west of the campsite. [0]
[1693097894069] [31m[createMemory][39m The area is surrounded by forested monutains, filled with wildlife, rivers, and lakes. [0]
[1693097896718] [Character] Thomas created
[1693097982363] [31m[createMemory][39m Thomas Smith sees Tree at X: 52.41, Y: 11.03. [0]
[1693097982363] [31m[createMemory][39m Thomas Smith sees Chest at X: 50.52, Y: 14.5. [0]
[1693097982363] [31m[createMemory][39m Thomas Smith sees Tree at X: 50.77, Y: 9.22. [0]
[1693097982363] [31m[createMemory][39m Thomas Smith sees Tree at X: 47.72001, Y: 10.21. [0]
[1693097982363] [31m[createMemory][39m Thomas Smith sees Stone Ore Deposit (Small) at X: 45.73, Y: 15.31. [0]
[1693097982363] [31m[createMemory][39m Thomas Smith sees Tree at X: 45.24001, Y: 10.2. [0]
[1693097982363] [31m[createMemory][39m Thomas Smith sees Stone Ore Deposit (Medium) at X: 46.05, Y: 17.85. [0]
[1693098044568] [31m[createMemory][39m Thomas Smith sees Stone Ore Deposit (Small) at X: 47.58, Y: 19.17. [60.32157]
[1693098044940] [31m[createMemory][39m Thomas Smith no longer sees Tree (484) at X: 50.77, Y: 9.22 [60.6804161]
[1693098045235] [31m[createMemory][39m Thomas Smith no longer sees Tree (486) at X: 52.41, Y: 11.03 [60.98151]
[1693098045247] [31m[createMemory][39m Thomas Smith sees Stone Ore Deposit (Medium) at X: 42.53862, Y: 17.00157. [60.98151]
[1693098045779] [31m[createMemory][39m Thomas Smith sees Eli Green at X: 42.38593, Y: 17.51843. [61.52028]
[1693098045826] [31m[createMemory][39m Thomas Smith sees Stone Ore Deposit (Large) at X: 44.3, Y: 20.36. [61.5808525]
[1693098047141] [31m[createMemory][39m Thomas Smith picked up Stone at X: 46.68702, Y: 15.11292 [62.88038]
[1693098049273] [31m[createMemory][39m Thomas Smith no longer sees Tree (481) at X: 47.72001, Y: 10.21 [65.02057]
[1693098049625] [31m[createMemory][39m Thomas Smith no longer sees Tree (479) at X: 45.24001, Y: 10.2 [65.38174]
[1693098049688] [31m[createMemory][39m Thomas Smith no longer sees Chest (1) at X: 50.52, Y: 14.5 [65.4406]
[1693098049733] [31m[createMemory][39m Thomas Smith sees Stone Ore Deposit (Large) at X: 40.75, Y: 19.74. [65.48054]
[1693098050492] [31m[createMemory][39m Thomas Smith sees Stone Ore Deposit (Small) at X: 46.53, Y: 21.65. [66.24139]
