[1693027815749] [Character] Creating Thomas
[1693027816081] [31m[createMemory][39m I should be asleep until 7am. [0]
[1693027816081] [31m[createMemory][39m It's my job to protect the village. [0]
[1693027816081] [31m[createMemory][39m I need to make sure everyone is safe. [0]
[1693027816081] [31m[createMemory][39m I do the work that no one else wants to do. [0]
[1693027816081] [31m[createMemory][39m I try to be as honest as possible. [0]
[1693027816082] [31m[createMemory][39m I'm not afraid of anything. [0]
[1693027816082] [31m[createMemory][39m I go to bed at 10pm. [0]
[1693027816082] [31m[createMemory][39m I like strawberries. [0]
[1693027816082] [31m[createMemory][39m The village location is 2, -58. [0]
[1693027816082] [31m[createMemory][39m The mine site is at 51, 17. [0]
[1693027816082] [31m[createMemory][39m The lumberyard is at 72, -55.1 [0]
[1693027816082] [31m[createMemory][39m The campsite is at 7, -8.3 [0]
[1693027816082] [31m[createMemory][39m The Nume River flows through the village. [0]
[1693027816082] [31m[createMemory][39m Nume Falls are north of the village, and west of the campsite. [0]
[1693027816082] [31m[createMemory][39m The area is surrounded by forested monutains, filled with wildlife, rivers, and lakes. [0]
[1693027818245] [Character] Thomas created
[1693027834463] [31m[createMemory][39m Thomas Smith sees Stone Ore Deposit (Small) at X: 45.73, Y: 15.31. [0]
[1693027834468] [31m[createMemory][39m Thomas Smith sees Tree at X: 45.24001, Y: 10.2. [0]
[1693027834471] [31m[createMemory][39m Thomas Smith sees Tree at X: 52.41, Y: 11.03. [0]
[1693027834472] [31m[createMemory][39m Thomas Smith sees Tree at X: 50.77, Y: 9.22. [0]
[1693027834472] [31m[createMemory][39m Thomas Smith sees Tree at X: 47.72001, Y: 10.21. [0]
[1693027834476] [31m[createMemory][39m Thomas Smith sees Chest at X: 50.52, Y: 14.5. [0]
[1693027834478] [31m[createMemory][39m Thomas Smith sees Stone Ore Deposit (Medium) at X: 46.05, Y: 17.85. [0]
[1693027836565] [31m[createMemory][39m Thomas Smith sees Stone Ore Deposit (Medium) at X: 42.53862, Y: 17.00157. [1.60524046]
[1693027836578] [31m[createMemory][39m Thomas Smith no longer sees Tree (486) at X: 52.41, Y: 11.03 [1.64108765]
[1693027836633] [31m[createMemory][39m Thomas Smith no longer sees Tree (484) at X: 50.77, Y: 9.22 [1.67914939]
[1693027837431] [31m[createMemory][39m Thomas Smith sees Stone Ore Deposit (Small) at X: 41.33658, Y: 13.99647. [2.50131059]
[1693027838470] [31m[createMemory][39m Thomas Smith no longer sees Chest (1) at X: 50.52, Y: 14.5 [3.54107523]
[1693027839648] [31m[createMemory][39m Thomas Smith sees Eli Green at X: 39.08, Y: 10. [4.72000647]
[1693027839732] [31m[createMemory][39m Thomas Smith no longer sees StoneOreMedium (1) at X: 46.05, Y: 17.85 [4.801341]
[1693027839970] [31m[createMemory][39m Thomas Smith sees Stone Ore Deposit (Small) at X: 38.24, Y: 15.93. [5.040486]
[1693027840492] [31m[createMemory][39m Thomas Smith no longer sees Tree (481) at X: 47.72001, Y: 10.21 [5.56043]
[1693027840811] [31m[createMemory][39m Thomas Smith no longer sees StoneOreMedium at X: 42.53862, Y: 17.00157 [5.88037539]
[1693027840948] [31m[createMemory][39m Thomas Smith no longer sees StoneOreSmall (6) at X: 38.24, Y: 15.93 [6.02126169]
[1693027840973] [31m[createMemory][39m Thomas Smith no longer sees StoneOreSmall (4) at X: 45.73, Y: 15.31 [6.041746]
[1693027841192] [31m[createMemory][39m Thomas Smith sees Tree at X: 42.12, Y: 5.77. [6.26184273]
