[1693479907624] [Character] Creating Thomas
[1693479907778] [31m[createMemory][39m I should be asleep until 7am. [0]
[1693479907779] [31m[createMemory][39m It's my job to protect the village. [0]
[1693479907779] [31m[createMemory][39m I need to make sure everyone is safe. [0]
[1693479907779] [31m[createMemory][39m I do the work that no one else wants to do. [0]
[1693479907779] [31m[createMemory][39m I try to be as honest as possible. [0]
[1693479907779] [31m[createMemory][39m I'm not afraid of anything. [0]
[1693479907780] [31m[createMemory][39m I go to bed at 10pm. [0]
[1693479907780] [31m[createMemory][39m I like strawberries. [0]
[1693479907780] [31m[createMemory][39m The village location is 2, -58. [0]
[1693479907780] [31m[createMemory][39m The mine site is at 51, 17. [0]
[1693479907780] [31m[createMemory][39m The lumberyard is at 72, -55.1 [0]
[1693479907780] [31m[createMemory][39m The campsite is at 7, -8.3 [0]
[1693479907780] [31m[createMemory][39m The Nume River flows through the village. [0]
[1693479907780] [31m[createMemory][39m Nume Falls are north of the village, and west of the campsite. [0]
[1693479907780] [31m[createMemory][39m The area is surrounded by forested monutains, filled with wildlife, rivers, and lakes. [0]
[1693480081414] [31m[createMemory][39m Thomas Smith picked up Stone at X: 44.22454, Y: 17.4353 [119.0605]
[1693480197313] [35m[CORTEX] Thomas Smith - Prior Message: [39mMr. Smith, I know a great place where we can find some dry branches for your fire. We will need to venture a little deeper into the forest but don't worry, I've explored these parts a dozen times. Ready for an adventure?
[1693480197313] [35m[CORTEX] Thomas Smith - Patience: [39m100
[1693480197313] [35m[CORTEX] Thomas Smith - Conversation Goal: [39mfiguring out why Eli Green started a conversation with them.
[1693480197313] [35m[CORTEX] Thomas Smith - Conversation Finished: [39mfalse
