[1693033276747] [Character] Creating Thomas
[1693033276912] [31m[createMemory][39m I should be asleep until 7am. [0]
[1693033276913] [31m[createMemory][39m It's my job to protect the village. [0]
[1693033276913] [31m[createMemory][39m I need to make sure everyone is safe. [0]
[1693033276913] [31m[createMemory][39m I do the work that no one else wants to do. [0]
[1693033276913] [31m[createMemory][39m I try to be as honest as possible. [0]
[1693033276914] [31m[createMemory][39m I'm not afraid of anything. [0]
[1693033276914] [31m[createMemory][39m I go to bed at 10pm. [0]
[1693033276914] [31m[createMemory][39m I like strawberries. [0]
[1693033276914] [31m[createMemory][39m The village location is 2, -58. [0]
[1693033276915] [31m[createMemory][39m The mine site is at 51, 17. [0]
[1693033276915] [31m[createMemory][39m The lumberyard is at 72, -55.1 [0]
[1693033276915] [31m[createMemory][39m The campsite is at 7, -8.3 [0]
[1693033276915] [31m[createMemory][39m The Nume River flows through the village. [0]
[1693033276915] [31m[createMemory][39m Nume Falls are north of the village, and west of the campsite. [0]
[1693033276915] [31m[createMemory][39m The area is surrounded by forested monutains, filled with wildlife, rivers, and lakes. [0]
[1693033279427] [Character] Thomas created
[1693033290668] [31m[createMemory][39m Thomas Smith sees Stone Ore Deposit (Medium) at X: 46.05, Y: 17.85. [0]
[1693033290669] [31m[createMemory][39m Thomas Smith sees Tree at X: 52.41, Y: 11.03. [0]
[1693033290672] [31m[createMemory][39m Thomas Smith sees Chest at X: 50.52, Y: 14.5. [0]
[1693033290674] [31m[createMemory][39m Thomas Smith sees Tree at X: 50.77, Y: 9.22. [0]
[1693033290674] [31m[createMemory][39m Thomas Smith sees Tree at X: 47.72001, Y: 10.21. [0]
[1693033290676] [31m[createMemory][39m Thomas Smith sees Stone Ore Deposit (Small) at X: 45.73, Y: 15.31. [0]
[1693033290676] [31m[createMemory][39m Thomas Smith sees Tree at X: 45.24001, Y: 10.2. [0]
[1693033297050] [31m[createMemory][39m Thomas Smith sees Stone Ore Deposit (Medium) at X: 42.53862, Y: 17.00157. [5.721738]
[1693033297068] [31m[createMemory][39m Thomas Smith no longer sees Tree (486) at X: 52.41, Y: 11.03 [5.76203442]
[1693033297082] [31m[createMemory][39m Thomas Smith no longer sees Tree (484) at X: 50.77, Y: 9.22 [5.783258]
[1693033297244] [31m[createMemory][39m Thomas Smith sees Stone Ore Deposit (Small) at X: 41.33658, Y: 13.99647. [6.00055552]
[1693033298285] [31m[createMemory][39m Thomas Smith no longer sees Chest (1) at X: 50.52, Y: 14.5 [7.04015827]
[1693033299444] [31m[createMemory][39m Thomas Smith sees Eli Green at X: 39.08, Y: 10. [8.201856]
[1693033299523] [31m[createMemory][39m Thomas Smith no longer sees StoneOreMedium (1) at X: 46.05, Y: 17.85 [8.280548]
[1693033300005] [31m[createMemory][39m Thomas Smith sees Stone Ore Deposit (Small) at X: 38.24, Y: 15.93. [8.760764]
[1693033300339] [31m[createMemory][39m Thomas Smith no longer sees Tree (481) at X: 47.72001, Y: 10.21 [9.100529]
[1693033300540] [31m[createMemory][39m Thomas Smith no longer sees StoneOreSmall (6) at X: 38.24, Y: 15.93 [9.301414]
[1693033300588] [31m[createMemory][39m Thomas Smith no longer sees StoneOreMedium at X: 42.53862, Y: 17.00157 [9.340006]
[1693033300765] [31m[createMemory][39m Thomas Smith no longer sees StoneOreSmall (4) at X: 45.73, Y: 15.31 [9.521435]
[1693033300964] [31m[createMemory][39m Thomas Smith sees Tree at X: 42.12, Y: 5.77. [9.720361]
[1693033341554] [31m[createMemory][39m Thomas Smith sees Tree at X: 52.41, Y: 11.03. [0]
[1693033341589] [31m[createMemory][39m Thomas Smith sees Chest at X: 50.52, Y: 14.5. [0]
[1693033341657] [31m[createMemory][39m Thomas Smith sees Tree at X: 50.77, Y: 9.22. [0]
[1693033341657] [31m[createMemory][39m Thomas Smith sees Tree at X: 47.72001, Y: 10.21. [0]
[1693033341657] [31m[createMemory][39m Thomas Smith sees Stone Ore Deposit (Small) at X: 45.73, Y: 15.31. [0]
[1693033341658] [31m[createMemory][39m Thomas Smith sees Tree at X: 45.24001, Y: 10.2. [0]
[1693033341658] [31m[createMemory][39m Thomas Smith sees Stone Ore Deposit (Medium) at X: 46.05, Y: 17.85. [0]
[1693033346362] [31m[createMemory][39m Thomas Smith sees Stone Ore Deposit (Medium) at X: 42.53862, Y: 17.00157. [4.20350552]
[1693033346367] [31m[createMemory][39m Thomas Smith no longer sees Tree (486) at X: 52.41, Y: 11.03 [4.24248457]
[1693033346416] [31m[createMemory][39m Thomas Smith no longer sees Tree (484) at X: 50.77, Y: 9.22 [4.260762]
[1693033346623] [31m[createMemory][39m Thomas Smith sees Stone Ore Deposit (Small) at X: 41.33658, Y: 13.99647. [4.50057554]
[1693033347672] [31m[createMemory][39m Thomas Smith no longer sees Chest (1) at X: 50.52, Y: 14.5 [5.541547]
[1693033348879] [31m[createMemory][39m Thomas Smith sees Eli Green at X: 39.08, Y: 10. [6.74130726]
[1693033348972] [31m[createMemory][39m Thomas Smith no longer sees StoneOreMedium (1) at X: 46.05, Y: 17.85 [6.843058]
[1693033349074] [31m[createMemory][39m Thomas Smith sees Stone Ore Deposit (Small) at X: 38.24, Y: 15.93. [6.94091129]
[1693033349671] [31m[createMemory][39m Thomas Smith no longer sees Tree (481) at X: 47.72001, Y: 10.21 [7.545012]
[1693033350069] [31m[createMemory][39m Thomas Smith no longer sees StoneOreMedium at X: 42.53862, Y: 17.00157 [7.94241571]
[1693033350185] [31m[createMemory][39m Thomas Smith no longer sees StoneOreSmall (4) at X: 45.73, Y: 15.31 [8.060059]
[1693033350335] [31m[createMemory][39m Thomas Smith no longer sees StoneOreSmall (6) at X: 38.24, Y: 15.93 [8.200563]
[1693033350445] [31m[createMemory][39m Thomas Smith sees Tree at X: 42.12, Y: 5.77. [8.32099]
