[1693094374628] [Character] Creating Thomas
[1693094374797] [31m[createMemory][39m I should be asleep until 7am. [0]
[1693094374798] [31m[createMemory][39m It's my job to protect the village. [0]
[1693094374798] [31m[createMemory][39m I need to make sure everyone is safe. [0]
[1693094374798] [31m[createMemory][39m I do the work that no one else wants to do. [0]
[1693094374799] [31m[createMemory][39m I try to be as honest as possible. [0]
[1693094374799] [31m[createMemory][39m I'm not afraid of anything. [0]
[1693094374799] [31m[createMemory][39m I go to bed at 10pm. [0]
[1693094374799] [31m[createMemory][39m I like strawberries. [0]
[1693094374799] [31m[createMemory][39m The village location is 2, -58. [0]
[1693094374799] [31m[createMemory][39m The mine site is at 51, 17. [0]
[1693094374799] [31m[createMemory][39m The lumberyard is at 72, -55.1 [0]
[1693094374800] [31m[createMemory][39m The campsite is at 7, -8.3 [0]
[1693094374800] [31m[createMemory][39m The Nume River flows through the village. [0]
[1693094374800] [31m[createMemory][39m Nume Falls are north of the village, and west of the campsite. [0]
[1693094374800] [31m[createMemory][39m The area is surrounded by forested monutains, filled with wildlife, rivers, and lakes. [0]
[1693094377747] [Character] Thomas created
[1693094384907] [31m[createMemory][39m Thomas Smith sees Stone Ore Deposit (Small) at X: 45.73, Y: 15.31. [0]
[1693094384909] [31m[createMemory][39m Thomas Smith sees Tree at X: 45.24001, Y: 10.2. [0]
[1693094384909] [31m[createMemory][39m Thomas Smith sees Stone Ore Deposit (Medium) at X: 46.05, Y: 17.85. [0]
[1693094384917] [31m[createMemory][39m Thomas Smith sees Tree at X: 52.41, Y: 11.03. [0]
[1693094384917] [31m[createMemory][39m Thomas Smith sees Chest at X: 50.52, Y: 14.5. [0]
[1693094384917] [31m[createMemory][39m Thomas Smith sees Tree at X: 50.77, Y: 9.22. [0]
[1693094384917] [31m[createMemory][39m Thomas Smith sees Tree at X: 47.72001, Y: 10.21. [0]
[1693094387512] [31m[createMemory][39m Thomas Smith sees Stone Ore Deposit (Small) at X: 47.58, Y: 19.17. [2.14037]
[1693094387653] [31m[createMemory][39m Thomas Smith no longer sees Tree (484) at X: 50.77, Y: 9.22 [2.40171719]
[1693094388085] [31m[createMemory][39m Thomas Smith no longer sees Tree (486) at X: 52.41, Y: 11.03 [2.7441535]
[1693094388085] [31m[createMemory][39m Thomas Smith sees Stone Ore Deposit (Medium) at X: 42.53862, Y: 17.00157. [2.78185964]
[1693094388525] [31m[createMemory][39m Thomas Smith no longer sees Tree (479) at X: 45.24001, Y: 10.2 [3.24268842]
[1693094388551] [31m[createMemory][39m Thomas Smith sees Stone Ore Deposit (Large) at X: 44.3, Y: 20.36. [3.300292]
[1693094388557] [31m[createMemory][39m Thomas Smith sees Tree at X: 45.24001, Y: 10.2. [3.342465]
[1693094389751] [31m[createMemory][39m Thomas Smith no longer sees StoneOreLarge (2) at X: 44.3, Y: 20.36 [4.56250525]
[1693094390678] [31m[createMemory][39m Thomas Smith no longer sees StoneOreSmall (5) at X: 47.58, Y: 19.17 [5.463166]
[1693094390749] [31m[createMemory][39m Thomas Smith sees Tree at X: 50.77, Y: 9.22. [5.540122]
[1693094390888] [31m[createMemory][39m Thomas Smith no longer sees StoneOreMedium at X: 42.53862, Y: 17.00157 [5.70636368]
[1693094390927] [31m[createMemory][39m Thomas Smith sees Tree at X: 52.41, Y: 11.03. [5.7403903]
[1693094391382] [31m[createMemory][39m Thomas Smith no longer sees StoneOreMedium (1) at X: 46.05, Y: 17.85 [6.201738]
[1693094392217] [31m[createMemory][39m Thomas Smith no longer sees Tree (486) at X: 52.41, Y: 11.03 [7.02141953]
[1693094392491] [31m[createMemory][39m Thomas Smith no longer sees Chest (1) at X: 50.52, Y: 14.5 [7.281305]
[1693094392561] [31m[createMemory][39m Thomas Smith sees Tree at X: 50.12, Y: 6.280001. [7.38021851]
[1693094392564] [31m[createMemory][39m Thomas Smith sees Tree at X: 48.47, Y: 5.46. [7.38021851]
[1693094392565] [31m[createMemory][39m Thomas Smith sees Tree at X: 45.84, Y: 5.299999. [7.361708]
[1693094394508] [31m[createMemory][39m Thomas Smith sees Tree Stump at X: 45.24001, Y: 10.2. [9.323331]
[1693094395027] [31m[createMemory][39m Thomas Smith no longer sees Tree (538) at X: 48.47, Y: 5.46 [9.840838]
[1693094395028] [31m[createMemory][39m Thomas Smith no longer sees Tree (533) at X: 50.12, Y: 6.280001 [9.840838]
[1693094395046] [31m[createMemory][39m Thomas Smith no longer sees Tree (467) at X: 45.84, Y: 5.299999 [9.860848]
[1693094395119] [31m[createMemory][39m Thomas Smith sees Chest at X: 50.52, Y: 14.5. [9.940368]
[1693094395371] [31m[createMemory][39m Thomas Smith sees Stone Ore Deposit (Small) at X: 41.33658, Y: 13.99647. [10.1802216]
[1693094395920] [31m[createMemory][39m Thomas Smith no longer sees Chest (1) at X: 50.52, Y: 14.5 [10.6017447]
[1693094395926] [31m[createMemory][39m Thomas Smith no longer sees Tree (484) at X: 50.77, Y: 9.22 [10.7404594]
[1693094395971] [31m[createMemory][39m Thomas Smith picked up Wood at X: 45.48603, Y: 11.36647 [10.7404594]
[1693094403754] [31m[createMemory][39m Thomas Smith dropped Wood at X: 44.40103, Y: 11.36647 [18.5501423]
[1693094404325] [31m[createMemory][39m Thomas Smith sees Eli Green at X: 39.08, Y: 10. [19.1020412]
[1693094404328] [31m[createMemory][39m Thomas Smith sees Stone Ore Deposit (Medium) at X: 42.53862, Y: 17.00157. [19.1020412]
[1693094429529] [31m[createMemory][39m Thomas Smith sees Stone Ore Deposit (Medium) at X: 46.05, Y: 17.85. [44.3418]
[1693094429529] [31m[createMemory][39m Thomas Smith sees Stone Ore Deposit (Small) at X: 38.24, Y: 15.93. [44.3418]
[1693094429845] [31m[createMemory][39m Thomas Smith no longer sees Tree (481) at X: 47.72001, Y: 10.21 [44.6604424]
