[1693029005051] [Character] Creating Thomas
[1693029005434] [31m[createMemory][39m I should be asleep until 7am. [0]
[1693029005434] [31m[createMemory][39m It's my job to protect the village. [0]
[1693029005435] [31m[createMemory][39m I need to make sure everyone is safe. [0]
[1693029005435] [31m[createMemory][39m I do the work that no one else wants to do. [0]
[1693029005435] [31m[createMemory][39m I try to be as honest as possible. [0]
[1693029005435] [31m[createMemory][39m I'm not afraid of anything. [0]
[1693029005435] [31m[createMemory][39m I go to bed at 10pm. [0]
[1693029005435] [31m[createMemory][39m I like strawberries. [0]
[1693029005435] [31m[createMemory][39m The village location is 2, -58. [0]
[1693029005435] [31m[createMemory][39m The mine site is at 51, 17. [0]
[1693029005435] [31m[createMemory][39m The lumberyard is at 72, -55.1 [0]
[1693029005435] [31m[createMemory][39m The campsite is at 7, -8.3 [0]
[1693029005435] [31m[createMemory][39m The Nume River flows through the village. [0]
[1693029005435] [31m[createMemory][39m Nume Falls are north of the village, and west of the campsite. [0]
[1693029005436] [31m[createMemory][39m The area is surrounded by forested monutains, filled with wildlife, rivers, and lakes. [0]
[1693029007957] [Character] Thomas created
[1693029038923] [31m[createMemory][39m Thomas Smith sees Tree at X: 52.41, Y: 11.03. [0.0199999921]
[1693029038923] [31m[createMemory][39m Thomas Smith sees Chest at X: 50.52, Y: 14.5. [0.0199999921]
[1693029038923] [31m[createMemory][39m Thomas Smith sees Tree at X: 50.77, Y: 9.22. [0.0199999921]
[1693029038923] [31m[createMemory][39m Thomas Smith sees Tree at X: 47.72001, Y: 10.21. [0.0199999921]
[1693029038923] [31m[createMemory][39m Thomas Smith sees Stone Ore Deposit (Small) at X: 45.73, Y: 15.31. [0.0199999921]
[1693029038923] [31m[createMemory][39m Thomas Smith sees Tree at X: 45.24001, Y: 10.2. [0.0199999921]
[1693029038923] [31m[createMemory][39m Thomas Smith sees Stone Ore Deposit (Medium) at X: 46.05, Y: 17.85. [0.0199999921]
[1693029042116] [31m[createMemory][39m Thomas Smith sees Stone Ore Deposit (Medium) at X: 42.53862, Y: 17.00157. [3.26665449]
[1693029042145] [31m[createMemory][39m Thomas Smith no longer sees Tree (486) at X: 52.41, Y: 11.03 [3.30048561]
[1693029042155] [31m[createMemory][39m Thomas Smith no longer sees Tree (484) at X: 50.77, Y: 9.22 [3.32094359]
[1693029042347] [31m[createMemory][39m Thomas Smith sees Stone Ore Deposit (Small) at X: 41.33658, Y: 13.99647. [3.54097486]
[1693029043453] [31m[createMemory][39m Thomas Smith no longer sees Chest (1) at X: 50.52, Y: 14.5 [4.64156342]
[1693029044511] [31m[createMemory][39m Thomas Smith no longer sees StoneOreMedium (1) at X: 46.05, Y: 17.85 [5.70169]
[1693029044526] [31m[createMemory][39m Thomas Smith sees Eli Green at X: 39.08, Y: 10. [5.72012949]
[1693029045494] [31m[createMemory][39m Thomas Smith no longer sees StoneOreMedium at X: 42.53862, Y: 17.00157 [6.68063927]
[1693029045612] [31m[createMemory][39m Thomas Smith no longer sees Tree (481) at X: 47.72001, Y: 10.21 [6.80162668]
[1693029045838] [31m[createMemory][39m Thomas Smith no longer sees StoneOreSmall (4) at X: 45.73, Y: 15.31 [7.000328]
[1693029045872] [31m[createMemory][39m Thomas Smith sees Tree at X: 42.12, Y: 5.77. [7.06134748]
[1693029390121] [31m[createMemory][39m Thomas Smith no longer sees Tree (205) at X: 42.12, Y: 5.77 [350.860382]
[1693029390197] [31m[createMemory][39m Thomas Smith sees Stone Ore Deposit (Small) at X: 38.24, Y: 15.93. [351.002441]
[1693029390231] [31m[createMemory][39m Thomas Smith sees Stone Ore Deposit (Small) at X: 45.73, Y: 15.31. [351.061829]
[1693029390269] [31m[createMemory][39m Thomas Smith sees Stone Ore Deposit (Medium) at X: 42.53862, Y: 17.00157. [351.121582]
