[1692322525487] [31m[createMemory][39m I should be asleep until 7am. [0]
[1692322525487] [31m[createMemory][39m It's my job to protect the village. [0]
[1692322525489] [31m[createMemory][39m I need to make sure everyone is safe. [0]
[1692322525489] [31m[createMemory][39m I do the work that no one else wants to do. [0]
[1692322525489] [31m[createMemory][39m I try to be as honest as possible. [0]
[1692322525490] [31m[createMemory][39m I'm not afraid of anything. [0]
[1692322525490] [31m[createMemory][39m I go to bed at 10pm. [0]
[1692322525490] [31m[createMemory][39m I like strawberries. [0]
[1692322525490] [31m[createMemory][39m The village location is 2, -58. [0]
[1692322525490] [31m[createMemory][39m The mine site is at 51, 17. [0]
[1692322525490] [31m[createMemory][39m The lumberyard is at 72, -55.1 [0]
[1692322525490] [31m[createMemory][39m The campsite is at 7, -8.3 [0]
[1692322525490] [31m[createMemory][39m The Nume River flows through the village. [0]
[1692322525490] [31m[createMemory][39m Nume Falls are north of the village, and west of the campsite. [0]
[1692322525490] [31m[createMemory][39m The area is surrounded by forested monutains, filled with wildlife, rivers, and lakes. [0]
[1692322529161] [Character] Thomas created
[1692322746231] [31m[createMemory][39m Thomas Smith sees Eli Green at X: 39.95, Y: -4.89. [0.0199999921]
[1692322746237] [31m[createMemory][39m Thomas Smith sees Tree at X: 38.75, Y: -9.01. [0.0199999921]
[1692322746242] [31m[createMemory][39m Thomas Smith sees Tree at X: 44.56, Y: -1.91. [0.0199999921]
[1692322746244] [31m[createMemory][39m Thomas Smith sees Tree at X: 42, Y: -0.3199997. [0.0199999921]
[1692322748120] --- Prompt ---
[1692322748120] Character: 
- ID: A1
- Name: Thomas Smith
- Age: 32
- Occupation: Village Leader
- Personality: Brave, Calm, Honest

Location: 41.18, -4.89

Time: Day 0, 12:00 AM

Environment:
- Eli Green (Health: 25/25) [X: 39.95, Y: -4.89, Distance: 1.23m]
- Tree (Health: 10/10) [X: 44.56, Y: -1.91, Distance: 4.506085m]
- Tree (Health: 10/10) [X: 42, Y: -0.3199997, Distance: 4.642984m]
- Tree (Health: 10/10) [X: 38.75, Y: -9.01, Distance: 4.783232m]
- Tree (Health: 10/10) [X: 36.24, Y: -8.09, Distance: 5.88588m]
- Tree (Health: 10/10) [X: 46.88, Y: -2.68, Distance: 6.113437m]
- Tree (Health: 10/10) [X: 41.03, Y: -11.7, Distance: 6.811653m]
- Tree (Health: 10/10) [X: 42.32, Y: 1.859999, Distance: 6.845588m]
- Tree (Health: 10/10) [X: 38.63, Y: -11.64, Distance: 7.215607m]
- Tree (Health: 10/10) [X: 36.64, Y: -10.67, Distance: 7.349831m]
- Tree (Health: 10/10) [X: 45.86, Y: 0.8400002, Distance: 7.398334m]
- Tree (Health: 10/10) [X: 33.78, Y: -6.57, Distance: 7.588308m]
- Tree (Health: 10/10) [X: 47.63, Y: -0.7000008, Distance: 7.691463m]
- Tree (Health: 10/10) [X: 48.91, Y: -5.23, Distance: 7.737473m]
- Tree (Health: 10/10) [X: 33.75, Y: -2.73, Distance: 7.737603m]
- Tree (Health: 10/10) [X: 33.43, Y: -4.91, Distance: 7.750026m]
- Tree (Health: 10/10) [X: 48.84, Y: -7.200001, Distance: 8.000731m]
- Tree (Health: 10/10) [X: 44.99, Y: 2.73, Distance: 8.519419m]

Inventory (3/10):
- Axe x 1
- Pickaxe x 1
- Sword x 1

Tasks:
[
  {
    "task": "Carry out your daily dutiies",
    "priority": 1
  },
  {
    "task": "Catch up with other villagers",
    "priority": 2
  }
]

Memories:
- I try to be as honest as possible. [0 minutes ago]
- It's my job to protect the village. [0 minutes ago]
- I need to make sure everyone is safe. [0 minutes ago]
- I do the work that no one else wants to do. [0 minutes ago]
- The campsite is at 7, -8.3 [0 minutes ago]
- The area is surrounded by forested monutains, filled with wildlife, rivers, and lakes. [0 minutes ago]
- The Nume River flows through the village. [0 minutes ago]
- I like strawberries. [0 minutes ago]
- I go to bed at 10pm. [0 minutes ago]
- I should be asleep until 7am. [0 minutes ago]
- Thomas Smith sees Tree at X: 42, Y: -0.3199997. [in the future]

Available Actions:
- move_to: Move to a target location
- drop_axe: Drop Axe onto the ground.
- drop_pickaxe: Drop Pickaxe onto the ground.
- drop_sword: Drop Sword onto the ground.
- start_conversation: Start a conversation with Eli Green (ID: A5).

Given the available information, update your task list. Take into consideration the time of day, environment, personality of the character, and more. Replace the entire JSON array by removing completed tasks, updating existing tasks with new information and priorities, and create new tasks based on the provided info. Keep the list as concise as possible. Remember focus on the time of day to adjust priorities.
[1692322765315] --- Response ---
[1692322765315] Updated Tasks: 
[1692322765316] [
  {
    "task": "Sleep until sunrise",
    "priority": 1
  },
  {
    "task": "Carry out your daily duties",
    "priority": 2
  },
  {
    "task": "Catch up with other villagers",
    "priority": 3
  },
  {
    "task": "Ensure safety of the village",
    "priority": 4
  },
  {
    "task": "Check on Nume River",
    "priority": 5
  },
  {
    "task": "Harvest strawberries",
    "priority": 6
  },
  {
    "task": "Cut down tree at X: 42, Y: -0.3199997",
    "priority": 7
  },
  {
    "task": "Return to campsite at 7, -8.3 by 10pm",
    "priority": 8
  }
]
