[1692322525298] [Character] Creating Eli
[1692322525738] [31m[createMemory][39m I need to let Thomas know I'm going to explore. He's asked me in the past to let him know just in case I get hurt or lost. [0]
[1692322525738] [31m[createMemory][39m I once found a secret clearing in the woods, it's my personal hideout now. [0]
[1692322525738] [31m[createMemory][39m The world feels so big and full of wonders, I want to see them all! [0]
[1692322525738] [31m[createMemory][39m I saw a deer up close once, our eyes met and we just stared for a moment. [0]
[1692322525738] [31m[createMemory][39m Climbing trees is my favorite! The higher I go, the bigger the world looks. [0]
[1692322525738] [31m[createMemory][39m Lucy showed me how to listen to the forest, it's like it's telling stories. [0]
[1692322525738] [31m[createMemory][39m Every rock and leaf, every bird and bug, feels like a friend to me. [0]
[1692322525738] [31m[createMemory][39m I once got lost, but the stars guided me home. They're like nature's map! [0]
[1692322525738] [31m[createMemory][39m George tells me tales of old, turning every tree and hill into an adventure. [0]
[1692322525738] [31m[createMemory][39m I made a whistle out of a reed! Nature is full of surprises. [0]
[1692322525738] [31m[createMemory][39m The woods in autumn is my favorite. All those colors... like nature's painting! [0]
[1692322525738] [31m[createMemory][39m I wish I could talk to animals. Imagine the stories they'd tell! [0]
[1692322525738] [31m[createMemory][39m I've learned to move silently. That way, nature doesn’t hide from me. [0]
[1692322525738] [31m[createMemory][39m Lucy once said every tree has a story. I'm trying to learn them all. [0]
[1692322525738] [31m[createMemory][39m Rainy days? That's when the forest sings its loudest song! [0]
[1692322525738] [31m[createMemory][39m I dreamt I could fly like a bird, seeing the world from above. Maybe one day... [0]
[1692322528850] [Character] Eli created
[1692322746231] [31m[createMemory][39m Eli Green sees Tree at X: 36.24, Y: -8.09. [0.0199999921]
[1692322746231] [31m[createMemory][39m Eli Green sees Thomas Smith at X: 41.18, Y: -4.89. [0.0199999921]
[1692322746231] [31m[createMemory][39m Eli Green sees Tree at X: 44.56, Y: -1.91. [0.0199999921]
[1692322746231] [31m[createMemory][39m Eli Green sees Tree at X: 38.75, Y: -9.01. [0.0199999921]
[1692322746237] [31m[createMemory][39m Eli Green sees Tree at X: 42, Y: -0.3199997. [0.0199999921]
[1692322748081] --- Prompt ---
[1692322748081] Character: 
- ID: A5
- Name: Eli Green
- Age: 12
- Occupation: Explorer
- Personality: Curious, Energetic, Kind-hearted

Location: 39.95, -4.89

Time: Day 0, 12:00 AM

Environment:
- Thomas Smith (Health: 25/25) [X: 41.18, Y: -4.89, Distance: 1.23m]
- Tree (Health: 10/10) [X: 38.75, Y: -9.01, Distance: 4.291201m]
- Tree (Health: 10/10) [X: 36.24, Y: -8.09, Distance: 4.899397m]
- Tree (Health: 10/10) [X: 42, Y: -0.3199997, Distance: 5.008732m]
- Tree (Health: 10/10) [X: 44.56, Y: -1.91, Distance: 5.489308m]
- Tree (Health: 10/10) [X: 33.78, Y: -6.57, Distance: 6.394632m]
- Tree (Health: 10/10) [X: 33.43, Y: -4.91, Distance: 6.520031m]
- Tree (Health: 10/10) [X: 33.75, Y: -2.73, Distance: 6.565486m]
- Tree (Health: 10/10) [X: 36.64, Y: -10.67, Distance: 6.660669m]
- Tree (Health: 10/10) [X: 38.63, Y: -11.64, Distance: 6.877855m]
- Tree (Health: 10/10) [X: 41.03, Y: -11.7, Distance: 6.895108m]
- Tree (Health: 10/10) [X: 42.32, Y: 1.859999, Distance: 7.153976m]
- Tree (Health: 10/10) [X: 46.88, Y: -2.68, Distance: 7.273858m]
- Tree (Health: 10/10) [X: 34.4, Y: -10.23, Distance: 7.701824m]
- Tree (Health: 10/10) [X: 33.01, Y: -0.9500008, Distance: 7.980424m]
- Tree (Health: 10/10) [X: 45.86, Y: 0.8400002, Distance: 8.231709m]
- Tree (Health: 10/10) [X: 31.59, Y: -3.289999, Distance: 8.511734m]
- Tree (Health: 10/10) [X: 34.32, Y: 1.549999, Distance: 8.553976m]
- Tree (Health: 10/10) [X: 47.63, Y: -0.7000008, Distance: 8.748629m]

Inventory (3/10):
- Axe x 1
- Pickaxe x 1
- Sword x 1

Tasks:
[
  {
    "task": "Carry out your daily dutiies",
    "priority": 1
  },
  {
    "task": "Catch up with other villagers",
    "priority": 2
  }
]

Memories:
- Rainy days? That's when the forest sings its loudest song! [0 minutes ago]
- George tells me tales of old, turning every tree and hill into an adventure. [0 minutes ago]
- The world feels so big and full of wonders, I want to see them all! [0 minutes ago]
- I once got lost, but the stars guided me home. They're like nature's map! [0 minutes ago]
- I saw a deer up close once, our eyes met and we just stared for a moment. [0 minutes ago]
- Lucy once said every tree has a story. I'm trying to learn them all. [0 minutes ago]
- Lucy showed me how to listen to the forest, it's like it's telling stories. [0 minutes ago]
- Every rock and leaf, every bird and bug, feels like a friend to me. [0 minutes ago]
- I dreamt I could fly like a bird, seeing the world from above. Maybe one day... [0 minutes ago]
- The woods in autumn is my favorite. All those colors... like nature's painting! [0 minutes ago]

Available Actions:
- move_to: Move to a target location
- drop_axe: Drop Axe onto the ground.
- drop_pickaxe: Drop Pickaxe onto the ground.
- drop_sword: Drop Sword onto the ground.
- start_conversation: Start a conversation with Thomas Smith (ID: A1).

Hitbox (what you would hit with a swing based action):
- Thomas Smith (Health: 25/25)

Given the available information, update your task list. Take into consideration the time of day, environment, personality of the character, and more. Replace the entire JSON array by removing completed tasks, updating existing tasks with new information and priorities, and create new tasks based on the provided info. Keep the list as concise as possible. Remember focus on the time of day to adjust priorities.
[1692322757921] --- Response ---
[1692322757921] Updated Tasks: 
[1692322757921] [
  {
    "task": "Start a conversation with Thomas Smith",
    "priority": 1
  },
  {
    "task": "Explore the nearest trees and collect any useful resources",
    "priority": 2
  },
  {
    "task": "Drop some of the unnecessary items if the inventory gets full",
    "priority": 3
  },
  {
    "task": "Enjoy the natural environment and recall memories",
    "priority": 4
  },
  {
    "task": "Plan the day ahead and choose a direction for further exploration",
    "priority": 5
  }
]
[1692322761728] --- Prompt ---
[1692322761731] Character: 
- ID: A5
- Name: Eli Green
- Age: 12
- Occupation: Explorer
- Personality: Curious, Energetic, Kind-hearted

Location: 39.95, -4.89

Time: Day 0, 12:00 AM

Environment:
- Thomas Smith (Health: 25/25) [X: 41.18, Y: -4.89, Distance: 1.23m]
- Tree (Health: 10/10) [X: 38.75, Y: -9.01, Distance: 4.291201m]
- Tree (Health: 10/10) [X: 36.24, Y: -8.09, Distance: 4.899397m]
- Tree (Health: 10/10) [X: 42, Y: -0.3199997, Distance: 5.008732m]
- Tree (Health: 10/10) [X: 44.56, Y: -1.91, Distance: 5.489308m]
- Tree (Health: 10/10) [X: 33.78, Y: -6.57, Distance: 6.394632m]
- Tree (Health: 10/10) [X: 33.43, Y: -4.91, Distance: 6.520031m]
- Tree (Health: 10/10) [X: 33.75, Y: -2.73, Distance: 6.565486m]
- Tree (Health: 10/10) [X: 36.64, Y: -10.67, Distance: 6.660669m]
- Tree (Health: 10/10) [X: 38.63, Y: -11.64, Distance: 6.877855m]
- Tree (Health: 10/10) [X: 41.03, Y: -11.7, Distance: 6.895108m]
- Tree (Health: 10/10) [X: 42.32, Y: 1.859999, Distance: 7.153976m]
- Tree (Health: 10/10) [X: 46.88, Y: -2.68, Distance: 7.273858m]
- Tree (Health: 10/10) [X: 34.4, Y: -10.23, Distance: 7.701824m]
- Tree (Health: 10/10) [X: 33.01, Y: -0.9500008, Distance: 7.980424m]
- Tree (Health: 10/10) [X: 45.86, Y: 0.8400002, Distance: 8.231709m]
- Tree (Health: 10/10) [X: 31.59, Y: -3.289999, Distance: 8.511734m]
- Tree (Health: 10/10) [X: 34.32, Y: 1.549999, Distance: 8.553976m]
- Tree (Health: 10/10) [X: 47.63, Y: -0.7000008, Distance: 8.748629m]

Inventory (3/10):
- Axe x 1
- Pickaxe x 1
- Sword x 1

Tasks:
[
  {
    "task": "Start a conversation with Thomas Smith",
    "priority": 1
  },
  {
    "task": "Explore the nearest trees and collect any useful resources",
    "priority": 2
  },
  {
    "task": "Drop some of the unnecessary items if the inventory gets full",
    "priority": 3
  },
  {
    "task": "Enjoy the natural environment and recall memories",
    "priority": 4
  },
  {
    "task": "Plan the day ahead and choose a direction for further exploration",
    "priority": 5
  }
]

Memories:
- Eli Green sees Tree at X: 42, Y: -0.3199997. [in the future]
- Eli Green sees Thomas Smith at X: 41.18, Y: -4.89. [in the future]
- Rainy days? That's when the forest sings its loudest song! [0 minutes ago]
- Every rock and leaf, every bird and bug, feels like a friend to me. [0 minutes ago]
- I once got lost, but the stars guided me home. They're like nature's map! [0 minutes ago]
- Lucy once said every tree has a story. I'm trying to learn them all. [0 minutes ago]
- I saw a deer up close once, our eyes met and we just stared for a moment. [0 minutes ago]
- The world feels so big and full of wonders, I want to see them all! [0 minutes ago]
- Lucy showed me how to listen to the forest, it's like it's telling stories. [0 minutes ago]
- George tells me tales of old, turning every tree and hill into an adventure. [0 minutes ago]

Hitbox (what you would hit with a swing based action):
- Thomas Smith (Health: 25/25)

Given the available information, pick the best available action function to accomplish your tasks.


